[6.556s] Invoking command in '/home/user/ros2_ws/build/my_package': PYTHONPATH=/home/user/ros2_ws/install/my_package/lib/python3.10/site-packages:${PYTHONPATH} _=/usr/bin/env /usr/bin/python3 setup.py develop --prefix /home/user/ros2_ws/install/my_package --editable --build-directory /home/user/ros2_ws/build/my_package/build --no-deps install_data --install-dir /home/user/ros2_ws/install/my_package
[8.659s] running develop
[8.671s] /usr/lib/python3/dist-packages/setuptools/command/easy_install.py:158: EasyInstallDeprecationWarning: easy_install command is deprecated. Use build and pip and other standards-based tools.
[8.673s]   warnings.warn(
[8.675s] /usr/lib/python3/dist-packages/setuptools/command/install.py:34: SetuptoolsDeprecationWarning: setup.py install is deprecated. Use build and pip and other standards-based tools.
[8.676s]   warnings.warn(
[9.169s] /usr/lib/python3/dist-packages/pkg_resources/__init__.py:116: PkgResourcesDeprecationWarning: 1.1build1 is an invalid version and will not be supported in a future release
[9.169s]   warnings.warn(
[9.756s] running egg_info
[9.762s] writing my_package.egg-info/PKG-INFO
[9.763s] writing dependency_links to my_package.egg-info/dependency_links.txt
[9.764s] writing entry points to my_package.egg-info/entry_points.txt
[9.764s] writing requirements to my_package.egg-info/requires.txt
[9.765s] writing top-level names to my_package.egg-info/top_level.txt
[9.771s] reading manifest file 'my_package.egg-info/SOURCES.txt'
[9.772s] writing manifest file 'my_package.egg-info/SOURCES.txt'
[9.776s] running build_ext
[9.777s] Creating /home/user/ros2_ws/install/my_package/lib/python3.10/site-packages/my-package.egg-link (link to .)
[9.779s] Installing control_turtle script to /home/user/ros2_ws/install/my_package/lib/my_package
[9.779s] Installing draw_circle script to /home/user/ros2_ws/install/my_package/lib/my_package
[9.780s] Installing first_node script to /home/user/ros2_ws/install/my_package/lib/my_package
[9.781s] Installing go_to_goal script to /home/user/ros2_ws/install/my_package/lib/my_package
[9.781s] Installing pose_subscriber script to /home/user/ros2_ws/install/my_package/lib/my_package
[9.782s] Installing project_node script to /home/user/ros2_ws/install/my_package/lib/my_package
[9.782s] 
[9.782s] Installed /home/user/ros2_ws/build/my_package
[9.783s] running install_data
[9.954s] Invoked command in '/home/user/ros2_ws/build/my_package' returned '0': PYTHONPATH=/home/user/ros2_ws/install/my_package/lib/python3.10/site-packages:${PYTHONPATH} _=/usr/bin/env /usr/bin/python3 setup.py develop --prefix /home/user/ros2_ws/install/my_package --editable --build-directory /home/user/ros2_ws/build/my_package/build --no-deps install_data --install-dir /home/user/ros2_ws/install/my_package
