[6.321s] Invoking command in '/home/user/turtlebot3_ws/build/project_package': PYTHONPATH=/home/user/turtlebot3_ws/install/project_package/lib/python3.10/site-packages:${PYTHONPATH} _=/usr/bin/env /usr/bin/python3 setup.py develop --prefix /home/user/turtlebot3_ws/install/project_package --uninstall --editable --build-directory /home/user/turtlebot3_ws/build/project_package/build
[8.602s] running develop
[8.602s] /usr/lib/python3/dist-packages/setuptools/command/easy_install.py:158: EasyInstallDeprecationWarning: easy_install command is deprecated. Use build and pip and other standards-based tools.
[8.603s]   warnings.warn(
[8.604s] /usr/lib/python3/dist-packages/setuptools/command/install.py:34: SetuptoolsDeprecationWarning: setup.py install is deprecated. Use build and pip and other standards-based tools.
[8.604s]   warnings.warn(
[9.023s] /usr/lib/python3/dist-packages/pkg_resources/__init__.py:116: PkgResourcesDeprecationWarning: 1.1build1 is an invalid version and will not be supported in a future release
[9.023s]   warnings.warn(
[10.518s] Invoked command in '/home/user/turtlebot3_ws/build/project_package' returned '0': PYTHONPATH=/home/user/turtlebot3_ws/install/project_package/lib/python3.10/site-packages:${PYTHONPATH} _=/usr/bin/env /usr/bin/python3 setup.py develop --prefix /home/user/turtlebot3_ws/install/project_package --uninstall --editable --build-directory /home/user/turtlebot3_ws/build/project_package/build
[10.520s] Invoking command in '/home/user/turtlebot3_ws/src/project_package': PYTHONPATH=/home/user/turtlebot3_ws/install/project_package/lib/python3.10/site-packages:${PYTHONPATH} _=/usr/bin/env /usr/bin/python3 setup.py egg_info --egg-base ../../build/project_package build --build-base /home/user/turtlebot3_ws/build/project_package/build install --prefix /home/user/turtlebot3_ws/install/project_package --record /home/user/turtlebot3_ws/build/project_package/install.log --single-version-externally-managed
[12.315s] running egg_info
[12.317s] writing ../../build/project_package/project_package.egg-info/PKG-INFO
[12.317s] writing dependency_links to ../../build/project_package/project_package.egg-info/dependency_links.txt
[12.318s] writing entry points to ../../build/project_package/project_package.egg-info/entry_points.txt
[12.318s] writing requirements to ../../build/project_package/project_package.egg-info/requires.txt
[12.319s] writing top-level names to ../../build/project_package/project_package.egg-info/top_level.txt
[12.399s] reading manifest file '../../build/project_package/project_package.egg-info/SOURCES.txt'
[12.399s] writing manifest file '../../build/project_package/project_package.egg-info/SOURCES.txt'
[12.400s] running build
[12.400s] running build_py
[12.400s] copying project_package/go_to_goal.py -> /home/user/turtlebot3_ws/build/project_package/build/lib/project_package
[12.400s] running install
[12.400s] running install_lib
[12.400s] copying /home/user/turtlebot3_ws/build/project_package/build/lib/project_package/go_to_goal.py -> /home/user/turtlebot3_ws/install/project_package/lib/python3.10/site-packages/project_package
[12.400s] byte-compiling /home/user/turtlebot3_ws/install/project_package/lib/python3.10/site-packages/project_package/go_to_goal.py to go_to_goal.cpython-310.pyc
[12.401s] running install_data
[12.401s] running install_egg_info
[12.401s] /usr/lib/python3/dist-packages/setuptools/command/install.py:34: SetuptoolsDeprecationWarning: setup.py install is deprecated. Use build and pip and other standards-based tools.
[12.401s]   warnings.warn(
[12.404s] removing '/home/user/turtlebot3_ws/install/project_package/lib/python3.10/site-packages/project_package-0.0.0-py3.10.egg-info' (and everything under it)
[12.404s] Copying ../../build/project_package/project_package.egg-info to /home/user/turtlebot3_ws/install/project_package/lib/python3.10/site-packages/project_package-0.0.0-py3.10.egg-info
[12.407s] running install_scripts
[12.520s] Installing go_to_goal script to /home/user/turtlebot3_ws/install/project_package/lib/project_package
[12.520s] Installing goal_navigator script to /home/user/turtlebot3_ws/install/project_package/lib/project_package
[12.521s] Installing project_node script to /home/user/turtlebot3_ws/install/project_package/lib/project_package
[12.522s] writing list of installed files to '/home/user/turtlebot3_ws/build/project_package/install.log'
[12.630s] Invoked command in '/home/user/turtlebot3_ws/src/project_package' returned '0': PYTHONPATH=/home/user/turtlebot3_ws/install/project_package/lib/python3.10/site-packages:${PYTHONPATH} _=/usr/bin/env /usr/bin/python3 setup.py egg_info --egg-base ../../build/project_package build --build-base /home/user/turtlebot3_ws/build/project_package/build install --prefix /home/user/turtlebot3_ws/install/project_package --record /home/user/turtlebot3_ws/build/project_package/install.log --single-version-externally-managed
