[0.053s] Invoking command in '/home/user/build/turtlebot3_gazebo': CMAKE_PREFIX_PATH=${CMAKE_PREFIX_PATH}:/home/user/turtlebot3_ws/install/project_package:/home/user/ros2_ws/install/my_package:/opt/ros/humble _=/usr/bin/env /usr/bin/cmake /home/user/turtlebot3_ws/src/turtlebot3_gazebo -DAMENT_CMAKE_SYMLINK_INSTALL=1 -DCMAKE_INSTALL_PREFIX=/home/user/install/turtlebot3_gazebo
[0.701s] -- Found ament_cmake: 1.3.2 (/opt/ros/humble/share/ament_cmake/cmake)
[0.702s] -- Override CMake install command with custom implementation using symlinks instead of copying resources
[0.703s] -- Found DART: /usr/include (Required is at least version "6.6") found components: dart 
[0.703s] -- Found Protobuf: /usr/lib/x86_64-linux-gnu/libprotobuf.so (found version "3.12.4") 
[0.703s] -- Looking for ignition-math6 -- found version 6.12.0
[0.703s] -- Searching for dependencies of ignition-math6
[0.704s] -- Looking for OGRE...
[0.704s] -- Found Ogre Ghadamon (1.9.0)
[0.704s] -- Found OGRE: optimized;/usr/lib/x86_64-linux-gnu/libOgreMain.so;debug;/usr/lib/x86_64-linux-gnu/libOgreMain.so
[0.704s] -- Looking for OGRE_Paging...
[0.704s] -- Found OGRE_Paging: optimized;/usr/lib/x86_64-linux-gnu/libOgrePaging.so;debug;/usr/lib/x86_64-linux-gnu/libOgrePaging.so
[0.704s] -- Looking for OGRE_Terrain...
[0.704s] -- Found OGRE_Terrain: optimized;/usr/lib/x86_64-linux-gnu/libOgreTerrain.so;debug;/usr/lib/x86_64-linux-gnu/libOgreTerrain.so
[0.705s] -- Looking for OGRE_Property...
[0.705s] -- Found OGRE_Property: optimized;/usr/lib/x86_64-linux-gnu/libOgreProperty.so;debug;/usr/lib/x86_64-linux-gnu/libOgreProperty.so
[0.705s] -- Looking for OGRE_RTShaderSystem...
[0.705s] -- Found OGRE_RTShaderSystem: optimized;/usr/lib/x86_64-linux-gnu/libOgreRTShaderSystem.so;debug;/usr/lib/x86_64-linux-gnu/libOgreRTShaderSystem.so
[0.705s] -- Looking for OGRE_Volume...
[0.705s] -- Found OGRE_Volume: optimized;/usr/lib/x86_64-linux-gnu/libOgreVolume.so;debug;/usr/lib/x86_64-linux-gnu/libOgreVolume.so
[0.705s] -- Looking for OGRE_Overlay...
[0.705s] -- Found OGRE_Overlay: optimized;/usr/lib/x86_64-linux-gnu/libOgreOverlay.so;debug;/usr/lib/x86_64-linux-gnu/libOgreOverlay.so
[0.706s] [33mCMake Warning (dev) at /usr/share/cmake-3.22/Modules/FindPackageHandleStandardArgs.cmake:438 (message):
[0.706s]   The package name passed to `find_package_handle_standard_args` (PkgConfig)
[0.706s]   does not match the name of the calling package (gazebo).  This can lead to
[0.706s]   problems in calling code that expects `find_package` result variables
[0.706s]   (e.g., `_FOUND`) to follow a certain pattern.
[0.706s] Call Stack (most recent call first):
[0.706s]   /usr/share/cmake-3.22/Modules/FindPkgConfig.cmake:99 (find_package_handle_standard_args)
[0.707s]   /usr/lib/x86_64-linux-gnu/cmake/gazebo/gazebo-config.cmake:72 (include)
[0.707s]   CMakeLists.txt:23 (find_package)
[0.707s] This warning is for project developers.  Use -Wno-dev to suppress it.
[0.707s] [0m
[0.809s] -- Looking for ignition-math6 -- found version 6.12.0
[0.809s] -- Looking for ignition-transport8 -- found version 8.2.1
[0.810s] -- Searching for dependencies of ignition-transport8
[0.884s] -- Found Protobuf: /usr/lib/x86_64-linux-gnu/libprotobuf.so (found suitable version "3.12.4", minimum required is "3") 
[0.908s] -- Config-file not installed for ZeroMQ -- checking for pkg-config
[0.914s] -- Checking for module 'libzmq >= 4'
[0.968s] --   Found libzmq , version 4.3.4
[1.060s] -- Checking for module 'uuid'
[1.076s] --   Found uuid, version 2.37.2
[1.118s] -- Looking for ignition-msgs5 -- found version 5.8.1
[1.119s] -- Searching for dependencies of ignition-msgs5
[1.205s] -- Looking for ignition-math6 -- found version 6.12.0
[1.211s] -- Checking for module 'tinyxml2'
[1.267s] --   Found tinyxml2, version 9.0.0
[1.317s] -- Looking for ignition-msgs5 -- found version 5.8.1
[1.318s] -- Looking for ignition-common3 -- found version 3.14.0
[1.319s] -- Searching for dependencies of ignition-common3
[1.319s] -- Looking for dlfcn.h - found
[1.319s] -- Looking for libdl - found
[1.371s] -- Searching for <ignition-common3> component [graphics]
[1.372s] -- Looking for ignition-common3-graphics -- found version 3.14.0
[1.373s] -- Searching for dependencies of ignition-common3-graphics
[1.373s] -- Looking for ignition-math6 -- found version 6.12.0
[1.375s] -- Looking for ignition-fuel_tools4 -- found version 4.4.0
[1.375s] -- Searching for dependencies of ignition-fuel_tools4
[1.477s] -- Checking for module 'jsoncpp'
[1.497s] --   Found jsoncpp, version 1.9.5
[1.661s] -- Checking for module 'libzip'
[1.680s] --   Found libzip, version 1.7.3
[1.787s] -- Looking for ignition-common3 -- found version 3.14.0
[1.787s] -- Looking for ignition-math6 -- found version 6.12.0
[1.788s] -- Looking for ignition-msgs5 -- found version 5.8.1
[1.790s] -- Found gazebo_ros_pkgs: 3.7.0 (/opt/ros/humble/share/gazebo_ros_pkgs/cmake)
[1.791s] -- Found geometry_msgs: 4.2.2 (/opt/ros/humble/share/geometry_msgs/cmake)
[1.872s] -- Found rosidl_generator_c: 3.1.3 (/opt/ros/humble/share/rosidl_generator_c/cmake)
[1.877s] -- Found rosidl_adapter: 3.1.3 (/opt/ros/humble/share/rosidl_adapter/cmake)
[1.890s] -- Found rosidl_generator_cpp: 3.1.3 (/opt/ros/humble/share/rosidl_generator_cpp/cmake)
[1.968s] -- Using all available rosidl_typesupport_c: rosidl_typesupport_fastrtps_c;rosidl_typesupport_introspection_c
[1.993s] -- Using all available rosidl_typesupport_cpp: rosidl_typesupport_fastrtps_cpp;rosidl_typesupport_introspection_cpp
[2.371s] -- Found nav_msgs: 4.2.2 (/opt/ros/humble/share/nav_msgs/cmake)
[2.668s] -- Found rclcpp: 16.0.1 (/opt/ros/humble/share/rclcpp/cmake)
[2.796s] -- Found rmw_implementation_cmake: 6.1.0 (/opt/ros/humble/share/rmw_implementation_cmake/cmake)
[2.799s] -- Found rmw_cyclonedds_cpp: 1.3.4 (/opt/ros/humble/share/rmw_cyclonedds_cpp/cmake)
[2.897s] -- Using RMW implementation 'rmw_cyclonedds_cpp' as default
[3.386s] -- Found sensor_msgs: 4.2.2 (/opt/ros/humble/share/sensor_msgs/cmake)
[3.677s] -- Found tf2: 0.25.1 (/opt/ros/humble/share/tf2/cmake)
[3.973s] -- Configuring done
[4.079s] -- Generating done
[4.083s] -- Build files have been written to: /home/user/build/turtlebot3_gazebo
[4.111s] Invoked command in '/home/user/build/turtlebot3_gazebo' returned '0': CMAKE_PREFIX_PATH=${CMAKE_PREFIX_PATH}:/home/user/turtlebot3_ws/install/project_package:/home/user/ros2_ws/install/my_package:/opt/ros/humble _=/usr/bin/env /usr/bin/cmake /home/user/turtlebot3_ws/src/turtlebot3_gazebo -DAMENT_CMAKE_SYMLINK_INSTALL=1 -DCMAKE_INSTALL_PREFIX=/home/user/install/turtlebot3_gazebo
[4.112s] Invoking command in '/home/user/build/turtlebot3_gazebo': CMAKE_PREFIX_PATH=${CMAKE_PREFIX_PATH}:/home/user/turtlebot3_ws/install/project_package:/home/user/ros2_ws/install/my_package:/opt/ros/humble _=/usr/bin/env /usr/bin/cmake --build /home/user/build/turtlebot3_gazebo -- -j8 -l8
[4.260s] [35m[1mConsolidate compiler generated dependencies of target turtlebot3_drive[0m
[4.260s] [35m[1mConsolidate compiler generated dependencies of target obstacle1[0m
[4.265s] [35m[1mConsolidate compiler generated dependencies of target obstacle2[0m
[4.275s] [35m[1mConsolidate compiler generated dependencies of target obstacles[0m
[4.380s] [ 25%] Built target turtlebot3_drive
[4.482s] [ 50%] Built target obstacle1
[4.505s] [ 75%] Built target obstacle2
[4.505s] [100%] Built target obstacles
[4.521s] Invoked command in '/home/user/build/turtlebot3_gazebo' returned '0': CMAKE_PREFIX_PATH=${CMAKE_PREFIX_PATH}:/home/user/turtlebot3_ws/install/project_package:/home/user/ros2_ws/install/my_package:/opt/ros/humble _=/usr/bin/env /usr/bin/cmake --build /home/user/build/turtlebot3_gazebo -- -j8 -l8
[4.637s] Invoking command in '/home/user/build/turtlebot3_gazebo': CMAKE_PREFIX_PATH=${CMAKE_PREFIX_PATH}:/home/user/turtlebot3_ws/install/project_package:/home/user/ros2_ws/install/my_package:/opt/ros/humble _=/usr/bin/env /usr/bin/cmake --install /home/user/build/turtlebot3_gazebo
[4.649s] -- Install configuration: ""
[4.650s] -- Execute custom install script
[4.651s] -- Up-to-date symlink: /home/user/install/turtlebot3_gazebo/lib/turtlebot3_gazebo/turtlebot3_drive
[4.652s] -- Up-to-date symlink: /home/user/install/turtlebot3_gazebo/share/turtlebot3_gazebo//launch/empty_world.launch.py
[4.652s] -- Up-to-date symlink: /home/user/install/turtlebot3_gazebo/share/turtlebot3_gazebo//launch/floor.launch.py
[4.652s] -- Up-to-date symlink: /home/user/install/turtlebot3_gazebo/share/turtlebot3_gazebo//launch/maze.launch.py
[4.653s] -- Up-to-date symlink: /home/user/install/turtlebot3_gazebo/share/turtlebot3_gazebo//launch/robot_state_publisher.launch.py
[4.653s] -- Up-to-date symlink: /home/user/install/turtlebot3_gazebo/share/turtlebot3_gazebo//launch/spawn_turtlebot3.launch.py
[4.653s] -- Up-to-date symlink: /home/user/install/turtlebot3_gazebo/share/turtlebot3_gazebo//launch/turtlebot3_dqn_stage1.launch.py
[4.653s] -- Up-to-date symlink: /home/user/install/turtlebot3_gazebo/share/turtlebot3_gazebo//launch/turtlebot3_dqn_stage2.launch.py
[4.654s] -- Up-to-date symlink: /home/user/install/turtlebot3_gazebo/share/turtlebot3_gazebo//launch/turtlebot3_dqn_stage3.launch.py
[4.654s] -- Up-to-date symlink: /home/user/install/turtlebot3_gazebo/share/turtlebot3_gazebo//launch/turtlebot3_dqn_stage4.launch.py
[4.654s] -- Up-to-date symlink: /home/user/install/turtlebot3_gazebo/share/turtlebot3_gazebo//launch/turtlebot3_house.launch.py
[4.654s] -- Up-to-date symlink: /home/user/install/turtlebot3_gazebo/share/turtlebot3_gazebo//launch/turtlebot3_world.launch.py
[4.656s] -- Up-to-date symlink: /home/user/install/turtlebot3_gazebo/share/turtlebot3_gazebo//models/turtlebot3_burger/model-1_4.sdf
[4.656s] -- Up-to-date symlink: /home/user/install/turtlebot3_gazebo/share/turtlebot3_gazebo//models/turtlebot3_burger/model.config
[4.656s] -- Up-to-date symlink: /home/user/install/turtlebot3_gazebo/share/turtlebot3_gazebo//models/turtlebot3_burger/model.sdf
[4.656s] -- Up-to-date symlink: /home/user/install/turtlebot3_gazebo/share/turtlebot3_gazebo//models/turtlebot3_common/meshes/burger_base.dae
[4.656s] -- Up-to-date symlink: /home/user/install/turtlebot3_gazebo/share/turtlebot3_gazebo//models/turtlebot3_common/meshes/lds.dae
[4.657s] -- Up-to-date symlink: /home/user/install/turtlebot3_gazebo/share/turtlebot3_gazebo//models/turtlebot3_common/meshes/r200.dae
[4.657s] -- Up-to-date symlink: /home/user/install/turtlebot3_gazebo/share/turtlebot3_gazebo//models/turtlebot3_common/meshes/tire.dae
[4.657s] -- Up-to-date symlink: /home/user/install/turtlebot3_gazebo/share/turtlebot3_gazebo//models/turtlebot3_common/meshes/waffle_base.dae
[4.658s] -- Up-to-date symlink: /home/user/install/turtlebot3_gazebo/share/turtlebot3_gazebo//models/turtlebot3_common/meshes/waffle_pi_base.dae
[4.658s] -- Up-to-date symlink: /home/user/install/turtlebot3_gazebo/share/turtlebot3_gazebo//models/turtlebot3_common/model.config
[4.658s] -- Up-to-date symlink: /home/user/install/turtlebot3_gazebo/share/turtlebot3_gazebo//models/turtlebot3_dqn_world/goal_box/model.config
[4.658s] -- Up-to-date symlink: /home/user/install/turtlebot3_gazebo/share/turtlebot3_gazebo//models/turtlebot3_dqn_world/goal_box/model.sdf
[4.659s] -- Up-to-date symlink: /home/user/install/turtlebot3_gazebo/share/turtlebot3_gazebo//models/turtlebot3_dqn_world/inner_walls/model.config
[4.663s] -- Up-to-date symlink: /home/user/install/turtlebot3_gazebo/share/turtlebot3_gazebo//models/turtlebot3_dqn_world/inner_walls/model.sdf
[4.664s] -- Up-to-date symlink: /home/user/install/turtlebot3_gazebo/share/turtlebot3_gazebo//models/turtlebot3_dqn_world/model.config
[4.665s] -- Up-to-date symlink: /home/user/install/turtlebot3_gazebo/share/turtlebot3_gazebo//models/turtlebot3_dqn_world/model.sdf
[4.665s] -- Up-to-date symlink: /home/user/install/turtlebot3_gazebo/share/turtlebot3_gazebo//models/turtlebot3_dqn_world/obstacle1/model.config
[4.665s] -- Up-to-date symlink: /home/user/install/turtlebot3_gazebo/share/turtlebot3_gazebo//models/turtlebot3_dqn_world/obstacle1/model.sdf
[4.666s] -- Up-to-date symlink: /home/user/install/turtlebot3_gazebo/share/turtlebot3_gazebo//models/turtlebot3_dqn_world/obstacle2/model.config
[4.666s] -- Up-to-date symlink: /home/user/install/turtlebot3_gazebo/share/turtlebot3_gazebo//models/turtlebot3_dqn_world/obstacle2/model.sdf
[4.666s] -- Up-to-date symlink: /home/user/install/turtlebot3_gazebo/share/turtlebot3_gazebo//models/turtlebot3_dqn_world/obstacle_plugin/CMakeLists.txt
[4.666s] -- Up-to-date symlink: /home/user/install/turtlebot3_gazebo/share/turtlebot3_gazebo//models/turtlebot3_dqn_world/obstacle_plugin/obstacle1.cc
[4.666s] -- Up-to-date symlink: /home/user/install/turtlebot3_gazebo/share/turtlebot3_gazebo//models/turtlebot3_dqn_world/obstacle_plugin/obstacle2.cc
[4.667s] -- Up-to-date symlink: /home/user/install/turtlebot3_gazebo/share/turtlebot3_gazebo//models/turtlebot3_dqn_world/obstacle_plugin/obstacles.cc
[4.667s] -- Up-to-date symlink: /home/user/install/turtlebot3_gazebo/share/turtlebot3_gazebo//models/turtlebot3_dqn_world/obstacles/model.config
[4.667s] -- Up-to-date symlink: /home/user/install/turtlebot3_gazebo/share/turtlebot3_gazebo//models/turtlebot3_dqn_world/obstacles/model.sdf
[4.667s] -- Up-to-date symlink: /home/user/install/turtlebot3_gazebo/share/turtlebot3_gazebo//models/turtlebot3_house/model.config
[4.667s] -- Up-to-date symlink: /home/user/install/turtlebot3_gazebo/share/turtlebot3_gazebo//models/turtlebot3_house/model.sdf
[4.667s] -- Up-to-date symlink: /home/user/install/turtlebot3_gazebo/share/turtlebot3_gazebo//models/turtlebot3_waffle/model-1_4.sdf
[4.667s] -- Up-to-date symlink: /home/user/install/turtlebot3_gazebo/share/turtlebot3_gazebo//models/turtlebot3_waffle/model.config
[4.668s] -- Up-to-date symlink: /home/user/install/turtlebot3_gazebo/share/turtlebot3_gazebo//models/turtlebot3_waffle/model.sdf
[4.668s] -- Up-to-date symlink: /home/user/install/turtlebot3_gazebo/share/turtlebot3_gazebo//models/turtlebot3_waffle_pi/model-1_4_.sdf
[4.668s] -- Up-to-date symlink: /home/user/install/turtlebot3_gazebo/share/turtlebot3_gazebo//models/turtlebot3_waffle_pi/model.config
[4.668s] -- Up-to-date symlink: /home/user/install/turtlebot3_gazebo/share/turtlebot3_gazebo//models/turtlebot3_waffle_pi/model.sdf
[4.668s] -- Up-to-date symlink: /home/user/install/turtlebot3_gazebo/share/turtlebot3_gazebo//models/turtlebot3_world/meshes/hexagon.dae
[4.669s] -- Up-to-date symlink: /home/user/install/turtlebot3_gazebo/share/turtlebot3_gazebo//models/turtlebot3_world/meshes/wall.dae
[4.669s] -- Up-to-date symlink: /home/user/install/turtlebot3_gazebo/share/turtlebot3_gazebo//models/turtlebot3_world/model-1_4.sdf
[4.669s] -- Up-to-date symlink: /home/user/install/turtlebot3_gazebo/share/turtlebot3_gazebo//models/turtlebot3_world/model.config
[4.669s] -- Up-to-date symlink: /home/user/install/turtlebot3_gazebo/share/turtlebot3_gazebo//models/turtlebot3_world/model.sdf
[4.670s] -- Up-to-date symlink: /home/user/install/turtlebot3_gazebo/share/turtlebot3_gazebo//rviz/tb3_gazebo.rviz
[4.670s] -- Up-to-date symlink: /home/user/install/turtlebot3_gazebo/share/turtlebot3_gazebo//urdf/common_properties.urdf
[4.671s] -- Up-to-date symlink: /home/user/install/turtlebot3_gazebo/share/turtlebot3_gazebo//urdf/turtlebot3_burger.urdf
[4.672s] -- Up-to-date symlink: /home/user/install/turtlebot3_gazebo/share/turtlebot3_gazebo//urdf/turtlebot3_waffle.urdf
[4.675s] -- Up-to-date symlink: /home/user/install/turtlebot3_gazebo/share/turtlebot3_gazebo//urdf/turtlebot3_waffle_pi.urdf
[4.675s] -- Up-to-date symlink: /home/user/install/turtlebot3_gazebo/share/turtlebot3_gazebo//worlds/empty_world.world
[4.676s] -- Up-to-date symlink: /home/user/install/turtlebot3_gazebo/share/turtlebot3_gazebo//worlds/floor.world
[4.676s] -- Up-to-date symlink: /home/user/install/turtlebot3_gazebo/share/turtlebot3_gazebo//worlds/maze.world
[4.676s] -- Up-to-date symlink: /home/user/install/turtlebot3_gazebo/share/turtlebot3_gazebo//worlds/old_floor_plan.world
[4.676s] -- Up-to-date symlink: /home/user/install/turtlebot3_gazebo/share/turtlebot3_gazebo//worlds/turtlebot3_dqn_stage1.world
[4.677s] -- Up-to-date symlink: /home/user/install/turtlebot3_gazebo/share/turtlebot3_gazebo//worlds/turtlebot3_dqn_stage2.world
[4.677s] -- Up-to-date symlink: /home/user/install/turtlebot3_gazebo/share/turtlebot3_gazebo//worlds/turtlebot3_dqn_stage3.world
[4.677s] -- Up-to-date symlink: /home/user/install/turtlebot3_gazebo/share/turtlebot3_gazebo//worlds/turtlebot3_dqn_stage4.world
[4.677s] -- Up-to-date symlink: /home/user/install/turtlebot3_gazebo/share/turtlebot3_gazebo//worlds/turtlebot3_house.world
[4.677s] -- Up-to-date symlink: /home/user/install/turtlebot3_gazebo/share/turtlebot3_gazebo//worlds/turtlebot3_world.world
[4.677s] -- Up-to-date symlink: /home/user/install/turtlebot3_gazebo/include//turtlebot3_gazebo/turtlebot3_drive.hpp
[4.678s] -- Up-to-date symlink: /home/user/install/turtlebot3_gazebo/share/ament_index/resource_index/package_run_dependencies/turtlebot3_gazebo
[4.678s] -- Up-to-date symlink: /home/user/install/turtlebot3_gazebo/share/ament_index/resource_index/parent_prefix_path/turtlebot3_gazebo
[4.678s] -- Up-to-date symlink: /home/user/install/turtlebot3_gazebo/share/turtlebot3_gazebo/environment/ament_prefix_path.sh
[4.678s] -- Up-to-date symlink: /home/user/install/turtlebot3_gazebo/share/turtlebot3_gazebo/environment/ament_prefix_path.dsv
[4.678s] -- Up-to-date symlink: /home/user/install/turtlebot3_gazebo/share/turtlebot3_gazebo/environment/path.sh
[4.678s] -- Up-to-date symlink: /home/user/install/turtlebot3_gazebo/share/turtlebot3_gazebo/environment/path.dsv
[4.678s] -- Up-to-date symlink: /home/user/install/turtlebot3_gazebo/share/turtlebot3_gazebo/local_setup.bash
[4.679s] -- Up-to-date symlink: /home/user/install/turtlebot3_gazebo/share/turtlebot3_gazebo/local_setup.sh
[4.679s] -- Up-to-date symlink: /home/user/install/turtlebot3_gazebo/share/turtlebot3_gazebo/local_setup.zsh
[4.679s] -- Up-to-date symlink: /home/user/install/turtlebot3_gazebo/share/turtlebot3_gazebo/local_setup.dsv
[4.679s] -- Symlinking: /home/user/install/turtlebot3_gazebo/share/turtlebot3_gazebo/package.dsv
[4.697s] -- Up-to-date symlink: /home/user/install/turtlebot3_gazebo/share/ament_index/resource_index/packages/turtlebot3_gazebo
[4.698s] -- Up-to-date symlink: /home/user/install/turtlebot3_gazebo/share/turtlebot3_gazebo/cmake/ament_cmake_export_include_directories-extras.cmake
[4.698s] -- Up-to-date symlink: /home/user/install/turtlebot3_gazebo/share/turtlebot3_gazebo/cmake/ament_cmake_export_dependencies-extras.cmake
[4.698s] -- Up-to-date symlink: /home/user/install/turtlebot3_gazebo/share/turtlebot3_gazebo/cmake/turtlebot3_gazeboConfig.cmake
[4.699s] -- Up-to-date symlink: /home/user/install/turtlebot3_gazebo/share/turtlebot3_gazebo/cmake/turtlebot3_gazeboConfig-version.cmake
[4.699s] -- Up-to-date symlink: /home/user/install/turtlebot3_gazebo/share/turtlebot3_gazebo/package.xml
[4.706s] Invoked command in '/home/user/build/turtlebot3_gazebo' returned '0': CMAKE_PREFIX_PATH=${CMAKE_PREFIX_PATH}:/home/user/turtlebot3_ws/install/project_package:/home/user/ros2_ws/install/my_package:/opt/ros/humble _=/usr/bin/env /usr/bin/cmake --install /home/user/build/turtlebot3_gazebo
