[0.904s] Invoking command in '/home/user/build/turtlebot3_fake_node': CMAKE_PREFIX_PATH=${CMAKE_PREFIX_PATH}:/home/user/ros2_ws/install/my_package:/opt/ros/humble _=/usr/bin/env /usr/bin/cmake --build /home/user/build/turtlebot3_fake_node -- -j8 -l8
[2.195s] [100%] Built target turtlebot3_fake_node
[3.708s] Invoked command in '/home/user/build/turtlebot3_fake_node' returned '0': CMAKE_PREFIX_PATH=${CMAKE_PREFIX_PATH}:/home/user/ros2_ws/install/my_package:/opt/ros/humble _=/usr/bin/env /usr/bin/cmake --build /home/user/build/turtlebot3_fake_node -- -j8 -l8
[5.019s] Invoking command in '/home/user/build/turtlebot3_fake_node': CMAKE_PREFIX_PATH=${CMAKE_PREFIX_PATH}:/home/user/ros2_ws/install/my_package:/opt/ros/humble _=/usr/bin/env /usr/bin/cmake --install /home/user/build/turtlebot3_fake_node
[5.106s] -- Install configuration: ""
[5.106s] -- Up-to-date: /home/user/install/turtlebot3_fake_node/lib/turtlebot3_fake_node/turtlebot3_fake_node
[5.107s] -- Up-to-date: /home/user/install/turtlebot3_fake_node/share/turtlebot3_fake_node/launch
[5.107s] -- Up-to-date: /home/user/install/turtlebot3_fake_node/share/turtlebot3_fake_node/launch/rviz2.launch.py
[5.107s] -- Up-to-date: /home/user/install/turtlebot3_fake_node/share/turtlebot3_fake_node/launch/turtlebot3_fake_node.launch.py
[5.107s] -- Up-to-date: /home/user/install/turtlebot3_fake_node/share/turtlebot3_fake_node/param
[5.108s] -- Up-to-date: /home/user/install/turtlebot3_fake_node/share/turtlebot3_fake_node/param/burger.yaml
[5.108s] -- Up-to-date: /home/user/install/turtlebot3_fake_node/share/turtlebot3_fake_node/param/waffle.yaml
[5.108s] -- Up-to-date: /home/user/install/turtlebot3_fake_node/share/turtlebot3_fake_node/param/waffle_pi.yaml
[5.108s] -- Up-to-date: /home/user/install/turtlebot3_fake_node/include/
[5.108s] -- Up-to-date: /home/user/install/turtlebot3_fake_node/include//turtlebot3_fake_node
[5.109s] -- Up-to-date: /home/user/install/turtlebot3_fake_node/include//turtlebot3_fake_node/turtlebot3_fake_node.hpp
[5.109s] -- Up-to-date: /home/user/install/turtlebot3_fake_node/share/ament_index/resource_index/package_run_dependencies/turtlebot3_fake_node
[5.109s] -- Up-to-date: /home/user/install/turtlebot3_fake_node/share/ament_index/resource_index/parent_prefix_path/turtlebot3_fake_node
[5.109s] -- Up-to-date: /home/user/install/turtlebot3_fake_node/share/turtlebot3_fake_node/environment/ament_prefix_path.sh
[5.110s] -- Up-to-date: /home/user/install/turtlebot3_fake_node/share/turtlebot3_fake_node/environment/ament_prefix_path.dsv
[5.110s] -- Up-to-date: /home/user/install/turtlebot3_fake_node/share/turtlebot3_fake_node/environment/path.sh
[5.110s] -- Up-to-date: /home/user/install/turtlebot3_fake_node/share/turtlebot3_fake_node/environment/path.dsv
[5.110s] -- Up-to-date: /home/user/install/turtlebot3_fake_node/share/turtlebot3_fake_node/local_setup.bash
[5.114s] -- Up-to-date: /home/user/install/turtlebot3_fake_node/share/turtlebot3_fake_node/local_setup.sh
[5.114s] -- Up-to-date: /home/user/install/turtlebot3_fake_node/share/turtlebot3_fake_node/local_setup.zsh
[5.115s] -- Up-to-date: /home/user/install/turtlebot3_fake_node/share/turtlebot3_fake_node/local_setup.dsv
[5.115s] -- Installing: /home/user/install/turtlebot3_fake_node/share/turtlebot3_fake_node/package.dsv
[5.117s] -- Up-to-date: /home/user/install/turtlebot3_fake_node/share/ament_index/resource_index/packages/turtlebot3_fake_node
[5.118s] -- Up-to-date: /home/user/install/turtlebot3_fake_node/share/turtlebot3_fake_node/cmake/ament_cmake_export_include_directories-extras.cmake
[5.118s] -- Up-to-date: /home/user/install/turtlebot3_fake_node/share/turtlebot3_fake_node/cmake/ament_cmake_export_dependencies-extras.cmake
[5.118s] -- Up-to-date: /home/user/install/turtlebot3_fake_node/share/turtlebot3_fake_node/cmake/turtlebot3_fake_nodeConfig.cmake
[5.119s] -- Up-to-date: /home/user/install/turtlebot3_fake_node/share/turtlebot3_fake_node/cmake/turtlebot3_fake_nodeConfig-version.cmake
[5.119s] -- Up-to-date: /home/user/install/turtlebot3_fake_node/share/turtlebot3_fake_node/package.xml
[5.206s] Invoked command in '/home/user/build/turtlebot3_fake_node' returned '0': CMAKE_PREFIX_PATH=${CMAKE_PREFIX_PATH}:/home/user/ros2_ws/install/my_package:/opt/ros/humble _=/usr/bin/env /usr/bin/cmake --install /home/user/build/turtlebot3_fake_node
