[8.230s] Invoking command in '/home/user/turtlebot3_ws/build/project_package': PYTHONPATH=/home/user/turtlebot3_ws/install/project_package/lib/python3.10/site-packages:${PYTHONPATH} _=/usr/bin/env /usr/bin/python3 setup.py develop --prefix /home/user/turtlebot3_ws/install/project_package --uninstall --editable --build-directory /home/user/turtlebot3_ws/build/project_package/build
[10.200s] running develop
[10.204s] /usr/lib/python3/dist-packages/setuptools/command/easy_install.py:158: EasyInstallDeprecationWarning: easy_install command is deprecated. Use build and pip and other standards-based tools.
[10.204s]   warnings.warn(
[10.205s] /usr/lib/python3/dist-packages/setuptools/command/install.py:34: SetuptoolsDeprecationWarning: setup.py install is deprecated. Use build and pip and other standards-based tools.
[10.205s]   warnings.warn(
[10.718s] /usr/lib/python3/dist-packages/pkg_resources/__init__.py:116: PkgResourcesDeprecationWarning: 1.1build1 is an invalid version and will not be supported in a future release
[10.719s]   warnings.warn(
[12.302s] Invoked command in '/home/user/turtlebot3_ws/build/project_package' returned '0': PYTHONPATH=/home/user/turtlebot3_ws/install/project_package/lib/python3.10/site-packages:${PYTHONPATH} _=/usr/bin/env /usr/bin/python3 setup.py develop --prefix /home/user/turtlebot3_ws/install/project_package --uninstall --editable --build-directory /home/user/turtlebot3_ws/build/project_package/build
[12.313s] Invoking command in '/home/user/turtlebot3_ws/src/project_package': PYTHONPATH=/home/user/turtlebot3_ws/install/project_package/lib/python3.10/site-packages:${PYTHONPATH} _=/usr/bin/env /usr/bin/python3 setup.py egg_info --egg-base ../../build/project_package build --build-base /home/user/turtlebot3_ws/build/project_package/build install --prefix /home/user/turtlebot3_ws/install/project_package --record /home/user/turtlebot3_ws/build/project_package/install.log --single-version-externally-managed
[14.992s] running egg_info
[14.992s] writing ../../build/project_package/project_package.egg-info/PKG-INFO
[14.992s] writing dependency_links to ../../build/project_package/project_package.egg-info/dependency_links.txt
[14.992s] writing entry points to ../../build/project_package/project_package.egg-info/entry_points.txt
[14.993s] writing requirements to ../../build/project_package/project_package.egg-info/requires.txt
[14.993s] writing top-level names to ../../build/project_package/project_package.egg-info/top_level.txt
[14.997s] reading manifest file '../../build/project_package/project_package.egg-info/SOURCES.txt'
[14.999s] writing manifest file '../../build/project_package/project_package.egg-info/SOURCES.txt'
[15.000s] running build
[15.000s] running build_py
[15.000s] copying project_package/go_to_goal.py -> /home/user/turtlebot3_ws/build/project_package/build/lib/project_package
[15.001s] running install
[15.001s] /usr/lib/python3/dist-packages/setuptools/command/install.py:34: SetuptoolsDeprecationWarning: setup.py install is deprecated. Use build and pip and other standards-based tools.
[15.002s]   warnings.warn(
[15.003s] running install_lib
[15.004s] copying /home/user/turtlebot3_ws/build/project_package/build/lib/project_package/go_to_goal.py -> /home/user/turtlebot3_ws/install/project_package/lib/python3.10/site-packages/project_package
[15.005s] byte-compiling /home/user/turtlebot3_ws/install/project_package/lib/python3.10/site-packages/project_package/go_to_goal.py to go_to_goal.cpython-310.pyc
[15.006s] running install_data
[15.007s] running install_egg_info
[15.010s] removing '/home/user/turtlebot3_ws/install/project_package/lib/python3.10/site-packages/project_package-0.0.0-py3.10.egg-info' (and everything under it)
[15.011s] Copying ../../build/project_package/project_package.egg-info to /home/user/turtlebot3_ws/install/project_package/lib/python3.10/site-packages/project_package-0.0.0-py3.10.egg-info
[15.012s] running install_scripts
[15.109s] Installing go_to_goal script to /home/user/turtlebot3_ws/install/project_package/lib/project_package
[15.109s] Installing goal_navigator script to /home/user/turtlebot3_ws/install/project_package/lib/project_package
[15.110s] Installing project_node script to /home/user/turtlebot3_ws/install/project_package/lib/project_package
[15.111s] writing list of installed files to '/home/user/turtlebot3_ws/build/project_package/install.log'
[15.315s] Invoked command in '/home/user/turtlebot3_ws/src/project_package' returned '0': PYTHONPATH=/home/user/turtlebot3_ws/install/project_package/lib/python3.10/site-packages:${PYTHONPATH} _=/usr/bin/env /usr/bin/python3 setup.py egg_info --egg-base ../../build/project_package build --build-base /home/user/turtlebot3_ws/build/project_package/build install --prefix /home/user/turtlebot3_ws/install/project_package --record /home/user/turtlebot3_ws/build/project_package/install.log --single-version-externally-managed
