[0.397s] Invoking command in '/home/user/turtlebot3_ws/src/build/turtlebot3_simulations': AMENT_PREFIX_PATH=/home/user/turtlebot3_ws/src/install/turtlebot3_gazebo:/home/user/turtlebot3_ws/src/install/turtlebot3_fake_node:${AMENT_PREFIX_PATH} CMAKE_PREFIX_PATH=/home/user/turtlebot3_ws/src/install/turtlebot3_gazebo:/home/user/turtlebot3_ws/src/install/turtlebot3_fake_node:/home/user/turtlebot3_ws/install/turtlebot3_simulations:/home/user/turtlebot3_ws/install/turtlebot3_gazebo:/home/user/turtlebot3_ws/install/turtlebot3_fake_node:/home/user/ros2_ws/install/my_package:/opt/ros/humble _=/usr/bin/env /usr/bin/cmake --build /home/user/turtlebot3_ws/src/build/turtlebot3_simulations -- -j8 -l8
[0.712s] Invoked command in '/home/user/turtlebot3_ws/src/build/turtlebot3_simulations' returned '0': AMENT_PREFIX_PATH=/home/user/turtlebot3_ws/src/install/turtlebot3_gazebo:/home/user/turtlebot3_ws/src/install/turtlebot3_fake_node:${AMENT_PREFIX_PATH} CMAKE_PREFIX_PATH=/home/user/turtlebot3_ws/src/install/turtlebot3_gazebo:/home/user/turtlebot3_ws/src/install/turtlebot3_fake_node:/home/user/turtlebot3_ws/install/turtlebot3_simulations:/home/user/turtlebot3_ws/install/turtlebot3_gazebo:/home/user/turtlebot3_ws/install/turtlebot3_fake_node:/home/user/ros2_ws/install/my_package:/opt/ros/humble _=/usr/bin/env /usr/bin/cmake --build /home/user/turtlebot3_ws/src/build/turtlebot3_simulations -- -j8 -l8
[1.596s] Invoking command in '/home/user/turtlebot3_ws/src/build/turtlebot3_simulations': AMENT_PREFIX_PATH=/home/user/turtlebot3_ws/src/install/turtlebot3_gazebo:/home/user/turtlebot3_ws/src/install/turtlebot3_fake_node:${AMENT_PREFIX_PATH} CMAKE_PREFIX_PATH=/home/user/turtlebot3_ws/src/install/turtlebot3_gazebo:/home/user/turtlebot3_ws/src/install/turtlebot3_fake_node:/home/user/turtlebot3_ws/install/turtlebot3_simulations:/home/user/turtlebot3_ws/install/turtlebot3_gazebo:/home/user/turtlebot3_ws/install/turtlebot3_fake_node:/home/user/ros2_ws/install/my_package:/opt/ros/humble _=/usr/bin/env /usr/bin/cmake --install /home/user/turtlebot3_ws/src/build/turtlebot3_simulations
[1.685s] -- Install configuration: ""
[1.691s] -- Up-to-date: /home/user/turtlebot3_ws/src/install/turtlebot3_simulations/share/ament_index/resource_index/package_run_dependencies/turtlebot3_simulations
[1.691s] -- Up-to-date: /home/user/turtlebot3_ws/src/install/turtlebot3_simulations/share/ament_index/resource_index/parent_prefix_path/turtlebot3_simulations
[1.692s] -- Up-to-date: /home/user/turtlebot3_ws/src/install/turtlebot3_simulations/share/turtlebot3_simulations/environment/ament_prefix_path.sh
[1.693s] -- Up-to-date: /home/user/turtlebot3_ws/src/install/turtlebot3_simulations/share/turtlebot3_simulations/environment/ament_prefix_path.dsv
[1.694s] -- Up-to-date: /home/user/turtlebot3_ws/src/install/turtlebot3_simulations/share/turtlebot3_simulations/environment/path.sh
[1.695s] -- Up-to-date: /home/user/turtlebot3_ws/src/install/turtlebot3_simulations/share/turtlebot3_simulations/environment/path.dsv
[1.696s] -- Up-to-date: /home/user/turtlebot3_ws/src/install/turtlebot3_simulations/share/turtlebot3_simulations/local_setup.bash
[1.696s] -- Up-to-date: /home/user/turtlebot3_ws/src/install/turtlebot3_simulations/share/turtlebot3_simulations/local_setup.sh
[1.697s] -- Up-to-date: /home/user/turtlebot3_ws/src/install/turtlebot3_simulations/share/turtlebot3_simulations/local_setup.zsh
[1.698s] -- Up-to-date: /home/user/turtlebot3_ws/src/install/turtlebot3_simulations/share/turtlebot3_simulations/local_setup.dsv
[1.699s] -- Installing: /home/user/turtlebot3_ws/src/install/turtlebot3_simulations/share/turtlebot3_simulations/package.dsv
[1.701s] -- Up-to-date: /home/user/turtlebot3_ws/src/install/turtlebot3_simulations/share/ament_index/resource_index/packages/turtlebot3_simulations
[1.782s] -- Up-to-date: /home/user/turtlebot3_ws/src/install/turtlebot3_simulations/share/turtlebot3_simulations/cmake/turtlebot3_simulationsConfig.cmake
[1.782s] -- Up-to-date: /home/user/turtlebot3_ws/src/install/turtlebot3_simulations/share/turtlebot3_simulations/cmake/turtlebot3_simulationsConfig-version.cmake
[1.783s] -- Up-to-date: /home/user/turtlebot3_ws/src/install/turtlebot3_simulations/share/turtlebot3_simulations/package.xml
[1.790s] Invoked command in '/home/user/turtlebot3_ws/src/build/turtlebot3_simulations' returned '0': AMENT_PREFIX_PATH=/home/user/turtlebot3_ws/src/install/turtlebot3_gazebo:/home/user/turtlebot3_ws/src/install/turtlebot3_fake_node:${AMENT_PREFIX_PATH} CMAKE_PREFIX_PATH=/home/user/turtlebot3_ws/src/install/turtlebot3_gazebo:/home/user/turtlebot3_ws/src/install/turtlebot3_fake_node:/home/user/turtlebot3_ws/install/turtlebot3_simulations:/home/user/turtlebot3_ws/install/turtlebot3_gazebo:/home/user/turtlebot3_ws/install/turtlebot3_fake_node:/home/user/ros2_ws/install/my_package:/opt/ros/humble _=/usr/bin/env /usr/bin/cmake --install /home/user/turtlebot3_ws/src/build/turtlebot3_simulations
