[0.822s] Invoking command in '/home/user/ros2_ws/src/my_package': PYTHONPATH=/home/user/ros2_ws/install/my_package/lib/python3.10/site-packages:${PYTHONPATH} _=/usr/bin/env /usr/bin/python3 setup.py egg_info --egg-base ../../build/my_package build --build-base /home/user/ros2_ws/build/my_package/build install --prefix /home/user/ros2_ws/install/my_package --record /home/user/ros2_ws/build/my_package/install.log --single-version-externally-managed
[1.132s] running egg_info
[1.133s] writing ../../build/my_package/my_package.egg-info/PKG-INFO
[1.133s] writing dependency_links to ../../build/my_package/my_package.egg-info/dependency_links.txt
[1.133s] writing entry points to ../../build/my_package/my_package.egg-info/entry_points.txt
[1.134s] writing requirements to ../../build/my_package/my_package.egg-info/requires.txt
[1.134s] writing top-level names to ../../build/my_package/my_package.egg-info/top_level.txt
[1.136s] reading manifest file '../../build/my_package/my_package.egg-info/SOURCES.txt'
[1.137s] writing manifest file '../../build/my_package/my_package.egg-info/SOURCES.txt'
[1.137s] running build
[1.137s] running build_py
[1.138s] running install
[1.138s] /usr/lib/python3/dist-packages/setuptools/command/install.py:34: SetuptoolsDeprecationWarning: setup.py install is deprecated. Use build and pip and other standards-based tools.
[1.138s]   warnings.warn(
[1.138s] running install_lib
[1.140s] running install_data
[1.140s] running install_egg_info
[1.142s] removing '/home/user/ros2_ws/install/my_package/lib/python3.10/site-packages/my_package-0.0.0-py3.10.egg-info' (and everything under it)
[1.142s] Copying ../../build/my_package/my_package.egg-info to /home/user/ros2_ws/install/my_package/lib/python3.10/site-packages/my_package-0.0.0-py3.10.egg-info
[1.144s] running install_scripts
[1.167s] Installing draw_circle script to /home/user/ros2_ws/install/my_package/lib/my_package
[1.167s] Installing first_node script to /home/user/ros2_ws/install/my_package/lib/my_package
[1.167s] writing list of installed files to '/home/user/ros2_ws/build/my_package/install.log'
[1.191s] Invoked command in '/home/user/ros2_ws/src/my_package' returned '0': PYTHONPATH=/home/user/ros2_ws/install/my_package/lib/python3.10/site-packages:${PYTHONPATH} _=/usr/bin/env /usr/bin/python3 setup.py egg_info --egg-base ../../build/my_package build --build-base /home/user/ros2_ws/build/my_package/build install --prefix /home/user/ros2_ws/install/my_package --record /home/user/ros2_ws/build/my_package/install.log --single-version-externally-managed
