[7.984s] Invoking command in '/home/user/turtlebot3_ws/build/project_package': PYTHONPATH=/home/user/turtlebot3_ws/install/project_package/lib/python3.10/site-packages:${PYTHONPATH} _=/usr/bin/env /usr/bin/python3 setup.py develop --prefix /home/user/turtlebot3_ws/install/project_package --uninstall --editable --build-directory /home/user/turtlebot3_ws/build/project_package/build
[10.382s] running develop
[10.409s] /usr/lib/python3/dist-packages/setuptools/command/easy_install.py:158: EasyInstallDeprecationWarning: easy_install command is deprecated. Use build and pip and other standards-based tools.
[10.410s]   warnings.warn(
[10.414s] /usr/lib/python3/dist-packages/setuptools/command/install.py:34: SetuptoolsDeprecationWarning: setup.py install is deprecated. Use build and pip and other standards-based tools.
[10.414s]   warnings.warn(
[10.875s] /usr/lib/python3/dist-packages/pkg_resources/__init__.py:116: PkgResourcesDeprecationWarning: 1.1build1 is an invalid version and will not be supported in a future release
[10.876s]   warnings.warn(
[12.702s] Invoked command in '/home/user/turtlebot3_ws/build/project_package' returned '0': PYTHONPATH=/home/user/turtlebot3_ws/install/project_package/lib/python3.10/site-packages:${PYTHONPATH} _=/usr/bin/env /usr/bin/python3 setup.py develop --prefix /home/user/turtlebot3_ws/install/project_package --uninstall --editable --build-directory /home/user/turtlebot3_ws/build/project_package/build
[12.703s] Invoking command in '/home/user/turtlebot3_ws/src/project_package': PYTHONPATH=/home/user/turtlebot3_ws/install/project_package/lib/python3.10/site-packages:${PYTHONPATH} _=/usr/bin/env /usr/bin/python3 setup.py egg_info --egg-base ../../build/project_package build --build-base /home/user/turtlebot3_ws/build/project_package/build install --prefix /home/user/turtlebot3_ws/install/project_package --record /home/user/turtlebot3_ws/build/project_package/install.log --single-version-externally-managed
[16.478s] running egg_info
[16.487s] writing ../../build/project_package/project_package.egg-info/PKG-INFO
[16.488s] writing dependency_links to ../../build/project_package/project_package.egg-info/dependency_links.txt
[16.488s] writing entry points to ../../build/project_package/project_package.egg-info/entry_points.txt
[16.491s] writing requirements to ../../build/project_package/project_package.egg-info/requires.txt
[16.491s] writing top-level names to ../../build/project_package/project_package.egg-info/top_level.txt
[16.568s] reading manifest file '../../build/project_package/project_package.egg-info/SOURCES.txt'
[16.568s] /usr/lib/python3/dist-packages/setuptools/command/install.py:34: SetuptoolsDeprecationWarning: setup.py install is deprecated. Use build and pip and other standards-based tools.
[16.568s]   warnings.warn(
[16.569s] writing manifest file '../../build/project_package/project_package.egg-info/SOURCES.txt'
[16.569s] running build
[16.569s] running build_py
[16.569s] copying project_package/go_to_goal.py -> /home/user/turtlebot3_ws/build/project_package/build/lib/project_package
[16.569s] running install
[16.570s] running install_lib
[16.570s] copying /home/user/turtlebot3_ws/build/project_package/build/lib/project_package/go_to_goal.py -> /home/user/turtlebot3_ws/install/project_package/lib/python3.10/site-packages/project_package
[16.571s] byte-compiling /home/user/turtlebot3_ws/install/project_package/lib/python3.10/site-packages/project_package/go_to_goal.py to go_to_goal.cpython-310.pyc
[16.573s] running install_data
[16.574s] running install_egg_info
[16.577s] removing '/home/user/turtlebot3_ws/install/project_package/lib/python3.10/site-packages/project_package-0.0.0-py3.10.egg-info' (and everything under it)
[16.578s] Copying ../../build/project_package/project_package.egg-info to /home/user/turtlebot3_ws/install/project_package/lib/python3.10/site-packages/project_package-0.0.0-py3.10.egg-info
[16.581s] running install_scripts
[16.673s] Installing go_to_goal script to /home/user/turtlebot3_ws/install/project_package/lib/project_package
[16.674s] Installing goal_navigator script to /home/user/turtlebot3_ws/install/project_package/lib/project_package
[16.674s] Installing project_node script to /home/user/turtlebot3_ws/install/project_package/lib/project_package
[16.675s] writing list of installed files to '/home/user/turtlebot3_ws/build/project_package/install.log'
[16.906s] Invoked command in '/home/user/turtlebot3_ws/src/project_package' returned '0': PYTHONPATH=/home/user/turtlebot3_ws/install/project_package/lib/python3.10/site-packages:${PYTHONPATH} _=/usr/bin/env /usr/bin/python3 setup.py egg_info --egg-base ../../build/project_package build --build-base /home/user/turtlebot3_ws/build/project_package/build install --prefix /home/user/turtlebot3_ws/install/project_package --record /home/user/turtlebot3_ws/build/project_package/install.log --single-version-externally-managed
