[0.041s] Invoking command in '/home/user/turtlebot3_ws/src/build/turtlebot3_gazebo': CMAKE_PREFIX_PATH=${CMAKE_PREFIX_PATH}:/home/user/ros2_ws/install/my_package:/opt/ros/humble _=/usr/bin/env /usr/bin/cmake /home/user/turtlebot3_ws/src/turtlebot3_gazebo -DCMAKE_INSTALL_PREFIX=/home/user/turtlebot3_ws/src/install/turtlebot3_gazebo
[0.439s] -- The C compiler identification is GNU 11.2.0
[0.685s] -- The CXX compiler identification is GNU 11.2.0
[0.705s] -- Detecting C compiler ABI info
[0.827s] -- Detecting C compiler ABI info - done
[0.838s] -- Check for working C compiler: /usr/bin/cc - skipped
[0.839s] -- Detecting C compile features
[0.841s] -- Detecting C compile features - done
[0.849s] -- Detecting CXX compiler ABI info
[1.005s] -- Detecting CXX compiler ABI info - done
[1.016s] -- Check for working CXX compiler: /usr/bin/c++ - skipped
[1.017s] -- Detecting CXX compile features
[1.018s] -- Detecting CXX compile features - done
[1.026s] -- Found ament_cmake: 1.3.2 (/opt/ros/humble/share/ament_cmake/cmake)
[1.352s] -- Found Python3: /usr/bin/python3.10 (found version "3.10.6") found components: Interpreter 
[1.611s] [33mCMake Warning (dev) at /usr/share/cmake-3.22/Modules/FindPackageHandleStandardArgs.cmake:438 (message):
[1.611s]   The package name passed to `find_package_handle_standard_args` (PkgConfig)
[1.612s]   does not match the name of the calling package (gazebo).  This can lead to
[1.612s]   problems in calling code that expects `find_package` result variables
[1.612s]   (e.g., `_FOUND`) to follow a certain pattern.
[1.612s] Call Stack (most recent call first):
[1.612s]   /usr/share/cmake-3.22/Modules/FindPkgConfig.cmake:99 (find_package_handle_standard_args)
[1.613s]   /usr/lib/x86_64-linux-gnu/cmake/gazebo/gazebo-config.cmake:72 (include)
[1.613s]   CMakeLists.txt:23 (find_package)
[1.613s] This warning is for project developers.  Use -Wno-dev to suppress it.
[1.613s] [0m
[1.613s] -- Found PkgConfig: /usr/bin/pkg-config (found version "0.29.2") 
[1.619s] -- Checking for module 'bullet>=2.82'
[1.651s] --   Found bullet, version 3.05
[2.139s] -- Found fcl: /usr/include (found suitable version "0.7.0", minimum required is "0.5.0") 
[2.236s] -- Found assimp: /usr/include (found version "5.2.0") 
[2.559s] -- Found DART: /usr/include (Required is at least version "6.6") found components: dart 
[2.984s] -- Found Boost: /usr/lib/x86_64-linux-gnu/cmake/Boost-1.74.0/BoostConfig.cmake (found suitable version "1.74.0", minimum required is "1.40.0") found components: thread system filesystem program_options regex iostreams date_time 
[3.034s] -- Found Protobuf: /usr/lib/x86_64-linux-gnu/libprotobuf.so (found version "3.12.4") 
[3.064s] -- Looking for ignition-math6 -- found version 6.12.0
[3.169s] -- Searching for dependencies of ignition-math6
[3.173s] -- Looking for OGRE...
[3.174s] -- OGRE_PREFIX_WATCH changed.
[3.181s] -- Checking for module 'OGRE'
[3.196s] --   Found OGRE, version 1.9.0
[3.338s] -- Found Ogre Ghadamon (1.9.0)
[3.449s] -- Found OGRE: optimized;/usr/lib/x86_64-linux-gnu/libOgreMain.so;debug;/usr/lib/x86_64-linux-gnu/libOgreMain.so
[3.469s] -- Looking for OGRE_Paging...
[3.479s] -- Found OGRE_Paging: optimized;/usr/lib/x86_64-linux-gnu/libOgrePaging.so;debug;/usr/lib/x86_64-linux-gnu/libOgrePaging.so
[3.480s] -- Looking for OGRE_Terrain...
[3.489s] -- Found OGRE_Terrain: optimized;/usr/lib/x86_64-linux-gnu/libOgreTerrain.so;debug;/usr/lib/x86_64-linux-gnu/libOgreTerrain.so
[3.489s] -- Looking for OGRE_Property...
[3.496s] -- Found OGRE_Property: optimized;/usr/lib/x86_64-linux-gnu/libOgreProperty.so;debug;/usr/lib/x86_64-linux-gnu/libOgreProperty.so
[3.496s] -- Looking for OGRE_RTShaderSystem...
[3.506s] -- Found OGRE_RTShaderSystem: optimized;/usr/lib/x86_64-linux-gnu/libOgreRTShaderSystem.so;debug;/usr/lib/x86_64-linux-gnu/libOgreRTShaderSystem.so
[3.506s] -- Looking for OGRE_Volume...
[3.516s] -- Found OGRE_Volume: optimized;/usr/lib/x86_64-linux-gnu/libOgreVolume.so;debug;/usr/lib/x86_64-linux-gnu/libOgreVolume.so
[3.516s] -- Looking for OGRE_Overlay...
[3.536s] -- Found OGRE_Overlay: optimized;/usr/lib/x86_64-linux-gnu/libOgreOverlay.so;debug;/usr/lib/x86_64-linux-gnu/libOgreOverlay.so
[3.778s] -- Looking for ignition-math6 -- found version 6.12.0
[3.786s] -- Looking for ignition-transport8 -- found version 8.2.1
[3.787s] -- Searching for dependencies of ignition-transport8
[3.832s] -- Found Protobuf: /usr/lib/x86_64-linux-gnu/libprotobuf.so (found suitable version "3.12.4", minimum required is "3") 
[3.873s] -- Config-file not installed for ZeroMQ -- checking for pkg-config
[3.878s] -- Checking for module 'libzmq >= 4'
[3.902s] --   Found libzmq , version 4.3.4
[3.966s] -- Found ZeroMQ: TRUE (Required is at least version "4") 
[3.974s] -- Checking for module 'uuid'
[3.995s] --   Found uuid, version 2.37.2
[4.054s] -- Found UUID: TRUE  
[4.064s] -- Looking for ignition-msgs5 -- found version 5.8.1
[4.065s] -- Searching for dependencies of ignition-msgs5
[4.102s] -- Looking for ignition-math6 -- found version 6.12.0
[4.110s] -- Checking for module 'tinyxml2'
[4.142s] --   Found tinyxml2, version 9.0.0
[4.189s] -- Looking for ignition-msgs5 -- found version 5.8.1
[4.197s] -- Looking for ignition-common3 -- found version 3.14.0
[4.198s] -- Searching for dependencies of ignition-common3
[4.199s] -- Looking for dlfcn.h - found
[4.200s] -- Looking for libdl - found
[4.202s] -- Found DL: TRUE  
[4.236s] -- Found tinyobjloader: /usr/lib/x86_64-linux-gnu/cmake/tinyobjloader/tinyobjloader-config.cmake (found version "2.0.0") 
[4.243s] -- Searching for <ignition-common3> component [graphics]
[4.256s] -- Looking for ignition-common3-graphics -- found version 3.14.0
[4.257s] -- Searching for dependencies of ignition-common3-graphics
[4.258s] -- Looking for ignition-math6 -- found version 6.12.0
[4.269s] -- Looking for ignition-fuel_tools4 -- found version 4.4.0
[4.269s] -- Searching for dependencies of ignition-fuel_tools4
[4.392s] -- Found CURL: /usr/lib/x86_64-linux-gnu/libcurl.so (found version "7.81.0")  
[4.410s] -- Checking for module 'jsoncpp'
[4.437s] --   Found jsoncpp, version 1.9.5
[4.483s] -- Found JSONCPP: TRUE  
[4.496s] -- Checking for module 'libzip'
[4.510s] --   Found libzip, version 1.7.3
[4.571s] -- Found ZIP: TRUE  
[4.571s] -- Looking for ignition-common3 -- found version 3.14.0
[4.572s] -- Looking for ignition-math6 -- found version 6.12.0
[4.572s] -- Looking for ignition-msgs5 -- found version 5.8.1
[4.591s] -- Found gazebo_ros_pkgs: 3.7.0 (/opt/ros/humble/share/gazebo_ros_pkgs/cmake)
[4.596s] -- Found geometry_msgs: 4.2.2 (/opt/ros/humble/share/geometry_msgs/cmake)
[4.683s] -- Found rosidl_generator_c: 3.1.3 (/opt/ros/humble/share/rosidl_generator_c/cmake)
[4.696s] -- Found rosidl_adapter: 3.1.3 (/opt/ros/humble/share/rosidl_adapter/cmake)
[4.716s] -- Found rosidl_generator_cpp: 3.1.3 (/opt/ros/humble/share/rosidl_generator_cpp/cmake)
[4.754s] -- Using all available rosidl_typesupport_c: rosidl_typesupport_fastrtps_c;rosidl_typesupport_introspection_c
[4.795s] -- Using all available rosidl_typesupport_cpp: rosidl_typesupport_fastrtps_cpp;rosidl_typesupport_introspection_cpp
[5.057s] -- Found nav_msgs: 4.2.2 (/opt/ros/humble/share/nav_msgs/cmake)
[5.201s] -- Found rclcpp: 16.0.1 (/opt/ros/humble/share/rclcpp/cmake)
[5.328s] -- Found rmw_implementation_cmake: 6.1.0 (/opt/ros/humble/share/rmw_implementation_cmake/cmake)
[5.337s] -- Found rmw_cyclonedds_cpp: 1.3.4 (/opt/ros/humble/share/rmw_cyclonedds_cpp/cmake)
[5.403s] -- Using RMW implementation 'rmw_cyclonedds_cpp' as default
[5.648s] -- Found sensor_msgs: 4.2.2 (/opt/ros/humble/share/sensor_msgs/cmake)
[5.803s] -- Found tf2: 0.25.1 (/opt/ros/humble/share/tf2/cmake)
[5.953s] -- Configuring done
[6.016s] -- Generating done
[6.029s] -- Build files have been written to: /home/user/turtlebot3_ws/src/build/turtlebot3_gazebo
[6.062s] Invoked command in '/home/user/turtlebot3_ws/src/build/turtlebot3_gazebo' returned '0': CMAKE_PREFIX_PATH=${CMAKE_PREFIX_PATH}:/home/user/ros2_ws/install/my_package:/opt/ros/humble _=/usr/bin/env /usr/bin/cmake /home/user/turtlebot3_ws/src/turtlebot3_gazebo -DCMAKE_INSTALL_PREFIX=/home/user/turtlebot3_ws/src/install/turtlebot3_gazebo
[6.065s] Invoking command in '/home/user/turtlebot3_ws/src/build/turtlebot3_gazebo': CMAKE_PREFIX_PATH=${CMAKE_PREFIX_PATH}:/home/user/ros2_ws/install/my_package:/opt/ros/humble _=/usr/bin/env /usr/bin/cmake --build /home/user/turtlebot3_ws/src/build/turtlebot3_gazebo -- -j8 -l8
[6.160s] [ 12%] [32mBuilding CXX object CMakeFiles/turtlebot3_drive.dir/src/turtlebot3_drive.cpp.o[0m
[27.247s] [ 25%] [32m[1mLinking CXX executable turtlebot3_drive[0m
[27.944s] [ 25%] Built target turtlebot3_drive
[27.977s] [ 37%] [32mBuilding CXX object CMakeFiles/obstacles.dir/models/turtlebot3_dqn_world/obstacle_plugin/obstacles.cc.o[0m
[55.147s] [ 50%] [32m[1mLinking CXX shared library libobstacles.so[0m
[55.486s] [ 50%] Built target obstacles
[55.511s] [ 62%] [32mBuilding CXX object CMakeFiles/obstacle2.dir/models/turtlebot3_dqn_world/obstacle_plugin/obstacle2.cc.o[0m
[74.452s] [ 75%] [32m[1mLinking CXX shared library libobstacle2.so[0m
[74.806s] [ 75%] Built target obstacle2
[74.840s] [ 87%] [32mBuilding CXX object CMakeFiles/obstacle1.dir/models/turtlebot3_dqn_world/obstacle_plugin/obstacle1.cc.o[0m
[94.879s] [100%] [32m[1mLinking CXX shared library libobstacle1.so[0m
[95.205s] [100%] Built target obstacle1
[95.221s] Invoked command in '/home/user/turtlebot3_ws/src/build/turtlebot3_gazebo' returned '0': CMAKE_PREFIX_PATH=${CMAKE_PREFIX_PATH}:/home/user/ros2_ws/install/my_package:/opt/ros/humble _=/usr/bin/env /usr/bin/cmake --build /home/user/turtlebot3_ws/src/build/turtlebot3_gazebo -- -j8 -l8
[95.303s] Invoking command in '/home/user/turtlebot3_ws/src/build/turtlebot3_gazebo': CMAKE_PREFIX_PATH=${CMAKE_PREFIX_PATH}:/home/user/ros2_ws/install/my_package:/opt/ros/humble _=/usr/bin/env /usr/bin/cmake --install /home/user/turtlebot3_ws/src/build/turtlebot3_gazebo
[95.312s] -- Install configuration: ""
[95.312s] -- Installing: /home/user/turtlebot3_ws/src/install/turtlebot3_gazebo/lib/turtlebot3_gazebo/turtlebot3_drive
[95.328s] -- Set runtime path of "/home/user/turtlebot3_ws/src/install/turtlebot3_gazebo/lib/turtlebot3_gazebo/turtlebot3_drive" to ""
[95.329s] -- Installing: /home/user/turtlebot3_ws/src/install/turtlebot3_gazebo/share/turtlebot3_gazebo//launch
[95.329s] -- Installing: /home/user/turtlebot3_ws/src/install/turtlebot3_gazebo/share/turtlebot3_gazebo//launch/turtlebot3_dqn_stage2.launch.py
[95.333s] -- Installing: /home/user/turtlebot3_ws/src/install/turtlebot3_gazebo/share/turtlebot3_gazebo//launch/turtlebot3_house.launch.py
[95.333s] -- Installing: /home/user/turtlebot3_ws/src/install/turtlebot3_gazebo/share/turtlebot3_gazebo//launch/empty_world.launch.py
[95.333s] -- Installing: /home/user/turtlebot3_ws/src/install/turtlebot3_gazebo/share/turtlebot3_gazebo//launch/turtlebot3_dqn_stage1.launch.py
[95.334s] -- Installing: /home/user/turtlebot3_ws/src/install/turtlebot3_gazebo/share/turtlebot3_gazebo//launch/spawn_turtlebot3.launch.py
[95.334s] -- Installing: /home/user/turtlebot3_ws/src/install/turtlebot3_gazebo/share/turtlebot3_gazebo//launch/robot_state_publisher.launch.py
[95.334s] -- Installing: /home/user/turtlebot3_ws/src/install/turtlebot3_gazebo/share/turtlebot3_gazebo//launch/floor.launch.py
[95.334s] -- Installing: /home/user/turtlebot3_ws/src/install/turtlebot3_gazebo/share/turtlebot3_gazebo//launch/turtlebot3_dqn_stage4.launch.py
[95.335s] -- Installing: /home/user/turtlebot3_ws/src/install/turtlebot3_gazebo/share/turtlebot3_gazebo//launch/maze.launch.py
[95.336s] -- Installing: /home/user/turtlebot3_ws/src/install/turtlebot3_gazebo/share/turtlebot3_gazebo//launch/turtlebot3_world.launch.py
[95.337s] -- Installing: /home/user/turtlebot3_ws/src/install/turtlebot3_gazebo/share/turtlebot3_gazebo//launch/turtlebot3_dqn_stage3.launch.py
[95.337s] -- Installing: /home/user/turtlebot3_ws/src/install/turtlebot3_gazebo/share/turtlebot3_gazebo//models
[95.337s] -- Installing: /home/user/turtlebot3_ws/src/install/turtlebot3_gazebo/share/turtlebot3_gazebo//models/turtlebot3_dqn_world
[95.337s] -- Installing: /home/user/turtlebot3_ws/src/install/turtlebot3_gazebo/share/turtlebot3_gazebo//models/turtlebot3_dqn_world/goal_box
[95.337s] -- Installing: /home/user/turtlebot3_ws/src/install/turtlebot3_gazebo/share/turtlebot3_gazebo//models/turtlebot3_dqn_world/goal_box/model.sdf
[95.337s] -- Installing: /home/user/turtlebot3_ws/src/install/turtlebot3_gazebo/share/turtlebot3_gazebo//models/turtlebot3_dqn_world/goal_box/model.config
[95.338s] -- Installing: /home/user/turtlebot3_ws/src/install/turtlebot3_gazebo/share/turtlebot3_gazebo//models/turtlebot3_dqn_world/model.sdf
[95.338s] -- Installing: /home/user/turtlebot3_ws/src/install/turtlebot3_gazebo/share/turtlebot3_gazebo//models/turtlebot3_dqn_world/obstacle2
[95.338s] -- Installing: /home/user/turtlebot3_ws/src/install/turtlebot3_gazebo/share/turtlebot3_gazebo//models/turtlebot3_dqn_world/obstacle2/model.sdf
[95.341s] -- Installing: /home/user/turtlebot3_ws/src/install/turtlebot3_gazebo/share/turtlebot3_gazebo//models/turtlebot3_dqn_world/obstacle2/model.config
[95.341s] -- Installing: /home/user/turtlebot3_ws/src/install/turtlebot3_gazebo/share/turtlebot3_gazebo//models/turtlebot3_dqn_world/inner_walls
[95.341s] -- Installing: /home/user/turtlebot3_ws/src/install/turtlebot3_gazebo/share/turtlebot3_gazebo//models/turtlebot3_dqn_world/inner_walls/model.sdf
[95.342s] -- Installing: /home/user/turtlebot3_ws/src/install/turtlebot3_gazebo/share/turtlebot3_gazebo//models/turtlebot3_dqn_world/inner_walls/model.config
[95.342s] -- Installing: /home/user/turtlebot3_ws/src/install/turtlebot3_gazebo/share/turtlebot3_gazebo//models/turtlebot3_dqn_world/obstacle_plugin
[95.342s] -- Installing: /home/user/turtlebot3_ws/src/install/turtlebot3_gazebo/share/turtlebot3_gazebo//models/turtlebot3_dqn_world/obstacle_plugin/obstacle2.cc
[95.342s] -- Installing: /home/user/turtlebot3_ws/src/install/turtlebot3_gazebo/share/turtlebot3_gazebo//models/turtlebot3_dqn_world/obstacle_plugin/obstacles.cc
[95.343s] -- Installing: /home/user/turtlebot3_ws/src/install/turtlebot3_gazebo/share/turtlebot3_gazebo//models/turtlebot3_dqn_world/obstacle_plugin/obstacle1.cc
[95.343s] -- Installing: /home/user/turtlebot3_ws/src/install/turtlebot3_gazebo/share/turtlebot3_gazebo//models/turtlebot3_dqn_world/obstacle_plugin/CMakeLists.txt
[95.343s] -- Installing: /home/user/turtlebot3_ws/src/install/turtlebot3_gazebo/share/turtlebot3_gazebo//models/turtlebot3_dqn_world/obstacle1
[95.343s] -- Installing: /home/user/turtlebot3_ws/src/install/turtlebot3_gazebo/share/turtlebot3_gazebo//models/turtlebot3_dqn_world/obstacle1/model.sdf
[95.344s] -- Installing: /home/user/turtlebot3_ws/src/install/turtlebot3_gazebo/share/turtlebot3_gazebo//models/turtlebot3_dqn_world/obstacle1/model.config
[95.344s] -- Installing: /home/user/turtlebot3_ws/src/install/turtlebot3_gazebo/share/turtlebot3_gazebo//models/turtlebot3_dqn_world/model.config
[95.345s] -- Installing: /home/user/turtlebot3_ws/src/install/turtlebot3_gazebo/share/turtlebot3_gazebo//models/turtlebot3_dqn_world/obstacles
[95.345s] -- Installing: /home/user/turtlebot3_ws/src/install/turtlebot3_gazebo/share/turtlebot3_gazebo//models/turtlebot3_dqn_world/obstacles/model.sdf
[95.346s] -- Installing: /home/user/turtlebot3_ws/src/install/turtlebot3_gazebo/share/turtlebot3_gazebo//models/turtlebot3_dqn_world/obstacles/model.config
[95.347s] -- Installing: /home/user/turtlebot3_ws/src/install/turtlebot3_gazebo/share/turtlebot3_gazebo//models/turtlebot3_house
[95.347s] -- Installing: /home/user/turtlebot3_ws/src/install/turtlebot3_gazebo/share/turtlebot3_gazebo//models/turtlebot3_house/model.sdf
[95.348s] -- Installing: /home/user/turtlebot3_ws/src/install/turtlebot3_gazebo/share/turtlebot3_gazebo//models/turtlebot3_house/model.config
[95.349s] -- Installing: /home/user/turtlebot3_ws/src/install/turtlebot3_gazebo/share/turtlebot3_gazebo//models/turtlebot3_common
[95.349s] -- Installing: /home/user/turtlebot3_ws/src/install/turtlebot3_gazebo/share/turtlebot3_gazebo//models/turtlebot3_common/meshes
[95.350s] -- Installing: /home/user/turtlebot3_ws/src/install/turtlebot3_gazebo/share/turtlebot3_gazebo//models/turtlebot3_common/meshes/tire.dae
[95.350s] -- Installing: /home/user/turtlebot3_ws/src/install/turtlebot3_gazebo/share/turtlebot3_gazebo//models/turtlebot3_common/meshes/waffle_base.dae
[95.351s] -- Installing: /home/user/turtlebot3_ws/src/install/turtlebot3_gazebo/share/turtlebot3_gazebo//models/turtlebot3_common/meshes/r200.dae
[95.352s] -- Installing: /home/user/turtlebot3_ws/src/install/turtlebot3_gazebo/share/turtlebot3_gazebo//models/turtlebot3_common/meshes/lds.dae
[95.352s] -- Installing: /home/user/turtlebot3_ws/src/install/turtlebot3_gazebo/share/turtlebot3_gazebo//models/turtlebot3_common/meshes/waffle_pi_base.dae
[95.353s] -- Installing: /home/user/turtlebot3_ws/src/install/turtlebot3_gazebo/share/turtlebot3_gazebo//models/turtlebot3_common/meshes/burger_base.dae
[95.353s] -- Installing: /home/user/turtlebot3_ws/src/install/turtlebot3_gazebo/share/turtlebot3_gazebo//models/turtlebot3_common/model.config
[95.353s] -- Installing: /home/user/turtlebot3_ws/src/install/turtlebot3_gazebo/share/turtlebot3_gazebo//models/turtlebot3_burger
[95.353s] -- Installing: /home/user/turtlebot3_ws/src/install/turtlebot3_gazebo/share/turtlebot3_gazebo//models/turtlebot3_burger/model.sdf
[95.354s] -- Installing: /home/user/turtlebot3_ws/src/install/turtlebot3_gazebo/share/turtlebot3_gazebo//models/turtlebot3_burger/model-1_4.sdf
[95.354s] -- Installing: /home/user/turtlebot3_ws/src/install/turtlebot3_gazebo/share/turtlebot3_gazebo//models/turtlebot3_burger/model.config
[95.354s] -- Installing: /home/user/turtlebot3_ws/src/install/turtlebot3_gazebo/share/turtlebot3_gazebo//models/turtlebot3_waffle_pi
[95.354s] -- Installing: /home/user/turtlebot3_ws/src/install/turtlebot3_gazebo/share/turtlebot3_gazebo//models/turtlebot3_waffle_pi/model-1_4_.sdf
[95.355s] -- Installing: /home/user/turtlebot3_ws/src/install/turtlebot3_gazebo/share/turtlebot3_gazebo//models/turtlebot3_waffle_pi/model.sdf
[95.355s] -- Installing: /home/user/turtlebot3_ws/src/install/turtlebot3_gazebo/share/turtlebot3_gazebo//models/turtlebot3_waffle_pi/model.config
[95.355s] -- Installing: /home/user/turtlebot3_ws/src/install/turtlebot3_gazebo/share/turtlebot3_gazebo//models/turtlebot3_world
[95.356s] -- Installing: /home/user/turtlebot3_ws/src/install/turtlebot3_gazebo/share/turtlebot3_gazebo//models/turtlebot3_world/model.sdf
[95.356s] -- Installing: /home/user/turtlebot3_ws/src/install/turtlebot3_gazebo/share/turtlebot3_gazebo//models/turtlebot3_world/meshes
[95.356s] -- Installing: /home/user/turtlebot3_ws/src/install/turtlebot3_gazebo/share/turtlebot3_gazebo//models/turtlebot3_world/meshes/wall.dae
[95.356s] -- Installing: /home/user/turtlebot3_ws/src/install/turtlebot3_gazebo/share/turtlebot3_gazebo//models/turtlebot3_world/meshes/hexagon.dae
[95.356s] -- Installing: /home/user/turtlebot3_ws/src/install/turtlebot3_gazebo/share/turtlebot3_gazebo//models/turtlebot3_world/model-1_4.sdf
[95.357s] -- Installing: /home/user/turtlebot3_ws/src/install/turtlebot3_gazebo/share/turtlebot3_gazebo//models/turtlebot3_world/model.config
[95.357s] -- Installing: /home/user/turtlebot3_ws/src/install/turtlebot3_gazebo/share/turtlebot3_gazebo//models/turtlebot3_waffle
[95.357s] -- Installing: /home/user/turtlebot3_ws/src/install/turtlebot3_gazebo/share/turtlebot3_gazebo//models/turtlebot3_waffle/model.sdf
[95.357s] -- Installing: /home/user/turtlebot3_ws/src/install/turtlebot3_gazebo/share/turtlebot3_gazebo//models/turtlebot3_waffle/model-1_4.sdf
[95.358s] -- Installing: /home/user/turtlebot3_ws/src/install/turtlebot3_gazebo/share/turtlebot3_gazebo//models/turtlebot3_waffle/model.config
[95.358s] -- Installing: /home/user/turtlebot3_ws/src/install/turtlebot3_gazebo/share/turtlebot3_gazebo//rviz
[95.358s] -- Installing: /home/user/turtlebot3_ws/src/install/turtlebot3_gazebo/share/turtlebot3_gazebo//rviz/tb3_gazebo.rviz
[95.358s] -- Installing: /home/user/turtlebot3_ws/src/install/turtlebot3_gazebo/share/turtlebot3_gazebo//urdf
[95.358s] -- Installing: /home/user/turtlebot3_ws/src/install/turtlebot3_gazebo/share/turtlebot3_gazebo//urdf/turtlebot3_waffle.urdf
[95.359s] -- Installing: /home/user/turtlebot3_ws/src/install/turtlebot3_gazebo/share/turtlebot3_gazebo//urdf/turtlebot3_waffle_pi.urdf
[95.359s] -- Installing: /home/user/turtlebot3_ws/src/install/turtlebot3_gazebo/share/turtlebot3_gazebo//urdf/common_properties.urdf
[95.359s] -- Installing: /home/user/turtlebot3_ws/src/install/turtlebot3_gazebo/share/turtlebot3_gazebo//urdf/turtlebot3_burger.urdf
[95.359s] -- Installing: /home/user/turtlebot3_ws/src/install/turtlebot3_gazebo/share/turtlebot3_gazebo//worlds
[95.360s] -- Installing: /home/user/turtlebot3_ws/src/install/turtlebot3_gazebo/share/turtlebot3_gazebo//worlds/floor.world
[95.360s] -- Installing: /home/user/turtlebot3_ws/src/install/turtlebot3_gazebo/share/turtlebot3_gazebo//worlds/turtlebot3_dqn_stage2.world
[95.360s] -- Installing: /home/user/turtlebot3_ws/src/install/turtlebot3_gazebo/share/turtlebot3_gazebo//worlds/maze.world
[95.360s] -- Installing: /home/user/turtlebot3_ws/src/install/turtlebot3_gazebo/share/turtlebot3_gazebo//worlds/old_floor_plan.world
[95.361s] -- Installing: /home/user/turtlebot3_ws/src/install/turtlebot3_gazebo/share/turtlebot3_gazebo//worlds/turtlebot3_dqn_stage3.world
[95.361s] -- Installing: /home/user/turtlebot3_ws/src/install/turtlebot3_gazebo/share/turtlebot3_gazebo//worlds/turtlebot3_dqn_stage1.world
[95.361s] -- Installing: /home/user/turtlebot3_ws/src/install/turtlebot3_gazebo/share/turtlebot3_gazebo//worlds/turtlebot3_house.world
[95.361s] -- Installing: /home/user/turtlebot3_ws/src/install/turtlebot3_gazebo/share/turtlebot3_gazebo//worlds/turtlebot3_dqn_stage4.world
[95.362s] -- Installing: /home/user/turtlebot3_ws/src/install/turtlebot3_gazebo/share/turtlebot3_gazebo//worlds/turtlebot3_world.world
[95.362s] -- Installing: /home/user/turtlebot3_ws/src/install/turtlebot3_gazebo/share/turtlebot3_gazebo//worlds/empty_world.world
[95.362s] -- Installing: /home/user/turtlebot3_ws/src/install/turtlebot3_gazebo/include/
[95.363s] -- Installing: /home/user/turtlebot3_ws/src/install/turtlebot3_gazebo/include//turtlebot3_gazebo
[95.363s] -- Installing: /home/user/turtlebot3_ws/src/install/turtlebot3_gazebo/include//turtlebot3_gazebo/turtlebot3_drive.hpp
[95.363s] -- Installing: /home/user/turtlebot3_ws/src/install/turtlebot3_gazebo/share/ament_index/resource_index/package_run_dependencies/turtlebot3_gazebo
[95.363s] -- Installing: /home/user/turtlebot3_ws/src/install/turtlebot3_gazebo/share/ament_index/resource_index/parent_prefix_path/turtlebot3_gazebo
[95.364s] -- Installing: /home/user/turtlebot3_ws/src/install/turtlebot3_gazebo/share/turtlebot3_gazebo/environment/ament_prefix_path.sh
[95.364s] -- Installing: /home/user/turtlebot3_ws/src/install/turtlebot3_gazebo/share/turtlebot3_gazebo/environment/ament_prefix_path.dsv
[95.364s] -- Installing: /home/user/turtlebot3_ws/src/install/turtlebot3_gazebo/share/turtlebot3_gazebo/environment/path.sh
[95.365s] -- Installing: /home/user/turtlebot3_ws/src/install/turtlebot3_gazebo/share/turtlebot3_gazebo/environment/path.dsv
[95.365s] -- Installing: /home/user/turtlebot3_ws/src/install/turtlebot3_gazebo/share/turtlebot3_gazebo/local_setup.bash
[95.365s] -- Installing: /home/user/turtlebot3_ws/src/install/turtlebot3_gazebo/share/turtlebot3_gazebo/local_setup.sh
[95.365s] -- Installing: /home/user/turtlebot3_ws/src/install/turtlebot3_gazebo/share/turtlebot3_gazebo/local_setup.zsh
[95.367s] -- Installing: /home/user/turtlebot3_ws/src/install/turtlebot3_gazebo/share/turtlebot3_gazebo/local_setup.dsv
[95.368s] -- Installing: /home/user/turtlebot3_ws/src/install/turtlebot3_gazebo/share/turtlebot3_gazebo/package.dsv
[95.368s] -- Installing: /home/user/turtlebot3_ws/src/install/turtlebot3_gazebo/share/ament_index/resource_index/packages/turtlebot3_gazebo
[95.368s] -- Installing: /home/user/turtlebot3_ws/src/install/turtlebot3_gazebo/share/turtlebot3_gazebo/cmake/ament_cmake_export_include_directories-extras.cmake
[95.369s] -- Installing: /home/user/turtlebot3_ws/src/install/turtlebot3_gazebo/share/turtlebot3_gazebo/cmake/ament_cmake_export_dependencies-extras.cmake
[95.370s] -- Installing: /home/user/turtlebot3_ws/src/install/turtlebot3_gazebo/share/turtlebot3_gazebo/cmake/turtlebot3_gazeboConfig.cmake
[95.370s] -- Installing: /home/user/turtlebot3_ws/src/install/turtlebot3_gazebo/share/turtlebot3_gazebo/cmake/turtlebot3_gazeboConfig-version.cmake
[95.371s] -- Installing: /home/user/turtlebot3_ws/src/install/turtlebot3_gazebo/share/turtlebot3_gazebo/package.xml
[95.377s] Invoked command in '/home/user/turtlebot3_ws/src/build/turtlebot3_gazebo' returned '0': CMAKE_PREFIX_PATH=${CMAKE_PREFIX_PATH}:/home/user/ros2_ws/install/my_package:/opt/ros/humble _=/usr/bin/env /usr/bin/cmake --install /home/user/turtlebot3_ws/src/build/turtlebot3_gazebo
