[0.198s] Invoking command in '/home/user/build/turtlebot3_simulations': AMENT_PREFIX_PATH=/home/user/install/turtlebot3_gazebo:/home/user/install/turtlebot3_fake_node:${AMENT_PREFIX_PATH} CMAKE_PREFIX_PATH=/home/user/install/turtlebot3_gazebo:/home/user/install/turtlebot3_fake_node:/home/user/turtlebot3_ws/install/turtlebot3_simulations:/home/user/turtlebot3_ws/install/turtlebot3_gazebo:/home/user/turtlebot3_ws/install/turtlebot3_fake_node:/home/user/ros2_ws/install/my_package:/opt/ros/humble _=/usr/bin/env /usr/bin/cmake --build /home/user/build/turtlebot3_simulations -- -j8 -l8
[0.603s] Invoked command in '/home/user/build/turtlebot3_simulations' returned '0': AMENT_PREFIX_PATH=/home/user/install/turtlebot3_gazebo:/home/user/install/turtlebot3_fake_node:${AMENT_PREFIX_PATH} CMAKE_PREFIX_PATH=/home/user/install/turtlebot3_gazebo:/home/user/install/turtlebot3_fake_node:/home/user/turtlebot3_ws/install/turtlebot3_simulations:/home/user/turtlebot3_ws/install/turtlebot3_gazebo:/home/user/turtlebot3_ws/install/turtlebot3_fake_node:/home/user/ros2_ws/install/my_package:/opt/ros/humble _=/usr/bin/env /usr/bin/cmake --build /home/user/build/turtlebot3_simulations -- -j8 -l8
[1.427s] Invoking command in '/home/user/build/turtlebot3_simulations': AMENT_PREFIX_PATH=/home/user/install/turtlebot3_gazebo:/home/user/install/turtlebot3_fake_node:${AMENT_PREFIX_PATH} CMAKE_PREFIX_PATH=/home/user/install/turtlebot3_gazebo:/home/user/install/turtlebot3_fake_node:/home/user/turtlebot3_ws/install/turtlebot3_simulations:/home/user/turtlebot3_ws/install/turtlebot3_gazebo:/home/user/turtlebot3_ws/install/turtlebot3_fake_node:/home/user/ros2_ws/install/my_package:/opt/ros/humble _=/usr/bin/env /usr/bin/cmake --install /home/user/build/turtlebot3_simulations
[1.507s] -- Install configuration: ""
[1.507s] -- Execute custom install script
[1.508s] -- Up-to-date symlink: /home/user/install/turtlebot3_simulations/share/ament_index/resource_index/package_run_dependencies/turtlebot3_simulations
[1.512s] -- Up-to-date symlink: /home/user/install/turtlebot3_simulations/share/ament_index/resource_index/parent_prefix_path/turtlebot3_simulations
[1.514s] -- Up-to-date symlink: /home/user/install/turtlebot3_simulations/share/turtlebot3_simulations/environment/ament_prefix_path.sh
[1.516s] -- Up-to-date symlink: /home/user/install/turtlebot3_simulations/share/turtlebot3_simulations/environment/ament_prefix_path.dsv
[1.518s] -- Up-to-date symlink: /home/user/install/turtlebot3_simulations/share/turtlebot3_simulations/environment/path.sh
[1.519s] -- Up-to-date symlink: /home/user/install/turtlebot3_simulations/share/turtlebot3_simulations/environment/path.dsv
[1.530s] -- Up-to-date symlink: /home/user/install/turtlebot3_simulations/share/turtlebot3_simulations/local_setup.bash
[1.533s] -- Up-to-date symlink: /home/user/install/turtlebot3_simulations/share/turtlebot3_simulations/local_setup.sh
[1.534s] -- Up-to-date symlink: /home/user/install/turtlebot3_simulations/share/turtlebot3_simulations/local_setup.zsh
[1.535s] -- Up-to-date symlink: /home/user/install/turtlebot3_simulations/share/turtlebot3_simulations/local_setup.dsv
[1.535s] -- Symlinking: /home/user/install/turtlebot3_simulations/share/turtlebot3_simulations/package.dsv
[1.601s] -- Up-to-date symlink: /home/user/install/turtlebot3_simulations/share/ament_index/resource_index/packages/turtlebot3_simulations
[1.602s] -- Up-to-date symlink: /home/user/install/turtlebot3_simulations/share/turtlebot3_simulations/cmake/turtlebot3_simulationsConfig.cmake
[1.603s] -- Up-to-date symlink: /home/user/install/turtlebot3_simulations/share/turtlebot3_simulations/cmake/turtlebot3_simulationsConfig-version.cmake
[1.604s] -- Up-to-date symlink: /home/user/install/turtlebot3_simulations/share/turtlebot3_simulations/package.xml
[1.614s] Invoked command in '/home/user/build/turtlebot3_simulations' returned '0': AMENT_PREFIX_PATH=/home/user/install/turtlebot3_gazebo:/home/user/install/turtlebot3_fake_node:${AMENT_PREFIX_PATH} CMAKE_PREFIX_PATH=/home/user/install/turtlebot3_gazebo:/home/user/install/turtlebot3_fake_node:/home/user/turtlebot3_ws/install/turtlebot3_simulations:/home/user/turtlebot3_ws/install/turtlebot3_gazebo:/home/user/turtlebot3_ws/install/turtlebot3_fake_node:/home/user/ros2_ws/install/my_package:/opt/ros/humble _=/usr/bin/env /usr/bin/cmake --install /home/user/build/turtlebot3_simulations
