/home/user/install/my_package/lib/python3.10/site-packages/my_package/control_turtle.py
/home/user/install/my_package/lib/python3.10/site-packages/my_package/__init__.py
/home/user/install/my_package/lib/python3.10/site-packages/my_package/draw_circle.py
/home/user/install/my_package/lib/python3.10/site-packages/my_package/first_node.py
/home/user/install/my_package/lib/python3.10/site-packages/my_package/pose_subscriber.py
/home/user/install/my_package/lib/python3.10/site-packages/my_package/__pycache__/control_turtle.cpython-310.pyc
/home/user/install/my_package/lib/python3.10/site-packages/my_package/__pycache__/__init__.cpython-310.pyc
/home/user/install/my_package/lib/python3.10/site-packages/my_package/__pycache__/draw_circle.cpython-310.pyc
/home/user/install/my_package/lib/python3.10/site-packages/my_package/__pycache__/first_node.cpython-310.pyc
/home/user/install/my_package/lib/python3.10/site-packages/my_package/__pycache__/pose_subscriber.cpython-310.pyc
/home/user/install/my_package/share/ament_index/resource_index/packages/my_package
/home/user/install/my_package/share/my_package/package.xml
/home/user/install/my_package/share/my_package/launch/rviz.launch.py
/home/user/install/my_package/share/my_package/urdf/bot.urdf
/home/user/install/my_package/lib/python3.10/site-packages/my_package-0.0.0-py3.10.egg-info/PKG-INFO
/home/user/install/my_package/lib/python3.10/site-packages/my_package-0.0.0-py3.10.egg-info/zip-safe
/home/user/install/my_package/lib/python3.10/site-packages/my_package-0.0.0-py3.10.egg-info/top_level.txt
/home/user/install/my_package/lib/python3.10/site-packages/my_package-0.0.0-py3.10.egg-info/requires.txt
/home/user/install/my_package/lib/python3.10/site-packages/my_package-0.0.0-py3.10.egg-info/entry_points.txt
/home/user/install/my_package/lib/python3.10/site-packages/my_package-0.0.0-py3.10.egg-info/SOURCES.txt
/home/user/install/my_package/lib/python3.10/site-packages/my_package-0.0.0-py3.10.egg-info/dependency_links.txt
/home/user/install/my_package/lib/my_package/control_turtle
/home/user/install/my_package/lib/my_package/draw_circle
/home/user/install/my_package/lib/my_package/first_node
/home/user/install/my_package/lib/my_package/go_to_goal
/home/user/install/my_package/lib/my_package/goal_navigator
/home/user/install/my_package/lib/my_package/pose_subscriber
/home/user/install/my_package/lib/my_package/project_node
