[1.296s] Invoking command in '/home/user/ros2_ws/src/my_package': PYTHONPATH=/home/user/install/my_package/lib/python3.10/site-packages:${PYTHONPATH} _=/usr/bin/env /usr/bin/python3 setup.py egg_info --egg-base ../../../build/my_package build --build-base /home/user/build/my_package/build install --prefix /home/user/install/my_package --record /home/user/build/my_package/install.log --single-version-externally-managed
[1.694s] running egg_info
[1.695s] writing ../../../build/my_package/my_package.egg-info/PKG-INFO
[1.695s] writing dependency_links to ../../../build/my_package/my_package.egg-info/dependency_links.txt
[1.695s] writing entry points to ../../../build/my_package/my_package.egg-info/entry_points.txt
[1.696s] writing requirements to ../../../build/my_package/my_package.egg-info/requires.txt
[1.696s] writing top-level names to ../../../build/my_package/my_package.egg-info/top_level.txt
[1.698s] reading manifest file '../../../build/my_package/my_package.egg-info/SOURCES.txt'
[1.699s] writing manifest file '../../../build/my_package/my_package.egg-info/SOURCES.txt'
[1.699s] running build
[1.700s] running build_py
[1.700s] running install
[1.700s] /usr/lib/python3/dist-packages/setuptools/command/install.py:34: SetuptoolsDeprecationWarning: setup.py install is deprecated. Use build and pip and other standards-based tools.
[1.700s]   warnings.warn(
[1.700s] running install_lib
[1.705s] running install_data
[1.705s] running install_egg_info
[1.706s] removing '/home/user/install/my_package/lib/python3.10/site-packages/my_package-0.0.0-py3.10.egg-info' (and everything under it)
[1.707s] Copying ../../../build/my_package/my_package.egg-info to /home/user/install/my_package/lib/python3.10/site-packages/my_package-0.0.0-py3.10.egg-info
[1.708s] running install_scripts
[1.742s] Installing control_turtle script to /home/user/install/my_package/lib/my_package
[1.742s] Installing draw_circle script to /home/user/install/my_package/lib/my_package
[1.742s] Installing first_node script to /home/user/install/my_package/lib/my_package
[1.743s] Installing pose_subscriber script to /home/user/install/my_package/lib/my_package
[1.743s] writing list of installed files to '/home/user/build/my_package/install.log'
[1.772s] Invoked command in '/home/user/ros2_ws/src/my_package' returned '0': PYTHONPATH=/home/user/install/my_package/lib/python3.10/site-packages:${PYTHONPATH} _=/usr/bin/env /usr/bin/python3 setup.py egg_info --egg-base ../../../build/my_package build --build-base /home/user/build/my_package/build install --prefix /home/user/install/my_package --record /home/user/build/my_package/install.log --single-version-externally-managed
