[1.211s] Invoking command in '/home/user/turtlebot3_ws/src/project_package': PYTHONPATH=/home/user/turtlebot3_ws/src/install/project_package/lib/python3.10/site-packages:${PYTHONPATH} _=/usr/bin/env /usr/bin/python3 setup.py egg_info --egg-base ../build/project_package build --build-base /home/user/turtlebot3_ws/src/build/project_package/build install --prefix /home/user/turtlebot3_ws/src/install/project_package --record /home/user/turtlebot3_ws/src/build/project_package/install.log --single-version-externally-managed
[1.628s] running egg_info
[1.630s] writing ../build/project_package/project_package.egg-info/PKG-INFO
[1.630s] writing dependency_links to ../build/project_package/project_package.egg-info/dependency_links.txt
[1.630s] writing entry points to ../build/project_package/project_package.egg-info/entry_points.txt
[1.631s] writing requirements to ../build/project_package/project_package.egg-info/requires.txt
[1.631s] writing top-level names to ../build/project_package/project_package.egg-info/top_level.txt
[1.634s] reading manifest file '../build/project_package/project_package.egg-info/SOURCES.txt'
[1.635s] writing manifest file '../build/project_package/project_package.egg-info/SOURCES.txt'
[1.636s] running build
[1.636s] running build_py
[1.636s] running install
[1.637s] /usr/lib/python3/dist-packages/setuptools/command/install.py:34: SetuptoolsDeprecationWarning: setup.py install is deprecated. Use build and pip and other standards-based tools.
[1.637s]   warnings.warn(
[1.637s] running install_lib
[1.640s] running install_data
[1.640s] running install_egg_info
[1.643s] removing '/home/user/turtlebot3_ws/src/install/project_package/lib/python3.10/site-packages/project_package-0.0.0-py3.10.egg-info' (and everything under it)
[1.644s] Copying ../build/project_package/project_package.egg-info to /home/user/turtlebot3_ws/src/install/project_package/lib/python3.10/site-packages/project_package-0.0.0-py3.10.egg-info
[1.646s] running install_scripts
[1.685s] Installing go_to_goal script to /home/user/turtlebot3_ws/src/install/project_package/lib/project_package
[1.685s] Installing goal_navigator script to /home/user/turtlebot3_ws/src/install/project_package/lib/project_package
[1.685s] Installing project_node script to /home/user/turtlebot3_ws/src/install/project_package/lib/project_package
[1.686s] writing list of installed files to '/home/user/turtlebot3_ws/src/build/project_package/install.log'
[1.733s] Invoked command in '/home/user/turtlebot3_ws/src/project_package' returned '0': PYTHONPATH=/home/user/turtlebot3_ws/src/install/project_package/lib/python3.10/site-packages:${PYTHONPATH} _=/usr/bin/env /usr/bin/python3 setup.py egg_info --egg-base ../build/project_package build --build-base /home/user/turtlebot3_ws/src/build/project_package/build install --prefix /home/user/turtlebot3_ws/src/install/project_package --record /home/user/turtlebot3_ws/src/build/project_package/install.log --single-version-externally-managed
