[0.688s] Invoking command in '/home/user/build/turtlebot3_gazebo': CMAKE_PREFIX_PATH=${CMAKE_PREFIX_PATH}:/home/user/ros2_ws/install/my_package:/opt/ros/humble _=/usr/bin/env /usr/bin/cmake --build /home/user/build/turtlebot3_gazebo -- -j8 -l8
[1.302s] [ 25%] Built target turtlebot3_drive
[2.200s] [ 50%] Built target obstacles
[2.825s] [ 75%] Built target obstacle2
[3.694s] [100%] Built target obstacle1
[4.200s] Invoked command in '/home/user/build/turtlebot3_gazebo' returned '0': CMAKE_PREFIX_PATH=${CMAKE_PREFIX_PATH}:/home/user/ros2_ws/install/my_package:/opt/ros/humble _=/usr/bin/env /usr/bin/cmake --build /home/user/build/turtlebot3_gazebo -- -j8 -l8
[5.489s] Invoking command in '/home/user/build/turtlebot3_gazebo': CMAKE_PREFIX_PATH=${CMAKE_PREFIX_PATH}:/home/user/ros2_ws/install/my_package:/opt/ros/humble _=/usr/bin/env /usr/bin/cmake --install /home/user/build/turtlebot3_gazebo
[5.584s] -- Install configuration: ""
[5.584s] -- Up-to-date: /home/user/install/turtlebot3_gazebo/lib/turtlebot3_gazebo/turtlebot3_drive
[5.584s] -- Up-to-date: /home/user/install/turtlebot3_gazebo/share/turtlebot3_gazebo//launch
[5.584s] -- Up-to-date: /home/user/install/turtlebot3_gazebo/share/turtlebot3_gazebo//launch/turtlebot3_dqn_stage2.launch.py
[5.584s] -- Up-to-date: /home/user/install/turtlebot3_gazebo/share/turtlebot3_gazebo//launch/turtlebot3_house.launch.py
[5.584s] -- Up-to-date: /home/user/install/turtlebot3_gazebo/share/turtlebot3_gazebo//launch/empty_world.launch.py
[5.584s] -- Up-to-date: /home/user/install/turtlebot3_gazebo/share/turtlebot3_gazebo//launch/turtlebot3_dqn_stage1.launch.py
[5.585s] -- Up-to-date: /home/user/install/turtlebot3_gazebo/share/turtlebot3_gazebo//launch/spawn_turtlebot3.launch.py
[5.585s] -- Up-to-date: /home/user/install/turtlebot3_gazebo/share/turtlebot3_gazebo//launch/robot_state_publisher.launch.py
[5.585s] -- Up-to-date: /home/user/install/turtlebot3_gazebo/share/turtlebot3_gazebo//launch/floor.launch.py
[5.585s] -- Up-to-date: /home/user/install/turtlebot3_gazebo/share/turtlebot3_gazebo//launch/turtlebot3_dqn_stage4.launch.py
[5.585s] -- Up-to-date: /home/user/install/turtlebot3_gazebo/share/turtlebot3_gazebo//launch/maze.launch.py
[5.585s] -- Up-to-date: /home/user/install/turtlebot3_gazebo/share/turtlebot3_gazebo//launch/turtlebot3_world.launch.py
[5.585s] -- Up-to-date: /home/user/install/turtlebot3_gazebo/share/turtlebot3_gazebo//launch/turtlebot3_dqn_stage3.launch.py
[5.585s] -- Up-to-date: /home/user/install/turtlebot3_gazebo/share/turtlebot3_gazebo//models
[5.586s] -- Up-to-date: /home/user/install/turtlebot3_gazebo/share/turtlebot3_gazebo//models/turtlebot3_dqn_world
[5.586s] -- Up-to-date: /home/user/install/turtlebot3_gazebo/share/turtlebot3_gazebo//models/turtlebot3_dqn_world/goal_box
[5.586s] -- Up-to-date: /home/user/install/turtlebot3_gazebo/share/turtlebot3_gazebo//models/turtlebot3_dqn_world/goal_box/model.sdf
[5.586s] -- Up-to-date: /home/user/install/turtlebot3_gazebo/share/turtlebot3_gazebo//models/turtlebot3_dqn_world/goal_box/model.config
[5.586s] -- Up-to-date: /home/user/install/turtlebot3_gazebo/share/turtlebot3_gazebo//models/turtlebot3_dqn_world/model.sdf
[5.586s] -- Up-to-date: /home/user/install/turtlebot3_gazebo/share/turtlebot3_gazebo//models/turtlebot3_dqn_world/obstacle2
[5.586s] -- Up-to-date: /home/user/install/turtlebot3_gazebo/share/turtlebot3_gazebo//models/turtlebot3_dqn_world/obstacle2/model.sdf
[5.586s] -- Up-to-date: /home/user/install/turtlebot3_gazebo/share/turtlebot3_gazebo//models/turtlebot3_dqn_world/obstacle2/model.config
[5.604s] -- Up-to-date: /home/user/install/turtlebot3_gazebo/share/turtlebot3_gazebo//models/turtlebot3_dqn_world/inner_walls
[5.604s] -- Up-to-date: /home/user/install/turtlebot3_gazebo/share/turtlebot3_gazebo//models/turtlebot3_dqn_world/inner_walls/model.sdf
[5.607s] -- Up-to-date: /home/user/install/turtlebot3_gazebo/share/turtlebot3_gazebo//models/turtlebot3_dqn_world/inner_walls/model.config
[5.608s] -- Up-to-date: /home/user/install/turtlebot3_gazebo/share/turtlebot3_gazebo//models/turtlebot3_dqn_world/obstacle_plugin
[5.608s] -- Up-to-date: /home/user/install/turtlebot3_gazebo/share/turtlebot3_gazebo//models/turtlebot3_dqn_world/obstacle_plugin/obstacle2.cc
[5.608s] -- Up-to-date: /home/user/install/turtlebot3_gazebo/share/turtlebot3_gazebo//models/turtlebot3_dqn_world/obstacle_plugin/obstacles.cc
[5.612s] -- Up-to-date: /home/user/install/turtlebot3_gazebo/share/turtlebot3_gazebo//models/turtlebot3_dqn_world/obstacle_plugin/obstacle1.cc
[5.613s] -- Up-to-date: /home/user/install/turtlebot3_gazebo/share/turtlebot3_gazebo//models/turtlebot3_dqn_world/obstacle_plugin/CMakeLists.txt
[5.613s] -- Up-to-date: /home/user/install/turtlebot3_gazebo/share/turtlebot3_gazebo//models/turtlebot3_dqn_world/obstacle1
[5.613s] -- Up-to-date: /home/user/install/turtlebot3_gazebo/share/turtlebot3_gazebo//models/turtlebot3_dqn_world/obstacle1/model.sdf
[5.615s] -- Up-to-date: /home/user/install/turtlebot3_gazebo/share/turtlebot3_gazebo//models/turtlebot3_dqn_world/obstacle1/model.config
[5.615s] -- Up-to-date: /home/user/install/turtlebot3_gazebo/share/turtlebot3_gazebo//models/turtlebot3_dqn_world/model.config
[5.616s] -- Up-to-date: /home/user/install/turtlebot3_gazebo/share/turtlebot3_gazebo//models/turtlebot3_dqn_world/obstacles
[5.616s] -- Up-to-date: /home/user/install/turtlebot3_gazebo/share/turtlebot3_gazebo//models/turtlebot3_dqn_world/obstacles/model.sdf
[5.616s] -- Up-to-date: /home/user/install/turtlebot3_gazebo/share/turtlebot3_gazebo//models/turtlebot3_dqn_world/obstacles/model.config
[5.616s] -- Up-to-date: /home/user/install/turtlebot3_gazebo/share/turtlebot3_gazebo//models/turtlebot3_house
[5.616s] -- Up-to-date: /home/user/install/turtlebot3_gazebo/share/turtlebot3_gazebo//models/turtlebot3_house/model.sdf
[5.616s] -- Up-to-date: /home/user/install/turtlebot3_gazebo/share/turtlebot3_gazebo//models/turtlebot3_house/model.config
[5.616s] -- Up-to-date: /home/user/install/turtlebot3_gazebo/share/turtlebot3_gazebo//models/turtlebot3_common
[5.616s] -- Up-to-date: /home/user/install/turtlebot3_gazebo/share/turtlebot3_gazebo//models/turtlebot3_common/meshes
[5.616s] -- Up-to-date: /home/user/install/turtlebot3_gazebo/share/turtlebot3_gazebo//models/turtlebot3_common/meshes/tire.dae
[5.617s] -- Up-to-date: /home/user/install/turtlebot3_gazebo/share/turtlebot3_gazebo//models/turtlebot3_common/meshes/waffle_base.dae
[5.617s] -- Up-to-date: /home/user/install/turtlebot3_gazebo/share/turtlebot3_gazebo//models/turtlebot3_common/meshes/r200.dae
[5.617s] -- Up-to-date: /home/user/install/turtlebot3_gazebo/share/turtlebot3_gazebo//models/turtlebot3_common/meshes/lds.dae
[5.617s] -- Up-to-date: /home/user/install/turtlebot3_gazebo/share/turtlebot3_gazebo//models/turtlebot3_common/meshes/waffle_pi_base.dae
[5.617s] -- Up-to-date: /home/user/install/turtlebot3_gazebo/share/turtlebot3_gazebo//models/turtlebot3_common/meshes/burger_base.dae
[5.617s] -- Up-to-date: /home/user/install/turtlebot3_gazebo/share/turtlebot3_gazebo//models/turtlebot3_common/model.config
[5.617s] -- Up-to-date: /home/user/install/turtlebot3_gazebo/share/turtlebot3_gazebo//models/turtlebot3_burger
[5.617s] -- Up-to-date: /home/user/install/turtlebot3_gazebo/share/turtlebot3_gazebo//models/turtlebot3_burger/model.sdf
[5.617s] -- Up-to-date: /home/user/install/turtlebot3_gazebo/share/turtlebot3_gazebo//models/turtlebot3_burger/model-1_4.sdf
[5.617s] -- Up-to-date: /home/user/install/turtlebot3_gazebo/share/turtlebot3_gazebo//models/turtlebot3_burger/model.config
[5.618s] -- Up-to-date: /home/user/install/turtlebot3_gazebo/share/turtlebot3_gazebo//models/turtlebot3_waffle_pi
[5.618s] -- Up-to-date: /home/user/install/turtlebot3_gazebo/share/turtlebot3_gazebo//models/turtlebot3_waffle_pi/model-1_4_.sdf
[5.618s] -- Up-to-date: /home/user/install/turtlebot3_gazebo/share/turtlebot3_gazebo//models/turtlebot3_waffle_pi/model.sdf
[5.618s] -- Up-to-date: /home/user/install/turtlebot3_gazebo/share/turtlebot3_gazebo//models/turtlebot3_waffle_pi/model.config
[5.618s] -- Up-to-date: /home/user/install/turtlebot3_gazebo/share/turtlebot3_gazebo//models/turtlebot3_world
[5.618s] -- Up-to-date: /home/user/install/turtlebot3_gazebo/share/turtlebot3_gazebo//models/turtlebot3_world/model.sdf
[5.618s] -- Up-to-date: /home/user/install/turtlebot3_gazebo/share/turtlebot3_gazebo//models/turtlebot3_world/meshes
[5.618s] -- Up-to-date: /home/user/install/turtlebot3_gazebo/share/turtlebot3_gazebo//models/turtlebot3_world/meshes/wall.dae
[5.618s] -- Up-to-date: /home/user/install/turtlebot3_gazebo/share/turtlebot3_gazebo//models/turtlebot3_world/meshes/hexagon.dae
[5.618s] -- Up-to-date: /home/user/install/turtlebot3_gazebo/share/turtlebot3_gazebo//models/turtlebot3_world/model-1_4.sdf
[5.618s] -- Up-to-date: /home/user/install/turtlebot3_gazebo/share/turtlebot3_gazebo//models/turtlebot3_world/model.config
[5.619s] -- Up-to-date: /home/user/install/turtlebot3_gazebo/share/turtlebot3_gazebo//models/turtlebot3_waffle
[5.619s] -- Up-to-date: /home/user/install/turtlebot3_gazebo/share/turtlebot3_gazebo//models/turtlebot3_waffle/model.sdf
[5.619s] -- Up-to-date: /home/user/install/turtlebot3_gazebo/share/turtlebot3_gazebo//models/turtlebot3_waffle/model-1_4.sdf
[5.619s] -- Up-to-date: /home/user/install/turtlebot3_gazebo/share/turtlebot3_gazebo//models/turtlebot3_waffle/model.config
[5.683s] -- Up-to-date: /home/user/install/turtlebot3_gazebo/share/turtlebot3_gazebo//rviz
[5.684s] -- Up-to-date: /home/user/install/turtlebot3_gazebo/share/turtlebot3_gazebo//rviz/tb3_gazebo.rviz
[5.684s] -- Up-to-date: /home/user/install/turtlebot3_gazebo/share/turtlebot3_gazebo//urdf
[5.684s] -- Up-to-date: /home/user/install/turtlebot3_gazebo/share/turtlebot3_gazebo//urdf/turtlebot3_waffle.urdf
[5.684s] -- Up-to-date: /home/user/install/turtlebot3_gazebo/share/turtlebot3_gazebo//urdf/turtlebot3_waffle_pi.urdf
[5.689s] -- Up-to-date: /home/user/install/turtlebot3_gazebo/share/turtlebot3_gazebo//urdf/common_properties.urdf
[5.689s] -- Up-to-date: /home/user/install/turtlebot3_gazebo/share/turtlebot3_gazebo//urdf/turtlebot3_burger.urdf
[5.689s] -- Up-to-date: /home/user/install/turtlebot3_gazebo/share/turtlebot3_gazebo//worlds
[5.690s] -- Up-to-date: /home/user/install/turtlebot3_gazebo/share/turtlebot3_gazebo//worlds/floor.world
[5.690s] -- Up-to-date: /home/user/install/turtlebot3_gazebo/share/turtlebot3_gazebo//worlds/turtlebot3_dqn_stage2.world
[5.691s] -- Up-to-date: /home/user/install/turtlebot3_gazebo/share/turtlebot3_gazebo//worlds/maze.world
[5.693s] -- Up-to-date: /home/user/install/turtlebot3_gazebo/share/turtlebot3_gazebo//worlds/old_floor_plan.world
[5.694s] -- Up-to-date: /home/user/install/turtlebot3_gazebo/share/turtlebot3_gazebo//worlds/turtlebot3_dqn_stage3.world
[5.694s] -- Up-to-date: /home/user/install/turtlebot3_gazebo/share/turtlebot3_gazebo//worlds/turtlebot3_dqn_stage1.world
[5.694s] -- Up-to-date: /home/user/install/turtlebot3_gazebo/share/turtlebot3_gazebo//worlds/turtlebot3_house.world
[5.694s] -- Up-to-date: /home/user/install/turtlebot3_gazebo/share/turtlebot3_gazebo//worlds/turtlebot3_dqn_stage4.world
[5.694s] -- Up-to-date: /home/user/install/turtlebot3_gazebo/share/turtlebot3_gazebo//worlds/turtlebot3_world.world
[5.694s] -- Up-to-date: /home/user/install/turtlebot3_gazebo/share/turtlebot3_gazebo//worlds/empty_world.world
[5.695s] -- Up-to-date: /home/user/install/turtlebot3_gazebo/include/
[5.695s] -- Up-to-date: /home/user/install/turtlebot3_gazebo/include//turtlebot3_gazebo
[5.695s] -- Up-to-date: /home/user/install/turtlebot3_gazebo/include//turtlebot3_gazebo/turtlebot3_drive.hpp
[5.696s] -- Up-to-date: /home/user/install/turtlebot3_gazebo/share/ament_index/resource_index/package_run_dependencies/turtlebot3_gazebo
[5.697s] -- Up-to-date: /home/user/install/turtlebot3_gazebo/share/ament_index/resource_index/parent_prefix_path/turtlebot3_gazebo
[5.702s] -- Up-to-date: /home/user/install/turtlebot3_gazebo/share/turtlebot3_gazebo/environment/ament_prefix_path.sh
[5.702s] -- Up-to-date: /home/user/install/turtlebot3_gazebo/share/turtlebot3_gazebo/environment/ament_prefix_path.dsv
[5.705s] -- Up-to-date: /home/user/install/turtlebot3_gazebo/share/turtlebot3_gazebo/environment/path.sh
[5.705s] -- Up-to-date: /home/user/install/turtlebot3_gazebo/share/turtlebot3_gazebo/environment/path.dsv
[5.705s] -- Up-to-date: /home/user/install/turtlebot3_gazebo/share/turtlebot3_gazebo/local_setup.bash
[5.705s] -- Up-to-date: /home/user/install/turtlebot3_gazebo/share/turtlebot3_gazebo/local_setup.sh
[5.708s] -- Up-to-date: /home/user/install/turtlebot3_gazebo/share/turtlebot3_gazebo/local_setup.zsh
[5.708s] -- Up-to-date: /home/user/install/turtlebot3_gazebo/share/turtlebot3_gazebo/local_setup.dsv
[5.709s] -- Installing: /home/user/install/turtlebot3_gazebo/share/turtlebot3_gazebo/package.dsv
[5.710s] -- Up-to-date: /home/user/install/turtlebot3_gazebo/share/ament_index/resource_index/packages/turtlebot3_gazebo
[5.784s] -- Up-to-date: /home/user/install/turtlebot3_gazebo/share/turtlebot3_gazebo/cmake/ament_cmake_export_include_directories-extras.cmake
[5.784s] -- Up-to-date: /home/user/install/turtlebot3_gazebo/share/turtlebot3_gazebo/cmake/ament_cmake_export_dependencies-extras.cmake
[5.784s] -- Up-to-date: /home/user/install/turtlebot3_gazebo/share/turtlebot3_gazebo/cmake/turtlebot3_gazeboConfig.cmake
[5.785s] -- Up-to-date: /home/user/install/turtlebot3_gazebo/share/turtlebot3_gazebo/cmake/turtlebot3_gazeboConfig-version.cmake
[5.785s] -- Up-to-date: /home/user/install/turtlebot3_gazebo/share/turtlebot3_gazebo/package.xml
[5.796s] Invoked command in '/home/user/build/turtlebot3_gazebo' returned '0': CMAKE_PREFIX_PATH=${CMAKE_PREFIX_PATH}:/home/user/ros2_ws/install/my_package:/opt/ros/humble _=/usr/bin/env /usr/bin/cmake --install /home/user/build/turtlebot3_gazebo
