[3.002s] DEBUG:colcon:Command line arguments: ['/usr/bin/colcon', 'build']
[3.002s] DEBUG:colcon:Parsed command line arguments: Namespace(log_base=None, log_level=None, verb_name='build', build_base='build', install_base='install', merge_install=False, symlink_install=False, test_result_base=None, continue_on_error=False, executor='parallel', parallel_workers=8, event_handlers=None, ignore_user_meta=False, metas=['./colcon.meta'], base_paths=['.'], packages_ignore=None, packages_ignore_regex=None, paths=None, packages_up_to=None, packages_up_to_regex=None, packages_above=None, packages_above_and_dependencies=None, packages_above_depth=None, packages_select_by_dep=None, packages_skip_by_dep=None, packages_skip_up_to=None, packages_select_build_failed=False, packages_skip_build_finished=False, packages_select_test_failures=False, packages_skip_test_passed=False, packages_select=None, packages_skip=None, packages_select_regex=None, packages_skip_regex=None, packages_start=None, packages_end=None, cmake_args=None, cmake_target=None, cmake_target_skip_unavailable=False, cmake_clean_cache=False, cmake_clean_first=False, cmake_force_configure=False, ament_cmake_args=None, catkin_cmake_args=None, catkin_skip_building_tests=False, mixin_files=None, mixin=None, verb_parser=<colcon_mixin.mixin.mixin_argument.MixinArgumentDecorator object at 0x7fa751dbaa10>, verb_extension=<colcon_core.verb.build.BuildVerb object at 0x7fa7527142e0>, main=<bound method BuildVerb.main of <colcon_core.verb.build.BuildVerb object at 0x7fa7527142e0>>, mixin_verb=('build',))
[3.202s] Level 1:colcon.colcon_core.package_discovery:discover_packages(colcon_meta) check parameters
[3.202s] Level 1:colcon.colcon_core.package_discovery:discover_packages(recursive) check parameters
[3.203s] Level 1:colcon.colcon_core.package_discovery:discover_packages(ignore) check parameters
[3.203s] Level 1:colcon.colcon_core.package_discovery:discover_packages(path) check parameters
[3.203s] Level 1:colcon.colcon_core.package_discovery:discover_packages(colcon_meta) discover
[3.203s] Level 1:colcon.colcon_core.package_discovery:discover_packages(recursive) discover
[3.203s] INFO:colcon.colcon_core.package_discovery:Crawling recursively for packages in '/home/user'
[3.203s] Level 1:colcon.colcon_core.package_identification:_identify(.) by extensions ['ignore', 'ignore_ament_install']
[3.203s] Level 1:colcon.colcon_core.package_identification:_identify(.) by extension 'ignore'
[3.204s] Level 1:colcon.colcon_core.package_identification:_identify(.) by extension 'ignore_ament_install'
[3.204s] Level 1:colcon.colcon_core.package_identification:_identify(.) by extensions ['colcon_pkg']
[3.204s] Level 1:colcon.colcon_core.package_identification:_identify(.) by extension 'colcon_pkg'
[3.204s] Level 1:colcon.colcon_core.package_identification:_identify(.) by extensions ['colcon_meta']
[3.204s] Level 1:colcon.colcon_core.package_identification:_identify(.) by extension 'colcon_meta'
[3.204s] Level 1:colcon.colcon_core.package_identification:_identify(.) by extensions ['ros']
[3.204s] Level 1:colcon.colcon_core.package_identification:_identify(.) by extension 'ros'
[3.307s] Level 1:colcon.colcon_core.package_identification:_identify(.) by extensions ['cmake', 'python']
[3.308s] Level 1:colcon.colcon_core.package_identification:_identify(.) by extension 'cmake'
[3.308s] Level 1:colcon.colcon_core.package_identification:_identify(.) by extension 'python'
[3.308s] Level 1:colcon.colcon_core.package_identification:_identify(.) by extensions ['python_setup_py']
[3.308s] Level 1:colcon.colcon_core.package_identification:_identify(.) by extension 'python_setup_py'
[3.308s] Level 1:colcon.colcon_core.package_identification:_identify(build) by extensions ['ignore', 'ignore_ament_install']
[3.308s] Level 1:colcon.colcon_core.package_identification:_identify(build) by extension 'ignore'
[3.308s] Level 1:colcon.colcon_core.package_identification:_identify(build) ignored
[3.309s] Level 1:colcon.colcon_core.package_identification:_identify(building_editor_models) by extensions ['ignore', 'ignore_ament_install']
[3.309s] Level 1:colcon.colcon_core.package_identification:_identify(building_editor_models) by extension 'ignore'
[3.309s] Level 1:colcon.colcon_core.package_identification:_identify(building_editor_models) by extension 'ignore_ament_install'
[3.309s] Level 1:colcon.colcon_core.package_identification:_identify(building_editor_models) by extensions ['colcon_pkg']
[3.309s] Level 1:colcon.colcon_core.package_identification:_identify(building_editor_models) by extension 'colcon_pkg'
[3.309s] Level 1:colcon.colcon_core.package_identification:_identify(building_editor_models) by extensions ['colcon_meta']
[3.309s] Level 1:colcon.colcon_core.package_identification:_identify(building_editor_models) by extension 'colcon_meta'
[3.309s] Level 1:colcon.colcon_core.package_identification:_identify(building_editor_models) by extensions ['ros']
[3.310s] Level 1:colcon.colcon_core.package_identification:_identify(building_editor_models) by extension 'ros'
[3.310s] Level 1:colcon.colcon_core.package_identification:_identify(building_editor_models) by extensions ['cmake', 'python']
[3.310s] Level 1:colcon.colcon_core.package_identification:_identify(building_editor_models) by extension 'cmake'
[3.310s] Level 1:colcon.colcon_core.package_identification:_identify(building_editor_models) by extension 'python'
[3.310s] Level 1:colcon.colcon_core.package_identification:_identify(building_editor_models) by extensions ['python_setup_py']
[3.310s] Level 1:colcon.colcon_core.package_identification:_identify(building_editor_models) by extension 'python_setup_py'
[3.310s] Level 1:colcon.colcon_core.package_identification:_identify(building_editor_models/floor) by extensions ['ignore', 'ignore_ament_install']
[3.311s] Level 1:colcon.colcon_core.package_identification:_identify(building_editor_models/floor) by extension 'ignore'
[3.311s] Level 1:colcon.colcon_core.package_identification:_identify(building_editor_models/floor) by extension 'ignore_ament_install'
[3.311s] Level 1:colcon.colcon_core.package_identification:_identify(building_editor_models/floor) by extensions ['colcon_pkg']
[3.311s] Level 1:colcon.colcon_core.package_identification:_identify(building_editor_models/floor) by extension 'colcon_pkg'
[3.311s] Level 1:colcon.colcon_core.package_identification:_identify(building_editor_models/floor) by extensions ['colcon_meta']
[3.311s] Level 1:colcon.colcon_core.package_identification:_identify(building_editor_models/floor) by extension 'colcon_meta'
[3.311s] Level 1:colcon.colcon_core.package_identification:_identify(building_editor_models/floor) by extensions ['ros']
[3.311s] Level 1:colcon.colcon_core.package_identification:_identify(building_editor_models/floor) by extension 'ros'
[3.311s] Level 1:colcon.colcon_core.package_identification:_identify(building_editor_models/floor) by extensions ['cmake', 'python']
[3.312s] Level 1:colcon.colcon_core.package_identification:_identify(building_editor_models/floor) by extension 'cmake'
[3.312s] Level 1:colcon.colcon_core.package_identification:_identify(building_editor_models/floor) by extension 'python'
[3.312s] Level 1:colcon.colcon_core.package_identification:_identify(building_editor_models/floor) by extensions ['python_setup_py']
[3.392s] Level 1:colcon.colcon_core.package_identification:_identify(building_editor_models/floor) by extension 'python_setup_py'
[3.392s] Level 1:colcon.colcon_core.package_identification:_identify(building_editor_models/floor/floor) by extensions ['ignore', 'ignore_ament_install']
[3.392s] Level 1:colcon.colcon_core.package_identification:_identify(building_editor_models/floor/floor) by extension 'ignore'
[3.392s] Level 1:colcon.colcon_core.package_identification:_identify(building_editor_models/floor/floor) by extension 'ignore_ament_install'
[3.392s] Level 1:colcon.colcon_core.package_identification:_identify(building_editor_models/floor/floor) by extensions ['colcon_pkg']
[3.392s] Level 1:colcon.colcon_core.package_identification:_identify(building_editor_models/floor/floor) by extension 'colcon_pkg'
[3.393s] Level 1:colcon.colcon_core.package_identification:_identify(building_editor_models/floor/floor) by extensions ['colcon_meta']
[3.393s] Level 1:colcon.colcon_core.package_identification:_identify(building_editor_models/floor/floor) by extension 'colcon_meta'
[3.393s] Level 1:colcon.colcon_core.package_identification:_identify(building_editor_models/floor/floor) by extensions ['ros']
[3.393s] Level 1:colcon.colcon_core.package_identification:_identify(building_editor_models/floor/floor) by extension 'ros'
[3.393s] Level 1:colcon.colcon_core.package_identification:_identify(building_editor_models/floor/floor) by extensions ['cmake', 'python']
[3.393s] Level 1:colcon.colcon_core.package_identification:_identify(building_editor_models/floor/floor) by extension 'cmake'
[3.393s] Level 1:colcon.colcon_core.package_identification:_identify(building_editor_models/floor/floor) by extension 'python'
[3.393s] Level 1:colcon.colcon_core.package_identification:_identify(building_editor_models/floor/floor) by extensions ['python_setup_py']
[3.393s] Level 1:colcon.colcon_core.package_identification:_identify(building_editor_models/floor/floor) by extension 'python_setup_py'
[3.394s] Level 1:colcon.colcon_core.package_identification:_identify(building_editor_models/maze) by extensions ['ignore', 'ignore_ament_install']
[3.394s] Level 1:colcon.colcon_core.package_identification:_identify(building_editor_models/maze) by extension 'ignore'
[3.394s] Level 1:colcon.colcon_core.package_identification:_identify(building_editor_models/maze) by extension 'ignore_ament_install'
[3.394s] Level 1:colcon.colcon_core.package_identification:_identify(building_editor_models/maze) by extensions ['colcon_pkg']
[3.394s] Level 1:colcon.colcon_core.package_identification:_identify(building_editor_models/maze) by extension 'colcon_pkg'
[3.394s] Level 1:colcon.colcon_core.package_identification:_identify(building_editor_models/maze) by extensions ['colcon_meta']
[3.394s] Level 1:colcon.colcon_core.package_identification:_identify(building_editor_models/maze) by extension 'colcon_meta'
[3.395s] Level 1:colcon.colcon_core.package_identification:_identify(building_editor_models/maze) by extensions ['ros']
[3.395s] Level 1:colcon.colcon_core.package_identification:_identify(building_editor_models/maze) by extension 'ros'
[3.395s] Level 1:colcon.colcon_core.package_identification:_identify(building_editor_models/maze) by extensions ['cmake', 'python']
[3.395s] Level 1:colcon.colcon_core.package_identification:_identify(building_editor_models/maze) by extension 'cmake'
[3.395s] Level 1:colcon.colcon_core.package_identification:_identify(building_editor_models/maze) by extension 'python'
[3.395s] Level 1:colcon.colcon_core.package_identification:_identify(building_editor_models/maze) by extensions ['python_setup_py']
[3.395s] Level 1:colcon.colcon_core.package_identification:_identify(building_editor_models/maze) by extension 'python_setup_py'
[3.395s] Level 1:colcon.colcon_core.package_identification:_identify(building_editor_models/old_floor) by extensions ['ignore', 'ignore_ament_install']
[3.396s] Level 1:colcon.colcon_core.package_identification:_identify(building_editor_models/old_floor) by extension 'ignore'
[3.396s] Level 1:colcon.colcon_core.package_identification:_identify(building_editor_models/old_floor) by extension 'ignore_ament_install'
[3.396s] Level 1:colcon.colcon_core.package_identification:_identify(building_editor_models/old_floor) by extensions ['colcon_pkg']
[3.396s] Level 1:colcon.colcon_core.package_identification:_identify(building_editor_models/old_floor) by extension 'colcon_pkg'
[3.396s] Level 1:colcon.colcon_core.package_identification:_identify(building_editor_models/old_floor) by extensions ['colcon_meta']
[3.396s] Level 1:colcon.colcon_core.package_identification:_identify(building_editor_models/old_floor) by extension 'colcon_meta'
[3.396s] Level 1:colcon.colcon_core.package_identification:_identify(building_editor_models/old_floor) by extensions ['ros']
[3.396s] Level 1:colcon.colcon_core.package_identification:_identify(building_editor_models/old_floor) by extension 'ros'
[3.397s] Level 1:colcon.colcon_core.package_identification:_identify(building_editor_models/old_floor) by extensions ['cmake', 'python']
[3.397s] Level 1:colcon.colcon_core.package_identification:_identify(building_editor_models/old_floor) by extension 'cmake'
[3.397s] Level 1:colcon.colcon_core.package_identification:_identify(building_editor_models/old_floor) by extension 'python'
[3.397s] Level 1:colcon.colcon_core.package_identification:_identify(building_editor_models/old_floor) by extensions ['python_setup_py']
[3.397s] Level 1:colcon.colcon_core.package_identification:_identify(building_editor_models/old_floor) by extension 'python_setup_py'
[3.397s] Level 1:colcon.colcon_core.package_identification:_identify(install) by extensions ['ignore', 'ignore_ament_install']
[3.397s] Level 1:colcon.colcon_core.package_identification:_identify(install) by extension 'ignore'
[3.397s] Level 1:colcon.colcon_core.package_identification:_identify(install) ignored
[3.398s] Level 1:colcon.colcon_core.package_identification:_identify(log) by extensions ['ignore', 'ignore_ament_install']
[3.398s] Level 1:colcon.colcon_core.package_identification:_identify(log) by extension 'ignore'
[3.398s] Level 1:colcon.colcon_core.package_identification:_identify(log) ignored
[3.398s] Level 1:colcon.colcon_core.package_identification:_identify(maps) by extensions ['ignore', 'ignore_ament_install']
[3.398s] Level 1:colcon.colcon_core.package_identification:_identify(maps) by extension 'ignore'
[3.398s] Level 1:colcon.colcon_core.package_identification:_identify(maps) by extension 'ignore_ament_install'
[3.399s] Level 1:colcon.colcon_core.package_identification:_identify(maps) by extensions ['colcon_pkg']
[3.399s] Level 1:colcon.colcon_core.package_identification:_identify(maps) by extension 'colcon_pkg'
[3.399s] Level 1:colcon.colcon_core.package_identification:_identify(maps) by extensions ['colcon_meta']
[3.399s] Level 1:colcon.colcon_core.package_identification:_identify(maps) by extension 'colcon_meta'
[3.399s] Level 1:colcon.colcon_core.package_identification:_identify(maps) by extensions ['ros']
[3.399s] Level 1:colcon.colcon_core.package_identification:_identify(maps) by extension 'ros'
[3.399s] Level 1:colcon.colcon_core.package_identification:_identify(maps) by extensions ['cmake', 'python']
[3.399s] Level 1:colcon.colcon_core.package_identification:_identify(maps) by extension 'cmake'
[3.399s] Level 1:colcon.colcon_core.package_identification:_identify(maps) by extension 'python'
[3.399s] Level 1:colcon.colcon_core.package_identification:_identify(maps) by extensions ['python_setup_py']
[3.400s] Level 1:colcon.colcon_core.package_identification:_identify(maps) by extension 'python_setup_py'
[3.400s] Level 1:colcon.colcon_core.package_identification:_identify(maps/temp) by extensions ['ignore', 'ignore_ament_install']
[3.400s] Level 1:colcon.colcon_core.package_identification:_identify(maps/temp) by extension 'ignore'
[3.400s] Level 1:colcon.colcon_core.package_identification:_identify(maps/temp) by extension 'ignore_ament_install'
[3.400s] Level 1:colcon.colcon_core.package_identification:_identify(maps/temp) by extensions ['colcon_pkg']
[3.400s] Level 1:colcon.colcon_core.package_identification:_identify(maps/temp) by extension 'colcon_pkg'
[3.400s] Level 1:colcon.colcon_core.package_identification:_identify(maps/temp) by extensions ['colcon_meta']
[3.400s] Level 1:colcon.colcon_core.package_identification:_identify(maps/temp) by extension 'colcon_meta'
[3.401s] Level 1:colcon.colcon_core.package_identification:_identify(maps/temp) by extensions ['ros']
[3.401s] Level 1:colcon.colcon_core.package_identification:_identify(maps/temp) by extension 'ros'
[3.401s] Level 1:colcon.colcon_core.package_identification:_identify(maps/temp) by extensions ['cmake', 'python']
[3.401s] Level 1:colcon.colcon_core.package_identification:_identify(maps/temp) by extension 'cmake'
[3.401s] Level 1:colcon.colcon_core.package_identification:_identify(maps/temp) by extension 'python'
[3.401s] Level 1:colcon.colcon_core.package_identification:_identify(maps/temp) by extensions ['python_setup_py']
[3.401s] Level 1:colcon.colcon_core.package_identification:_identify(maps/temp) by extension 'python_setup_py'
[3.401s] Level 1:colcon.colcon_core.package_identification:_identify(notebook_ws) by extensions ['ignore', 'ignore_ament_install']
[3.402s] Level 1:colcon.colcon_core.package_identification:_identify(notebook_ws) by extension 'ignore'
[3.402s] Level 1:colcon.colcon_core.package_identification:_identify(notebook_ws) by extension 'ignore_ament_install'
[3.402s] Level 1:colcon.colcon_core.package_identification:_identify(notebook_ws) by extensions ['colcon_pkg']
[3.402s] Level 1:colcon.colcon_core.package_identification:_identify(notebook_ws) by extension 'colcon_pkg'
[3.402s] Level 1:colcon.colcon_core.package_identification:_identify(notebook_ws) by extensions ['colcon_meta']
[3.402s] Level 1:colcon.colcon_core.package_identification:_identify(notebook_ws) by extension 'colcon_meta'
[3.402s] Level 1:colcon.colcon_core.package_identification:_identify(notebook_ws) by extensions ['ros']
[3.402s] Level 1:colcon.colcon_core.package_identification:_identify(notebook_ws) by extension 'ros'
[3.403s] Level 1:colcon.colcon_core.package_identification:_identify(notebook_ws) by extensions ['cmake', 'python']
[3.403s] Level 1:colcon.colcon_core.package_identification:_identify(notebook_ws) by extension 'cmake'
[3.403s] Level 1:colcon.colcon_core.package_identification:_identify(notebook_ws) by extension 'python'
[3.403s] Level 1:colcon.colcon_core.package_identification:_identify(notebook_ws) by extensions ['python_setup_py']
[3.403s] Level 1:colcon.colcon_core.package_identification:_identify(notebook_ws) by extension 'python_setup_py'
[3.403s] Level 1:colcon.colcon_core.package_identification:_identify(notebook_ws/images) by extensions ['ignore', 'ignore_ament_install']
[3.403s] Level 1:colcon.colcon_core.package_identification:_identify(notebook_ws/images) by extension 'ignore'
[3.403s] Level 1:colcon.colcon_core.package_identification:_identify(notebook_ws/images) by extension 'ignore_ament_install'
[3.404s] Level 1:colcon.colcon_core.package_identification:_identify(notebook_ws/images) by extensions ['colcon_pkg']
[3.404s] Level 1:colcon.colcon_core.package_identification:_identify(notebook_ws/images) by extension 'colcon_pkg'
[3.404s] Level 1:colcon.colcon_core.package_identification:_identify(notebook_ws/images) by extensions ['colcon_meta']
[3.404s] Level 1:colcon.colcon_core.package_identification:_identify(notebook_ws/images) by extension 'colcon_meta'
[3.404s] Level 1:colcon.colcon_core.package_identification:_identify(notebook_ws/images) by extensions ['ros']
[3.404s] Level 1:colcon.colcon_core.package_identification:_identify(notebook_ws/images) by extension 'ros'
[3.404s] Level 1:colcon.colcon_core.package_identification:_identify(notebook_ws/images) by extensions ['cmake', 'python']
[3.404s] Level 1:colcon.colcon_core.package_identification:_identify(notebook_ws/images) by extension 'cmake'
[3.404s] Level 1:colcon.colcon_core.package_identification:_identify(notebook_ws/images) by extension 'python'
[3.404s] Level 1:colcon.colcon_core.package_identification:_identify(notebook_ws/images) by extensions ['python_setup_py']
[3.405s] Level 1:colcon.colcon_core.package_identification:_identify(notebook_ws/images) by extension 'python_setup_py'
[3.405s] Level 1:colcon.colcon_core.package_identification:_identify(ros2_ws) by extensions ['ignore', 'ignore_ament_install']
[3.405s] Level 1:colcon.colcon_core.package_identification:_identify(ros2_ws) by extension 'ignore'
[3.405s] Level 1:colcon.colcon_core.package_identification:_identify(ros2_ws) by extension 'ignore_ament_install'
[3.405s] Level 1:colcon.colcon_core.package_identification:_identify(ros2_ws) by extensions ['colcon_pkg']
[3.405s] Level 1:colcon.colcon_core.package_identification:_identify(ros2_ws) by extension 'colcon_pkg'
[3.405s] Level 1:colcon.colcon_core.package_identification:_identify(ros2_ws) by extensions ['colcon_meta']
[3.405s] Level 1:colcon.colcon_core.package_identification:_identify(ros2_ws) by extension 'colcon_meta'
[3.406s] Level 1:colcon.colcon_core.package_identification:_identify(ros2_ws) by extensions ['ros']
[3.406s] Level 1:colcon.colcon_core.package_identification:_identify(ros2_ws) by extension 'ros'
[3.406s] Level 1:colcon.colcon_core.package_identification:_identify(ros2_ws) by extensions ['cmake', 'python']
[3.406s] Level 1:colcon.colcon_core.package_identification:_identify(ros2_ws) by extension 'cmake'
[3.407s] Level 1:colcon.colcon_core.package_identification:_identify(ros2_ws) by extension 'python'
[3.407s] Level 1:colcon.colcon_core.package_identification:_identify(ros2_ws) by extensions ['python_setup_py']
[3.407s] Level 1:colcon.colcon_core.package_identification:_identify(ros2_ws) by extension 'python_setup_py'
[3.407s] Level 1:colcon.colcon_core.package_identification:_identify(ros2_ws/build) by extensions ['ignore', 'ignore_ament_install']
[3.408s] Level 1:colcon.colcon_core.package_identification:_identify(ros2_ws/build) by extension 'ignore'
[3.408s] Level 1:colcon.colcon_core.package_identification:_identify(ros2_ws/build) ignored
[3.408s] Level 1:colcon.colcon_core.package_identification:_identify(ros2_ws/install) by extensions ['ignore', 'ignore_ament_install']
[3.408s] Level 1:colcon.colcon_core.package_identification:_identify(ros2_ws/install) by extension 'ignore'
[3.408s] Level 1:colcon.colcon_core.package_identification:_identify(ros2_ws/install) ignored
[3.408s] Level 1:colcon.colcon_core.package_identification:_identify(ros2_ws/log) by extensions ['ignore', 'ignore_ament_install']
[3.409s] Level 1:colcon.colcon_core.package_identification:_identify(ros2_ws/log) by extension 'ignore'
[3.409s] Level 1:colcon.colcon_core.package_identification:_identify(ros2_ws/log) ignored
[3.409s] Level 1:colcon.colcon_core.package_identification:_identify(ros2_ws/src) by extensions ['ignore', 'ignore_ament_install']
[3.409s] Level 1:colcon.colcon_core.package_identification:_identify(ros2_ws/src) by extension 'ignore'
[3.409s] Level 1:colcon.colcon_core.package_identification:_identify(ros2_ws/src) by extension 'ignore_ament_install'
[3.409s] Level 1:colcon.colcon_core.package_identification:_identify(ros2_ws/src) by extensions ['colcon_pkg']
[3.409s] Level 1:colcon.colcon_core.package_identification:_identify(ros2_ws/src) by extension 'colcon_pkg'
[3.409s] Level 1:colcon.colcon_core.package_identification:_identify(ros2_ws/src) by extensions ['colcon_meta']
[3.409s] Level 1:colcon.colcon_core.package_identification:_identify(ros2_ws/src) by extension 'colcon_meta'
[3.410s] Level 1:colcon.colcon_core.package_identification:_identify(ros2_ws/src) by extensions ['ros']
[3.410s] Level 1:colcon.colcon_core.package_identification:_identify(ros2_ws/src) by extension 'ros'
[3.410s] Level 1:colcon.colcon_core.package_identification:_identify(ros2_ws/src) by extensions ['cmake', 'python']
[3.410s] Level 1:colcon.colcon_core.package_identification:_identify(ros2_ws/src) by extension 'cmake'
[3.410s] Level 1:colcon.colcon_core.package_identification:_identify(ros2_ws/src) by extension 'python'
[3.410s] Level 1:colcon.colcon_core.package_identification:_identify(ros2_ws/src) by extensions ['python_setup_py']
[3.410s] Level 1:colcon.colcon_core.package_identification:_identify(ros2_ws/src) by extension 'python_setup_py'
[3.410s] Level 1:colcon.colcon_core.package_identification:_identify(ros2_ws/src/my_package) by extensions ['ignore', 'ignore_ament_install']
[3.411s] Level 1:colcon.colcon_core.package_identification:_identify(ros2_ws/src/my_package) by extension 'ignore'
[3.411s] Level 1:colcon.colcon_core.package_identification:_identify(ros2_ws/src/my_package) by extension 'ignore_ament_install'
[3.411s] Level 1:colcon.colcon_core.package_identification:_identify(ros2_ws/src/my_package) by extensions ['colcon_pkg']
[3.411s] Level 1:colcon.colcon_core.package_identification:_identify(ros2_ws/src/my_package) by extension 'colcon_pkg'
[3.411s] Level 1:colcon.colcon_core.package_identification:_identify(ros2_ws/src/my_package) by extensions ['colcon_meta']
[3.411s] Level 1:colcon.colcon_core.package_identification:_identify(ros2_ws/src/my_package) by extension 'colcon_meta'
[3.411s] Level 1:colcon.colcon_core.package_identification:_identify(ros2_ws/src/my_package) by extensions ['ros']
[3.411s] Level 1:colcon.colcon_core.package_identification:_identify(ros2_ws/src/my_package) by extension 'ros'
[3.493s] DEBUG:colcon.colcon_core.package_identification:Package 'ros2_ws/src/my_package' with type 'ros.ament_python' and name 'my_package'
[3.494s] Level 1:colcon.colcon_core.package_identification:_identify(turtlebot3_ws) by extensions ['ignore', 'ignore_ament_install']
[3.494s] Level 1:colcon.colcon_core.package_identification:_identify(turtlebot3_ws) by extension 'ignore'
[3.494s] Level 1:colcon.colcon_core.package_identification:_identify(turtlebot3_ws) by extension 'ignore_ament_install'
[3.494s] Level 1:colcon.colcon_core.package_identification:_identify(turtlebot3_ws) by extensions ['colcon_pkg']
[3.494s] Level 1:colcon.colcon_core.package_identification:_identify(turtlebot3_ws) by extension 'colcon_pkg'
[3.494s] Level 1:colcon.colcon_core.package_identification:_identify(turtlebot3_ws) by extensions ['colcon_meta']
[3.494s] Level 1:colcon.colcon_core.package_identification:_identify(turtlebot3_ws) by extension 'colcon_meta'
[3.495s] Level 1:colcon.colcon_core.package_identification:_identify(turtlebot3_ws) by extensions ['ros']
[3.495s] Level 1:colcon.colcon_core.package_identification:_identify(turtlebot3_ws) by extension 'ros'
[3.495s] Level 1:colcon.colcon_core.package_identification:_identify(turtlebot3_ws) by extensions ['cmake', 'python']
[3.495s] Level 1:colcon.colcon_core.package_identification:_identify(turtlebot3_ws) by extension 'cmake'
[3.495s] Level 1:colcon.colcon_core.package_identification:_identify(turtlebot3_ws) by extension 'python'
[3.495s] Level 1:colcon.colcon_core.package_identification:_identify(turtlebot3_ws) by extensions ['python_setup_py']
[3.495s] Level 1:colcon.colcon_core.package_identification:_identify(turtlebot3_ws) by extension 'python_setup_py'
[3.495s] Level 1:colcon.colcon_core.package_identification:_identify(turtlebot3_ws/build) by extensions ['ignore', 'ignore_ament_install']
[3.496s] Level 1:colcon.colcon_core.package_identification:_identify(turtlebot3_ws/build) by extension 'ignore'
[3.496s] Level 1:colcon.colcon_core.package_identification:_identify(turtlebot3_ws/build) ignored
[3.496s] Level 1:colcon.colcon_core.package_identification:_identify(turtlebot3_ws/install) by extensions ['ignore', 'ignore_ament_install']
[3.496s] Level 1:colcon.colcon_core.package_identification:_identify(turtlebot3_ws/install) by extension 'ignore'
[3.496s] Level 1:colcon.colcon_core.package_identification:_identify(turtlebot3_ws/install) ignored
[3.496s] Level 1:colcon.colcon_core.package_identification:_identify(turtlebot3_ws/log) by extensions ['ignore', 'ignore_ament_install']
[3.497s] Level 1:colcon.colcon_core.package_identification:_identify(turtlebot3_ws/log) by extension 'ignore'
[3.497s] Level 1:colcon.colcon_core.package_identification:_identify(turtlebot3_ws/log) ignored
[3.497s] Level 1:colcon.colcon_core.package_identification:_identify(turtlebot3_ws/src) by extensions ['ignore', 'ignore_ament_install']
[3.497s] Level 1:colcon.colcon_core.package_identification:_identify(turtlebot3_ws/src) by extension 'ignore'
[3.497s] Level 1:colcon.colcon_core.package_identification:_identify(turtlebot3_ws/src) by extension 'ignore_ament_install'
[3.497s] Level 1:colcon.colcon_core.package_identification:_identify(turtlebot3_ws/src) by extensions ['colcon_pkg']
[3.497s] Level 1:colcon.colcon_core.package_identification:_identify(turtlebot3_ws/src) by extension 'colcon_pkg'
[3.498s] Level 1:colcon.colcon_core.package_identification:_identify(turtlebot3_ws/src) by extensions ['colcon_meta']
[3.498s] Level 1:colcon.colcon_core.package_identification:_identify(turtlebot3_ws/src) by extension 'colcon_meta'
[3.498s] Level 1:colcon.colcon_core.package_identification:_identify(turtlebot3_ws/src) by extensions ['ros']
[3.498s] Level 1:colcon.colcon_core.package_identification:_identify(turtlebot3_ws/src) by extension 'ros'
[3.498s] Level 1:colcon.colcon_core.package_identification:_identify(turtlebot3_ws/src) by extensions ['cmake', 'python']
[3.498s] Level 1:colcon.colcon_core.package_identification:_identify(turtlebot3_ws/src) by extension 'cmake'
[3.498s] Level 1:colcon.colcon_core.package_identification:_identify(turtlebot3_ws/src) by extension 'python'
[3.498s] Level 1:colcon.colcon_core.package_identification:_identify(turtlebot3_ws/src) by extensions ['python_setup_py']
[3.498s] Level 1:colcon.colcon_core.package_identification:_identify(turtlebot3_ws/src) by extension 'python_setup_py'
[3.499s] Level 1:colcon.colcon_core.package_identification:_identify(turtlebot3_ws/src/turtlebot3_fake_node) by extensions ['ignore', 'ignore_ament_install']
[3.499s] Level 1:colcon.colcon_core.package_identification:_identify(turtlebot3_ws/src/turtlebot3_fake_node) by extension 'ignore'
[3.499s] Level 1:colcon.colcon_core.package_identification:_identify(turtlebot3_ws/src/turtlebot3_fake_node) by extension 'ignore_ament_install'
[3.499s] Level 1:colcon.colcon_core.package_identification:_identify(turtlebot3_ws/src/turtlebot3_fake_node) by extensions ['colcon_pkg']
[3.499s] Level 1:colcon.colcon_core.package_identification:_identify(turtlebot3_ws/src/turtlebot3_fake_node) by extension 'colcon_pkg'
[3.499s] Level 1:colcon.colcon_core.package_identification:_identify(turtlebot3_ws/src/turtlebot3_fake_node) by extensions ['colcon_meta']
[3.499s] Level 1:colcon.colcon_core.package_identification:_identify(turtlebot3_ws/src/turtlebot3_fake_node) by extension 'colcon_meta'
[3.499s] Level 1:colcon.colcon_core.package_identification:_identify(turtlebot3_ws/src/turtlebot3_fake_node) by extensions ['ros']
[3.500s] Level 1:colcon.colcon_core.package_identification:_identify(turtlebot3_ws/src/turtlebot3_fake_node) by extension 'ros'
[3.502s] DEBUG:colcon.colcon_core.package_identification:Package 'turtlebot3_ws/src/turtlebot3_fake_node' with type 'ros.ament_cmake' and name 'turtlebot3_fake_node'
[3.502s] Level 1:colcon.colcon_core.package_identification:_identify(turtlebot3_ws/src/turtlebot3_gazebo) by extensions ['ignore', 'ignore_ament_install']
[3.502s] Level 1:colcon.colcon_core.package_identification:_identify(turtlebot3_ws/src/turtlebot3_gazebo) by extension 'ignore'
[3.502s] Level 1:colcon.colcon_core.package_identification:_identify(turtlebot3_ws/src/turtlebot3_gazebo) by extension 'ignore_ament_install'
[3.502s] Level 1:colcon.colcon_core.package_identification:_identify(turtlebot3_ws/src/turtlebot3_gazebo) by extensions ['colcon_pkg']
[3.503s] Level 1:colcon.colcon_core.package_identification:_identify(turtlebot3_ws/src/turtlebot3_gazebo) by extension 'colcon_pkg'
[3.503s] Level 1:colcon.colcon_core.package_identification:_identify(turtlebot3_ws/src/turtlebot3_gazebo) by extensions ['colcon_meta']
[3.503s] Level 1:colcon.colcon_core.package_identification:_identify(turtlebot3_ws/src/turtlebot3_gazebo) by extension 'colcon_meta'
[3.503s] Level 1:colcon.colcon_core.package_identification:_identify(turtlebot3_ws/src/turtlebot3_gazebo) by extensions ['ros']
[3.503s] Level 1:colcon.colcon_core.package_identification:_identify(turtlebot3_ws/src/turtlebot3_gazebo) by extension 'ros'
[3.505s] DEBUG:colcon.colcon_core.package_identification:Package 'turtlebot3_ws/src/turtlebot3_gazebo' with type 'ros.ament_cmake' and name 'turtlebot3_gazebo'
[3.505s] Level 1:colcon.colcon_core.package_identification:_identify(turtlebot3_ws/src/turtlebot3_simulations) by extensions ['ignore', 'ignore_ament_install']
[3.505s] Level 1:colcon.colcon_core.package_identification:_identify(turtlebot3_ws/src/turtlebot3_simulations) by extension 'ignore'
[3.506s] Level 1:colcon.colcon_core.package_identification:_identify(turtlebot3_ws/src/turtlebot3_simulations) by extension 'ignore_ament_install'
[3.506s] Level 1:colcon.colcon_core.package_identification:_identify(turtlebot3_ws/src/turtlebot3_simulations) by extensions ['colcon_pkg']
[3.506s] Level 1:colcon.colcon_core.package_identification:_identify(turtlebot3_ws/src/turtlebot3_simulations) by extension 'colcon_pkg'
[3.506s] Level 1:colcon.colcon_core.package_identification:_identify(turtlebot3_ws/src/turtlebot3_simulations) by extensions ['colcon_meta']
[3.506s] Level 1:colcon.colcon_core.package_identification:_identify(turtlebot3_ws/src/turtlebot3_simulations) by extension 'colcon_meta'
[3.506s] Level 1:colcon.colcon_core.package_identification:_identify(turtlebot3_ws/src/turtlebot3_simulations) by extensions ['ros']
[3.506s] Level 1:colcon.colcon_core.package_identification:_identify(turtlebot3_ws/src/turtlebot3_simulations) by extension 'ros'
[3.507s] DEBUG:colcon.colcon_core.package_identification:Package 'turtlebot3_ws/src/turtlebot3_simulations' with type 'ros.ament_cmake' and name 'turtlebot3_simulations'
[3.507s] Level 1:colcon.colcon_core.package_identification:_identify(webpage_ws) by extensions ['ignore', 'ignore_ament_install']
[3.507s] Level 1:colcon.colcon_core.package_identification:_identify(webpage_ws) by extension 'ignore'
[3.508s] Level 1:colcon.colcon_core.package_identification:_identify(webpage_ws) by extension 'ignore_ament_install'
[3.508s] Level 1:colcon.colcon_core.package_identification:_identify(webpage_ws) by extensions ['colcon_pkg']
[3.508s] Level 1:colcon.colcon_core.package_identification:_identify(webpage_ws) by extension 'colcon_pkg'
[3.508s] Level 1:colcon.colcon_core.package_identification:_identify(webpage_ws) by extensions ['colcon_meta']
[3.508s] Level 1:colcon.colcon_core.package_identification:_identify(webpage_ws) by extension 'colcon_meta'
[3.508s] Level 1:colcon.colcon_core.package_identification:_identify(webpage_ws) by extensions ['ros']
[3.508s] Level 1:colcon.colcon_core.package_identification:_identify(webpage_ws) by extension 'ros'
[3.508s] Level 1:colcon.colcon_core.package_identification:_identify(webpage_ws) by extensions ['cmake', 'python']
[3.508s] Level 1:colcon.colcon_core.package_identification:_identify(webpage_ws) by extension 'cmake'
[3.509s] Level 1:colcon.colcon_core.package_identification:_identify(webpage_ws) by extension 'python'
[3.509s] Level 1:colcon.colcon_core.package_identification:_identify(webpage_ws) by extensions ['python_setup_py']
[3.509s] Level 1:colcon.colcon_core.package_identification:_identify(webpage_ws) by extension 'python_setup_py'
[3.509s] Level 1:colcon.colcon_core.package_discovery:discover_packages(recursive) using defaults
[3.509s] Level 1:colcon.colcon_core.package_discovery:discover_packages(ignore) discover
[3.509s] Level 1:colcon.colcon_core.package_discovery:discover_packages(ignore) using defaults
[3.509s] Level 1:colcon.colcon_core.package_discovery:discover_packages(path) discover
[3.509s] Level 1:colcon.colcon_core.package_discovery:discover_packages(path) using defaults
[3.717s] Level 5:colcon.colcon_core.verb:set package 'my_package' build argument 'cmake_args' from command line to 'None'
[3.718s] Level 5:colcon.colcon_core.verb:set package 'my_package' build argument 'cmake_target' from command line to 'None'
[3.718s] Level 5:colcon.colcon_core.verb:set package 'my_package' build argument 'cmake_target_skip_unavailable' from command line to 'False'
[3.718s] Level 5:colcon.colcon_core.verb:set package 'my_package' build argument 'cmake_clean_cache' from command line to 'False'
[3.718s] Level 5:colcon.colcon_core.verb:set package 'my_package' build argument 'cmake_clean_first' from command line to 'False'
[3.718s] Level 5:colcon.colcon_core.verb:set package 'my_package' build argument 'cmake_force_configure' from command line to 'False'
[3.718s] Level 5:colcon.colcon_core.verb:set package 'my_package' build argument 'ament_cmake_args' from command line to 'None'
[3.718s] Level 5:colcon.colcon_core.verb:set package 'my_package' build argument 'catkin_cmake_args' from command line to 'None'
[3.718s] Level 5:colcon.colcon_core.verb:set package 'my_package' build argument 'catkin_skip_building_tests' from command line to 'False'
[3.718s] DEBUG:colcon.colcon_core.verb:Building package 'my_package' with the following arguments: {'ament_cmake_args': None, 'build_base': '/home/user/build/my_package', 'catkin_cmake_args': None, 'catkin_skip_building_tests': False, 'cmake_args': None, 'cmake_clean_cache': False, 'cmake_clean_first': False, 'cmake_force_configure': False, 'cmake_target': None, 'cmake_target_skip_unavailable': False, 'install_base': '/home/user/install/my_package', 'merge_install': False, 'path': '/home/user/ros2_ws/src/my_package', 'symlink_install': False, 'test_result_base': None}
[3.792s] Level 5:colcon.colcon_core.verb:set package 'turtlebot3_fake_node' build argument 'cmake_args' from command line to 'None'
[3.792s] Level 5:colcon.colcon_core.verb:set package 'turtlebot3_fake_node' build argument 'cmake_target' from command line to 'None'
[3.792s] Level 5:colcon.colcon_core.verb:set package 'turtlebot3_fake_node' build argument 'cmake_target_skip_unavailable' from command line to 'False'
[3.793s] Level 5:colcon.colcon_core.verb:set package 'turtlebot3_fake_node' build argument 'cmake_clean_cache' from command line to 'False'
[3.793s] Level 5:colcon.colcon_core.verb:set package 'turtlebot3_fake_node' build argument 'cmake_clean_first' from command line to 'False'
[3.793s] Level 5:colcon.colcon_core.verb:set package 'turtlebot3_fake_node' build argument 'cmake_force_configure' from command line to 'False'
[3.793s] Level 5:colcon.colcon_core.verb:set package 'turtlebot3_fake_node' build argument 'ament_cmake_args' from command line to 'None'
[3.793s] Level 5:colcon.colcon_core.verb:set package 'turtlebot3_fake_node' build argument 'catkin_cmake_args' from command line to 'None'
[3.793s] Level 5:colcon.colcon_core.verb:set package 'turtlebot3_fake_node' build argument 'catkin_skip_building_tests' from command line to 'False'
[3.793s] DEBUG:colcon.colcon_core.verb:Building package 'turtlebot3_fake_node' with the following arguments: {'ament_cmake_args': None, 'build_base': '/home/user/build/turtlebot3_fake_node', 'catkin_cmake_args': None, 'catkin_skip_building_tests': False, 'cmake_args': None, 'cmake_clean_cache': False, 'cmake_clean_first': False, 'cmake_force_configure': False, 'cmake_target': None, 'cmake_target_skip_unavailable': False, 'install_base': '/home/user/install/turtlebot3_fake_node', 'merge_install': False, 'path': '/home/user/turtlebot3_ws/src/turtlebot3_fake_node', 'symlink_install': False, 'test_result_base': None}
[3.795s] Level 5:colcon.colcon_core.verb:set package 'turtlebot3_gazebo' build argument 'cmake_args' from command line to 'None'
[3.795s] Level 5:colcon.colcon_core.verb:set package 'turtlebot3_gazebo' build argument 'cmake_target' from command line to 'None'
[3.795s] Level 5:colcon.colcon_core.verb:set package 'turtlebot3_gazebo' build argument 'cmake_target_skip_unavailable' from command line to 'False'
[3.795s] Level 5:colcon.colcon_core.verb:set package 'turtlebot3_gazebo' build argument 'cmake_clean_cache' from command line to 'False'
[3.795s] Level 5:colcon.colcon_core.verb:set package 'turtlebot3_gazebo' build argument 'cmake_clean_first' from command line to 'False'
[3.795s] Level 5:colcon.colcon_core.verb:set package 'turtlebot3_gazebo' build argument 'cmake_force_configure' from command line to 'False'
[3.795s] Level 5:colcon.colcon_core.verb:set package 'turtlebot3_gazebo' build argument 'ament_cmake_args' from command line to 'None'
[3.795s] Level 5:colcon.colcon_core.verb:set package 'turtlebot3_gazebo' build argument 'catkin_cmake_args' from command line to 'None'
[3.795s] Level 5:colcon.colcon_core.verb:set package 'turtlebot3_gazebo' build argument 'catkin_skip_building_tests' from command line to 'False'
[3.796s] DEBUG:colcon.colcon_core.verb:Building package 'turtlebot3_gazebo' with the following arguments: {'ament_cmake_args': None, 'build_base': '/home/user/build/turtlebot3_gazebo', 'catkin_cmake_args': None, 'catkin_skip_building_tests': False, 'cmake_args': None, 'cmake_clean_cache': False, 'cmake_clean_first': False, 'cmake_force_configure': False, 'cmake_target': None, 'cmake_target_skip_unavailable': False, 'install_base': '/home/user/install/turtlebot3_gazebo', 'merge_install': False, 'path': '/home/user/turtlebot3_ws/src/turtlebot3_gazebo', 'symlink_install': False, 'test_result_base': None}
[3.797s] Level 5:colcon.colcon_core.verb:set package 'turtlebot3_simulations' build argument 'cmake_args' from command line to 'None'
[3.797s] Level 5:colcon.colcon_core.verb:set package 'turtlebot3_simulations' build argument 'cmake_target' from command line to 'None'
[3.798s] Level 5:colcon.colcon_core.verb:set package 'turtlebot3_simulations' build argument 'cmake_target_skip_unavailable' from command line to 'False'
[3.798s] Level 5:colcon.colcon_core.verb:set package 'turtlebot3_simulations' build argument 'cmake_clean_cache' from command line to 'False'
[3.798s] Level 5:colcon.colcon_core.verb:set package 'turtlebot3_simulations' build argument 'cmake_clean_first' from command line to 'False'
[3.798s] Level 5:colcon.colcon_core.verb:set package 'turtlebot3_simulations' build argument 'cmake_force_configure' from command line to 'False'
[3.798s] Level 5:colcon.colcon_core.verb:set package 'turtlebot3_simulations' build argument 'ament_cmake_args' from command line to 'None'
[3.798s] Level 5:colcon.colcon_core.verb:set package 'turtlebot3_simulations' build argument 'catkin_cmake_args' from command line to 'None'
[3.798s] Level 5:colcon.colcon_core.verb:set package 'turtlebot3_simulations' build argument 'catkin_skip_building_tests' from command line to 'False'
[3.798s] DEBUG:colcon.colcon_core.verb:Building package 'turtlebot3_simulations' with the following arguments: {'ament_cmake_args': None, 'build_base': '/home/user/build/turtlebot3_simulations', 'catkin_cmake_args': None, 'catkin_skip_building_tests': False, 'cmake_args': None, 'cmake_clean_cache': False, 'cmake_clean_first': False, 'cmake_force_configure': False, 'cmake_target': None, 'cmake_target_skip_unavailable': False, 'install_base': '/home/user/install/turtlebot3_simulations', 'merge_install': False, 'path': '/home/user/turtlebot3_ws/src/turtlebot3_simulations', 'symlink_install': False, 'test_result_base': None}
[3.799s] INFO:colcon.colcon_core.executor:Executing jobs using 'parallel' executor
[3.806s] DEBUG:colcon.colcon_parallel_executor.executor.parallel:run_until_complete
[3.807s] INFO:colcon.colcon_ros.task.ament_cmake.build:Building ROS package in '/home/user/turtlebot3_ws/src/turtlebot3_fake_node' with build type 'ament_cmake'
[3.807s] INFO:colcon.colcon_cmake.task.cmake.build:Building CMake package in '/home/user/turtlebot3_ws/src/turtlebot3_fake_node'
[3.892s] INFO:colcon.colcon_core.plugin_system:Skipping extension 'colcon_core.shell.bat': Not used on non-Windows systems
[3.893s] INFO:colcon.colcon_core.shell:Skip shell extension 'powershell' for command environment: Not usable outside of PowerShell
[3.893s] DEBUG:colcon.colcon_core.shell:Skip shell extension 'dsv' for command environment
[4.198s] INFO:colcon.colcon_ros.task.ament_cmake.build:Building ROS package in '/home/user/turtlebot3_ws/src/turtlebot3_gazebo' with build type 'ament_cmake'
[4.199s] INFO:colcon.colcon_cmake.task.cmake.build:Building CMake package in '/home/user/turtlebot3_ws/src/turtlebot3_gazebo'
[4.201s] INFO:colcon.colcon_core.shell:Skip shell extension 'powershell' for command environment: Not usable outside of PowerShell
[4.201s] DEBUG:colcon.colcon_core.shell:Skip shell extension 'dsv' for command environment
[4.391s] INFO:colcon.colcon_ros.task.ament_python.build:Building ROS package in '/home/user/ros2_ws/src/my_package' with build type 'ament_python'
[4.392s] Level 1:colcon.colcon_core.shell:create_environment_hook('my_package', 'ament_prefix_path')
[4.395s] INFO:colcon.colcon_core.shell:Creating environment hook '/home/user/install/my_package/share/my_package/hook/ament_prefix_path.ps1'
[4.397s] INFO:colcon.colcon_core.shell:Creating environment descriptor '/home/user/install/my_package/share/my_package/hook/ament_prefix_path.dsv'
[4.397s] INFO:colcon.colcon_core.shell:Creating environment hook '/home/user/install/my_package/share/my_package/hook/ament_prefix_path.sh'
[4.401s] INFO:colcon.colcon_core.shell:Skip shell extension 'powershell' for command environment: Not usable outside of PowerShell
[4.401s] DEBUG:colcon.colcon_core.shell:Skip shell extension 'dsv' for command environment
[4.899s] DEBUG:colcon.colcon_core.event_handler.log_command:Invoking command in '/home/user/build/turtlebot3_fake_node': CMAKE_PREFIX_PATH=${CMAKE_PREFIX_PATH}:/home/user/ros2_ws/install/my_package:/opt/ros/humble _=/usr/bin/env /usr/bin/cmake --build /home/user/build/turtlebot3_fake_node -- -j8 -l8
[5.093s] DEBUG:colcon.colcon_core.event_handler.log_command:Invoking command in '/home/user/build/turtlebot3_gazebo': CMAKE_PREFIX_PATH=${CMAKE_PREFIX_PATH}:/home/user/ros2_ws/install/my_package:/opt/ros/humble _=/usr/bin/env /usr/bin/cmake --build /home/user/build/turtlebot3_gazebo -- -j8 -l8
[7.410s] INFO:colcon.colcon_core.task.python.build:Building Python package in '/home/user/ros2_ws/src/my_package'
[7.413s] INFO:colcon.colcon_core.shell:Skip shell extension 'powershell' for command environment: Not usable outside of PowerShell
[7.413s] DEBUG:colcon.colcon_core.shell:Skip shell extension 'dsv' for command environment
[7.703s] DEBUG:colcon.colcon_core.event_handler.log_command:Invoked command in '/home/user/build/turtlebot3_fake_node' returned '0': CMAKE_PREFIX_PATH=${CMAKE_PREFIX_PATH}:/home/user/ros2_ws/install/my_package:/opt/ros/humble _=/usr/bin/env /usr/bin/cmake --build /home/user/build/turtlebot3_fake_node -- -j8 -l8
[7.891s] DEBUG:colcon.colcon_core.event_handler.log_command:Invoked command in '/home/user/build/turtlebot3_gazebo' returned '0': CMAKE_PREFIX_PATH=${CMAKE_PREFIX_PATH}:/home/user/ros2_ws/install/my_package:/opt/ros/humble _=/usr/bin/env /usr/bin/cmake --build /home/user/build/turtlebot3_gazebo -- -j8 -l8
[9.014s] DEBUG:colcon.colcon_core.event_handler.log_command:Invoking command in '/home/user/build/turtlebot3_fake_node': CMAKE_PREFIX_PATH=${CMAKE_PREFIX_PATH}:/home/user/ros2_ws/install/my_package:/opt/ros/humble _=/usr/bin/env /usr/bin/cmake --install /home/user/build/turtlebot3_fake_node
[9.199s] Level 1:colcon.colcon_core.environment:create_environment_scripts_only(turtlebot3_fake_node)
[9.201s] DEBUG:colcon.colcon_core.event_handler.log_command:Invoked command in '/home/user/build/turtlebot3_fake_node' returned '0': CMAKE_PREFIX_PATH=${CMAKE_PREFIX_PATH}:/home/user/ros2_ws/install/my_package:/opt/ros/humble _=/usr/bin/env /usr/bin/cmake --install /home/user/build/turtlebot3_fake_node
[9.210s] Level 1:colcon.colcon_core.environment:checking '/home/user/install/turtlebot3_fake_node' for CMake module files
[9.211s] Level 1:colcon.colcon_core.environment:checking '/home/user/install/turtlebot3_fake_node' for CMake config files
[9.211s] Level 1:colcon.colcon_core.shell:create_environment_hook('turtlebot3_fake_node', 'cmake_prefix_path')
[9.214s] INFO:colcon.colcon_core.shell:Creating environment hook '/home/user/install/turtlebot3_fake_node/share/turtlebot3_fake_node/hook/cmake_prefix_path.ps1'
[9.295s] INFO:colcon.colcon_core.shell:Creating environment descriptor '/home/user/install/turtlebot3_fake_node/share/turtlebot3_fake_node/hook/cmake_prefix_path.dsv'
[9.296s] INFO:colcon.colcon_core.shell:Creating environment hook '/home/user/install/turtlebot3_fake_node/share/turtlebot3_fake_node/hook/cmake_prefix_path.sh'
[9.313s] Level 1:colcon.colcon_core.environment:checking '/home/user/install/turtlebot3_fake_node/lib'
[9.313s] Level 1:colcon.colcon_core.environment:checking '/home/user/install/turtlebot3_fake_node/bin'
[9.313s] Level 1:colcon.colcon_core.environment:checking '/home/user/install/turtlebot3_fake_node/lib/pkgconfig/turtlebot3_fake_node.pc'
[9.314s] Level 1:colcon.colcon_core.environment:checking '/home/user/install/turtlebot3_fake_node/lib/python3.10/site-packages'
[9.314s] Level 1:colcon.colcon_core.environment:checking '/home/user/install/turtlebot3_fake_node/bin'
[9.317s] INFO:colcon.colcon_core.shell:Creating package script '/home/user/install/turtlebot3_fake_node/share/turtlebot3_fake_node/package.ps1'
[9.403s] INFO:colcon.colcon_core.shell:Creating package descriptor '/home/user/install/turtlebot3_fake_node/share/turtlebot3_fake_node/package.dsv'
[9.404s] INFO:colcon.colcon_core.shell:Creating package script '/home/user/install/turtlebot3_fake_node/share/turtlebot3_fake_node/package.sh'
[9.407s] INFO:colcon.colcon_core.shell:Creating package script '/home/user/install/turtlebot3_fake_node/share/turtlebot3_fake_node/package.bash'
[9.491s] INFO:colcon.colcon_core.shell:Creating package script '/home/user/install/turtlebot3_fake_node/share/turtlebot3_fake_node/package.zsh'
[9.492s] Level 1:colcon.colcon_core.environment:create_file_with_runtime_dependencies(/home/user/install/turtlebot3_fake_node/share/colcon-core/packages/turtlebot3_fake_node)
[10.012s] DEBUG:colcon.colcon_core.event_handler.log_command:Invoking command in '/home/user/build/turtlebot3_gazebo': CMAKE_PREFIX_PATH=${CMAKE_PREFIX_PATH}:/home/user/ros2_ws/install/my_package:/opt/ros/humble _=/usr/bin/env /usr/bin/cmake --install /home/user/build/turtlebot3_gazebo
[10.298s] Level 1:colcon.colcon_core.environment:create_environment_scripts_only(turtlebot3_gazebo)
[10.302s] Level 1:colcon.colcon_core.environment:checking '/home/user/install/turtlebot3_gazebo' for CMake module files
[10.304s] Level 1:colcon.colcon_core.environment:checking '/home/user/install/turtlebot3_gazebo' for CMake config files
[10.306s] Level 1:colcon.colcon_core.shell:create_environment_hook('turtlebot3_gazebo', 'cmake_prefix_path')
[10.309s] INFO:colcon.colcon_core.shell:Creating environment hook '/home/user/install/turtlebot3_gazebo/share/turtlebot3_gazebo/hook/cmake_prefix_path.ps1'
[10.311s] DEBUG:colcon.colcon_core.event_handler.log_command:Invoked command in '/home/user/build/turtlebot3_gazebo' returned '0': CMAKE_PREFIX_PATH=${CMAKE_PREFIX_PATH}:/home/user/ros2_ws/install/my_package:/opt/ros/humble _=/usr/bin/env /usr/bin/cmake --install /home/user/build/turtlebot3_gazebo
[10.312s] INFO:colcon.colcon_core.shell:Creating environment descriptor '/home/user/install/turtlebot3_gazebo/share/turtlebot3_gazebo/hook/cmake_prefix_path.dsv'
[10.313s] INFO:colcon.colcon_core.shell:Creating environment hook '/home/user/install/turtlebot3_gazebo/share/turtlebot3_gazebo/hook/cmake_prefix_path.sh'
[10.314s] Level 1:colcon.colcon_core.environment:checking '/home/user/install/turtlebot3_gazebo/lib'
[10.314s] Level 1:colcon.colcon_core.environment:checking '/home/user/install/turtlebot3_gazebo/bin'
[10.314s] Level 1:colcon.colcon_core.environment:checking '/home/user/install/turtlebot3_gazebo/lib/pkgconfig/turtlebot3_gazebo.pc'
[10.315s] Level 1:colcon.colcon_core.environment:checking '/home/user/install/turtlebot3_gazebo/lib/python3.10/site-packages'
[10.315s] Level 1:colcon.colcon_core.environment:checking '/home/user/install/turtlebot3_gazebo/bin'
[10.317s] INFO:colcon.colcon_core.shell:Creating package script '/home/user/install/turtlebot3_gazebo/share/turtlebot3_gazebo/package.ps1'
[10.318s] INFO:colcon.colcon_core.shell:Creating package descriptor '/home/user/install/turtlebot3_gazebo/share/turtlebot3_gazebo/package.dsv'
[10.401s] INFO:colcon.colcon_core.shell:Creating package script '/home/user/install/turtlebot3_gazebo/share/turtlebot3_gazebo/package.sh'
[10.402s] INFO:colcon.colcon_core.shell:Creating package script '/home/user/install/turtlebot3_gazebo/share/turtlebot3_gazebo/package.bash'
[10.403s] INFO:colcon.colcon_core.shell:Creating package script '/home/user/install/turtlebot3_gazebo/share/turtlebot3_gazebo/package.zsh'
[10.404s] Level 1:colcon.colcon_core.environment:create_file_with_runtime_dependencies(/home/user/install/turtlebot3_gazebo/share/colcon-core/packages/turtlebot3_gazebo)
[10.717s] Level 1:colcon.colcon_core.environment:create_environment_scripts_only(turtlebot3_fake_node)
[10.720s] Level 1:colcon.colcon_core.environment:checking '/home/user/install/turtlebot3_fake_node' for CMake module files
[10.720s] Level 1:colcon.colcon_core.environment:checking '/home/user/install/turtlebot3_fake_node' for CMake config files
[10.721s] Level 1:colcon.colcon_core.shell:create_environment_hook('turtlebot3_fake_node', 'cmake_prefix_path')
[10.722s] INFO:colcon.colcon_core.shell:Creating environment hook '/home/user/install/turtlebot3_fake_node/share/turtlebot3_fake_node/hook/cmake_prefix_path.ps1'
[10.791s] INFO:colcon.colcon_core.shell:Creating environment descriptor '/home/user/install/turtlebot3_fake_node/share/turtlebot3_fake_node/hook/cmake_prefix_path.dsv'
[10.791s] INFO:colcon.colcon_core.shell:Creating environment hook '/home/user/install/turtlebot3_fake_node/share/turtlebot3_fake_node/hook/cmake_prefix_path.sh'
[10.792s] Level 1:colcon.colcon_core.environment:checking '/home/user/install/turtlebot3_fake_node/lib'
[10.792s] Level 1:colcon.colcon_core.environment:checking '/home/user/install/turtlebot3_fake_node/bin'
[10.792s] Level 1:colcon.colcon_core.environment:checking '/home/user/install/turtlebot3_fake_node/lib/pkgconfig/turtlebot3_fake_node.pc'
[10.793s] Level 1:colcon.colcon_core.environment:checking '/home/user/install/turtlebot3_fake_node/lib/python3.10/site-packages'
[10.793s] Level 1:colcon.colcon_core.environment:checking '/home/user/install/turtlebot3_fake_node/bin'
[10.796s] INFO:colcon.colcon_core.shell:Creating package script '/home/user/install/turtlebot3_fake_node/share/turtlebot3_fake_node/package.ps1'
[10.797s] INFO:colcon.colcon_core.shell:Creating package descriptor '/home/user/install/turtlebot3_fake_node/share/turtlebot3_fake_node/package.dsv'
[10.798s] INFO:colcon.colcon_core.shell:Creating package script '/home/user/install/turtlebot3_fake_node/share/turtlebot3_fake_node/package.sh'
[10.798s] INFO:colcon.colcon_core.shell:Creating package script '/home/user/install/turtlebot3_fake_node/share/turtlebot3_fake_node/package.bash'
[10.799s] INFO:colcon.colcon_core.shell:Creating package script '/home/user/install/turtlebot3_fake_node/share/turtlebot3_fake_node/package.zsh'
[10.802s] Level 1:colcon.colcon_core.environment:create_file_with_runtime_dependencies(/home/user/install/turtlebot3_fake_node/share/colcon-core/packages/turtlebot3_fake_node)
[12.397s] Level 1:colcon.colcon_core.environment:create_environment_scripts_only(turtlebot3_gazebo)
[12.401s] Level 1:colcon.colcon_core.environment:checking '/home/user/install/turtlebot3_gazebo' for CMake module files
[12.402s] Level 1:colcon.colcon_core.environment:checking '/home/user/install/turtlebot3_gazebo' for CMake config files
[12.403s] Level 1:colcon.colcon_core.shell:create_environment_hook('turtlebot3_gazebo', 'cmake_prefix_path')
[12.405s] INFO:colcon.colcon_core.shell:Creating environment hook '/home/user/install/turtlebot3_gazebo/share/turtlebot3_gazebo/hook/cmake_prefix_path.ps1'
[12.406s] INFO:colcon.colcon_core.shell:Creating environment descriptor '/home/user/install/turtlebot3_gazebo/share/turtlebot3_gazebo/hook/cmake_prefix_path.dsv'
[12.410s] INFO:colcon.colcon_core.shell:Creating environment hook '/home/user/install/turtlebot3_gazebo/share/turtlebot3_gazebo/hook/cmake_prefix_path.sh'
[12.412s] Level 1:colcon.colcon_core.environment:checking '/home/user/install/turtlebot3_gazebo/lib'
[12.412s] Level 1:colcon.colcon_core.environment:checking '/home/user/install/turtlebot3_gazebo/bin'
[12.412s] Level 1:colcon.colcon_core.environment:checking '/home/user/install/turtlebot3_gazebo/lib/pkgconfig/turtlebot3_gazebo.pc'
[12.412s] Level 1:colcon.colcon_core.environment:checking '/home/user/install/turtlebot3_gazebo/lib/python3.10/site-packages'
[12.413s] Level 1:colcon.colcon_core.environment:checking '/home/user/install/turtlebot3_gazebo/bin'
[12.498s] INFO:colcon.colcon_core.shell:Creating package script '/home/user/install/turtlebot3_gazebo/share/turtlebot3_gazebo/package.ps1'
[12.504s] INFO:colcon.colcon_core.shell:Creating package descriptor '/home/user/install/turtlebot3_gazebo/share/turtlebot3_gazebo/package.dsv'
[12.506s] INFO:colcon.colcon_core.shell:Creating package script '/home/user/install/turtlebot3_gazebo/share/turtlebot3_gazebo/package.sh'
[12.511s] INFO:colcon.colcon_core.shell:Creating package script '/home/user/install/turtlebot3_gazebo/share/turtlebot3_gazebo/package.bash'
[12.512s] INFO:colcon.colcon_core.shell:Creating package script '/home/user/install/turtlebot3_gazebo/share/turtlebot3_gazebo/package.zsh'
[12.596s] Level 1:colcon.colcon_core.environment:create_file_with_runtime_dependencies(/home/user/install/turtlebot3_gazebo/share/colcon-core/packages/turtlebot3_gazebo)
[12.598s] INFO:colcon.colcon_ros.task.ament_cmake.build:Building ROS package in '/home/user/turtlebot3_ws/src/turtlebot3_simulations' with build type 'ament_cmake'
[12.600s] INFO:colcon.colcon_cmake.task.cmake.build:Building CMake package in '/home/user/turtlebot3_ws/src/turtlebot3_simulations'
[12.602s] INFO:colcon.colcon_core.shell:Skip shell extension 'powershell' for command environment: Not usable outside of PowerShell
[12.602s] DEBUG:colcon.colcon_core.shell:Skip shell extension 'dsv' for command environment
[13.097s] DEBUG:colcon.colcon_core.event_handler.log_command:Invoking command in '/home/user/build/turtlebot3_simulations': AMENT_PREFIX_PATH=/home/user/install/turtlebot3_gazebo:/home/user/install/turtlebot3_fake_node:${AMENT_PREFIX_PATH} CMAKE_PREFIX_PATH=/home/user/install/turtlebot3_gazebo:/home/user/install/turtlebot3_fake_node:/home/user/turtlebot3_ws/install/turtlebot3_simulations:/home/user/turtlebot3_ws/install/turtlebot3_gazebo:/home/user/turtlebot3_ws/install/turtlebot3_fake_node:/home/user/ros2_ws/install/my_package:/opt/ros/humble _=/usr/bin/env /usr/bin/cmake --build /home/user/build/turtlebot3_simulations -- -j8 -l8
[13.208s] DEBUG:colcon.colcon_core.event_handler.log_command:Invoking command in '/home/user/ros2_ws/src/my_package': PYTHONPATH=/home/user/install/my_package/lib/python3.10/site-packages:${PYTHONPATH} _=/usr/bin/env /usr/bin/python3 setup.py egg_info --egg-base ../../../build/my_package build --build-base /home/user/build/my_package/build install --prefix /home/user/install/my_package --record /home/user/build/my_package/install.log --single-version-externally-managed
[13.993s] DEBUG:colcon.colcon_core.event_handler.log_command:Invoked command in '/home/user/build/turtlebot3_simulations' returned '0': AMENT_PREFIX_PATH=/home/user/install/turtlebot3_gazebo:/home/user/install/turtlebot3_fake_node:${AMENT_PREFIX_PATH} CMAKE_PREFIX_PATH=/home/user/install/turtlebot3_gazebo:/home/user/install/turtlebot3_fake_node:/home/user/turtlebot3_ws/install/turtlebot3_simulations:/home/user/turtlebot3_ws/install/turtlebot3_gazebo:/home/user/turtlebot3_ws/install/turtlebot3_fake_node:/home/user/ros2_ws/install/my_package:/opt/ros/humble _=/usr/bin/env /usr/bin/cmake --build /home/user/build/turtlebot3_simulations -- -j8 -l8
[15.091s] DEBUG:colcon.colcon_core.event_handler.log_command:Invoking command in '/home/user/build/turtlebot3_simulations': AMENT_PREFIX_PATH=/home/user/install/turtlebot3_gazebo:/home/user/install/turtlebot3_fake_node:${AMENT_PREFIX_PATH} CMAKE_PREFIX_PATH=/home/user/install/turtlebot3_gazebo:/home/user/install/turtlebot3_fake_node:/home/user/turtlebot3_ws/install/turtlebot3_simulations:/home/user/turtlebot3_ws/install/turtlebot3_gazebo:/home/user/turtlebot3_ws/install/turtlebot3_fake_node:/home/user/ros2_ws/install/my_package:/opt/ros/humble _=/usr/bin/env /usr/bin/cmake --install /home/user/build/turtlebot3_simulations
[15.295s] Level 1:colcon.colcon_core.environment:create_environment_scripts_only(turtlebot3_simulations)
[15.299s] Level 1:colcon.colcon_core.environment:checking '/home/user/install/turtlebot3_simulations' for CMake module files
[15.303s] Level 1:colcon.colcon_core.environment:checking '/home/user/install/turtlebot3_simulations' for CMake config files
[15.303s] Level 1:colcon.colcon_core.shell:create_environment_hook('turtlebot3_simulations', 'cmake_prefix_path')
[15.302s] DEBUG:colcon.colcon_core.event_handler.log_command:Invoked command in '/home/user/build/turtlebot3_simulations' returned '0': AMENT_PREFIX_PATH=/home/user/install/turtlebot3_gazebo:/home/user/install/turtlebot3_fake_node:${AMENT_PREFIX_PATH} CMAKE_PREFIX_PATH=/home/user/install/turtlebot3_gazebo:/home/user/install/turtlebot3_fake_node:/home/user/turtlebot3_ws/install/turtlebot3_simulations:/home/user/turtlebot3_ws/install/turtlebot3_gazebo:/home/user/turtlebot3_ws/install/turtlebot3_fake_node:/home/user/ros2_ws/install/my_package:/opt/ros/humble _=/usr/bin/env /usr/bin/cmake --install /home/user/build/turtlebot3_simulations
[15.306s] INFO:colcon.colcon_core.shell:Creating environment hook '/home/user/install/turtlebot3_simulations/share/turtlebot3_simulations/hook/cmake_prefix_path.ps1'
[15.307s] INFO:colcon.colcon_core.shell:Creating environment descriptor '/home/user/install/turtlebot3_simulations/share/turtlebot3_simulations/hook/cmake_prefix_path.dsv'
[15.307s] INFO:colcon.colcon_core.shell:Creating environment hook '/home/user/install/turtlebot3_simulations/share/turtlebot3_simulations/hook/cmake_prefix_path.sh'
[15.308s] Level 1:colcon.colcon_core.environment:checking '/home/user/install/turtlebot3_simulations/bin'
[15.308s] Level 1:colcon.colcon_core.environment:checking '/home/user/install/turtlebot3_simulations/lib/pkgconfig/turtlebot3_simulations.pc'
[15.309s] Level 1:colcon.colcon_core.environment:checking '/home/user/install/turtlebot3_simulations/lib/python3.10/site-packages'
[15.392s] Level 1:colcon.colcon_core.environment:checking '/home/user/install/turtlebot3_simulations/bin'
[15.396s] INFO:colcon.colcon_core.shell:Creating package script '/home/user/install/turtlebot3_simulations/share/turtlebot3_simulations/package.ps1'
[15.399s] INFO:colcon.colcon_core.shell:Creating package descriptor '/home/user/install/turtlebot3_simulations/share/turtlebot3_simulations/package.dsv'
[15.399s] INFO:colcon.colcon_core.shell:Creating package script '/home/user/install/turtlebot3_simulations/share/turtlebot3_simulations/package.sh'
[15.402s] INFO:colcon.colcon_core.shell:Creating package script '/home/user/install/turtlebot3_simulations/share/turtlebot3_simulations/package.bash'
[15.406s] INFO:colcon.colcon_core.shell:Creating package script '/home/user/install/turtlebot3_simulations/share/turtlebot3_simulations/package.zsh'
[15.407s] Level 1:colcon.colcon_core.environment:create_file_with_runtime_dependencies(/home/user/install/turtlebot3_simulations/share/colcon-core/packages/turtlebot3_simulations)
[16.411s] Level 1:colcon.colcon_core.environment:checking '/home/user/install/my_package' for CMake module files
[16.413s] Level 1:colcon.colcon_core.environment:checking '/home/user/install/my_package' for CMake config files
[16.412s] DEBUG:colcon.colcon_core.event_handler.log_command:Invoked command in '/home/user/ros2_ws/src/my_package' returned '0': PYTHONPATH=/home/user/install/my_package/lib/python3.10/site-packages:${PYTHONPATH} _=/usr/bin/env /usr/bin/python3 setup.py egg_info --egg-base ../../../build/my_package build --build-base /home/user/build/my_package/build install --prefix /home/user/install/my_package --record /home/user/build/my_package/install.log --single-version-externally-managed
[16.495s] Level 1:colcon.colcon_core.environment:checking '/home/user/install/my_package/lib'
[16.495s] Level 1:colcon.colcon_core.environment:checking '/home/user/install/my_package/bin'
[16.496s] Level 1:colcon.colcon_core.environment:checking '/home/user/install/my_package/lib/pkgconfig/my_package.pc'
[16.496s] Level 1:colcon.colcon_core.environment:checking '/home/user/install/my_package/lib/python3.10/site-packages'
[16.496s] Level 1:colcon.colcon_core.shell:create_environment_hook('my_package', 'pythonpath')
[16.499s] INFO:colcon.colcon_core.shell:Creating environment hook '/home/user/install/my_package/share/my_package/hook/pythonpath.ps1'
[16.500s] INFO:colcon.colcon_core.shell:Creating environment descriptor '/home/user/install/my_package/share/my_package/hook/pythonpath.dsv'
[16.500s] INFO:colcon.colcon_core.shell:Creating environment hook '/home/user/install/my_package/share/my_package/hook/pythonpath.sh'
[16.501s] Level 1:colcon.colcon_core.environment:checking '/home/user/install/my_package/bin'
[16.501s] Level 1:colcon.colcon_core.environment:create_environment_scripts_only(my_package)
[16.509s] INFO:colcon.colcon_core.shell:Creating package script '/home/user/install/my_package/share/my_package/package.ps1'
[16.596s] INFO:colcon.colcon_core.shell:Creating package descriptor '/home/user/install/my_package/share/my_package/package.dsv'
[16.606s] INFO:colcon.colcon_core.shell:Creating package script '/home/user/install/my_package/share/my_package/package.sh'
[16.607s] INFO:colcon.colcon_core.shell:Creating package script '/home/user/install/my_package/share/my_package/package.bash'
[16.607s] INFO:colcon.colcon_core.shell:Creating package script '/home/user/install/my_package/share/my_package/package.zsh'
[16.608s] Level 1:colcon.colcon_core.environment:create_file_with_runtime_dependencies(/home/user/install/my_package/share/colcon-core/packages/my_package)
[16.801s] Level 1:colcon.colcon_core.environment:create_environment_scripts_only(turtlebot3_simulations)
[16.805s] Level 1:colcon.colcon_core.environment:checking '/home/user/install/turtlebot3_simulations' for CMake module files
[16.805s] Level 1:colcon.colcon_core.environment:checking '/home/user/install/turtlebot3_simulations' for CMake config files
[16.806s] Level 1:colcon.colcon_core.shell:create_environment_hook('turtlebot3_simulations', 'cmake_prefix_path')
[16.808s] INFO:colcon.colcon_core.shell:Creating environment hook '/home/user/install/turtlebot3_simulations/share/turtlebot3_simulations/hook/cmake_prefix_path.ps1'
[16.809s] INFO:colcon.colcon_core.shell:Creating environment descriptor '/home/user/install/turtlebot3_simulations/share/turtlebot3_simulations/hook/cmake_prefix_path.dsv'
[16.810s] INFO:colcon.colcon_core.shell:Creating environment hook '/home/user/install/turtlebot3_simulations/share/turtlebot3_simulations/hook/cmake_prefix_path.sh'
[16.810s] Level 1:colcon.colcon_core.environment:checking '/home/user/install/turtlebot3_simulations/bin'
[16.811s] Level 1:colcon.colcon_core.environment:checking '/home/user/install/turtlebot3_simulations/lib/pkgconfig/turtlebot3_simulations.pc'
[16.811s] Level 1:colcon.colcon_core.environment:checking '/home/user/install/turtlebot3_simulations/lib/python3.10/site-packages'
[16.812s] Level 1:colcon.colcon_core.environment:checking '/home/user/install/turtlebot3_simulations/bin'
[16.814s] INFO:colcon.colcon_core.shell:Creating package script '/home/user/install/turtlebot3_simulations/share/turtlebot3_simulations/package.ps1'
[16.815s] INFO:colcon.colcon_core.shell:Creating package descriptor '/home/user/install/turtlebot3_simulations/share/turtlebot3_simulations/package.dsv'
[16.816s] INFO:colcon.colcon_core.shell:Creating package script '/home/user/install/turtlebot3_simulations/share/turtlebot3_simulations/package.sh'
[16.816s] INFO:colcon.colcon_core.shell:Creating package script '/home/user/install/turtlebot3_simulations/share/turtlebot3_simulations/package.bash'
[16.817s] INFO:colcon.colcon_core.shell:Creating package script '/home/user/install/turtlebot3_simulations/share/turtlebot3_simulations/package.zsh'
[16.818s] Level 1:colcon.colcon_core.environment:create_file_with_runtime_dependencies(/home/user/install/turtlebot3_simulations/share/colcon-core/packages/turtlebot3_simulations)
[16.818s] DEBUG:colcon.colcon_parallel_executor.executor.parallel:closing loop
[16.818s] DEBUG:colcon.colcon_parallel_executor.executor.parallel:loop closed
[16.818s] DEBUG:colcon.colcon_parallel_executor.executor.parallel:run_until_complete finished with '0'
[16.818s] DEBUG:colcon.colcon_core.event_reactor:joining thread
[16.992s] INFO:colcon.colcon_core.plugin_system:Skipping extension 'colcon_notification.desktop_notification.notify_send': Could not find 'notify-send'
[16.992s] INFO:colcon.colcon_core.plugin_system:Skipping extension 'colcon_notification.desktop_notification.terminal_notifier': Not used on non-Darwin systems
[17.004s] INFO:colcon.colcon_core.plugin_system:Skipping extension 'colcon_notification.desktop_notification.win32': Not used on non-Windows systems
[17.004s] INFO:colcon.colcon_notification.desktop_notification:Sending desktop notification using 'notify2'
[17.095s] DEBUG:colcon.colcon_notification.desktop_notification.notify2:Failed to initialize notify2: org.freedesktop.DBus.Error.Spawn.ExecFailed: /usr/bin/dbus-launch terminated abnormally without any error message
[17.095s] DEBUG:colcon.colcon_core.event_reactor:joined thread
[17.099s] INFO:colcon.colcon_core.shell:Creating prefix script '/home/user/install/local_setup.ps1'
[17.101s] INFO:colcon.colcon_core.shell:Creating prefix util module '/home/user/install/_local_setup_util_ps1.py'
[17.104s] INFO:colcon.colcon_core.shell:Creating prefix chain script '/home/user/install/setup.ps1'
[17.107s] INFO:colcon.colcon_core.shell:Creating prefix script '/home/user/install/local_setup.sh'
[17.108s] INFO:colcon.colcon_core.shell:Creating prefix util module '/home/user/install/_local_setup_util_sh.py'
[17.109s] INFO:colcon.colcon_core.shell:Creating prefix chain script '/home/user/install/setup.sh'
[17.112s] INFO:colcon.colcon_core.shell:Creating prefix script '/home/user/install/local_setup.bash'
[17.112s] INFO:colcon.colcon_core.shell:Creating prefix chain script '/home/user/install/setup.bash'
[17.192s] INFO:colcon.colcon_core.shell:Creating prefix script '/home/user/install/local_setup.zsh'
[17.193s] INFO:colcon.colcon_core.shell:Creating prefix chain script '/home/user/install/setup.zsh'
