[5.915s] Invoking command in '/home/user/turtlebot3_ws/build/project_package': PYTHONPATH=/home/user/turtlebot3_ws/install/project_package/lib/python3.10/site-packages:${PYTHONPATH} _=/usr/bin/env /usr/bin/python3 setup.py develop --prefix /home/user/turtlebot3_ws/install/project_package --uninstall --editable --build-directory /home/user/turtlebot3_ws/build/project_package/build
[9.477s] running develop
[9.479s] /usr/lib/python3/dist-packages/setuptools/command/easy_install.py:158: EasyInstallDeprecationWarning: easy_install command is deprecated. Use build and pip and other standards-based tools.
[9.479s]   warnings.warn(
[9.499s] /usr/lib/python3/dist-packages/setuptools/command/install.py:34: SetuptoolsDeprecationWarning: setup.py install is deprecated. Use build and pip and other standards-based tools.
[9.499s]   warnings.warn(
[9.974s] /usr/lib/python3/dist-packages/pkg_resources/__init__.py:116: PkgResourcesDeprecationWarning: 1.1build1 is an invalid version and will not be supported in a future release
[9.974s]   warnings.warn(
[11.696s] Invoked command in '/home/user/turtlebot3_ws/build/project_package' returned '0': PYTHONPATH=/home/user/turtlebot3_ws/install/project_package/lib/python3.10/site-packages:${PYTHONPATH} _=/usr/bin/env /usr/bin/python3 setup.py develop --prefix /home/user/turtlebot3_ws/install/project_package --uninstall --editable --build-directory /home/user/turtlebot3_ws/build/project_package/build
[11.697s] Invoking command in '/home/user/turtlebot3_ws/src/project_package': PYTHONPATH=/home/user/turtlebot3_ws/install/project_package/lib/python3.10/site-packages:${PYTHONPATH} _=/usr/bin/env /usr/bin/python3 setup.py egg_info --egg-base ../../build/project_package build --build-base /home/user/turtlebot3_ws/build/project_package/build install --prefix /home/user/turtlebot3_ws/install/project_package --record /home/user/turtlebot3_ws/build/project_package/install.log --single-version-externally-managed
[14.476s] running egg_info
[14.480s] writing ../../build/project_package/project_package.egg-info/PKG-INFO
[14.480s] writing dependency_links to ../../build/project_package/project_package.egg-info/dependency_links.txt
[14.481s] writing entry points to ../../build/project_package/project_package.egg-info/entry_points.txt
[14.481s] writing requirements to ../../build/project_package/project_package.egg-info/requires.txt
[14.481s] writing top-level names to ../../build/project_package/project_package.egg-info/top_level.txt
[14.499s] reading manifest file '../../build/project_package/project_package.egg-info/SOURCES.txt'
[14.500s] writing manifest file '../../build/project_package/project_package.egg-info/SOURCES.txt'
[14.501s] running build
[14.501s] running build_py
[14.503s] copying project_package/go_to_goal.py -> /home/user/turtlebot3_ws/build/project_package/build/lib/project_package
[14.505s] running install
[14.506s] /usr/lib/python3/dist-packages/setuptools/command/install.py:34: SetuptoolsDeprecationWarning: setup.py install is deprecated. Use build and pip and other standards-based tools.
[14.507s]   warnings.warn(
[14.508s] running install_lib
[14.509s] copying /home/user/turtlebot3_ws/build/project_package/build/lib/project_package/go_to_goal.py -> /home/user/turtlebot3_ws/install/project_package/lib/python3.10/site-packages/project_package
[14.510s] byte-compiling /home/user/turtlebot3_ws/install/project_package/lib/python3.10/site-packages/project_package/go_to_goal.py to go_to_goal.cpython-310.pyc
[14.510s] running install_data
[14.511s] running install_egg_info
[14.511s] removing '/home/user/turtlebot3_ws/install/project_package/lib/python3.10/site-packages/project_package-0.0.0-py3.10.egg-info' (and everything under it)
[14.511s] Copying ../../build/project_package/project_package.egg-info to /home/user/turtlebot3_ws/install/project_package/lib/python3.10/site-packages/project_package-0.0.0-py3.10.egg-info
[14.511s] running install_scripts
[14.607s] Installing go_to_goal script to /home/user/turtlebot3_ws/install/project_package/lib/project_package
[14.607s] Installing goal_navigator script to /home/user/turtlebot3_ws/install/project_package/lib/project_package
[14.607s] Installing project_node script to /home/user/turtlebot3_ws/install/project_package/lib/project_package
[14.608s] writing list of installed files to '/home/user/turtlebot3_ws/build/project_package/install.log'
[14.763s] Invoked command in '/home/user/turtlebot3_ws/src/project_package' returned '0': PYTHONPATH=/home/user/turtlebot3_ws/install/project_package/lib/python3.10/site-packages:${PYTHONPATH} _=/usr/bin/env /usr/bin/python3 setup.py egg_info --egg-base ../../build/project_package build --build-base /home/user/turtlebot3_ws/build/project_package/build install --prefix /home/user/turtlebot3_ws/install/project_package --record /home/user/turtlebot3_ws/build/project_package/install.log --single-version-externally-managed
