[0.538s] DEBUG:colcon:Command line arguments: ['/usr/bin/colcon', 'build']
[0.538s] DEBUG:colcon:Parsed command line arguments: Namespace(log_base=None, log_level=None, verb_name='build', build_base='build', install_base='install', merge_install=False, symlink_install=False, test_result_base=None, continue_on_error=False, executor='parallel', parallel_workers=8, event_handlers=None, ignore_user_meta=False, metas=['./colcon.meta'], base_paths=['.'], packages_ignore=None, packages_ignore_regex=None, paths=None, packages_up_to=None, packages_up_to_regex=None, packages_above=None, packages_above_and_dependencies=None, packages_above_depth=None, packages_select_by_dep=None, packages_skip_by_dep=None, packages_skip_up_to=None, packages_select_build_failed=False, packages_skip_build_finished=False, packages_select_test_failures=False, packages_skip_test_passed=False, packages_select=None, packages_skip=None, packages_select_regex=None, packages_skip_regex=None, packages_start=None, packages_end=None, cmake_args=None, cmake_target=None, cmake_target_skip_unavailable=False, cmake_clean_cache=False, cmake_clean_first=False, cmake_force_configure=False, ament_cmake_args=None, catkin_cmake_args=None, catkin_skip_building_tests=False, mixin_files=None, mixin=None, verb_parser=<colcon_mixin.mixin.mixin_argument.MixinArgumentDecorator object at 0x7f01b2b8e620>, verb_extension=<colcon_core.verb.build.BuildVerb object at 0x7f01b34f6e90>, main=<bound method BuildVerb.main of <colcon_core.verb.build.BuildVerb object at 0x7f01b34f6e90>>, mixin_verb=('build',))
[0.578s] Level 1:colcon.colcon_core.package_discovery:discover_packages(colcon_meta) check parameters
[0.578s] Level 1:colcon.colcon_core.package_discovery:discover_packages(recursive) check parameters
[0.578s] Level 1:colcon.colcon_core.package_discovery:discover_packages(ignore) check parameters
[0.579s] Level 1:colcon.colcon_core.package_discovery:discover_packages(path) check parameters
[0.579s] Level 1:colcon.colcon_core.package_discovery:discover_packages(colcon_meta) discover
[0.579s] Level 1:colcon.colcon_core.package_discovery:discover_packages(recursive) discover
[0.579s] INFO:colcon.colcon_core.package_discovery:Crawling recursively for packages in '/home/user'
[0.579s] Level 1:colcon.colcon_core.package_identification:_identify(.) by extensions ['ignore', 'ignore_ament_install']
[0.579s] Level 1:colcon.colcon_core.package_identification:_identify(.) by extension 'ignore'
[0.579s] Level 1:colcon.colcon_core.package_identification:_identify(.) by extension 'ignore_ament_install'
[0.580s] Level 1:colcon.colcon_core.package_identification:_identify(.) by extensions ['colcon_pkg']
[0.580s] Level 1:colcon.colcon_core.package_identification:_identify(.) by extension 'colcon_pkg'
[0.580s] Level 1:colcon.colcon_core.package_identification:_identify(.) by extensions ['colcon_meta']
[0.580s] Level 1:colcon.colcon_core.package_identification:_identify(.) by extension 'colcon_meta'
[0.580s] Level 1:colcon.colcon_core.package_identification:_identify(.) by extensions ['ros']
[0.580s] Level 1:colcon.colcon_core.package_identification:_identify(.) by extension 'ros'
[0.613s] Level 1:colcon.colcon_core.package_identification:_identify(.) by extensions ['cmake', 'python']
[0.613s] Level 1:colcon.colcon_core.package_identification:_identify(.) by extension 'cmake'
[0.613s] Level 1:colcon.colcon_core.package_identification:_identify(.) by extension 'python'
[0.613s] Level 1:colcon.colcon_core.package_identification:_identify(.) by extensions ['python_setup_py']
[0.613s] Level 1:colcon.colcon_core.package_identification:_identify(.) by extension 'python_setup_py'
[0.613s] Level 1:colcon.colcon_core.package_identification:_identify(build) by extensions ['ignore', 'ignore_ament_install']
[0.613s] Level 1:colcon.colcon_core.package_identification:_identify(build) by extension 'ignore'
[0.614s] Level 1:colcon.colcon_core.package_identification:_identify(build) ignored
[0.614s] Level 1:colcon.colcon_core.package_identification:_identify(building_editor_models) by extensions ['ignore', 'ignore_ament_install']
[0.614s] Level 1:colcon.colcon_core.package_identification:_identify(building_editor_models) by extension 'ignore'
[0.614s] Level 1:colcon.colcon_core.package_identification:_identify(building_editor_models) by extension 'ignore_ament_install'
[0.614s] Level 1:colcon.colcon_core.package_identification:_identify(building_editor_models) by extensions ['colcon_pkg']
[0.614s] Level 1:colcon.colcon_core.package_identification:_identify(building_editor_models) by extension 'colcon_pkg'
[0.614s] Level 1:colcon.colcon_core.package_identification:_identify(building_editor_models) by extensions ['colcon_meta']
[0.614s] Level 1:colcon.colcon_core.package_identification:_identify(building_editor_models) by extension 'colcon_meta'
[0.615s] Level 1:colcon.colcon_core.package_identification:_identify(building_editor_models) by extensions ['ros']
[0.615s] Level 1:colcon.colcon_core.package_identification:_identify(building_editor_models) by extension 'ros'
[0.615s] Level 1:colcon.colcon_core.package_identification:_identify(building_editor_models) by extensions ['cmake', 'python']
[0.615s] Level 1:colcon.colcon_core.package_identification:_identify(building_editor_models) by extension 'cmake'
[0.615s] Level 1:colcon.colcon_core.package_identification:_identify(building_editor_models) by extension 'python'
[0.615s] Level 1:colcon.colcon_core.package_identification:_identify(building_editor_models) by extensions ['python_setup_py']
[0.615s] Level 1:colcon.colcon_core.package_identification:_identify(building_editor_models) by extension 'python_setup_py'
[0.615s] Level 1:colcon.colcon_core.package_identification:_identify(building_editor_models/floor) by extensions ['ignore', 'ignore_ament_install']
[0.616s] Level 1:colcon.colcon_core.package_identification:_identify(building_editor_models/floor) by extension 'ignore'
[0.616s] Level 1:colcon.colcon_core.package_identification:_identify(building_editor_models/floor) by extension 'ignore_ament_install'
[0.616s] Level 1:colcon.colcon_core.package_identification:_identify(building_editor_models/floor) by extensions ['colcon_pkg']
[0.616s] Level 1:colcon.colcon_core.package_identification:_identify(building_editor_models/floor) by extension 'colcon_pkg'
[0.616s] Level 1:colcon.colcon_core.package_identification:_identify(building_editor_models/floor) by extensions ['colcon_meta']
[0.616s] Level 1:colcon.colcon_core.package_identification:_identify(building_editor_models/floor) by extension 'colcon_meta'
[0.616s] Level 1:colcon.colcon_core.package_identification:_identify(building_editor_models/floor) by extensions ['ros']
[0.616s] Level 1:colcon.colcon_core.package_identification:_identify(building_editor_models/floor) by extension 'ros'
[0.616s] Level 1:colcon.colcon_core.package_identification:_identify(building_editor_models/floor) by extensions ['cmake', 'python']
[0.617s] Level 1:colcon.colcon_core.package_identification:_identify(building_editor_models/floor) by extension 'cmake'
[0.617s] Level 1:colcon.colcon_core.package_identification:_identify(building_editor_models/floor) by extension 'python'
[0.617s] Level 1:colcon.colcon_core.package_identification:_identify(building_editor_models/floor) by extensions ['python_setup_py']
[0.617s] Level 1:colcon.colcon_core.package_identification:_identify(building_editor_models/floor) by extension 'python_setup_py'
[0.617s] Level 1:colcon.colcon_core.package_identification:_identify(building_editor_models/floor/floor) by extensions ['ignore', 'ignore_ament_install']
[0.617s] Level 1:colcon.colcon_core.package_identification:_identify(building_editor_models/floor/floor) by extension 'ignore'
[0.617s] Level 1:colcon.colcon_core.package_identification:_identify(building_editor_models/floor/floor) by extension 'ignore_ament_install'
[0.618s] Level 1:colcon.colcon_core.package_identification:_identify(building_editor_models/floor/floor) by extensions ['colcon_pkg']
[0.618s] Level 1:colcon.colcon_core.package_identification:_identify(building_editor_models/floor/floor) by extension 'colcon_pkg'
[0.618s] Level 1:colcon.colcon_core.package_identification:_identify(building_editor_models/floor/floor) by extensions ['colcon_meta']
[0.618s] Level 1:colcon.colcon_core.package_identification:_identify(building_editor_models/floor/floor) by extension 'colcon_meta'
[0.618s] Level 1:colcon.colcon_core.package_identification:_identify(building_editor_models/floor/floor) by extensions ['ros']
[0.618s] Level 1:colcon.colcon_core.package_identification:_identify(building_editor_models/floor/floor) by extension 'ros'
[0.618s] Level 1:colcon.colcon_core.package_identification:_identify(building_editor_models/floor/floor) by extensions ['cmake', 'python']
[0.618s] Level 1:colcon.colcon_core.package_identification:_identify(building_editor_models/floor/floor) by extension 'cmake'
[0.619s] Level 1:colcon.colcon_core.package_identification:_identify(building_editor_models/floor/floor) by extension 'python'
[0.619s] Level 1:colcon.colcon_core.package_identification:_identify(building_editor_models/floor/floor) by extensions ['python_setup_py']
[0.619s] Level 1:colcon.colcon_core.package_identification:_identify(building_editor_models/floor/floor) by extension 'python_setup_py'
[0.619s] Level 1:colcon.colcon_core.package_identification:_identify(building_editor_models/maze) by extensions ['ignore', 'ignore_ament_install']
[0.619s] Level 1:colcon.colcon_core.package_identification:_identify(building_editor_models/maze) by extension 'ignore'
[0.619s] Level 1:colcon.colcon_core.package_identification:_identify(building_editor_models/maze) by extension 'ignore_ament_install'
[0.619s] Level 1:colcon.colcon_core.package_identification:_identify(building_editor_models/maze) by extensions ['colcon_pkg']
[0.619s] Level 1:colcon.colcon_core.package_identification:_identify(building_editor_models/maze) by extension 'colcon_pkg'
[0.620s] Level 1:colcon.colcon_core.package_identification:_identify(building_editor_models/maze) by extensions ['colcon_meta']
[0.620s] Level 1:colcon.colcon_core.package_identification:_identify(building_editor_models/maze) by extension 'colcon_meta'
[0.620s] Level 1:colcon.colcon_core.package_identification:_identify(building_editor_models/maze) by extensions ['ros']
[0.620s] Level 1:colcon.colcon_core.package_identification:_identify(building_editor_models/maze) by extension 'ros'
[0.620s] Level 1:colcon.colcon_core.package_identification:_identify(building_editor_models/maze) by extensions ['cmake', 'python']
[0.620s] Level 1:colcon.colcon_core.package_identification:_identify(building_editor_models/maze) by extension 'cmake'
[0.620s] Level 1:colcon.colcon_core.package_identification:_identify(building_editor_models/maze) by extension 'python'
[0.620s] Level 1:colcon.colcon_core.package_identification:_identify(building_editor_models/maze) by extensions ['python_setup_py']
[0.620s] Level 1:colcon.colcon_core.package_identification:_identify(building_editor_models/maze) by extension 'python_setup_py'
[0.621s] Level 1:colcon.colcon_core.package_identification:_identify(building_editor_models/old_floor) by extensions ['ignore', 'ignore_ament_install']
[0.621s] Level 1:colcon.colcon_core.package_identification:_identify(building_editor_models/old_floor) by extension 'ignore'
[0.621s] Level 1:colcon.colcon_core.package_identification:_identify(building_editor_models/old_floor) by extension 'ignore_ament_install'
[0.621s] Level 1:colcon.colcon_core.package_identification:_identify(building_editor_models/old_floor) by extensions ['colcon_pkg']
[0.621s] Level 1:colcon.colcon_core.package_identification:_identify(building_editor_models/old_floor) by extension 'colcon_pkg'
[0.621s] Level 1:colcon.colcon_core.package_identification:_identify(building_editor_models/old_floor) by extensions ['colcon_meta']
[0.621s] Level 1:colcon.colcon_core.package_identification:_identify(building_editor_models/old_floor) by extension 'colcon_meta'
[0.622s] Level 1:colcon.colcon_core.package_identification:_identify(building_editor_models/old_floor) by extensions ['ros']
[0.622s] Level 1:colcon.colcon_core.package_identification:_identify(building_editor_models/old_floor) by extension 'ros'
[0.622s] Level 1:colcon.colcon_core.package_identification:_identify(building_editor_models/old_floor) by extensions ['cmake', 'python']
[0.622s] Level 1:colcon.colcon_core.package_identification:_identify(building_editor_models/old_floor) by extension 'cmake'
[0.622s] Level 1:colcon.colcon_core.package_identification:_identify(building_editor_models/old_floor) by extension 'python'
[0.622s] Level 1:colcon.colcon_core.package_identification:_identify(building_editor_models/old_floor) by extensions ['python_setup_py']
[0.622s] Level 1:colcon.colcon_core.package_identification:_identify(building_editor_models/old_floor) by extension 'python_setup_py'
[0.623s] Level 1:colcon.colcon_core.package_identification:_identify(install) by extensions ['ignore', 'ignore_ament_install']
[0.623s] Level 1:colcon.colcon_core.package_identification:_identify(install) by extension 'ignore'
[0.623s] Level 1:colcon.colcon_core.package_identification:_identify(install) ignored
[0.623s] Level 1:colcon.colcon_core.package_identification:_identify(log) by extensions ['ignore', 'ignore_ament_install']
[0.623s] Level 1:colcon.colcon_core.package_identification:_identify(log) by extension 'ignore'
[0.623s] Level 1:colcon.colcon_core.package_identification:_identify(log) ignored
[0.624s] Level 1:colcon.colcon_core.package_identification:_identify(maps) by extensions ['ignore', 'ignore_ament_install']
[0.624s] Level 1:colcon.colcon_core.package_identification:_identify(maps) by extension 'ignore'
[0.624s] Level 1:colcon.colcon_core.package_identification:_identify(maps) by extension 'ignore_ament_install'
[0.624s] Level 1:colcon.colcon_core.package_identification:_identify(maps) by extensions ['colcon_pkg']
[0.624s] Level 1:colcon.colcon_core.package_identification:_identify(maps) by extension 'colcon_pkg'
[0.624s] Level 1:colcon.colcon_core.package_identification:_identify(maps) by extensions ['colcon_meta']
[0.624s] Level 1:colcon.colcon_core.package_identification:_identify(maps) by extension 'colcon_meta'
[0.624s] Level 1:colcon.colcon_core.package_identification:_identify(maps) by extensions ['ros']
[0.625s] Level 1:colcon.colcon_core.package_identification:_identify(maps) by extension 'ros'
[0.625s] Level 1:colcon.colcon_core.package_identification:_identify(maps) by extensions ['cmake', 'python']
[0.625s] Level 1:colcon.colcon_core.package_identification:_identify(maps) by extension 'cmake'
[0.625s] Level 1:colcon.colcon_core.package_identification:_identify(maps) by extension 'python'
[0.625s] Level 1:colcon.colcon_core.package_identification:_identify(maps) by extensions ['python_setup_py']
[0.625s] Level 1:colcon.colcon_core.package_identification:_identify(maps) by extension 'python_setup_py'
[0.625s] Level 1:colcon.colcon_core.package_identification:_identify(maps/temp) by extensions ['ignore', 'ignore_ament_install']
[0.626s] Level 1:colcon.colcon_core.package_identification:_identify(maps/temp) by extension 'ignore'
[0.626s] Level 1:colcon.colcon_core.package_identification:_identify(maps/temp) by extension 'ignore_ament_install'
[0.626s] Level 1:colcon.colcon_core.package_identification:_identify(maps/temp) by extensions ['colcon_pkg']
[0.626s] Level 1:colcon.colcon_core.package_identification:_identify(maps/temp) by extension 'colcon_pkg'
[0.626s] Level 1:colcon.colcon_core.package_identification:_identify(maps/temp) by extensions ['colcon_meta']
[0.626s] Level 1:colcon.colcon_core.package_identification:_identify(maps/temp) by extension 'colcon_meta'
[0.626s] Level 1:colcon.colcon_core.package_identification:_identify(maps/temp) by extensions ['ros']
[0.626s] Level 1:colcon.colcon_core.package_identification:_identify(maps/temp) by extension 'ros'
[0.627s] Level 1:colcon.colcon_core.package_identification:_identify(maps/temp) by extensions ['cmake', 'python']
[0.627s] Level 1:colcon.colcon_core.package_identification:_identify(maps/temp) by extension 'cmake'
[0.627s] Level 1:colcon.colcon_core.package_identification:_identify(maps/temp) by extension 'python'
[0.627s] Level 1:colcon.colcon_core.package_identification:_identify(maps/temp) by extensions ['python_setup_py']
[0.627s] Level 1:colcon.colcon_core.package_identification:_identify(maps/temp) by extension 'python_setup_py'
[0.627s] Level 1:colcon.colcon_core.package_identification:_identify(notebook_ws) by extensions ['ignore', 'ignore_ament_install']
[0.627s] Level 1:colcon.colcon_core.package_identification:_identify(notebook_ws) by extension 'ignore'
[0.628s] Level 1:colcon.colcon_core.package_identification:_identify(notebook_ws) by extension 'ignore_ament_install'
[0.628s] Level 1:colcon.colcon_core.package_identification:_identify(notebook_ws) by extensions ['colcon_pkg']
[0.628s] Level 1:colcon.colcon_core.package_identification:_identify(notebook_ws) by extension 'colcon_pkg'
[0.628s] Level 1:colcon.colcon_core.package_identification:_identify(notebook_ws) by extensions ['colcon_meta']
[0.628s] Level 1:colcon.colcon_core.package_identification:_identify(notebook_ws) by extension 'colcon_meta'
[0.628s] Level 1:colcon.colcon_core.package_identification:_identify(notebook_ws) by extensions ['ros']
[0.628s] Level 1:colcon.colcon_core.package_identification:_identify(notebook_ws) by extension 'ros'
[0.628s] Level 1:colcon.colcon_core.package_identification:_identify(notebook_ws) by extensions ['cmake', 'python']
[0.629s] Level 1:colcon.colcon_core.package_identification:_identify(notebook_ws) by extension 'cmake'
[0.629s] Level 1:colcon.colcon_core.package_identification:_identify(notebook_ws) by extension 'python'
[0.629s] Level 1:colcon.colcon_core.package_identification:_identify(notebook_ws) by extensions ['python_setup_py']
[0.629s] Level 1:colcon.colcon_core.package_identification:_identify(notebook_ws) by extension 'python_setup_py'
[0.629s] Level 1:colcon.colcon_core.package_identification:_identify(notebook_ws/images) by extensions ['ignore', 'ignore_ament_install']
[0.629s] Level 1:colcon.colcon_core.package_identification:_identify(notebook_ws/images) by extension 'ignore'
[0.629s] Level 1:colcon.colcon_core.package_identification:_identify(notebook_ws/images) by extension 'ignore_ament_install'
[0.630s] Level 1:colcon.colcon_core.package_identification:_identify(notebook_ws/images) by extensions ['colcon_pkg']
[0.630s] Level 1:colcon.colcon_core.package_identification:_identify(notebook_ws/images) by extension 'colcon_pkg'
[0.630s] Level 1:colcon.colcon_core.package_identification:_identify(notebook_ws/images) by extensions ['colcon_meta']
[0.630s] Level 1:colcon.colcon_core.package_identification:_identify(notebook_ws/images) by extension 'colcon_meta'
[0.630s] Level 1:colcon.colcon_core.package_identification:_identify(notebook_ws/images) by extensions ['ros']
[0.630s] Level 1:colcon.colcon_core.package_identification:_identify(notebook_ws/images) by extension 'ros'
[0.630s] Level 1:colcon.colcon_core.package_identification:_identify(notebook_ws/images) by extensions ['cmake', 'python']
[0.631s] Level 1:colcon.colcon_core.package_identification:_identify(notebook_ws/images) by extension 'cmake'
[0.631s] Level 1:colcon.colcon_core.package_identification:_identify(notebook_ws/images) by extension 'python'
[0.631s] Level 1:colcon.colcon_core.package_identification:_identify(notebook_ws/images) by extensions ['python_setup_py']
[0.631s] Level 1:colcon.colcon_core.package_identification:_identify(notebook_ws/images) by extension 'python_setup_py'
[0.631s] Level 1:colcon.colcon_core.package_identification:_identify(ros2_ws) by extensions ['ignore', 'ignore_ament_install']
[0.631s] Level 1:colcon.colcon_core.package_identification:_identify(ros2_ws) by extension 'ignore'
[0.631s] Level 1:colcon.colcon_core.package_identification:_identify(ros2_ws) by extension 'ignore_ament_install'
[0.632s] Level 1:colcon.colcon_core.package_identification:_identify(ros2_ws) by extensions ['colcon_pkg']
[0.632s] Level 1:colcon.colcon_core.package_identification:_identify(ros2_ws) by extension 'colcon_pkg'
[0.632s] Level 1:colcon.colcon_core.package_identification:_identify(ros2_ws) by extensions ['colcon_meta']
[0.632s] Level 1:colcon.colcon_core.package_identification:_identify(ros2_ws) by extension 'colcon_meta'
[0.632s] Level 1:colcon.colcon_core.package_identification:_identify(ros2_ws) by extensions ['ros']
[0.632s] Level 1:colcon.colcon_core.package_identification:_identify(ros2_ws) by extension 'ros'
[0.632s] Level 1:colcon.colcon_core.package_identification:_identify(ros2_ws) by extensions ['cmake', 'python']
[0.632s] Level 1:colcon.colcon_core.package_identification:_identify(ros2_ws) by extension 'cmake'
[0.633s] Level 1:colcon.colcon_core.package_identification:_identify(ros2_ws) by extension 'python'
[0.633s] Level 1:colcon.colcon_core.package_identification:_identify(ros2_ws) by extensions ['python_setup_py']
[0.633s] Level 1:colcon.colcon_core.package_identification:_identify(ros2_ws) by extension 'python_setup_py'
[0.633s] Level 1:colcon.colcon_core.package_identification:_identify(ros2_ws/build) by extensions ['ignore', 'ignore_ament_install']
[0.633s] Level 1:colcon.colcon_core.package_identification:_identify(ros2_ws/build) by extension 'ignore'
[0.633s] Level 1:colcon.colcon_core.package_identification:_identify(ros2_ws/build) ignored
[0.633s] Level 1:colcon.colcon_core.package_identification:_identify(ros2_ws/install) by extensions ['ignore', 'ignore_ament_install']
[0.634s] Level 1:colcon.colcon_core.package_identification:_identify(ros2_ws/install) by extension 'ignore'
[0.634s] Level 1:colcon.colcon_core.package_identification:_identify(ros2_ws/install) ignored
[0.634s] Level 1:colcon.colcon_core.package_identification:_identify(ros2_ws/log) by extensions ['ignore', 'ignore_ament_install']
[0.634s] Level 1:colcon.colcon_core.package_identification:_identify(ros2_ws/log) by extension 'ignore'
[0.634s] Level 1:colcon.colcon_core.package_identification:_identify(ros2_ws/log) ignored
[0.634s] Level 1:colcon.colcon_core.package_identification:_identify(ros2_ws/src) by extensions ['ignore', 'ignore_ament_install']
[0.635s] Level 1:colcon.colcon_core.package_identification:_identify(ros2_ws/src) by extension 'ignore'
[0.635s] Level 1:colcon.colcon_core.package_identification:_identify(ros2_ws/src) by extension 'ignore_ament_install'
[0.635s] Level 1:colcon.colcon_core.package_identification:_identify(ros2_ws/src) by extensions ['colcon_pkg']
[0.635s] Level 1:colcon.colcon_core.package_identification:_identify(ros2_ws/src) by extension 'colcon_pkg'
[0.635s] Level 1:colcon.colcon_core.package_identification:_identify(ros2_ws/src) by extensions ['colcon_meta']
[0.635s] Level 1:colcon.colcon_core.package_identification:_identify(ros2_ws/src) by extension 'colcon_meta'
[0.635s] Level 1:colcon.colcon_core.package_identification:_identify(ros2_ws/src) by extensions ['ros']
[0.635s] Level 1:colcon.colcon_core.package_identification:_identify(ros2_ws/src) by extension 'ros'
[0.635s] Level 1:colcon.colcon_core.package_identification:_identify(ros2_ws/src) by extensions ['cmake', 'python']
[0.635s] Level 1:colcon.colcon_core.package_identification:_identify(ros2_ws/src) by extension 'cmake'
[0.636s] Level 1:colcon.colcon_core.package_identification:_identify(ros2_ws/src) by extension 'python'
[0.636s] Level 1:colcon.colcon_core.package_identification:_identify(ros2_ws/src) by extensions ['python_setup_py']
[0.636s] Level 1:colcon.colcon_core.package_identification:_identify(ros2_ws/src) by extension 'python_setup_py'
[0.636s] Level 1:colcon.colcon_core.package_identification:_identify(ros2_ws/src/my_package) by extensions ['ignore', 'ignore_ament_install']
[0.636s] Level 1:colcon.colcon_core.package_identification:_identify(ros2_ws/src/my_package) by extension 'ignore'
[0.636s] Level 1:colcon.colcon_core.package_identification:_identify(ros2_ws/src/my_package) by extension 'ignore_ament_install'
[0.636s] Level 1:colcon.colcon_core.package_identification:_identify(ros2_ws/src/my_package) by extensions ['colcon_pkg']
[0.636s] Level 1:colcon.colcon_core.package_identification:_identify(ros2_ws/src/my_package) by extension 'colcon_pkg'
[0.636s] Level 1:colcon.colcon_core.package_identification:_identify(ros2_ws/src/my_package) by extensions ['colcon_meta']
[0.637s] Level 1:colcon.colcon_core.package_identification:_identify(ros2_ws/src/my_package) by extension 'colcon_meta'
[0.637s] Level 1:colcon.colcon_core.package_identification:_identify(ros2_ws/src/my_package) by extensions ['ros']
[0.637s] Level 1:colcon.colcon_core.package_identification:_identify(ros2_ws/src/my_package) by extension 'ros'
[0.640s] DEBUG:colcon.colcon_core.package_identification:Package 'ros2_ws/src/my_package' with type 'ros.ament_python' and name 'my_package'
[0.641s] Level 1:colcon.colcon_core.package_identification:_identify(turtlebot3_ws) by extensions ['ignore', 'ignore_ament_install']
[0.641s] Level 1:colcon.colcon_core.package_identification:_identify(turtlebot3_ws) by extension 'ignore'
[0.641s] Level 1:colcon.colcon_core.package_identification:_identify(turtlebot3_ws) by extension 'ignore_ament_install'
[0.641s] Level 1:colcon.colcon_core.package_identification:_identify(turtlebot3_ws) by extensions ['colcon_pkg']
[0.641s] Level 1:colcon.colcon_core.package_identification:_identify(turtlebot3_ws) by extension 'colcon_pkg'
[0.641s] Level 1:colcon.colcon_core.package_identification:_identify(turtlebot3_ws) by extensions ['colcon_meta']
[0.641s] Level 1:colcon.colcon_core.package_identification:_identify(turtlebot3_ws) by extension 'colcon_meta'
[0.641s] Level 1:colcon.colcon_core.package_identification:_identify(turtlebot3_ws) by extensions ['ros']
[0.641s] Level 1:colcon.colcon_core.package_identification:_identify(turtlebot3_ws) by extension 'ros'
[0.641s] Level 1:colcon.colcon_core.package_identification:_identify(turtlebot3_ws) by extensions ['cmake', 'python']
[0.642s] Level 1:colcon.colcon_core.package_identification:_identify(turtlebot3_ws) by extension 'cmake'
[0.642s] Level 1:colcon.colcon_core.package_identification:_identify(turtlebot3_ws) by extension 'python'
[0.642s] Level 1:colcon.colcon_core.package_identification:_identify(turtlebot3_ws) by extensions ['python_setup_py']
[0.642s] Level 1:colcon.colcon_core.package_identification:_identify(turtlebot3_ws) by extension 'python_setup_py'
[0.642s] Level 1:colcon.colcon_core.package_identification:_identify(turtlebot3_ws/build) by extensions ['ignore', 'ignore_ament_install']
[0.642s] Level 1:colcon.colcon_core.package_identification:_identify(turtlebot3_ws/build) by extension 'ignore'
[0.642s] Level 1:colcon.colcon_core.package_identification:_identify(turtlebot3_ws/build) ignored
[0.642s] Level 1:colcon.colcon_core.package_identification:_identify(turtlebot3_ws/install) by extensions ['ignore', 'ignore_ament_install']
[0.643s] Level 1:colcon.colcon_core.package_identification:_identify(turtlebot3_ws/install) by extension 'ignore'
[0.643s] Level 1:colcon.colcon_core.package_identification:_identify(turtlebot3_ws/install) ignored
[0.643s] Level 1:colcon.colcon_core.package_identification:_identify(turtlebot3_ws/log) by extensions ['ignore', 'ignore_ament_install']
[0.643s] Level 1:colcon.colcon_core.package_identification:_identify(turtlebot3_ws/log) by extension 'ignore'
[0.643s] Level 1:colcon.colcon_core.package_identification:_identify(turtlebot3_ws/log) ignored
[0.643s] Level 1:colcon.colcon_core.package_identification:_identify(turtlebot3_ws/src) by extensions ['ignore', 'ignore_ament_install']
[0.643s] Level 1:colcon.colcon_core.package_identification:_identify(turtlebot3_ws/src) by extension 'ignore'
[0.643s] Level 1:colcon.colcon_core.package_identification:_identify(turtlebot3_ws/src) by extension 'ignore_ament_install'
[0.644s] Level 1:colcon.colcon_core.package_identification:_identify(turtlebot3_ws/src) by extensions ['colcon_pkg']
[0.644s] Level 1:colcon.colcon_core.package_identification:_identify(turtlebot3_ws/src) by extension 'colcon_pkg'
[0.644s] Level 1:colcon.colcon_core.package_identification:_identify(turtlebot3_ws/src) by extensions ['colcon_meta']
[0.644s] Level 1:colcon.colcon_core.package_identification:_identify(turtlebot3_ws/src) by extension 'colcon_meta'
[0.644s] Level 1:colcon.colcon_core.package_identification:_identify(turtlebot3_ws/src) by extensions ['ros']
[0.644s] Level 1:colcon.colcon_core.package_identification:_identify(turtlebot3_ws/src) by extension 'ros'
[0.644s] Level 1:colcon.colcon_core.package_identification:_identify(turtlebot3_ws/src) by extensions ['cmake', 'python']
[0.644s] Level 1:colcon.colcon_core.package_identification:_identify(turtlebot3_ws/src) by extension 'cmake'
[0.644s] Level 1:colcon.colcon_core.package_identification:_identify(turtlebot3_ws/src) by extension 'python'
[0.645s] Level 1:colcon.colcon_core.package_identification:_identify(turtlebot3_ws/src) by extensions ['python_setup_py']
[0.645s] Level 1:colcon.colcon_core.package_identification:_identify(turtlebot3_ws/src) by extension 'python_setup_py'
[0.645s] Level 1:colcon.colcon_core.package_identification:_identify(turtlebot3_ws/src/build) by extensions ['ignore', 'ignore_ament_install']
[0.645s] Level 1:colcon.colcon_core.package_identification:_identify(turtlebot3_ws/src/build) by extension 'ignore'
[0.645s] Level 1:colcon.colcon_core.package_identification:_identify(turtlebot3_ws/src/build) ignored
[0.645s] Level 1:colcon.colcon_core.package_identification:_identify(turtlebot3_ws/src/install) by extensions ['ignore', 'ignore_ament_install']
[0.645s] Level 1:colcon.colcon_core.package_identification:_identify(turtlebot3_ws/src/install) by extension 'ignore'
[0.645s] Level 1:colcon.colcon_core.package_identification:_identify(turtlebot3_ws/src/install) ignored
[0.646s] Level 1:colcon.colcon_core.package_identification:_identify(turtlebot3_ws/src/log) by extensions ['ignore', 'ignore_ament_install']
[0.646s] Level 1:colcon.colcon_core.package_identification:_identify(turtlebot3_ws/src/log) by extension 'ignore'
[0.646s] Level 1:colcon.colcon_core.package_identification:_identify(turtlebot3_ws/src/log) ignored
[0.646s] Level 1:colcon.colcon_core.package_identification:_identify(turtlebot3_ws/src/turtlebot3_fake_node) by extensions ['ignore', 'ignore_ament_install']
[0.646s] Level 1:colcon.colcon_core.package_identification:_identify(turtlebot3_ws/src/turtlebot3_fake_node) by extension 'ignore'
[0.646s] Level 1:colcon.colcon_core.package_identification:_identify(turtlebot3_ws/src/turtlebot3_fake_node) by extension 'ignore_ament_install'
[0.647s] Level 1:colcon.colcon_core.package_identification:_identify(turtlebot3_ws/src/turtlebot3_fake_node) by extensions ['colcon_pkg']
[0.647s] Level 1:colcon.colcon_core.package_identification:_identify(turtlebot3_ws/src/turtlebot3_fake_node) by extension 'colcon_pkg'
[0.647s] Level 1:colcon.colcon_core.package_identification:_identify(turtlebot3_ws/src/turtlebot3_fake_node) by extensions ['colcon_meta']
[0.647s] Level 1:colcon.colcon_core.package_identification:_identify(turtlebot3_ws/src/turtlebot3_fake_node) by extension 'colcon_meta'
[0.647s] Level 1:colcon.colcon_core.package_identification:_identify(turtlebot3_ws/src/turtlebot3_fake_node) by extensions ['ros']
[0.647s] Level 1:colcon.colcon_core.package_identification:_identify(turtlebot3_ws/src/turtlebot3_fake_node) by extension 'ros'
[0.648s] DEBUG:colcon.colcon_core.package_identification:Package 'turtlebot3_ws/src/turtlebot3_fake_node' with type 'ros.ament_cmake' and name 'turtlebot3_fake_node'
[0.649s] Level 1:colcon.colcon_core.package_identification:_identify(turtlebot3_ws/src/turtlebot3_gazebo) by extensions ['ignore', 'ignore_ament_install']
[0.649s] Level 1:colcon.colcon_core.package_identification:_identify(turtlebot3_ws/src/turtlebot3_gazebo) by extension 'ignore'
[0.649s] Level 1:colcon.colcon_core.package_identification:_identify(turtlebot3_ws/src/turtlebot3_gazebo) by extension 'ignore_ament_install'
[0.649s] Level 1:colcon.colcon_core.package_identification:_identify(turtlebot3_ws/src/turtlebot3_gazebo) by extensions ['colcon_pkg']
[0.649s] Level 1:colcon.colcon_core.package_identification:_identify(turtlebot3_ws/src/turtlebot3_gazebo) by extension 'colcon_pkg'
[0.649s] Level 1:colcon.colcon_core.package_identification:_identify(turtlebot3_ws/src/turtlebot3_gazebo) by extensions ['colcon_meta']
[0.649s] Level 1:colcon.colcon_core.package_identification:_identify(turtlebot3_ws/src/turtlebot3_gazebo) by extension 'colcon_meta'
[0.650s] Level 1:colcon.colcon_core.package_identification:_identify(turtlebot3_ws/src/turtlebot3_gazebo) by extensions ['ros']
[0.650s] Level 1:colcon.colcon_core.package_identification:_identify(turtlebot3_ws/src/turtlebot3_gazebo) by extension 'ros'
[0.652s] DEBUG:colcon.colcon_core.package_identification:Package 'turtlebot3_ws/src/turtlebot3_gazebo' with type 'ros.ament_cmake' and name 'turtlebot3_gazebo'
[0.652s] Level 1:colcon.colcon_core.package_identification:_identify(turtlebot3_ws/src/turtlebot3_simulations) by extensions ['ignore', 'ignore_ament_install']
[0.652s] Level 1:colcon.colcon_core.package_identification:_identify(turtlebot3_ws/src/turtlebot3_simulations) by extension 'ignore'
[0.652s] Level 1:colcon.colcon_core.package_identification:_identify(turtlebot3_ws/src/turtlebot3_simulations) by extension 'ignore_ament_install'
[0.652s] Level 1:colcon.colcon_core.package_identification:_identify(turtlebot3_ws/src/turtlebot3_simulations) by extensions ['colcon_pkg']
[0.652s] Level 1:colcon.colcon_core.package_identification:_identify(turtlebot3_ws/src/turtlebot3_simulations) by extension 'colcon_pkg'
[0.653s] Level 1:colcon.colcon_core.package_identification:_identify(turtlebot3_ws/src/turtlebot3_simulations) by extensions ['colcon_meta']
[0.653s] Level 1:colcon.colcon_core.package_identification:_identify(turtlebot3_ws/src/turtlebot3_simulations) by extension 'colcon_meta'
[0.653s] Level 1:colcon.colcon_core.package_identification:_identify(turtlebot3_ws/src/turtlebot3_simulations) by extensions ['ros']
[0.653s] Level 1:colcon.colcon_core.package_identification:_identify(turtlebot3_ws/src/turtlebot3_simulations) by extension 'ros'
[0.654s] DEBUG:colcon.colcon_core.package_identification:Package 'turtlebot3_ws/src/turtlebot3_simulations' with type 'ros.ament_cmake' and name 'turtlebot3_simulations'
[0.654s] Level 1:colcon.colcon_core.package_identification:_identify(webpage_ws) by extensions ['ignore', 'ignore_ament_install']
[0.654s] Level 1:colcon.colcon_core.package_identification:_identify(webpage_ws) by extension 'ignore'
[0.654s] Level 1:colcon.colcon_core.package_identification:_identify(webpage_ws) by extension 'ignore_ament_install'
[0.655s] Level 1:colcon.colcon_core.package_identification:_identify(webpage_ws) by extensions ['colcon_pkg']
[0.655s] Level 1:colcon.colcon_core.package_identification:_identify(webpage_ws) by extension 'colcon_pkg'
[0.655s] Level 1:colcon.colcon_core.package_identification:_identify(webpage_ws) by extensions ['colcon_meta']
[0.655s] Level 1:colcon.colcon_core.package_identification:_identify(webpage_ws) by extension 'colcon_meta'
[0.655s] Level 1:colcon.colcon_core.package_identification:_identify(webpage_ws) by extensions ['ros']
[0.655s] Level 1:colcon.colcon_core.package_identification:_identify(webpage_ws) by extension 'ros'
[0.655s] Level 1:colcon.colcon_core.package_identification:_identify(webpage_ws) by extensions ['cmake', 'python']
[0.655s] Level 1:colcon.colcon_core.package_identification:_identify(webpage_ws) by extension 'cmake'
[0.655s] Level 1:colcon.colcon_core.package_identification:_identify(webpage_ws) by extension 'python'
[0.656s] Level 1:colcon.colcon_core.package_identification:_identify(webpage_ws) by extensions ['python_setup_py']
[0.656s] Level 1:colcon.colcon_core.package_identification:_identify(webpage_ws) by extension 'python_setup_py'
[0.656s] Level 1:colcon.colcon_core.package_discovery:discover_packages(recursive) using defaults
[0.656s] Level 1:colcon.colcon_core.package_discovery:discover_packages(ignore) discover
[0.656s] Level 1:colcon.colcon_core.package_discovery:discover_packages(ignore) using defaults
[0.656s] Level 1:colcon.colcon_core.package_discovery:discover_packages(path) discover
[0.656s] Level 1:colcon.colcon_core.package_discovery:discover_packages(path) using defaults
[0.702s] Level 5:colcon.colcon_core.verb:set package 'my_package' build argument 'cmake_args' from command line to 'None'
[0.702s] Level 5:colcon.colcon_core.verb:set package 'my_package' build argument 'cmake_target' from command line to 'None'
[0.702s] Level 5:colcon.colcon_core.verb:set package 'my_package' build argument 'cmake_target_skip_unavailable' from command line to 'False'
[0.702s] Level 5:colcon.colcon_core.verb:set package 'my_package' build argument 'cmake_clean_cache' from command line to 'False'
[0.702s] Level 5:colcon.colcon_core.verb:set package 'my_package' build argument 'cmake_clean_first' from command line to 'False'
[0.702s] Level 5:colcon.colcon_core.verb:set package 'my_package' build argument 'cmake_force_configure' from command line to 'False'
[0.702s] Level 5:colcon.colcon_core.verb:set package 'my_package' build argument 'ament_cmake_args' from command line to 'None'
[0.702s] Level 5:colcon.colcon_core.verb:set package 'my_package' build argument 'catkin_cmake_args' from command line to 'None'
[0.702s] Level 5:colcon.colcon_core.verb:set package 'my_package' build argument 'catkin_skip_building_tests' from command line to 'False'
[0.703s] DEBUG:colcon.colcon_core.verb:Building package 'my_package' with the following arguments: {'ament_cmake_args': None, 'build_base': '/home/user/build/my_package', 'catkin_cmake_args': None, 'catkin_skip_building_tests': False, 'cmake_args': None, 'cmake_clean_cache': False, 'cmake_clean_first': False, 'cmake_force_configure': False, 'cmake_target': None, 'cmake_target_skip_unavailable': False, 'install_base': '/home/user/install/my_package', 'merge_install': False, 'path': '/home/user/ros2_ws/src/my_package', 'symlink_install': False, 'test_result_base': None}
[0.705s] Level 5:colcon.colcon_core.verb:set package 'turtlebot3_fake_node' build argument 'cmake_args' from command line to 'None'
[0.705s] Level 5:colcon.colcon_core.verb:set package 'turtlebot3_fake_node' build argument 'cmake_target' from command line to 'None'
[0.705s] Level 5:colcon.colcon_core.verb:set package 'turtlebot3_fake_node' build argument 'cmake_target_skip_unavailable' from command line to 'False'
[0.705s] Level 5:colcon.colcon_core.verb:set package 'turtlebot3_fake_node' build argument 'cmake_clean_cache' from command line to 'False'
[0.705s] Level 5:colcon.colcon_core.verb:set package 'turtlebot3_fake_node' build argument 'cmake_clean_first' from command line to 'False'
[0.705s] Level 5:colcon.colcon_core.verb:set package 'turtlebot3_fake_node' build argument 'cmake_force_configure' from command line to 'False'
[0.705s] Level 5:colcon.colcon_core.verb:set package 'turtlebot3_fake_node' build argument 'ament_cmake_args' from command line to 'None'
[0.705s] Level 5:colcon.colcon_core.verb:set package 'turtlebot3_fake_node' build argument 'catkin_cmake_args' from command line to 'None'
[0.705s] Level 5:colcon.colcon_core.verb:set package 'turtlebot3_fake_node' build argument 'catkin_skip_building_tests' from command line to 'False'
[0.705s] DEBUG:colcon.colcon_core.verb:Building package 'turtlebot3_fake_node' with the following arguments: {'ament_cmake_args': None, 'build_base': '/home/user/build/turtlebot3_fake_node', 'catkin_cmake_args': None, 'catkin_skip_building_tests': False, 'cmake_args': None, 'cmake_clean_cache': False, 'cmake_clean_first': False, 'cmake_force_configure': False, 'cmake_target': None, 'cmake_target_skip_unavailable': False, 'install_base': '/home/user/install/turtlebot3_fake_node', 'merge_install': False, 'path': '/home/user/turtlebot3_ws/src/turtlebot3_fake_node', 'symlink_install': False, 'test_result_base': None}
[0.707s] Level 5:colcon.colcon_core.verb:set package 'turtlebot3_gazebo' build argument 'cmake_args' from command line to 'None'
[0.707s] Level 5:colcon.colcon_core.verb:set package 'turtlebot3_gazebo' build argument 'cmake_target' from command line to 'None'
[0.707s] Level 5:colcon.colcon_core.verb:set package 'turtlebot3_gazebo' build argument 'cmake_target_skip_unavailable' from command line to 'False'
[0.707s] Level 5:colcon.colcon_core.verb:set package 'turtlebot3_gazebo' build argument 'cmake_clean_cache' from command line to 'False'
[0.707s] Level 5:colcon.colcon_core.verb:set package 'turtlebot3_gazebo' build argument 'cmake_clean_first' from command line to 'False'
[0.707s] Level 5:colcon.colcon_core.verb:set package 'turtlebot3_gazebo' build argument 'cmake_force_configure' from command line to 'False'
[0.707s] Level 5:colcon.colcon_core.verb:set package 'turtlebot3_gazebo' build argument 'ament_cmake_args' from command line to 'None'
[0.707s] Level 5:colcon.colcon_core.verb:set package 'turtlebot3_gazebo' build argument 'catkin_cmake_args' from command line to 'None'
[0.707s] Level 5:colcon.colcon_core.verb:set package 'turtlebot3_gazebo' build argument 'catkin_skip_building_tests' from command line to 'False'
[0.707s] DEBUG:colcon.colcon_core.verb:Building package 'turtlebot3_gazebo' with the following arguments: {'ament_cmake_args': None, 'build_base': '/home/user/build/turtlebot3_gazebo', 'catkin_cmake_args': None, 'catkin_skip_building_tests': False, 'cmake_args': None, 'cmake_clean_cache': False, 'cmake_clean_first': False, 'cmake_force_configure': False, 'cmake_target': None, 'cmake_target_skip_unavailable': False, 'install_base': '/home/user/install/turtlebot3_gazebo', 'merge_install': False, 'path': '/home/user/turtlebot3_ws/src/turtlebot3_gazebo', 'symlink_install': False, 'test_result_base': None}
[0.709s] Level 5:colcon.colcon_core.verb:set package 'turtlebot3_simulations' build argument 'cmake_args' from command line to 'None'
[0.709s] Level 5:colcon.colcon_core.verb:set package 'turtlebot3_simulations' build argument 'cmake_target' from command line to 'None'
[0.709s] Level 5:colcon.colcon_core.verb:set package 'turtlebot3_simulations' build argument 'cmake_target_skip_unavailable' from command line to 'False'
[0.709s] Level 5:colcon.colcon_core.verb:set package 'turtlebot3_simulations' build argument 'cmake_clean_cache' from command line to 'False'
[0.709s] Level 5:colcon.colcon_core.verb:set package 'turtlebot3_simulations' build argument 'cmake_clean_first' from command line to 'False'
[0.709s] Level 5:colcon.colcon_core.verb:set package 'turtlebot3_simulations' build argument 'cmake_force_configure' from command line to 'False'
[0.709s] Level 5:colcon.colcon_core.verb:set package 'turtlebot3_simulations' build argument 'ament_cmake_args' from command line to 'None'
[0.709s] Level 5:colcon.colcon_core.verb:set package 'turtlebot3_simulations' build argument 'catkin_cmake_args' from command line to 'None'
[0.709s] Level 5:colcon.colcon_core.verb:set package 'turtlebot3_simulations' build argument 'catkin_skip_building_tests' from command line to 'False'
[0.709s] DEBUG:colcon.colcon_core.verb:Building package 'turtlebot3_simulations' with the following arguments: {'ament_cmake_args': None, 'build_base': '/home/user/build/turtlebot3_simulations', 'catkin_cmake_args': None, 'catkin_skip_building_tests': False, 'cmake_args': None, 'cmake_clean_cache': False, 'cmake_clean_first': False, 'cmake_force_configure': False, 'cmake_target': None, 'cmake_target_skip_unavailable': False, 'install_base': '/home/user/install/turtlebot3_simulations', 'merge_install': False, 'path': '/home/user/turtlebot3_ws/src/turtlebot3_simulations', 'symlink_install': False, 'test_result_base': None}
[0.711s] INFO:colcon.colcon_core.executor:Executing jobs using 'parallel' executor
[0.717s] DEBUG:colcon.colcon_parallel_executor.executor.parallel:run_until_complete
[0.717s] INFO:colcon.colcon_ros.task.ament_cmake.build:Building ROS package in '/home/user/turtlebot3_ws/src/turtlebot3_fake_node' with build type 'ament_cmake'
[0.717s] INFO:colcon.colcon_cmake.task.cmake.build:Building CMake package in '/home/user/turtlebot3_ws/src/turtlebot3_fake_node'
[0.724s] INFO:colcon.colcon_core.plugin_system:Skipping extension 'colcon_core.shell.bat': Not used on non-Windows systems
[0.725s] INFO:colcon.colcon_core.shell:Skip shell extension 'powershell' for command environment: Not usable outside of PowerShell
[0.725s] DEBUG:colcon.colcon_core.shell:Skip shell extension 'dsv' for command environment
[0.737s] INFO:colcon.colcon_ros.task.ament_cmake.build:Building ROS package in '/home/user/turtlebot3_ws/src/turtlebot3_gazebo' with build type 'ament_cmake'
[0.737s] INFO:colcon.colcon_cmake.task.cmake.build:Building CMake package in '/home/user/turtlebot3_ws/src/turtlebot3_gazebo'
[0.739s] INFO:colcon.colcon_core.shell:Skip shell extension 'powershell' for command environment: Not usable outside of PowerShell
[0.739s] DEBUG:colcon.colcon_core.shell:Skip shell extension 'dsv' for command environment
[0.749s] INFO:colcon.colcon_ros.task.ament_python.build:Building ROS package in '/home/user/ros2_ws/src/my_package' with build type 'ament_python'
[0.749s] Level 1:colcon.colcon_core.shell:create_environment_hook('my_package', 'ament_prefix_path')
[0.757s] INFO:colcon.colcon_core.shell:Creating environment hook '/home/user/install/my_package/share/my_package/hook/ament_prefix_path.ps1'
[0.758s] INFO:colcon.colcon_core.shell:Creating environment descriptor '/home/user/install/my_package/share/my_package/hook/ament_prefix_path.dsv'
[0.759s] INFO:colcon.colcon_core.shell:Creating environment hook '/home/user/install/my_package/share/my_package/hook/ament_prefix_path.sh'
[0.765s] INFO:colcon.colcon_core.shell:Skip shell extension 'powershell' for command environment: Not usable outside of PowerShell
[0.765s] DEBUG:colcon.colcon_core.shell:Skip shell extension 'dsv' for command environment
[0.787s] DEBUG:colcon.colcon_core.event_handler.log_command:Invoking command in '/home/user/build/turtlebot3_fake_node': CMAKE_PREFIX_PATH=${CMAKE_PREFIX_PATH}:/home/user/ros2_ws/install/my_package:/opt/ros/humble _=/usr/bin/env /usr/bin/cmake --build /home/user/build/turtlebot3_fake_node -- -j8 -l8
[0.793s] DEBUG:colcon.colcon_core.event_handler.log_command:Invoking command in '/home/user/build/turtlebot3_gazebo': CMAKE_PREFIX_PATH=${CMAKE_PREFIX_PATH}:/home/user/ros2_ws/install/my_package:/opt/ros/humble _=/usr/bin/env /usr/bin/cmake --build /home/user/build/turtlebot3_gazebo -- -j8 -l8
[1.319s] INFO:colcon.colcon_core.task.python.build:Building Python package in '/home/user/ros2_ws/src/my_package'
[1.321s] INFO:colcon.colcon_core.shell:Skip shell extension 'powershell' for command environment: Not usable outside of PowerShell
[1.321s] DEBUG:colcon.colcon_core.shell:Skip shell extension 'dsv' for command environment
[1.332s] DEBUG:colcon.colcon_core.event_handler.log_command:Invoked command in '/home/user/build/turtlebot3_fake_node' returned '0': CMAKE_PREFIX_PATH=${CMAKE_PREFIX_PATH}:/home/user/ros2_ws/install/my_package:/opt/ros/humble _=/usr/bin/env /usr/bin/cmake --build /home/user/build/turtlebot3_fake_node -- -j8 -l8
[1.333s] DEBUG:colcon.colcon_core.event_handler.log_command:Invoked command in '/home/user/build/turtlebot3_gazebo' returned '0': CMAKE_PREFIX_PATH=${CMAKE_PREFIX_PATH}:/home/user/ros2_ws/install/my_package:/opt/ros/humble _=/usr/bin/env /usr/bin/cmake --build /home/user/build/turtlebot3_gazebo -- -j8 -l8
[1.426s] DEBUG:colcon.colcon_core.event_handler.log_command:Invoking command in '/home/user/build/turtlebot3_fake_node': CMAKE_PREFIX_PATH=${CMAKE_PREFIX_PATH}:/home/user/ros2_ws/install/my_package:/opt/ros/humble _=/usr/bin/env /usr/bin/cmake --install /home/user/build/turtlebot3_fake_node
[1.459s] DEBUG:colcon.colcon_core.event_handler.log_command:Invoking command in '/home/user/build/turtlebot3_gazebo': CMAKE_PREFIX_PATH=${CMAKE_PREFIX_PATH}:/home/user/ros2_ws/install/my_package:/opt/ros/humble _=/usr/bin/env /usr/bin/cmake --install /home/user/build/turtlebot3_gazebo
[1.467s] Level 1:colcon.colcon_core.environment:create_environment_scripts_only(turtlebot3_fake_node)
[1.484s] DEBUG:colcon.colcon_core.event_handler.log_command:Invoked command in '/home/user/build/turtlebot3_fake_node' returned '0': CMAKE_PREFIX_PATH=${CMAKE_PREFIX_PATH}:/home/user/ros2_ws/install/my_package:/opt/ros/humble _=/usr/bin/env /usr/bin/cmake --install /home/user/build/turtlebot3_fake_node
[1.491s] Level 1:colcon.colcon_core.environment:checking '/home/user/install/turtlebot3_fake_node' for CMake module files
[1.492s] Level 1:colcon.colcon_core.environment:checking '/home/user/install/turtlebot3_fake_node' for CMake config files
[1.492s] Level 1:colcon.colcon_core.shell:create_environment_hook('turtlebot3_fake_node', 'cmake_prefix_path')
[1.494s] INFO:colcon.colcon_core.shell:Creating environment hook '/home/user/install/turtlebot3_fake_node/share/turtlebot3_fake_node/hook/cmake_prefix_path.ps1'
[1.495s] INFO:colcon.colcon_core.shell:Creating environment descriptor '/home/user/install/turtlebot3_fake_node/share/turtlebot3_fake_node/hook/cmake_prefix_path.dsv'
[1.497s] INFO:colcon.colcon_core.shell:Creating environment hook '/home/user/install/turtlebot3_fake_node/share/turtlebot3_fake_node/hook/cmake_prefix_path.sh'
[1.498s] Level 1:colcon.colcon_core.environment:checking '/home/user/install/turtlebot3_fake_node/lib'
[1.499s] Level 1:colcon.colcon_core.environment:checking '/home/user/install/turtlebot3_fake_node/bin'
[1.499s] Level 1:colcon.colcon_core.environment:checking '/home/user/install/turtlebot3_fake_node/lib/pkgconfig/turtlebot3_fake_node.pc'
[1.500s] Level 1:colcon.colcon_core.environment:checking '/home/user/install/turtlebot3_fake_node/lib/python3.10/site-packages'
[1.500s] Level 1:colcon.colcon_core.environment:checking '/home/user/install/turtlebot3_fake_node/bin'
[1.502s] INFO:colcon.colcon_core.shell:Creating package script '/home/user/install/turtlebot3_fake_node/share/turtlebot3_fake_node/package.ps1'
[1.504s] INFO:colcon.colcon_core.shell:Creating package descriptor '/home/user/install/turtlebot3_fake_node/share/turtlebot3_fake_node/package.dsv'
[1.505s] INFO:colcon.colcon_core.shell:Creating package script '/home/user/install/turtlebot3_fake_node/share/turtlebot3_fake_node/package.sh'
[1.508s] INFO:colcon.colcon_core.shell:Creating package script '/home/user/install/turtlebot3_fake_node/share/turtlebot3_fake_node/package.bash'
[1.510s] INFO:colcon.colcon_core.shell:Creating package script '/home/user/install/turtlebot3_fake_node/share/turtlebot3_fake_node/package.zsh'
[1.511s] Level 1:colcon.colcon_core.environment:create_file_with_runtime_dependencies(/home/user/install/turtlebot3_fake_node/share/colcon-core/packages/turtlebot3_fake_node)
[1.515s] Level 1:colcon.colcon_core.environment:create_environment_scripts_only(turtlebot3_gazebo)
[1.517s] Level 1:colcon.colcon_core.environment:checking '/home/user/install/turtlebot3_gazebo' for CMake module files
[1.519s] Level 1:colcon.colcon_core.environment:checking '/home/user/install/turtlebot3_gazebo' for CMake config files
[1.520s] Level 1:colcon.colcon_core.shell:create_environment_hook('turtlebot3_gazebo', 'cmake_prefix_path')
[1.522s] INFO:colcon.colcon_core.shell:Creating environment hook '/home/user/install/turtlebot3_gazebo/share/turtlebot3_gazebo/hook/cmake_prefix_path.ps1'
[1.523s] INFO:colcon.colcon_core.shell:Creating environment descriptor '/home/user/install/turtlebot3_gazebo/share/turtlebot3_gazebo/hook/cmake_prefix_path.dsv'
[1.524s] INFO:colcon.colcon_core.shell:Creating environment hook '/home/user/install/turtlebot3_gazebo/share/turtlebot3_gazebo/hook/cmake_prefix_path.sh'
[1.526s] Level 1:colcon.colcon_core.environment:checking '/home/user/install/turtlebot3_gazebo/lib'
[1.526s] Level 1:colcon.colcon_core.environment:checking '/home/user/install/turtlebot3_gazebo/bin'
[1.526s] Level 1:colcon.colcon_core.environment:checking '/home/user/install/turtlebot3_gazebo/lib/pkgconfig/turtlebot3_gazebo.pc'
[1.527s] Level 1:colcon.colcon_core.environment:checking '/home/user/install/turtlebot3_gazebo/lib/python3.10/site-packages'
[1.527s] Level 1:colcon.colcon_core.environment:checking '/home/user/install/turtlebot3_gazebo/bin'
[1.529s] INFO:colcon.colcon_core.shell:Creating package script '/home/user/install/turtlebot3_gazebo/share/turtlebot3_gazebo/package.ps1'
[1.555s] INFO:colcon.colcon_core.shell:Creating package descriptor '/home/user/install/turtlebot3_gazebo/share/turtlebot3_gazebo/package.dsv'
[1.556s] INFO:colcon.colcon_core.shell:Creating package script '/home/user/install/turtlebot3_gazebo/share/turtlebot3_gazebo/package.sh'
[1.556s] INFO:colcon.colcon_core.shell:Creating package script '/home/user/install/turtlebot3_gazebo/share/turtlebot3_gazebo/package.bash'
[1.558s] INFO:colcon.colcon_core.shell:Creating package script '/home/user/install/turtlebot3_gazebo/share/turtlebot3_gazebo/package.zsh'
[1.559s] Level 1:colcon.colcon_core.environment:create_file_with_runtime_dependencies(/home/user/install/turtlebot3_gazebo/share/colcon-core/packages/turtlebot3_gazebo)
[1.563s] DEBUG:colcon.colcon_core.event_handler.log_command:Invoked command in '/home/user/build/turtlebot3_gazebo' returned '0': CMAKE_PREFIX_PATH=${CMAKE_PREFIX_PATH}:/home/user/ros2_ws/install/my_package:/opt/ros/humble _=/usr/bin/env /usr/bin/cmake --install /home/user/build/turtlebot3_gazebo
[1.632s] Level 1:colcon.colcon_core.environment:create_environment_scripts_only(turtlebot3_fake_node)
[1.636s] Level 1:colcon.colcon_core.environment:checking '/home/user/install/turtlebot3_fake_node' for CMake module files
[1.637s] Level 1:colcon.colcon_core.environment:checking '/home/user/install/turtlebot3_fake_node' for CMake config files
[1.637s] Level 1:colcon.colcon_core.shell:create_environment_hook('turtlebot3_fake_node', 'cmake_prefix_path')
[1.639s] INFO:colcon.colcon_core.shell:Creating environment hook '/home/user/install/turtlebot3_fake_node/share/turtlebot3_fake_node/hook/cmake_prefix_path.ps1'
[1.640s] INFO:colcon.colcon_core.shell:Creating environment descriptor '/home/user/install/turtlebot3_fake_node/share/turtlebot3_fake_node/hook/cmake_prefix_path.dsv'
[1.641s] INFO:colcon.colcon_core.shell:Creating environment hook '/home/user/install/turtlebot3_fake_node/share/turtlebot3_fake_node/hook/cmake_prefix_path.sh'
[1.641s] Level 1:colcon.colcon_core.environment:checking '/home/user/install/turtlebot3_fake_node/lib'
[1.641s] Level 1:colcon.colcon_core.environment:checking '/home/user/install/turtlebot3_fake_node/bin'
[1.642s] Level 1:colcon.colcon_core.environment:checking '/home/user/install/turtlebot3_fake_node/lib/pkgconfig/turtlebot3_fake_node.pc'
[1.642s] Level 1:colcon.colcon_core.environment:checking '/home/user/install/turtlebot3_fake_node/lib/python3.10/site-packages'
[1.651s] Level 1:colcon.colcon_core.environment:checking '/home/user/install/turtlebot3_fake_node/bin'
[1.654s] INFO:colcon.colcon_core.shell:Creating package script '/home/user/install/turtlebot3_fake_node/share/turtlebot3_fake_node/package.ps1'
[1.655s] INFO:colcon.colcon_core.shell:Creating package descriptor '/home/user/install/turtlebot3_fake_node/share/turtlebot3_fake_node/package.dsv'
[1.656s] INFO:colcon.colcon_core.shell:Creating package script '/home/user/install/turtlebot3_fake_node/share/turtlebot3_fake_node/package.sh'
[1.657s] INFO:colcon.colcon_core.shell:Creating package script '/home/user/install/turtlebot3_fake_node/share/turtlebot3_fake_node/package.bash'
[1.658s] INFO:colcon.colcon_core.shell:Creating package script '/home/user/install/turtlebot3_fake_node/share/turtlebot3_fake_node/package.zsh'
[1.660s] Level 1:colcon.colcon_core.environment:create_file_with_runtime_dependencies(/home/user/install/turtlebot3_fake_node/share/colcon-core/packages/turtlebot3_fake_node)
[1.720s] Level 1:colcon.colcon_core.environment:create_environment_scripts_only(turtlebot3_gazebo)
[1.723s] Level 1:colcon.colcon_core.environment:checking '/home/user/install/turtlebot3_gazebo' for CMake module files
[1.724s] Level 1:colcon.colcon_core.environment:checking '/home/user/install/turtlebot3_gazebo' for CMake config files
[1.724s] Level 1:colcon.colcon_core.shell:create_environment_hook('turtlebot3_gazebo', 'cmake_prefix_path')
[1.726s] INFO:colcon.colcon_core.shell:Creating environment hook '/home/user/install/turtlebot3_gazebo/share/turtlebot3_gazebo/hook/cmake_prefix_path.ps1'
[1.727s] INFO:colcon.colcon_core.shell:Creating environment descriptor '/home/user/install/turtlebot3_gazebo/share/turtlebot3_gazebo/hook/cmake_prefix_path.dsv'
[1.727s] INFO:colcon.colcon_core.shell:Creating environment hook '/home/user/install/turtlebot3_gazebo/share/turtlebot3_gazebo/hook/cmake_prefix_path.sh'
[1.728s] Level 1:colcon.colcon_core.environment:checking '/home/user/install/turtlebot3_gazebo/lib'
[1.728s] Level 1:colcon.colcon_core.environment:checking '/home/user/install/turtlebot3_gazebo/bin'
[1.728s] Level 1:colcon.colcon_core.environment:checking '/home/user/install/turtlebot3_gazebo/lib/pkgconfig/turtlebot3_gazebo.pc'
[1.729s] Level 1:colcon.colcon_core.environment:checking '/home/user/install/turtlebot3_gazebo/lib/python3.10/site-packages'
[1.729s] Level 1:colcon.colcon_core.environment:checking '/home/user/install/turtlebot3_gazebo/bin'
[1.731s] INFO:colcon.colcon_core.shell:Creating package script '/home/user/install/turtlebot3_gazebo/share/turtlebot3_gazebo/package.ps1'
[1.732s] INFO:colcon.colcon_core.shell:Creating package descriptor '/home/user/install/turtlebot3_gazebo/share/turtlebot3_gazebo/package.dsv'
[1.732s] INFO:colcon.colcon_core.shell:Creating package script '/home/user/install/turtlebot3_gazebo/share/turtlebot3_gazebo/package.sh'
[1.733s] INFO:colcon.colcon_core.shell:Creating package script '/home/user/install/turtlebot3_gazebo/share/turtlebot3_gazebo/package.bash'
[1.733s] INFO:colcon.colcon_core.shell:Creating package script '/home/user/install/turtlebot3_gazebo/share/turtlebot3_gazebo/package.zsh'
[1.734s] Level 1:colcon.colcon_core.environment:create_file_with_runtime_dependencies(/home/user/install/turtlebot3_gazebo/share/colcon-core/packages/turtlebot3_gazebo)
[1.734s] INFO:colcon.colcon_ros.task.ament_cmake.build:Building ROS package in '/home/user/turtlebot3_ws/src/turtlebot3_simulations' with build type 'ament_cmake'
[1.735s] INFO:colcon.colcon_cmake.task.cmake.build:Building CMake package in '/home/user/turtlebot3_ws/src/turtlebot3_simulations'
[1.737s] INFO:colcon.colcon_core.shell:Skip shell extension 'powershell' for command environment: Not usable outside of PowerShell
[1.738s] DEBUG:colcon.colcon_core.shell:Skip shell extension 'dsv' for command environment
[1.774s] DEBUG:colcon.colcon_core.event_handler.log_command:Invoking command in '/home/user/build/turtlebot3_simulations': AMENT_PREFIX_PATH=/home/user/install/turtlebot3_gazebo:/home/user/install/turtlebot3_fake_node:${AMENT_PREFIX_PATH} CMAKE_PREFIX_PATH=/home/user/install/turtlebot3_gazebo:/home/user/install/turtlebot3_fake_node:/home/user/turtlebot3_ws/install/turtlebot3_simulations:/home/user/turtlebot3_ws/install/turtlebot3_gazebo:/home/user/turtlebot3_ws/install/turtlebot3_fake_node:/home/user/ros2_ws/install/my_package:/opt/ros/humble _=/usr/bin/env /usr/bin/cmake --build /home/user/build/turtlebot3_simulations -- -j8 -l8
[1.833s] DEBUG:colcon.colcon_core.event_handler.log_command:Invoked command in '/home/user/build/turtlebot3_simulations' returned '0': AMENT_PREFIX_PATH=/home/user/install/turtlebot3_gazebo:/home/user/install/turtlebot3_fake_node:${AMENT_PREFIX_PATH} CMAKE_PREFIX_PATH=/home/user/install/turtlebot3_gazebo:/home/user/install/turtlebot3_fake_node:/home/user/turtlebot3_ws/install/turtlebot3_simulations:/home/user/turtlebot3_ws/install/turtlebot3_gazebo:/home/user/turtlebot3_ws/install/turtlebot3_fake_node:/home/user/ros2_ws/install/my_package:/opt/ros/humble _=/usr/bin/env /usr/bin/cmake --build /home/user/build/turtlebot3_simulations -- -j8 -l8
[1.937s] DEBUG:colcon.colcon_core.event_handler.log_command:Invoking command in '/home/user/build/turtlebot3_simulations': AMENT_PREFIX_PATH=/home/user/install/turtlebot3_gazebo:/home/user/install/turtlebot3_fake_node:${AMENT_PREFIX_PATH} CMAKE_PREFIX_PATH=/home/user/install/turtlebot3_gazebo:/home/user/install/turtlebot3_fake_node:/home/user/turtlebot3_ws/install/turtlebot3_simulations:/home/user/turtlebot3_ws/install/turtlebot3_gazebo:/home/user/turtlebot3_ws/install/turtlebot3_fake_node:/home/user/ros2_ws/install/my_package:/opt/ros/humble _=/usr/bin/env /usr/bin/cmake --install /home/user/build/turtlebot3_simulations
[1.949s] Level 1:colcon.colcon_core.environment:create_environment_scripts_only(turtlebot3_simulations)
[1.958s] Level 1:colcon.colcon_core.environment:checking '/home/user/install/turtlebot3_simulations' for CMake module files
[1.961s] Level 1:colcon.colcon_core.environment:checking '/home/user/install/turtlebot3_simulations' for CMake config files
[1.961s] DEBUG:colcon.colcon_core.event_handler.log_command:Invoked command in '/home/user/build/turtlebot3_simulations' returned '0': AMENT_PREFIX_PATH=/home/user/install/turtlebot3_gazebo:/home/user/install/turtlebot3_fake_node:${AMENT_PREFIX_PATH} CMAKE_PREFIX_PATH=/home/user/install/turtlebot3_gazebo:/home/user/install/turtlebot3_fake_node:/home/user/turtlebot3_ws/install/turtlebot3_simulations:/home/user/turtlebot3_ws/install/turtlebot3_gazebo:/home/user/turtlebot3_ws/install/turtlebot3_fake_node:/home/user/ros2_ws/install/my_package:/opt/ros/humble _=/usr/bin/env /usr/bin/cmake --install /home/user/build/turtlebot3_simulations
[1.962s] Level 1:colcon.colcon_core.shell:create_environment_hook('turtlebot3_simulations', 'cmake_prefix_path')
[1.965s] INFO:colcon.colcon_core.shell:Creating environment hook '/home/user/install/turtlebot3_simulations/share/turtlebot3_simulations/hook/cmake_prefix_path.ps1'
[1.966s] INFO:colcon.colcon_core.shell:Creating environment descriptor '/home/user/install/turtlebot3_simulations/share/turtlebot3_simulations/hook/cmake_prefix_path.dsv'
[1.969s] INFO:colcon.colcon_core.shell:Creating environment hook '/home/user/install/turtlebot3_simulations/share/turtlebot3_simulations/hook/cmake_prefix_path.sh'
[1.970s] Level 1:colcon.colcon_core.environment:checking '/home/user/install/turtlebot3_simulations/bin'
[1.970s] Level 1:colcon.colcon_core.environment:checking '/home/user/install/turtlebot3_simulations/lib/pkgconfig/turtlebot3_simulations.pc'
[1.971s] Level 1:colcon.colcon_core.environment:checking '/home/user/install/turtlebot3_simulations/lib/python3.10/site-packages'
[1.972s] Level 1:colcon.colcon_core.environment:checking '/home/user/install/turtlebot3_simulations/bin'
[1.979s] INFO:colcon.colcon_core.shell:Creating package script '/home/user/install/turtlebot3_simulations/share/turtlebot3_simulations/package.ps1'
[1.980s] INFO:colcon.colcon_core.shell:Creating package descriptor '/home/user/install/turtlebot3_simulations/share/turtlebot3_simulations/package.dsv'
[1.980s] INFO:colcon.colcon_core.shell:Creating package script '/home/user/install/turtlebot3_simulations/share/turtlebot3_simulations/package.sh'
[1.981s] INFO:colcon.colcon_core.shell:Creating package script '/home/user/install/turtlebot3_simulations/share/turtlebot3_simulations/package.bash'
[1.982s] INFO:colcon.colcon_core.shell:Creating package script '/home/user/install/turtlebot3_simulations/share/turtlebot3_simulations/package.zsh'
[1.982s] Level 1:colcon.colcon_core.environment:create_file_with_runtime_dependencies(/home/user/install/turtlebot3_simulations/share/colcon-core/packages/turtlebot3_simulations)
[2.025s] Level 1:colcon.colcon_core.environment:create_environment_scripts_only(turtlebot3_simulations)
[2.029s] Level 1:colcon.colcon_core.environment:checking '/home/user/install/turtlebot3_simulations' for CMake module files
[2.030s] Level 1:colcon.colcon_core.environment:checking '/home/user/install/turtlebot3_simulations' for CMake config files
[2.030s] Level 1:colcon.colcon_core.shell:create_environment_hook('turtlebot3_simulations', 'cmake_prefix_path')
[2.033s] INFO:colcon.colcon_core.shell:Creating environment hook '/home/user/install/turtlebot3_simulations/share/turtlebot3_simulations/hook/cmake_prefix_path.ps1'
[2.034s] INFO:colcon.colcon_core.shell:Creating environment descriptor '/home/user/install/turtlebot3_simulations/share/turtlebot3_simulations/hook/cmake_prefix_path.dsv'
[2.034s] INFO:colcon.colcon_core.shell:Creating environment hook '/home/user/install/turtlebot3_simulations/share/turtlebot3_simulations/hook/cmake_prefix_path.sh'
[2.035s] Level 1:colcon.colcon_core.environment:checking '/home/user/install/turtlebot3_simulations/bin'
[2.035s] Level 1:colcon.colcon_core.environment:checking '/home/user/install/turtlebot3_simulations/lib/pkgconfig/turtlebot3_simulations.pc'
[2.036s] Level 1:colcon.colcon_core.environment:checking '/home/user/install/turtlebot3_simulations/lib/python3.10/site-packages'
[2.036s] Level 1:colcon.colcon_core.environment:checking '/home/user/install/turtlebot3_simulations/bin'
[2.038s] INFO:colcon.colcon_core.shell:Creating package script '/home/user/install/turtlebot3_simulations/share/turtlebot3_simulations/package.ps1'
[2.039s] INFO:colcon.colcon_core.shell:Creating package descriptor '/home/user/install/turtlebot3_simulations/share/turtlebot3_simulations/package.dsv'
[2.040s] INFO:colcon.colcon_core.shell:Creating package script '/home/user/install/turtlebot3_simulations/share/turtlebot3_simulations/package.sh'
[2.040s] INFO:colcon.colcon_core.shell:Creating package script '/home/user/install/turtlebot3_simulations/share/turtlebot3_simulations/package.bash'
[2.041s] INFO:colcon.colcon_core.shell:Creating package script '/home/user/install/turtlebot3_simulations/share/turtlebot3_simulations/package.zsh'
[2.041s] Level 1:colcon.colcon_core.environment:create_file_with_runtime_dependencies(/home/user/install/turtlebot3_simulations/share/colcon-core/packages/turtlebot3_simulations)
[2.046s] DEBUG:colcon.colcon_core.event_handler.log_command:Invoking command in '/home/user/ros2_ws/src/my_package': PYTHONPATH=/home/user/install/my_package/lib/python3.10/site-packages:${PYTHONPATH} _=/usr/bin/env /usr/bin/python3 setup.py egg_info --egg-base ../../../build/my_package build --build-base /home/user/build/my_package/build install --prefix /home/user/install/my_package --record /home/user/build/my_package/install.log --single-version-externally-managed
[2.520s] Level 1:colcon.colcon_core.environment:checking '/home/user/install/my_package' for CMake module files
[2.521s] DEBUG:colcon.colcon_core.event_handler.log_command:Invoked command in '/home/user/ros2_ws/src/my_package' returned '0': PYTHONPATH=/home/user/install/my_package/lib/python3.10/site-packages:${PYTHONPATH} _=/usr/bin/env /usr/bin/python3 setup.py egg_info --egg-base ../../../build/my_package build --build-base /home/user/build/my_package/build install --prefix /home/user/install/my_package --record /home/user/build/my_package/install.log --single-version-externally-managed
[2.522s] Level 1:colcon.colcon_core.environment:checking '/home/user/install/my_package' for CMake config files
[2.523s] Level 1:colcon.colcon_core.environment:checking '/home/user/install/my_package/lib'
[2.523s] Level 1:colcon.colcon_core.environment:checking '/home/user/install/my_package/bin'
[2.524s] Level 1:colcon.colcon_core.environment:checking '/home/user/install/my_package/lib/pkgconfig/my_package.pc'
[2.524s] Level 1:colcon.colcon_core.environment:checking '/home/user/install/my_package/lib/python3.10/site-packages'
[2.524s] Level 1:colcon.colcon_core.shell:create_environment_hook('my_package', 'pythonpath')
[2.526s] INFO:colcon.colcon_core.shell:Creating environment hook '/home/user/install/my_package/share/my_package/hook/pythonpath.ps1'
[2.527s] INFO:colcon.colcon_core.shell:Creating environment descriptor '/home/user/install/my_package/share/my_package/hook/pythonpath.dsv'
[2.527s] INFO:colcon.colcon_core.shell:Creating environment hook '/home/user/install/my_package/share/my_package/hook/pythonpath.sh'
[2.528s] Level 1:colcon.colcon_core.environment:checking '/home/user/install/my_package/bin'
[2.528s] Level 1:colcon.colcon_core.environment:create_environment_scripts_only(my_package)
[2.529s] INFO:colcon.colcon_core.shell:Creating package script '/home/user/install/my_package/share/my_package/package.ps1'
[2.530s] INFO:colcon.colcon_core.shell:Creating package descriptor '/home/user/install/my_package/share/my_package/package.dsv'
[2.531s] INFO:colcon.colcon_core.shell:Creating package script '/home/user/install/my_package/share/my_package/package.sh'
[2.531s] INFO:colcon.colcon_core.shell:Creating package script '/home/user/install/my_package/share/my_package/package.bash'
[2.532s] INFO:colcon.colcon_core.shell:Creating package script '/home/user/install/my_package/share/my_package/package.zsh'
[2.532s] Level 1:colcon.colcon_core.environment:create_file_with_runtime_dependencies(/home/user/install/my_package/share/colcon-core/packages/my_package)
[2.533s] DEBUG:colcon.colcon_parallel_executor.executor.parallel:closing loop
[2.533s] DEBUG:colcon.colcon_parallel_executor.executor.parallel:loop closed
[2.533s] DEBUG:colcon.colcon_parallel_executor.executor.parallel:run_until_complete finished with '0'
[2.533s] DEBUG:colcon.colcon_core.event_reactor:joining thread
[2.542s] INFO:colcon.colcon_core.plugin_system:Skipping extension 'colcon_notification.desktop_notification.notify_send': Could not find 'notify-send'
[2.542s] INFO:colcon.colcon_core.plugin_system:Skipping extension 'colcon_notification.desktop_notification.terminal_notifier': Not used on non-Darwin systems
[2.543s] INFO:colcon.colcon_core.plugin_system:Skipping extension 'colcon_notification.desktop_notification.win32': Not used on non-Windows systems
[2.543s] INFO:colcon.colcon_notification.desktop_notification:Sending desktop notification using 'notify2'
[2.545s] DEBUG:colcon.colcon_notification.desktop_notification.notify2:Failed to initialize notify2: org.freedesktop.DBus.Error.Spawn.ExecFailed: /usr/bin/dbus-launch terminated abnormally without any error message
[2.545s] DEBUG:colcon.colcon_core.event_reactor:joined thread
[2.547s] INFO:colcon.colcon_core.shell:Creating prefix script '/home/user/install/local_setup.ps1'
[2.549s] INFO:colcon.colcon_core.shell:Creating prefix util module '/home/user/install/_local_setup_util_ps1.py'
[2.550s] INFO:colcon.colcon_core.shell:Creating prefix chain script '/home/user/install/setup.ps1'
[2.556s] INFO:colcon.colcon_core.shell:Creating prefix script '/home/user/install/local_setup.sh'
[2.556s] INFO:colcon.colcon_core.shell:Creating prefix util module '/home/user/install/_local_setup_util_sh.py'
[2.557s] INFO:colcon.colcon_core.shell:Creating prefix chain script '/home/user/install/setup.sh'
[2.559s] INFO:colcon.colcon_core.shell:Creating prefix script '/home/user/install/local_setup.bash'
[2.560s] INFO:colcon.colcon_core.shell:Creating prefix chain script '/home/user/install/setup.bash'
[2.562s] INFO:colcon.colcon_core.shell:Creating prefix script '/home/user/install/local_setup.zsh'
[2.562s] INFO:colcon.colcon_core.shell:Creating prefix chain script '/home/user/install/setup.zsh'
