[0.489s] Invoking command in '/home/user/build/turtlebot3_gazebo': CMAKE_PREFIX_PATH=${CMAKE_PREFIX_PATH}:/home/user/ros2_ws/install/my_package:/opt/ros/humble _=/usr/bin/env /usr/bin/cmake --build /home/user/build/turtlebot3_gazebo -- -j8 -l8
[1.872s] [ 25%] Built target turtlebot3_drive
[2.481s] [ 50%] Built target obstacles
[3.086s] [ 75%] Built target obstacle2
[4.084s] [100%] Built target obstacle1
[4.278s] Invoked command in '/home/user/build/turtlebot3_gazebo' returned '0': CMAKE_PREFIX_PATH=${CMAKE_PREFIX_PATH}:/home/user/ros2_ws/install/my_package:/opt/ros/humble _=/usr/bin/env /usr/bin/cmake --build /home/user/build/turtlebot3_gazebo -- -j8 -l8
[5.109s] Invoking command in '/home/user/build/turtlebot3_gazebo': CMAKE_PREFIX_PATH=${CMAKE_PREFIX_PATH}:/home/user/ros2_ws/install/my_package:/opt/ros/humble _=/usr/bin/env /usr/bin/cmake --install /home/user/build/turtlebot3_gazebo
[5.196s] -- Install configuration: ""
[5.199s] -- Execute custom install script
[5.201s] -- Up-to-date symlink: /home/user/install/turtlebot3_gazebo/lib/turtlebot3_gazebo/turtlebot3_drive
[5.205s] -- Up-to-date symlink: /home/user/install/turtlebot3_gazebo/share/turtlebot3_gazebo//launch/empty_world.launch.py
[5.206s] -- Up-to-date symlink: /home/user/install/turtlebot3_gazebo/share/turtlebot3_gazebo//launch/floor.launch.py
[5.207s] -- Up-to-date symlink: /home/user/install/turtlebot3_gazebo/share/turtlebot3_gazebo//launch/maze.launch.py
[5.208s] -- Up-to-date symlink: /home/user/install/turtlebot3_gazebo/share/turtlebot3_gazebo//launch/robot_state_publisher.launch.py
[5.209s] -- Up-to-date symlink: /home/user/install/turtlebot3_gazebo/share/turtlebot3_gazebo//launch/spawn_turtlebot3.launch.py
[5.209s] -- Up-to-date symlink: /home/user/install/turtlebot3_gazebo/share/turtlebot3_gazebo//launch/turtlebot3_dqn_stage1.launch.py
[5.211s] -- Up-to-date symlink: /home/user/install/turtlebot3_gazebo/share/turtlebot3_gazebo//launch/turtlebot3_dqn_stage2.launch.py
[5.211s] -- Up-to-date symlink: /home/user/install/turtlebot3_gazebo/share/turtlebot3_gazebo//launch/turtlebot3_dqn_stage3.launch.py
[5.269s] -- Up-to-date symlink: /home/user/install/turtlebot3_gazebo/share/turtlebot3_gazebo//launch/turtlebot3_dqn_stage4.launch.py
[5.269s] -- Up-to-date symlink: /home/user/install/turtlebot3_gazebo/share/turtlebot3_gazebo//launch/turtlebot3_house.launch.py
[5.270s] -- Up-to-date symlink: /home/user/install/turtlebot3_gazebo/share/turtlebot3_gazebo//launch/turtlebot3_world.launch.py
[5.271s] -- Up-to-date symlink: /home/user/install/turtlebot3_gazebo/share/turtlebot3_gazebo//models/turtlebot3_burger/model-1_4.sdf
[5.283s] -- Up-to-date symlink: /home/user/install/turtlebot3_gazebo/share/turtlebot3_gazebo//models/turtlebot3_burger/model.config
[5.284s] -- Up-to-date symlink: /home/user/install/turtlebot3_gazebo/share/turtlebot3_gazebo//models/turtlebot3_burger/model.sdf
[5.286s] -- Up-to-date symlink: /home/user/install/turtlebot3_gazebo/share/turtlebot3_gazebo//models/turtlebot3_common/meshes/burger_base.dae
[5.286s] -- Up-to-date symlink: /home/user/install/turtlebot3_gazebo/share/turtlebot3_gazebo//models/turtlebot3_common/meshes/lds.dae
[5.287s] -- Up-to-date symlink: /home/user/install/turtlebot3_gazebo/share/turtlebot3_gazebo//models/turtlebot3_common/meshes/r200.dae
[5.287s] -- Up-to-date symlink: /home/user/install/turtlebot3_gazebo/share/turtlebot3_gazebo//models/turtlebot3_common/meshes/tire.dae
[5.293s] -- Up-to-date symlink: /home/user/install/turtlebot3_gazebo/share/turtlebot3_gazebo//models/turtlebot3_common/meshes/waffle_base.dae
[5.294s] -- Up-to-date symlink: /home/user/install/turtlebot3_gazebo/share/turtlebot3_gazebo//models/turtlebot3_common/meshes/waffle_pi_base.dae
[5.295s] -- Up-to-date symlink: /home/user/install/turtlebot3_gazebo/share/turtlebot3_gazebo//models/turtlebot3_common/model.config
[5.295s] -- Up-to-date symlink: /home/user/install/turtlebot3_gazebo/share/turtlebot3_gazebo//models/turtlebot3_dqn_world/goal_box/model.config
[5.298s] -- Up-to-date symlink: /home/user/install/turtlebot3_gazebo/share/turtlebot3_gazebo//models/turtlebot3_dqn_world/goal_box/model.sdf
[5.300s] -- Up-to-date symlink: /home/user/install/turtlebot3_gazebo/share/turtlebot3_gazebo//models/turtlebot3_dqn_world/inner_walls/model.config
[5.309s] -- Up-to-date symlink: /home/user/install/turtlebot3_gazebo/share/turtlebot3_gazebo//models/turtlebot3_dqn_world/inner_walls/model.sdf
[5.310s] -- Up-to-date symlink: /home/user/install/turtlebot3_gazebo/share/turtlebot3_gazebo//models/turtlebot3_dqn_world/model.config
[5.311s] -- Up-to-date symlink: /home/user/install/turtlebot3_gazebo/share/turtlebot3_gazebo//models/turtlebot3_dqn_world/model.sdf
[5.311s] -- Up-to-date symlink: /home/user/install/turtlebot3_gazebo/share/turtlebot3_gazebo//models/turtlebot3_dqn_world/obstacle1/model.config
[5.312s] -- Up-to-date symlink: /home/user/install/turtlebot3_gazebo/share/turtlebot3_gazebo//models/turtlebot3_dqn_world/obstacle1/model.sdf
[5.314s] -- Up-to-date symlink: /home/user/install/turtlebot3_gazebo/share/turtlebot3_gazebo//models/turtlebot3_dqn_world/obstacle2/model.config
[5.368s] -- Up-to-date symlink: /home/user/install/turtlebot3_gazebo/share/turtlebot3_gazebo//models/turtlebot3_dqn_world/obstacle2/model.sdf
[5.368s] -- Up-to-date symlink: /home/user/install/turtlebot3_gazebo/share/turtlebot3_gazebo//models/turtlebot3_dqn_world/obstacle_plugin/CMakeLists.txt
[5.368s] -- Up-to-date symlink: /home/user/install/turtlebot3_gazebo/share/turtlebot3_gazebo//models/turtlebot3_dqn_world/obstacle_plugin/obstacle1.cc
[5.368s] -- Up-to-date symlink: /home/user/install/turtlebot3_gazebo/share/turtlebot3_gazebo//models/turtlebot3_dqn_world/obstacle_plugin/obstacle2.cc
[5.369s] -- Up-to-date symlink: /home/user/install/turtlebot3_gazebo/share/turtlebot3_gazebo//models/turtlebot3_dqn_world/obstacle_plugin/obstacles.cc
[5.369s] -- Up-to-date symlink: /home/user/install/turtlebot3_gazebo/share/turtlebot3_gazebo//models/turtlebot3_dqn_world/obstacles/model.config
[5.369s] -- Up-to-date symlink: /home/user/install/turtlebot3_gazebo/share/turtlebot3_gazebo//models/turtlebot3_dqn_world/obstacles/model.sdf
[5.369s] -- Up-to-date symlink: /home/user/install/turtlebot3_gazebo/share/turtlebot3_gazebo//models/turtlebot3_house/model.config
[5.370s] -- Up-to-date symlink: /home/user/install/turtlebot3_gazebo/share/turtlebot3_gazebo//models/turtlebot3_house/model.sdf
[5.375s] -- Up-to-date symlink: /home/user/install/turtlebot3_gazebo/share/turtlebot3_gazebo//models/turtlebot3_waffle/model-1_4.sdf
[5.375s] -- Up-to-date symlink: /home/user/install/turtlebot3_gazebo/share/turtlebot3_gazebo//models/turtlebot3_waffle/model.config
[5.376s] -- Up-to-date symlink: /home/user/install/turtlebot3_gazebo/share/turtlebot3_gazebo//models/turtlebot3_waffle/model.sdf
[5.376s] -- Up-to-date symlink: /home/user/install/turtlebot3_gazebo/share/turtlebot3_gazebo//models/turtlebot3_waffle_pi/model-1_4_.sdf
[5.377s] -- Up-to-date symlink: /home/user/install/turtlebot3_gazebo/share/turtlebot3_gazebo//models/turtlebot3_waffle_pi/model.config
[5.377s] -- Up-to-date symlink: /home/user/install/turtlebot3_gazebo/share/turtlebot3_gazebo//models/turtlebot3_waffle_pi/model.sdf
[5.378s] -- Up-to-date symlink: /home/user/install/turtlebot3_gazebo/share/turtlebot3_gazebo//models/turtlebot3_world/meshes/hexagon.dae
[5.378s] -- Up-to-date symlink: /home/user/install/turtlebot3_gazebo/share/turtlebot3_gazebo//models/turtlebot3_world/meshes/wall.dae
[5.383s] -- Up-to-date symlink: /home/user/install/turtlebot3_gazebo/share/turtlebot3_gazebo//models/turtlebot3_world/model-1_4.sdf
[5.383s] -- Up-to-date symlink: /home/user/install/turtlebot3_gazebo/share/turtlebot3_gazebo//models/turtlebot3_world/model.config
[5.383s] -- Up-to-date symlink: /home/user/install/turtlebot3_gazebo/share/turtlebot3_gazebo//models/turtlebot3_world/model.sdf
[5.383s] -- Up-to-date symlink: /home/user/install/turtlebot3_gazebo/share/turtlebot3_gazebo//rviz/tb3_gazebo.rviz
[5.384s] -- Up-to-date symlink: /home/user/install/turtlebot3_gazebo/share/turtlebot3_gazebo//urdf/common_properties.urdf
[5.384s] -- Up-to-date symlink: /home/user/install/turtlebot3_gazebo/share/turtlebot3_gazebo//urdf/turtlebot3_burger.urdf
[5.385s] -- Up-to-date symlink: /home/user/install/turtlebot3_gazebo/share/turtlebot3_gazebo//urdf/turtlebot3_waffle.urdf
[5.385s] -- Up-to-date symlink: /home/user/install/turtlebot3_gazebo/share/turtlebot3_gazebo//urdf/turtlebot3_waffle_pi.urdf
[5.385s] -- Up-to-date symlink: /home/user/install/turtlebot3_gazebo/share/turtlebot3_gazebo//worlds/empty_world.world
[5.386s] -- Up-to-date symlink: /home/user/install/turtlebot3_gazebo/share/turtlebot3_gazebo//worlds/floor.world
[5.386s] -- Up-to-date symlink: /home/user/install/turtlebot3_gazebo/share/turtlebot3_gazebo//worlds/maze.world
[5.386s] -- Up-to-date symlink: /home/user/install/turtlebot3_gazebo/share/turtlebot3_gazebo//worlds/old_floor_plan.world
[5.386s] -- Up-to-date symlink: /home/user/install/turtlebot3_gazebo/share/turtlebot3_gazebo//worlds/turtlebot3_dqn_stage1.world
[5.386s] -- Up-to-date symlink: /home/user/install/turtlebot3_gazebo/share/turtlebot3_gazebo//worlds/turtlebot3_dqn_stage2.world
[5.387s] -- Up-to-date symlink: /home/user/install/turtlebot3_gazebo/share/turtlebot3_gazebo//worlds/turtlebot3_dqn_stage3.world
[5.387s] -- Up-to-date symlink: /home/user/install/turtlebot3_gazebo/share/turtlebot3_gazebo//worlds/turtlebot3_dqn_stage4.world
[5.388s] -- Up-to-date symlink: /home/user/install/turtlebot3_gazebo/share/turtlebot3_gazebo//worlds/turtlebot3_house.world
[5.388s] -- Up-to-date symlink: /home/user/install/turtlebot3_gazebo/share/turtlebot3_gazebo//worlds/turtlebot3_world.world
[5.388s] -- Up-to-date symlink: /home/user/install/turtlebot3_gazebo/include//turtlebot3_gazebo/turtlebot3_drive.hpp
[5.389s] -- Up-to-date symlink: /home/user/install/turtlebot3_gazebo/share/ament_index/resource_index/package_run_dependencies/turtlebot3_gazebo
[5.390s] -- Up-to-date symlink: /home/user/install/turtlebot3_gazebo/share/ament_index/resource_index/parent_prefix_path/turtlebot3_gazebo
[5.390s] -- Up-to-date symlink: /home/user/install/turtlebot3_gazebo/share/turtlebot3_gazebo/environment/ament_prefix_path.sh
[5.390s] -- Up-to-date symlink: /home/user/install/turtlebot3_gazebo/share/turtlebot3_gazebo/environment/ament_prefix_path.dsv
[5.391s] -- Up-to-date symlink: /home/user/install/turtlebot3_gazebo/share/turtlebot3_gazebo/environment/path.sh
[5.391s] -- Up-to-date symlink: /home/user/install/turtlebot3_gazebo/share/turtlebot3_gazebo/environment/path.dsv
[5.391s] -- Up-to-date symlink: /home/user/install/turtlebot3_gazebo/share/turtlebot3_gazebo/local_setup.bash
[5.391s] -- Up-to-date symlink: /home/user/install/turtlebot3_gazebo/share/turtlebot3_gazebo/local_setup.sh
[5.392s] -- Up-to-date symlink: /home/user/install/turtlebot3_gazebo/share/turtlebot3_gazebo/local_setup.zsh
[5.392s] -- Up-to-date symlink: /home/user/install/turtlebot3_gazebo/share/turtlebot3_gazebo/local_setup.dsv
[5.392s] -- Symlinking: /home/user/install/turtlebot3_gazebo/share/turtlebot3_gazebo/package.dsv
[5.492s] -- Up-to-date symlink: /home/user/install/turtlebot3_gazebo/share/ament_index/resource_index/packages/turtlebot3_gazebo
[5.492s] -- Up-to-date symlink: /home/user/install/turtlebot3_gazebo/share/turtlebot3_gazebo/cmake/ament_cmake_export_include_directories-extras.cmake
[5.494s] -- Up-to-date symlink: /home/user/install/turtlebot3_gazebo/share/turtlebot3_gazebo/cmake/ament_cmake_export_dependencies-extras.cmake
[5.494s] -- Up-to-date symlink: /home/user/install/turtlebot3_gazebo/share/turtlebot3_gazebo/cmake/turtlebot3_gazeboConfig.cmake
[5.496s] -- Up-to-date symlink: /home/user/install/turtlebot3_gazebo/share/turtlebot3_gazebo/cmake/turtlebot3_gazeboConfig-version.cmake
[5.503s] -- Up-to-date symlink: /home/user/install/turtlebot3_gazebo/share/turtlebot3_gazebo/package.xml
[5.505s] Invoked command in '/home/user/build/turtlebot3_gazebo' returned '0': CMAKE_PREFIX_PATH=${CMAKE_PREFIX_PATH}:/home/user/ros2_ws/install/my_package:/opt/ros/humble _=/usr/bin/env /usr/bin/cmake --install /home/user/build/turtlebot3_gazebo
