[0.418s] Invoking command in '/home/user/build/turtlebot3_fake_node': CMAKE_PREFIX_PATH=${CMAKE_PREFIX_PATH}:/home/user/ros2_ws/install/my_package:/opt/ros/humble _=/usr/bin/env /usr/bin/cmake --build /home/user/build/turtlebot3_fake_node -- -j8 -l8
[2.806s] [100%] Built target turtlebot3_fake_node
[3.014s] Invoked command in '/home/user/build/turtlebot3_fake_node' returned '0': CMAKE_PREFIX_PATH=${CMAKE_PREFIX_PATH}:/home/user/ros2_ws/install/my_package:/opt/ros/humble _=/usr/bin/env /usr/bin/cmake --build /home/user/build/turtlebot3_fake_node -- -j8 -l8
[3.704s] Invoking command in '/home/user/build/turtlebot3_fake_node': CMAKE_PREFIX_PATH=${CMAKE_PREFIX_PATH}:/home/user/ros2_ws/install/my_package:/opt/ros/humble _=/usr/bin/env /usr/bin/cmake --install /home/user/build/turtlebot3_fake_node
[3.722s] -- Install configuration: ""
[3.723s] -- Up-to-date: /home/user/install/turtlebot3_fake_node/lib/turtlebot3_fake_node/turtlebot3_fake_node
[3.723s] -- Up-to-date: /home/user/install/turtlebot3_fake_node/share/turtlebot3_fake_node/launch
[3.723s] -- Up-to-date: /home/user/install/turtlebot3_fake_node/share/turtlebot3_fake_node/launch/rviz2.launch.py
[3.723s] -- Up-to-date: /home/user/install/turtlebot3_fake_node/share/turtlebot3_fake_node/launch/turtlebot3_fake_node.launch.py
[3.724s] -- Up-to-date: /home/user/install/turtlebot3_fake_node/share/turtlebot3_fake_node/param
[3.724s] -- Up-to-date: /home/user/install/turtlebot3_fake_node/share/turtlebot3_fake_node/param/burger.yaml
[3.724s] -- Up-to-date: /home/user/install/turtlebot3_fake_node/share/turtlebot3_fake_node/param/waffle.yaml
[3.725s] -- Up-to-date: /home/user/install/turtlebot3_fake_node/share/turtlebot3_fake_node/param/waffle_pi.yaml
[3.725s] -- Up-to-date: /home/user/install/turtlebot3_fake_node/include/
[3.726s] -- Up-to-date: /home/user/install/turtlebot3_fake_node/include//turtlebot3_fake_node
[3.726s] -- Up-to-date: /home/user/install/turtlebot3_fake_node/include//turtlebot3_fake_node/turtlebot3_fake_node.hpp
[3.726s] -- Up-to-date: /home/user/install/turtlebot3_fake_node/share/ament_index/resource_index/package_run_dependencies/turtlebot3_fake_node
[3.726s] -- Up-to-date: /home/user/install/turtlebot3_fake_node/share/ament_index/resource_index/parent_prefix_path/turtlebot3_fake_node
[3.727s] -- Up-to-date: /home/user/install/turtlebot3_fake_node/share/turtlebot3_fake_node/environment/ament_prefix_path.sh
[3.727s] -- Up-to-date: /home/user/install/turtlebot3_fake_node/share/turtlebot3_fake_node/environment/ament_prefix_path.dsv
[3.728s] -- Up-to-date: /home/user/install/turtlebot3_fake_node/share/turtlebot3_fake_node/environment/path.sh
[3.728s] -- Up-to-date: /home/user/install/turtlebot3_fake_node/share/turtlebot3_fake_node/environment/path.dsv
[3.728s] -- Up-to-date: /home/user/install/turtlebot3_fake_node/share/turtlebot3_fake_node/local_setup.bash
[3.728s] -- Up-to-date: /home/user/install/turtlebot3_fake_node/share/turtlebot3_fake_node/local_setup.sh
[3.728s] -- Up-to-date: /home/user/install/turtlebot3_fake_node/share/turtlebot3_fake_node/local_setup.zsh
[3.729s] -- Up-to-date: /home/user/install/turtlebot3_fake_node/share/turtlebot3_fake_node/local_setup.dsv
[3.729s] -- Installing: /home/user/install/turtlebot3_fake_node/share/turtlebot3_fake_node/package.dsv
[3.731s] -- Up-to-date: /home/user/install/turtlebot3_fake_node/share/ament_index/resource_index/packages/turtlebot3_fake_node
[3.732s] -- Up-to-date: /home/user/install/turtlebot3_fake_node/share/turtlebot3_fake_node/cmake/ament_cmake_export_include_directories-extras.cmake
[3.798s] -- Up-to-date: /home/user/install/turtlebot3_fake_node/share/turtlebot3_fake_node/cmake/ament_cmake_export_dependencies-extras.cmake
[3.801s] -- Up-to-date: /home/user/install/turtlebot3_fake_node/share/turtlebot3_fake_node/cmake/turtlebot3_fake_nodeConfig.cmake
[3.802s] -- Up-to-date: /home/user/install/turtlebot3_fake_node/share/turtlebot3_fake_node/cmake/turtlebot3_fake_nodeConfig-version.cmake
[3.802s] -- Up-to-date: /home/user/install/turtlebot3_fake_node/share/turtlebot3_fake_node/package.xml
[3.802s] Invoked command in '/home/user/build/turtlebot3_fake_node' returned '0': CMAKE_PREFIX_PATH=${CMAKE_PREFIX_PATH}:/home/user/ros2_ws/install/my_package:/opt/ros/humble _=/usr/bin/env /usr/bin/cmake --install /home/user/build/turtlebot3_fake_node
