[0.497s] Invoking command in '/home/user/build/turtlebot3_fake_node': CMAKE_PREFIX_PATH=${CMAKE_PREFIX_PATH}:/home/user/turtlebot3_ws/install/project_package:/home/user/ros2_ws/install/my_package:/opt/ros/humble _=/usr/bin/env /usr/bin/cmake --build /home/user/build/turtlebot3_fake_node -- -j8 -l8
[6.528s] [100%] Built target turtlebot3_fake_node
[6.811s] Invoked command in '/home/user/build/turtlebot3_fake_node' returned '0': CMAKE_PREFIX_PATH=${CMAKE_PREFIX_PATH}:/home/user/turtlebot3_ws/install/project_package:/home/user/ros2_ws/install/my_package:/opt/ros/humble _=/usr/bin/env /usr/bin/cmake --build /home/user/build/turtlebot3_fake_node -- -j8 -l8
[7.827s] Invoking command in '/home/user/build/turtlebot3_fake_node': CMAKE_PREFIX_PATH=${CMAKE_PREFIX_PATH}:/home/user/turtlebot3_ws/install/project_package:/home/user/ros2_ws/install/my_package:/opt/ros/humble _=/usr/bin/env /usr/bin/cmake --install /home/user/build/turtlebot3_fake_node
[7.917s] -- Install configuration: ""
[7.918s] -- Execute custom install script
[7.918s] -- Up-to-date symlink: /home/user/install/turtlebot3_fake_node/lib/turtlebot3_fake_node/turtlebot3_fake_node
[7.919s] -- Up-to-date symlink: /home/user/install/turtlebot3_fake_node/share/turtlebot3_fake_node/launch/rviz2.launch.py
[7.920s] -- Up-to-date symlink: /home/user/install/turtlebot3_fake_node/share/turtlebot3_fake_node/launch/turtlebot3_fake_node.launch.py
[7.920s] -- Up-to-date symlink: /home/user/install/turtlebot3_fake_node/share/turtlebot3_fake_node/param/burger.yaml
[7.920s] -- Up-to-date symlink: /home/user/install/turtlebot3_fake_node/share/turtlebot3_fake_node/param/waffle.yaml
[7.921s] -- Up-to-date symlink: /home/user/install/turtlebot3_fake_node/share/turtlebot3_fake_node/param/waffle_pi.yaml
[7.921s] -- Up-to-date symlink: /home/user/install/turtlebot3_fake_node/include//turtlebot3_fake_node/turtlebot3_fake_node.hpp
[7.922s] -- Up-to-date symlink: /home/user/install/turtlebot3_fake_node/share/ament_index/resource_index/package_run_dependencies/turtlebot3_fake_node
[7.922s] -- Up-to-date symlink: /home/user/install/turtlebot3_fake_node/share/ament_index/resource_index/parent_prefix_path/turtlebot3_fake_node
[7.923s] -- Up-to-date symlink: /home/user/install/turtlebot3_fake_node/share/turtlebot3_fake_node/environment/ament_prefix_path.sh
[7.923s] -- Up-to-date symlink: /home/user/install/turtlebot3_fake_node/share/turtlebot3_fake_node/environment/ament_prefix_path.dsv
[7.928s] -- Up-to-date symlink: /home/user/install/turtlebot3_fake_node/share/turtlebot3_fake_node/environment/path.sh
[7.928s] -- Up-to-date symlink: /home/user/install/turtlebot3_fake_node/share/turtlebot3_fake_node/environment/path.dsv
[7.929s] -- Up-to-date symlink: /home/user/install/turtlebot3_fake_node/share/turtlebot3_fake_node/local_setup.bash
[7.929s] -- Up-to-date symlink: /home/user/install/turtlebot3_fake_node/share/turtlebot3_fake_node/local_setup.sh
[7.929s] -- Up-to-date symlink: /home/user/install/turtlebot3_fake_node/share/turtlebot3_fake_node/local_setup.zsh
[7.931s] -- Up-to-date symlink: /home/user/install/turtlebot3_fake_node/share/turtlebot3_fake_node/local_setup.dsv
[7.932s] -- Symlinking: /home/user/install/turtlebot3_fake_node/share/turtlebot3_fake_node/package.dsv
[8.100s] -- Up-to-date symlink: /home/user/install/turtlebot3_fake_node/share/ament_index/resource_index/packages/turtlebot3_fake_node
[8.101s] -- Up-to-date symlink: /home/user/install/turtlebot3_fake_node/share/turtlebot3_fake_node/cmake/ament_cmake_export_include_directories-extras.cmake
[8.102s] -- Up-to-date symlink: /home/user/install/turtlebot3_fake_node/share/turtlebot3_fake_node/cmake/ament_cmake_export_dependencies-extras.cmake
[8.102s] -- Up-to-date symlink: /home/user/install/turtlebot3_fake_node/share/turtlebot3_fake_node/cmake/turtlebot3_fake_nodeConfig.cmake
[8.103s] -- Up-to-date symlink: /home/user/install/turtlebot3_fake_node/share/turtlebot3_fake_node/cmake/turtlebot3_fake_nodeConfig-version.cmake
[8.130s] -- Up-to-date symlink: /home/user/install/turtlebot3_fake_node/share/turtlebot3_fake_node/package.xml
[8.133s] Invoked command in '/home/user/build/turtlebot3_fake_node' returned '0': CMAKE_PREFIX_PATH=${CMAKE_PREFIX_PATH}:/home/user/turtlebot3_ws/install/project_package:/home/user/ros2_ws/install/my_package:/opt/ros/humble _=/usr/bin/env /usr/bin/cmake --install /home/user/build/turtlebot3_fake_node
