[5.462s] Invoking command in '/home/user/ros2_ws/build/my_package': PYTHONPATH=/home/user/ros2_ws/install/my_package/lib/python3.10/site-packages:${PYTHONPATH} _=/usr/bin/env /usr/bin/python3 setup.py develop --prefix /home/user/ros2_ws/install/my_package --editable --build-directory /home/user/ros2_ws/build/my_package/build --no-deps install_data --install-dir /home/user/ros2_ws/install/my_package
[7.871s] running develop
[7.878s] /usr/lib/python3/dist-packages/setuptools/command/easy_install.py:158: EasyInstallDeprecationWarning: easy_install command is deprecated. Use build and pip and other standards-based tools.
[7.880s]   warnings.warn(
[7.890s] /usr/lib/python3/dist-packages/setuptools/command/install.py:34: SetuptoolsDeprecationWarning: setup.py install is deprecated. Use build and pip and other standards-based tools.
[7.891s]   warnings.warn(
[8.467s] /usr/lib/python3/dist-packages/pkg_resources/__init__.py:116: PkgResourcesDeprecationWarning: 1.1build1 is an invalid version and will not be supported in a future release
[8.468s]   warnings.warn(
[9.393s] running egg_info
[9.394s] writing my_package.egg-info/PKG-INFO
[9.395s] writing dependency_links to my_package.egg-info/dependency_links.txt
[9.395s] writing entry points to my_package.egg-info/entry_points.txt
[9.395s] writing requirements to my_package.egg-info/requires.txt
[9.396s] writing top-level names to my_package.egg-info/top_level.txt
[9.400s] reading manifest file 'my_package.egg-info/SOURCES.txt'
[9.403s] writing manifest file 'my_package.egg-info/SOURCES.txt'
[9.407s] running build_ext
[9.408s] Creating /home/user/ros2_ws/install/my_package/lib/python3.10/site-packages/my-package.egg-link (link to .)
[9.409s] Installing control_turtle script to /home/user/ros2_ws/install/my_package/lib/my_package
[9.410s] Installing draw_circle script to /home/user/ros2_ws/install/my_package/lib/my_package
[9.412s] Installing first_node script to /home/user/ros2_ws/install/my_package/lib/my_package
[9.412s] Installing go_to_goal script to /home/user/ros2_ws/install/my_package/lib/my_package
[9.412s] Installing pose_subscriber script to /home/user/ros2_ws/install/my_package/lib/my_package
[9.412s] Installing project_node script to /home/user/ros2_ws/install/my_package/lib/my_package
[9.412s] 
[9.413s] Installed /home/user/ros2_ws/build/my_package
[9.414s] running install_data
[9.511s] Invoked command in '/home/user/ros2_ws/build/my_package' returned '0': PYTHONPATH=/home/user/ros2_ws/install/my_package/lib/python3.10/site-packages:${PYTHONPATH} _=/usr/bin/env /usr/bin/python3 setup.py develop --prefix /home/user/ros2_ws/install/my_package --editable --build-directory /home/user/ros2_ws/build/my_package/build --no-deps install_data --install-dir /home/user/ros2_ws/install/my_package
