[5.632s] Invoking command in '/home/user/ros2_ws/build/my_package': PYTHONPATH=/home/user/ros2_ws/install/my_package/lib/python3.10/site-packages:${PYTHONPATH} _=/usr/bin/env /usr/bin/python3 setup.py develop --prefix /home/user/ros2_ws/install/my_package --editable --build-directory /home/user/ros2_ws/build/my_package/build --no-deps install_data --install-dir /home/user/ros2_ws/install/my_package
[7.445s] running develop
[7.494s] /usr/lib/python3/dist-packages/setuptools/command/easy_install.py:158: EasyInstallDeprecationWarning: easy_install command is deprecated. Use build and pip and other standards-based tools.
[7.496s]   warnings.warn(
[7.502s] /usr/lib/python3/dist-packages/setuptools/command/install.py:34: SetuptoolsDeprecationWarning: setup.py install is deprecated. Use build and pip and other standards-based tools.
[7.502s]   warnings.warn(
[8.115s] /usr/lib/python3/dist-packages/pkg_resources/__init__.py:116: PkgResourcesDeprecationWarning: 1.1build1 is an invalid version and will not be supported in a future release
[8.115s]   warnings.warn(
[9.026s] running egg_info
[9.026s] writing my_package.egg-info/PKG-INFO
[9.027s] writing dependency_links to my_package.egg-info/dependency_links.txt
[9.027s] writing entry points to my_package.egg-info/entry_points.txt
[9.028s] writing requirements to my_package.egg-info/requires.txt
[9.028s] writing top-level names to my_package.egg-info/top_level.txt
[9.031s] reading manifest file 'my_package.egg-info/SOURCES.txt'
[9.033s] writing manifest file 'my_package.egg-info/SOURCES.txt'
[9.036s] running build_ext
[9.036s] Creating /home/user/ros2_ws/install/my_package/lib/python3.10/site-packages/my-package.egg-link (link to .)
[9.094s] Installing control_turtle script to /home/user/ros2_ws/install/my_package/lib/my_package
[9.095s] Installing draw_circle script to /home/user/ros2_ws/install/my_package/lib/my_package
[9.095s] Installing first_node script to /home/user/ros2_ws/install/my_package/lib/my_package
[9.095s] Installing go_to_goal script to /home/user/ros2_ws/install/my_package/lib/my_package
[9.095s] Installing goal_navigator script to /home/user/ros2_ws/install/my_package/lib/my_package
[9.095s] Installing pose_subscriber script to /home/user/ros2_ws/install/my_package/lib/my_package
[9.096s] Installing project_node script to /home/user/ros2_ws/install/my_package/lib/my_package
[9.097s] 
[9.097s] Installed /home/user/ros2_ws/build/my_package
[9.097s] running install_data
[9.234s] Invoked command in '/home/user/ros2_ws/build/my_package' returned '0': PYTHONPATH=/home/user/ros2_ws/install/my_package/lib/python3.10/site-packages:${PYTHONPATH} _=/usr/bin/env /usr/bin/python3 setup.py develop --prefix /home/user/ros2_ws/install/my_package --editable --build-directory /home/user/ros2_ws/build/my_package/build --no-deps install_data --install-dir /home/user/ros2_ws/install/my_package
