[2.576s] Invoking command in '/home/user/turtlebot3_ws/build/project_package': PYTHONPATH=/home/user/turtlebot3_ws/install/project_package/lib/python3.10/site-packages:${PYTHONPATH} _=/usr/bin/env /usr/bin/python3 setup.py develop --prefix /home/user/turtlebot3_ws/install/project_package --uninstall --editable --build-directory /home/user/turtlebot3_ws/build/project_package/build
[3.386s] running develop
[3.387s] /usr/lib/python3/dist-packages/setuptools/command/easy_install.py:158: EasyInstallDeprecationWarning: easy_install command is deprecated. Use build and pip and other standards-based tools.
[3.387s]   warnings.warn(
[3.389s] /usr/lib/python3/dist-packages/setuptools/command/install.py:34: SetuptoolsDeprecationWarning: setup.py install is deprecated. Use build and pip and other standards-based tools.
[3.390s]   warnings.warn(
[3.585s] /usr/lib/python3/dist-packages/pkg_resources/__init__.py:116: PkgResourcesDeprecationWarning: 1.1build1 is an invalid version and will not be supported in a future release
[3.585s]   warnings.warn(
[4.040s] Invoked command in '/home/user/turtlebot3_ws/build/project_package' returned '0': PYTHONPATH=/home/user/turtlebot3_ws/install/project_package/lib/python3.10/site-packages:${PYTHONPATH} _=/usr/bin/env /usr/bin/python3 setup.py develop --prefix /home/user/turtlebot3_ws/install/project_package --uninstall --editable --build-directory /home/user/turtlebot3_ws/build/project_package/build
[4.040s] Invoking command in '/home/user/turtlebot3_ws/src/project_package': PYTHONPATH=/home/user/turtlebot3_ws/install/project_package/lib/python3.10/site-packages:${PYTHONPATH} _=/usr/bin/env /usr/bin/python3 setup.py egg_info --egg-base ../../build/project_package build --build-base /home/user/turtlebot3_ws/build/project_package/build install --prefix /home/user/turtlebot3_ws/install/project_package --record /home/user/turtlebot3_ws/build/project_package/install.log --single-version-externally-managed
[5.068s] running egg_info
[5.070s] writing ../../build/project_package/project_package.egg-info/PKG-INFO
[5.071s] writing dependency_links to ../../build/project_package/project_package.egg-info/dependency_links.txt
[5.076s] writing entry points to ../../build/project_package/project_package.egg-info/entry_points.txt
[5.077s] writing requirements to ../../build/project_package/project_package.egg-info/requires.txt
[5.077s] writing top-level names to ../../build/project_package/project_package.egg-info/top_level.txt
[5.081s] reading manifest file '../../build/project_package/project_package.egg-info/SOURCES.txt'
[5.083s] writing manifest file '../../build/project_package/project_package.egg-info/SOURCES.txt'
[5.083s] running build
[5.083s] running build_py
[5.084s] copying project_package/go_to_goal.py -> /home/user/turtlebot3_ws/build/project_package/build/lib/project_package
[5.084s] running install
[5.084s] /usr/lib/python3/dist-packages/setuptools/command/install.py:34: SetuptoolsDeprecationWarning: setup.py install is deprecated. Use build and pip and other standards-based tools.
[5.131s]   warnings.warn(
[5.131s] running install_lib
[5.132s] copying /home/user/turtlebot3_ws/build/project_package/build/lib/project_package/go_to_goal.py -> /home/user/turtlebot3_ws/install/project_package/lib/python3.10/site-packages/project_package
[5.132s] byte-compiling /home/user/turtlebot3_ws/install/project_package/lib/python3.10/site-packages/project_package/go_to_goal.py to go_to_goal.cpython-310.pyc
[5.132s] running install_data
[5.134s] running install_egg_info
[5.139s] removing '/home/user/turtlebot3_ws/install/project_package/lib/python3.10/site-packages/project_package-0.0.0-py3.10.egg-info' (and everything under it)
[5.141s] Copying ../../build/project_package/project_package.egg-info to /home/user/turtlebot3_ws/install/project_package/lib/python3.10/site-packages/project_package-0.0.0-py3.10.egg-info
[5.143s] running install_scripts
[5.231s] Installing go_to_goal script to /home/user/turtlebot3_ws/install/project_package/lib/project_package
[5.231s] Installing goal_navigator script to /home/user/turtlebot3_ws/install/project_package/lib/project_package
[5.232s] Installing project_node script to /home/user/turtlebot3_ws/install/project_package/lib/project_package
[5.246s] writing list of installed files to '/home/user/turtlebot3_ws/build/project_package/install.log'
[5.371s] Invoked command in '/home/user/turtlebot3_ws/src/project_package' returned '0': PYTHONPATH=/home/user/turtlebot3_ws/install/project_package/lib/python3.10/site-packages:${PYTHONPATH} _=/usr/bin/env /usr/bin/python3 setup.py egg_info --egg-base ../../build/project_package build --build-base /home/user/turtlebot3_ws/build/project_package/build install --prefix /home/user/turtlebot3_ws/install/project_package --record /home/user/turtlebot3_ws/build/project_package/install.log --single-version-externally-managed
