[0.747s] Invoking command in '/home/user/ros2_ws/src/my_package': PYTHONPATH=/home/user/install/my_package/lib/python3.10/site-packages:${PYTHONPATH} _=/usr/bin/env /usr/bin/python3 setup.py egg_info --egg-base ../../../build/my_package build --build-base /home/user/build/my_package/build install --prefix /home/user/install/my_package --record /home/user/build/my_package/install.log --single-version-externally-managed
[1.040s] running egg_info
[1.041s] writing ../../../build/my_package/my_package.egg-info/PKG-INFO
[1.041s] writing dependency_links to ../../../build/my_package/my_package.egg-info/dependency_links.txt
[1.041s] writing entry points to ../../../build/my_package/my_package.egg-info/entry_points.txt
[1.041s] writing requirements to ../../../build/my_package/my_package.egg-info/requires.txt
[1.042s] writing top-level names to ../../../build/my_package/my_package.egg-info/top_level.txt
[1.044s] reading manifest file '../../../build/my_package/my_package.egg-info/SOURCES.txt'
[1.044s] writing manifest file '../../../build/my_package/my_package.egg-info/SOURCES.txt'
[1.045s] running build
[1.045s] running build_py
[1.045s] copying my_package/draw_circle.py -> /home/user/build/my_package/build/lib/my_package
[1.045s] copying my_package/pose_subscriber.py -> /home/user/build/my_package/build/lib/my_package
[1.045s] running install
[1.045s] /usr/lib/python3/dist-packages/setuptools/command/install.py:34: SetuptoolsDeprecationWarning: setup.py install is deprecated. Use build and pip and other standards-based tools.
[1.046s]   warnings.warn(
[1.046s] running install_lib
[1.046s] copying /home/user/build/my_package/build/lib/my_package/draw_circle.py -> /home/user/install/my_package/lib/python3.10/site-packages/my_package
[1.047s] copying /home/user/build/my_package/build/lib/my_package/pose_subscriber.py -> /home/user/install/my_package/lib/python3.10/site-packages/my_package
[1.047s] byte-compiling /home/user/install/my_package/lib/python3.10/site-packages/my_package/draw_circle.py to draw_circle.cpython-310.pyc
[1.048s] byte-compiling /home/user/install/my_package/lib/python3.10/site-packages/my_package/pose_subscriber.py to pose_subscriber.cpython-310.pyc
[1.048s] running install_data
[1.049s] running install_egg_info
[1.051s] removing '/home/user/install/my_package/lib/python3.10/site-packages/my_package-0.0.0-py3.10.egg-info' (and everything under it)
[1.051s] Copying ../../../build/my_package/my_package.egg-info to /home/user/install/my_package/lib/python3.10/site-packages/my_package-0.0.0-py3.10.egg-info
[1.052s] running install_scripts
[1.075s] Installing draw_circle script to /home/user/install/my_package/lib/my_package
[1.076s] Installing first_node script to /home/user/install/my_package/lib/my_package
[1.076s] Installing pose_subscriber script to /home/user/install/my_package/lib/my_package
[1.076s] writing list of installed files to '/home/user/build/my_package/install.log'
[1.101s] Invoked command in '/home/user/ros2_ws/src/my_package' returned '0': PYTHONPATH=/home/user/install/my_package/lib/python3.10/site-packages:${PYTHONPATH} _=/usr/bin/env /usr/bin/python3 setup.py egg_info --egg-base ../../../build/my_package build --build-base /home/user/build/my_package/build install --prefix /home/user/install/my_package --record /home/user/build/my_package/install.log --single-version-externally-managed
