[7.022s] Invoking command in '/home/user/turtlebot3_ws/src/project_package': PYTHONPATH=/home/user/turtlebot3_ws/install/project_package/lib/python3.10/site-packages:${PYTHONPATH} _=/usr/bin/env /usr/bin/python3 setup.py egg_info --egg-base ../../build/project_package build --build-base /home/user/turtlebot3_ws/build/project_package/build install --prefix /home/user/turtlebot3_ws/install/project_package --record /home/user/turtlebot3_ws/build/project_package/install.log --single-version-externally-managed
[9.784s] running egg_info
[9.817s] writing ../../build/project_package/project_package.egg-info/PKG-INFO
[9.879s] writing dependency_links to ../../build/project_package/project_package.egg-info/dependency_links.txt
[9.880s] writing entry points to ../../build/project_package/project_package.egg-info/entry_points.txt
[9.880s] writing requirements to ../../build/project_package/project_package.egg-info/requires.txt
[9.880s] writing top-level names to ../../build/project_package/project_package.egg-info/top_level.txt
[9.886s] reading manifest file '../../build/project_package/project_package.egg-info/SOURCES.txt'
[9.895s] writing manifest file '../../build/project_package/project_package.egg-info/SOURCES.txt'
[9.895s] running build
[9.895s] running build_py
[9.895s] copying project_package/go_to_goal.py -> /home/user/turtlebot3_ws/build/project_package/build/lib/project_package
[9.896s] running install
[9.897s] running install_lib
[9.903s] copying /home/user/turtlebot3_ws/build/project_package/build/lib/project_package/go_to_goal.py -> /home/user/turtlebot3_ws/install/project_package/lib/python3.10/site-packages/project_package
[9.903s] byte-compiling /home/user/turtlebot3_ws/install/project_package/lib/python3.10/site-packages/project_package/go_to_goal.py to go_to_goal.cpython-310.pyc
[9.903s] running install_data
[9.904s] running install_egg_info
[9.908s] removing '/home/user/turtlebot3_ws/install/project_package/lib/python3.10/site-packages/project_package-0.0.0-py3.10.egg-info' (and everything under it)
[9.908s] Copying ../../build/project_package/project_package.egg-info to /home/user/turtlebot3_ws/install/project_package/lib/python3.10/site-packages/project_package-0.0.0-py3.10.egg-info
[9.909s] /usr/lib/python3/dist-packages/setuptools/command/install.py:34: SetuptoolsDeprecationWarning: setup.py install is deprecated. Use build and pip and other standards-based tools.
[9.911s]   warnings.warn(
[9.912s] running install_scripts
[10.081s] Installing go_to_goal script to /home/user/turtlebot3_ws/install/project_package/lib/project_package
[10.082s] Installing goal_navigator script to /home/user/turtlebot3_ws/install/project_package/lib/project_package
[10.082s] Installing project_node script to /home/user/turtlebot3_ws/install/project_package/lib/project_package
[10.083s] writing list of installed files to '/home/user/turtlebot3_ws/build/project_package/install.log'
[10.398s] Invoked command in '/home/user/turtlebot3_ws/src/project_package' returned '0': PYTHONPATH=/home/user/turtlebot3_ws/install/project_package/lib/python3.10/site-packages:${PYTHONPATH} _=/usr/bin/env /usr/bin/python3 setup.py egg_info --egg-base ../../build/project_package build --build-base /home/user/turtlebot3_ws/build/project_package/build install --prefix /home/user/turtlebot3_ws/install/project_package --record /home/user/turtlebot3_ws/build/project_package/install.log --single-version-externally-managed
