[1.229s] Invoking command in '/home/user/ros2_ws/src/my_package': PYTHONPATH=/home/user/install/my_package/lib/python3.10/site-packages:${PYTHONPATH} _=/usr/bin/env /usr/bin/python3 setup.py egg_info --egg-base ../../../build/my_package build --build-base /home/user/build/my_package/build install --prefix /home/user/install/my_package --record /home/user/build/my_package/install.log --single-version-externally-managed
[1.617s] running egg_info
[1.618s] writing ../../../build/my_package/my_package.egg-info/PKG-INFO
[1.618s] writing dependency_links to ../../../build/my_package/my_package.egg-info/dependency_links.txt
[1.619s] writing entry points to ../../../build/my_package/my_package.egg-info/entry_points.txt
[1.619s] writing requirements to ../../../build/my_package/my_package.egg-info/requires.txt
[1.619s] writing top-level names to ../../../build/my_package/my_package.egg-info/top_level.txt
[1.621s] reading manifest file '../../../build/my_package/my_package.egg-info/SOURCES.txt'
[1.623s] writing manifest file '../../../build/my_package/my_package.egg-info/SOURCES.txt'
[1.623s] running build
[1.623s] running build_py
[1.623s] running install
[1.624s] /usr/lib/python3/dist-packages/setuptools/command/install.py:34: SetuptoolsDeprecationWarning: setup.py install is deprecated. Use build and pip and other standards-based tools.
[1.624s]   warnings.warn(
[1.624s] running install_lib
[1.626s] running install_data
[1.627s] running install_egg_info
[1.629s] removing '/home/user/install/my_package/lib/python3.10/site-packages/my_package-0.0.0-py3.10.egg-info' (and everything under it)
[1.629s] Copying ../../../build/my_package/my_package.egg-info to /home/user/install/my_package/lib/python3.10/site-packages/my_package-0.0.0-py3.10.egg-info
[1.631s] running install_scripts
[1.666s] Installing control_turtle script to /home/user/install/my_package/lib/my_package
[1.666s] Installing draw_circle script to /home/user/install/my_package/lib/my_package
[1.666s] Installing first_node script to /home/user/install/my_package/lib/my_package
[1.667s] Installing pose_subscriber script to /home/user/install/my_package/lib/my_package
[1.667s] writing list of installed files to '/home/user/build/my_package/install.log'
[1.708s] Invoked command in '/home/user/ros2_ws/src/my_package' returned '0': PYTHONPATH=/home/user/install/my_package/lib/python3.10/site-packages:${PYTHONPATH} _=/usr/bin/env /usr/bin/python3 setup.py egg_info --egg-base ../../../build/my_package build --build-base /home/user/build/my_package/build install --prefix /home/user/install/my_package --record /home/user/build/my_package/install.log --single-version-externally-managed
