[0.092s] Invoking command in '/home/user/turtlebot3_ws/src/build/turtlebot3_fake_node': CMAKE_PREFIX_PATH=${CMAKE_PREFIX_PATH}:/home/user/ros2_ws/install/my_package:/opt/ros/humble _=/usr/bin/env /usr/bin/cmake --build /home/user/turtlebot3_ws/src/build/turtlebot3_fake_node -- -j8 -l8
[0.175s] [100%] Built target turtlebot3_fake_node
[0.189s] Invoked command in '/home/user/turtlebot3_ws/src/build/turtlebot3_fake_node' returned '0': CMAKE_PREFIX_PATH=${CMAKE_PREFIX_PATH}:/home/user/ros2_ws/install/my_package:/opt/ros/humble _=/usr/bin/env /usr/bin/cmake --build /home/user/turtlebot3_ws/src/build/turtlebot3_fake_node -- -j8 -l8
[0.334s] Invoking command in '/home/user/turtlebot3_ws/src/build/turtlebot3_fake_node': CMAKE_PREFIX_PATH=${CMAKE_PREFIX_PATH}:/home/user/ros2_ws/install/my_package:/opt/ros/humble _=/usr/bin/env /usr/bin/cmake --install /home/user/turtlebot3_ws/src/build/turtlebot3_fake_node
[0.344s] -- Install configuration: ""
[0.345s] -- Up-to-date: /home/user/turtlebot3_ws/src/install/turtlebot3_fake_node/lib/turtlebot3_fake_node/turtlebot3_fake_node
[0.346s] -- Up-to-date: /home/user/turtlebot3_ws/src/install/turtlebot3_fake_node/share/turtlebot3_fake_node/launch
[0.346s] -- Up-to-date: /home/user/turtlebot3_ws/src/install/turtlebot3_fake_node/share/turtlebot3_fake_node/launch/rviz2.launch.py
[0.346s] -- Up-to-date: /home/user/turtlebot3_ws/src/install/turtlebot3_fake_node/share/turtlebot3_fake_node/launch/turtlebot3_fake_node.launch.py
[0.346s] -- Up-to-date: /home/user/turtlebot3_ws/src/install/turtlebot3_fake_node/share/turtlebot3_fake_node/param
[0.347s] -- Up-to-date: /home/user/turtlebot3_ws/src/install/turtlebot3_fake_node/share/turtlebot3_fake_node/param/burger.yaml
[0.347s] -- Up-to-date: /home/user/turtlebot3_ws/src/install/turtlebot3_fake_node/share/turtlebot3_fake_node/param/waffle.yaml
[0.347s] -- Up-to-date: /home/user/turtlebot3_ws/src/install/turtlebot3_fake_node/share/turtlebot3_fake_node/param/waffle_pi.yaml
[0.347s] -- Up-to-date: /home/user/turtlebot3_ws/src/install/turtlebot3_fake_node/include/
[0.348s] -- Up-to-date: /home/user/turtlebot3_ws/src/install/turtlebot3_fake_node/include//turtlebot3_fake_node
[0.348s] -- Up-to-date: /home/user/turtlebot3_ws/src/install/turtlebot3_fake_node/include//turtlebot3_fake_node/turtlebot3_fake_node.hpp
[0.348s] -- Up-to-date: /home/user/turtlebot3_ws/src/install/turtlebot3_fake_node/share/ament_index/resource_index/package_run_dependencies/turtlebot3_fake_node
[0.348s] -- Up-to-date: /home/user/turtlebot3_ws/src/install/turtlebot3_fake_node/share/ament_index/resource_index/parent_prefix_path/turtlebot3_fake_node
[0.348s] -- Up-to-date: /home/user/turtlebot3_ws/src/install/turtlebot3_fake_node/share/turtlebot3_fake_node/environment/ament_prefix_path.sh
[0.348s] -- Up-to-date: /home/user/turtlebot3_ws/src/install/turtlebot3_fake_node/share/turtlebot3_fake_node/environment/ament_prefix_path.dsv
[0.349s] -- Up-to-date: /home/user/turtlebot3_ws/src/install/turtlebot3_fake_node/share/turtlebot3_fake_node/environment/path.sh
[0.349s] -- Up-to-date: /home/user/turtlebot3_ws/src/install/turtlebot3_fake_node/share/turtlebot3_fake_node/environment/path.dsv
[0.349s] -- Up-to-date: /home/user/turtlebot3_ws/src/install/turtlebot3_fake_node/share/turtlebot3_fake_node/local_setup.bash
[0.349s] -- Up-to-date: /home/user/turtlebot3_ws/src/install/turtlebot3_fake_node/share/turtlebot3_fake_node/local_setup.sh
[0.349s] -- Up-to-date: /home/user/turtlebot3_ws/src/install/turtlebot3_fake_node/share/turtlebot3_fake_node/local_setup.zsh
[0.349s] -- Up-to-date: /home/user/turtlebot3_ws/src/install/turtlebot3_fake_node/share/turtlebot3_fake_node/local_setup.dsv
[0.350s] -- Installing: /home/user/turtlebot3_ws/src/install/turtlebot3_fake_node/share/turtlebot3_fake_node/package.dsv
[0.350s] -- Up-to-date: /home/user/turtlebot3_ws/src/install/turtlebot3_fake_node/share/ament_index/resource_index/packages/turtlebot3_fake_node
[0.350s] -- Up-to-date: /home/user/turtlebot3_ws/src/install/turtlebot3_fake_node/share/turtlebot3_fake_node/cmake/ament_cmake_export_include_directories-extras.cmake
[0.351s] -- Up-to-date: /home/user/turtlebot3_ws/src/install/turtlebot3_fake_node/share/turtlebot3_fake_node/cmake/ament_cmake_export_dependencies-extras.cmake
[0.351s] -- Up-to-date: /home/user/turtlebot3_ws/src/install/turtlebot3_fake_node/share/turtlebot3_fake_node/cmake/turtlebot3_fake_nodeConfig.cmake
[0.351s] -- Up-to-date: /home/user/turtlebot3_ws/src/install/turtlebot3_fake_node/share/turtlebot3_fake_node/cmake/turtlebot3_fake_nodeConfig-version.cmake
[0.351s] -- Up-to-date: /home/user/turtlebot3_ws/src/install/turtlebot3_fake_node/share/turtlebot3_fake_node/package.xml
[0.359s] Invoked command in '/home/user/turtlebot3_ws/src/build/turtlebot3_fake_node' returned '0': CMAKE_PREFIX_PATH=${CMAKE_PREFIX_PATH}:/home/user/ros2_ws/install/my_package:/opt/ros/humble _=/usr/bin/env /usr/bin/cmake --install /home/user/turtlebot3_ws/src/build/turtlebot3_fake_node
