[2.465s] Invoking command in '/home/user/turtlebot3_ws/src/project_package': PYTHONPATH=/home/user/install/project_package/lib/python3.10/site-packages:${PYTHONPATH} _=/usr/bin/env /usr/bin/python3 setup.py egg_info --egg-base ../../../build/project_package build --build-base /home/user/build/project_package/build install --prefix /home/user/install/project_package --record /home/user/build/project_package/install.log --single-version-externally-managed
[3.042s] running egg_info
[3.044s] writing ../../../build/project_package/project_package.egg-info/PKG-INFO
[3.044s] writing dependency_links to ../../../build/project_package/project_package.egg-info/dependency_links.txt
[3.045s] writing entry points to ../../../build/project_package/project_package.egg-info/entry_points.txt
[3.045s] writing requirements to ../../../build/project_package/project_package.egg-info/requires.txt
[3.046s] writing top-level names to ../../../build/project_package/project_package.egg-info/top_level.txt
[3.049s] reading manifest file '../../../build/project_package/project_package.egg-info/SOURCES.txt'
[3.050s] writing manifest file '../../../build/project_package/project_package.egg-info/SOURCES.txt'
[3.051s] running build
[3.051s] running build_py
[3.051s] copying project_package/go_to_goal.py -> /home/user/build/project_package/build/lib/project_package
[3.052s] running install
[3.053s] running install_lib
[3.053s] /usr/lib/python3/dist-packages/setuptools/command/install.py:34: SetuptoolsDeprecationWarning: setup.py install is deprecated. Use build and pip and other standards-based tools.
[3.054s]   warnings.warn(
[3.054s] copying /home/user/build/project_package/build/lib/project_package/go_to_goal.py -> /home/user/install/project_package/lib/python3.10/site-packages/project_package
[3.056s] byte-compiling /home/user/install/project_package/lib/python3.10/site-packages/project_package/go_to_goal.py to go_to_goal.cpython-310.pyc
[3.058s] running install_data
[3.059s] copying package.xml -> /home/user/install/project_package/share/project_package
[3.060s] running install_egg_info
[3.063s] removing '/home/user/install/project_package/lib/python3.10/site-packages/project_package-0.0.0-py3.10.egg-info' (and everything under it)
[3.064s] Copying ../../../build/project_package/project_package.egg-info to /home/user/install/project_package/lib/python3.10/site-packages/project_package-0.0.0-py3.10.egg-info
[3.065s] running install_scripts
[3.112s] Installing go_to_goal script to /home/user/install/project_package/lib/project_package
[3.112s] Installing goal_navigator script to /home/user/install/project_package/lib/project_package
[3.113s] Installing project_node script to /home/user/install/project_package/lib/project_package
[3.113s] writing list of installed files to '/home/user/build/project_package/install.log'
[3.179s] Invoked command in '/home/user/turtlebot3_ws/src/project_package' returned '0': PYTHONPATH=/home/user/install/project_package/lib/python3.10/site-packages:${PYTHONPATH} _=/usr/bin/env /usr/bin/python3 setup.py egg_info --egg-base ../../../build/project_package build --build-base /home/user/build/project_package/build install --prefix /home/user/install/project_package --record /home/user/build/project_package/install.log --single-version-externally-managed
