/home/user/install/project_package/lib/python3.10/site-packages/project_package/goal_navigator.py
/home/user/install/project_package/lib/python3.10/site-packages/project_package/go_to_goal.py
/home/user/install/project_package/lib/python3.10/site-packages/project_package/__init__.py
/home/user/install/project_package/lib/python3.10/site-packages/project_package/project_node.py
/home/user/install/project_package/lib/python3.10/site-packages/project_package/__pycache__/goal_navigator.cpython-310.pyc
/home/user/install/project_package/lib/python3.10/site-packages/project_package/__pycache__/go_to_goal.cpython-310.pyc
/home/user/install/project_package/lib/python3.10/site-packages/project_package/__pycache__/__init__.cpython-310.pyc
/home/user/install/project_package/lib/python3.10/site-packages/project_package/__pycache__/project_node.cpython-310.pyc
/home/user/install/project_package/share/ament_index/resource_index/packages/project_package
/home/user/install/project_package/share/project_package/package.xml
/home/user/install/project_package/share/project_package/launch
/home/user/install/project_package/share/project_package/urdf
/home/user/install/project_package/lib/python3.10/site-packages/project_package-0.0.0-py3.10.egg-info/PKG-INFO
/home/user/install/project_package/lib/python3.10/site-packages/project_package-0.0.0-py3.10.egg-info/zip-safe
/home/user/install/project_package/lib/python3.10/site-packages/project_package-0.0.0-py3.10.egg-info/top_level.txt
/home/user/install/project_package/lib/python3.10/site-packages/project_package-0.0.0-py3.10.egg-info/requires.txt
/home/user/install/project_package/lib/python3.10/site-packages/project_package-0.0.0-py3.10.egg-info/entry_points.txt
/home/user/install/project_package/lib/python3.10/site-packages/project_package-0.0.0-py3.10.egg-info/SOURCES.txt
/home/user/install/project_package/lib/python3.10/site-packages/project_package-0.0.0-py3.10.egg-info/dependency_links.txt
/home/user/install/project_package/lib/project_package/go_to_goal
/home/user/install/project_package/lib/project_package/goal_navigator
/home/user/install/project_package/lib/project_package/project_node
