[3.777s] DEBUG:colcon:Command line arguments: ['/usr/bin/colcon', 'build', '--symlink-install']
[3.777s] DEBUG:colcon:Parsed command line arguments: Namespace(log_base=None, log_level=None, verb_name='build', build_base='build', install_base='install', merge_install=False, symlink_install=True, test_result_base=None, continue_on_error=False, executor='parallel', parallel_workers=8, event_handlers=None, ignore_user_meta=False, metas=['./colcon.meta'], base_paths=['.'], packages_ignore=None, packages_ignore_regex=None, paths=None, packages_up_to=None, packages_up_to_regex=None, packages_above=None, packages_above_and_dependencies=None, packages_above_depth=None, packages_select_by_dep=None, packages_skip_by_dep=None, packages_skip_up_to=None, packages_select_build_failed=False, packages_skip_build_finished=False, packages_select_test_failures=False, packages_skip_test_passed=False, packages_select=None, packages_skip=None, packages_select_regex=None, packages_skip_regex=None, packages_start=None, packages_end=None, cmake_args=None, cmake_target=None, cmake_target_skip_unavailable=False, cmake_clean_cache=False, cmake_clean_first=False, cmake_force_configure=False, ament_cmake_args=None, catkin_cmake_args=None, catkin_skip_building_tests=False, mixin_files=None, mixin=None, verb_parser=<colcon_mixin.mixin.mixin_argument.MixinArgumentDecorator object at 0x7fbf68032aa0>, verb_extension=<colcon_core.verb.build.BuildVerb object at 0x7fbf68984e20>, main=<bound method BuildVerb.main of <colcon_core.verb.build.BuildVerb object at 0x7fbf68984e20>>, mixin_verb=('build',))
[4.181s] Level 1:colcon.colcon_core.package_discovery:discover_packages(colcon_meta) check parameters
[4.182s] Level 1:colcon.colcon_core.package_discovery:discover_packages(recursive) check parameters
[4.182s] Level 1:colcon.colcon_core.package_discovery:discover_packages(ignore) check parameters
[4.182s] Level 1:colcon.colcon_core.package_discovery:discover_packages(path) check parameters
[4.182s] Level 1:colcon.colcon_core.package_discovery:discover_packages(colcon_meta) discover
[4.187s] Level 1:colcon.colcon_core.package_discovery:discover_packages(recursive) discover
[4.187s] INFO:colcon.colcon_core.package_discovery:Crawling recursively for packages in '/home/user/ros2_ws'
[4.188s] Level 1:colcon.colcon_core.package_identification:_identify(.) by extensions ['ignore', 'ignore_ament_install']
[4.197s] Level 1:colcon.colcon_core.package_identification:_identify(.) by extension 'ignore'
[4.197s] Level 1:colcon.colcon_core.package_identification:_identify(.) by extension 'ignore_ament_install'
[4.197s] Level 1:colcon.colcon_core.package_identification:_identify(.) by extensions ['colcon_pkg']
[4.198s] Level 1:colcon.colcon_core.package_identification:_identify(.) by extension 'colcon_pkg'
[4.199s] Level 1:colcon.colcon_core.package_identification:_identify(.) by extensions ['colcon_meta']
[4.199s] Level 1:colcon.colcon_core.package_identification:_identify(.) by extension 'colcon_meta'
[4.199s] Level 1:colcon.colcon_core.package_identification:_identify(.) by extensions ['ros']
[4.199s] Level 1:colcon.colcon_core.package_identification:_identify(.) by extension 'ros'
[4.580s] Level 1:colcon.colcon_core.package_identification:_identify(.) by extensions ['cmake', 'python']
[4.582s] Level 1:colcon.colcon_core.package_identification:_identify(.) by extension 'cmake'
[4.582s] Level 1:colcon.colcon_core.package_identification:_identify(.) by extension 'python'
[4.582s] Level 1:colcon.colcon_core.package_identification:_identify(.) by extensions ['python_setup_py']
[4.582s] Level 1:colcon.colcon_core.package_identification:_identify(.) by extension 'python_setup_py'
[4.585s] Level 1:colcon.colcon_core.package_identification:_identify(build) by extensions ['ignore', 'ignore_ament_install']
[4.585s] Level 1:colcon.colcon_core.package_identification:_identify(build) by extension 'ignore'
[4.585s] Level 1:colcon.colcon_core.package_identification:_identify(build) ignored
[4.587s] Level 1:colcon.colcon_core.package_identification:_identify(install) by extensions ['ignore', 'ignore_ament_install']
[4.587s] Level 1:colcon.colcon_core.package_identification:_identify(install) by extension 'ignore'
[4.588s] Level 1:colcon.colcon_core.package_identification:_identify(install) ignored
[4.588s] Level 1:colcon.colcon_core.package_identification:_identify(log) by extensions ['ignore', 'ignore_ament_install']
[4.588s] Level 1:colcon.colcon_core.package_identification:_identify(log) by extension 'ignore'
[4.590s] Level 1:colcon.colcon_core.package_identification:_identify(log) ignored
[4.590s] Level 1:colcon.colcon_core.package_identification:_identify(src) by extensions ['ignore', 'ignore_ament_install']
[4.590s] Level 1:colcon.colcon_core.package_identification:_identify(src) by extension 'ignore'
[4.595s] Level 1:colcon.colcon_core.package_identification:_identify(src) by extension 'ignore_ament_install'
[4.595s] Level 1:colcon.colcon_core.package_identification:_identify(src) by extensions ['colcon_pkg']
[4.595s] Level 1:colcon.colcon_core.package_identification:_identify(src) by extension 'colcon_pkg'
[4.595s] Level 1:colcon.colcon_core.package_identification:_identify(src) by extensions ['colcon_meta']
[4.596s] Level 1:colcon.colcon_core.package_identification:_identify(src) by extension 'colcon_meta'
[4.596s] Level 1:colcon.colcon_core.package_identification:_identify(src) by extensions ['ros']
[4.596s] Level 1:colcon.colcon_core.package_identification:_identify(src) by extension 'ros'
[4.596s] Level 1:colcon.colcon_core.package_identification:_identify(src) by extensions ['cmake', 'python']
[4.596s] Level 1:colcon.colcon_core.package_identification:_identify(src) by extension 'cmake'
[4.596s] Level 1:colcon.colcon_core.package_identification:_identify(src) by extension 'python'
[4.596s] Level 1:colcon.colcon_core.package_identification:_identify(src) by extensions ['python_setup_py']
[4.596s] Level 1:colcon.colcon_core.package_identification:_identify(src) by extension 'python_setup_py'
[4.597s] Level 1:colcon.colcon_core.package_identification:_identify(src/my_package) by extensions ['ignore', 'ignore_ament_install']
[4.597s] Level 1:colcon.colcon_core.package_identification:_identify(src/my_package) by extension 'ignore'
[4.597s] Level 1:colcon.colcon_core.package_identification:_identify(src/my_package) by extension 'ignore_ament_install'
[4.597s] Level 1:colcon.colcon_core.package_identification:_identify(src/my_package) by extensions ['colcon_pkg']
[4.597s] Level 1:colcon.colcon_core.package_identification:_identify(src/my_package) by extension 'colcon_pkg'
[4.597s] Level 1:colcon.colcon_core.package_identification:_identify(src/my_package) by extensions ['colcon_meta']
[4.597s] Level 1:colcon.colcon_core.package_identification:_identify(src/my_package) by extension 'colcon_meta'
[4.598s] Level 1:colcon.colcon_core.package_identification:_identify(src/my_package) by extensions ['ros']
[4.598s] Level 1:colcon.colcon_core.package_identification:_identify(src/my_package) by extension 'ros'
[4.759s] DEBUG:colcon.colcon_core.package_identification:Package 'src/my_package' with type 'ros.ament_python' and name 'my_package'
[4.759s] Level 1:colcon.colcon_core.package_discovery:discover_packages(recursive) using defaults
[4.760s] Level 1:colcon.colcon_core.package_discovery:discover_packages(ignore) discover
[4.760s] Level 1:colcon.colcon_core.package_discovery:discover_packages(ignore) using defaults
[4.760s] Level 1:colcon.colcon_core.package_discovery:discover_packages(path) discover
[4.760s] Level 1:colcon.colcon_core.package_discovery:discover_packages(path) using defaults
[5.316s] Level 5:colcon.colcon_core.verb:set package 'my_package' build argument 'cmake_args' from command line to 'None'
[5.316s] Level 5:colcon.colcon_core.verb:set package 'my_package' build argument 'cmake_target' from command line to 'None'
[5.316s] Level 5:colcon.colcon_core.verb:set package 'my_package' build argument 'cmake_target_skip_unavailable' from command line to 'False'
[5.316s] Level 5:colcon.colcon_core.verb:set package 'my_package' build argument 'cmake_clean_cache' from command line to 'False'
[5.316s] Level 5:colcon.colcon_core.verb:set package 'my_package' build argument 'cmake_clean_first' from command line to 'False'
[5.316s] Level 5:colcon.colcon_core.verb:set package 'my_package' build argument 'cmake_force_configure' from command line to 'False'
[5.316s] Level 5:colcon.colcon_core.verb:set package 'my_package' build argument 'ament_cmake_args' from command line to 'None'
[5.317s] Level 5:colcon.colcon_core.verb:set package 'my_package' build argument 'catkin_cmake_args' from command line to 'None'
[5.317s] Level 5:colcon.colcon_core.verb:set package 'my_package' build argument 'catkin_skip_building_tests' from command line to 'False'
[5.317s] DEBUG:colcon.colcon_core.verb:Building package 'my_package' with the following arguments: {'ament_cmake_args': None, 'build_base': '/home/user/ros2_ws/build/my_package', 'catkin_cmake_args': None, 'catkin_skip_building_tests': False, 'cmake_args': None, 'cmake_clean_cache': False, 'cmake_clean_first': False, 'cmake_force_configure': False, 'cmake_target': None, 'cmake_target_skip_unavailable': False, 'install_base': '/home/user/ros2_ws/install/my_package', 'merge_install': False, 'path': '/home/user/ros2_ws/src/my_package', 'symlink_install': True, 'test_result_base': None}
[5.358s] INFO:colcon.colcon_core.executor:Executing jobs using 'parallel' executor
[5.369s] DEBUG:colcon.colcon_parallel_executor.executor.parallel:run_until_complete
[5.370s] INFO:colcon.colcon_ros.task.ament_python.build:Building ROS package in '/home/user/ros2_ws/src/my_package' with build type 'ament_python'
[5.370s] Level 1:colcon.colcon_core.shell:create_environment_hook('my_package', 'ament_prefix_path')
[5.410s] INFO:colcon.colcon_core.plugin_system:Skipping extension 'colcon_core.shell.bat': Not used on non-Windows systems
[5.411s] INFO:colcon.colcon_core.shell:Creating environment hook '/home/user/ros2_ws/install/my_package/share/my_package/hook/ament_prefix_path.ps1'
[5.413s] INFO:colcon.colcon_core.shell:Creating environment descriptor '/home/user/ros2_ws/install/my_package/share/my_package/hook/ament_prefix_path.dsv'
[5.413s] INFO:colcon.colcon_core.shell:Creating environment hook '/home/user/ros2_ws/install/my_package/share/my_package/hook/ament_prefix_path.sh'
[5.461s] INFO:colcon.colcon_core.shell:Skip shell extension 'powershell' for command environment: Not usable outside of PowerShell
[5.461s] DEBUG:colcon.colcon_core.shell:Skip shell extension 'dsv' for command environment
[7.679s] INFO:colcon.colcon_core.task.python.build:Building Python package in '/home/user/ros2_ws/src/my_package'
[7.682s] INFO:colcon.colcon_core.shell:Skip shell extension 'powershell' for command environment: Not usable outside of PowerShell
[7.682s] DEBUG:colcon.colcon_core.shell:Skip shell extension 'dsv' for command environment
[10.090s] DEBUG:colcon.colcon_core.event_handler.log_command:Invoking command in '/home/user/ros2_ws/build/my_package': PYTHONPATH=/home/user/ros2_ws/install/my_package/lib/python3.10/site-packages:${PYTHONPATH} _=/usr/bin/env /usr/bin/python3 setup.py develop --prefix /home/user/ros2_ws/install/my_package --editable --build-directory /home/user/ros2_ws/build/my_package/build --no-deps install_data --install-dir /home/user/ros2_ws/install/my_package
[13.178s] Level 1:colcon.colcon_core.shell:create_environment_hook('my_package', 'pythonpath_develop')
[13.182s] INFO:colcon.colcon_core.shell:Creating environment hook '/home/user/ros2_ws/build/my_package/share/my_package/hook/pythonpath_develop.ps1'
[13.183s] INFO:colcon.colcon_core.shell:Creating environment descriptor '/home/user/ros2_ws/build/my_package/share/my_package/hook/pythonpath_develop.dsv'
[13.184s] INFO:colcon.colcon_core.shell:Creating environment hook '/home/user/ros2_ws/build/my_package/share/my_package/hook/pythonpath_develop.sh'
[13.185s] DEBUG:colcon.colcon_core.event_handler.log_command:Invoked command in '/home/user/ros2_ws/build/my_package' returned '0': PYTHONPATH=/home/user/ros2_ws/install/my_package/lib/python3.10/site-packages:${PYTHONPATH} _=/usr/bin/env /usr/bin/python3 setup.py develop --prefix /home/user/ros2_ws/install/my_package --editable --build-directory /home/user/ros2_ws/build/my_package/build --no-deps install_data --install-dir /home/user/ros2_ws/install/my_package
[13.197s] Level 1:colcon.colcon_core.environment:checking '/home/user/ros2_ws/install/my_package' for CMake module files
[13.260s] Level 1:colcon.colcon_core.environment:checking '/home/user/ros2_ws/install/my_package' for CMake config files
[13.261s] Level 1:colcon.colcon_core.environment:checking '/home/user/ros2_ws/install/my_package/lib'
[13.262s] Level 1:colcon.colcon_core.environment:checking '/home/user/ros2_ws/install/my_package/bin'
[13.263s] Level 1:colcon.colcon_core.environment:checking '/home/user/ros2_ws/install/my_package/lib/pkgconfig/my_package.pc'
[13.265s] Level 1:colcon.colcon_core.environment:checking '/home/user/ros2_ws/install/my_package/lib/python3.10/site-packages'
[13.265s] Level 1:colcon.colcon_core.shell:create_environment_hook('my_package', 'pythonpath')
[13.271s] INFO:colcon.colcon_core.shell:Creating environment hook '/home/user/ros2_ws/install/my_package/share/my_package/hook/pythonpath.ps1'
[13.272s] INFO:colcon.colcon_core.shell:Creating environment descriptor '/home/user/ros2_ws/install/my_package/share/my_package/hook/pythonpath.dsv'
[13.273s] INFO:colcon.colcon_core.shell:Creating environment hook '/home/user/ros2_ws/install/my_package/share/my_package/hook/pythonpath.sh'
[13.274s] Level 1:colcon.colcon_core.environment:checking '/home/user/ros2_ws/install/my_package/bin'
[13.274s] Level 1:colcon.colcon_core.environment:create_environment_scripts_only(my_package)
[13.278s] INFO:colcon.colcon_core.shell:Creating package script '/home/user/ros2_ws/install/my_package/share/my_package/package.ps1'
[13.279s] INFO:colcon.colcon_core.shell:Creating package descriptor '/home/user/ros2_ws/install/my_package/share/my_package/package.dsv'
[13.282s] INFO:colcon.colcon_core.shell:Creating package script '/home/user/ros2_ws/install/my_package/share/my_package/package.sh'
[13.283s] INFO:colcon.colcon_core.shell:Creating package script '/home/user/ros2_ws/install/my_package/share/my_package/package.bash'
[13.285s] INFO:colcon.colcon_core.shell:Creating package script '/home/user/ros2_ws/install/my_package/share/my_package/package.zsh'
[13.287s] Level 1:colcon.colcon_core.environment:create_file_with_runtime_dependencies(/home/user/ros2_ws/install/my_package/share/colcon-core/packages/my_package)
[13.290s] DEBUG:colcon.colcon_parallel_executor.executor.parallel:closing loop
[13.290s] DEBUG:colcon.colcon_parallel_executor.executor.parallel:loop closed
[13.290s] DEBUG:colcon.colcon_parallel_executor.executor.parallel:run_until_complete finished with '0'
[13.290s] DEBUG:colcon.colcon_core.event_reactor:joining thread
[13.371s] INFO:colcon.colcon_core.plugin_system:Skipping extension 'colcon_notification.desktop_notification.notify_send': Could not find 'notify-send'
[13.372s] INFO:colcon.colcon_core.plugin_system:Skipping extension 'colcon_notification.desktop_notification.terminal_notifier': Not used on non-Darwin systems
[13.372s] INFO:colcon.colcon_core.plugin_system:Skipping extension 'colcon_notification.desktop_notification.win32': Not used on non-Windows systems
[13.372s] INFO:colcon.colcon_notification.desktop_notification:Sending desktop notification using 'notify2'
[13.472s] DEBUG:colcon.colcon_notification.desktop_notification.notify2:Failed to initialize notify2: org.freedesktop.DBus.Error.Spawn.ExecFailed: /usr/bin/dbus-launch terminated abnormally without any error message
[13.473s] DEBUG:colcon.colcon_core.event_reactor:joined thread
[13.478s] INFO:colcon.colcon_core.shell:Creating prefix script '/home/user/ros2_ws/install/local_setup.ps1'
[13.481s] INFO:colcon.colcon_core.shell:Creating prefix util module '/home/user/ros2_ws/install/_local_setup_util_ps1.py'
[13.488s] INFO:colcon.colcon_core.shell:Creating prefix chain script '/home/user/ros2_ws/install/setup.ps1'
[13.511s] INFO:colcon.colcon_core.shell:Creating prefix script '/home/user/ros2_ws/install/local_setup.sh'
[13.512s] INFO:colcon.colcon_core.shell:Creating prefix util module '/home/user/ros2_ws/install/_local_setup_util_sh.py'
[13.563s] INFO:colcon.colcon_core.shell:Creating prefix chain script '/home/user/ros2_ws/install/setup.sh'
[13.570s] INFO:colcon.colcon_core.shell:Creating prefix script '/home/user/ros2_ws/install/local_setup.bash'
[13.578s] INFO:colcon.colcon_core.shell:Creating prefix chain script '/home/user/ros2_ws/install/setup.bash'
[13.596s] INFO:colcon.colcon_core.shell:Creating prefix script '/home/user/ros2_ws/install/local_setup.zsh'
[13.597s] INFO:colcon.colcon_core.shell:Creating prefix chain script '/home/user/ros2_ws/install/setup.zsh'
