[2.763s] Invoking command in '/home/user/build/project_package': PYTHONPATH=/home/user/install/project_package/lib/python3.10/site-packages:${PYTHONPATH} _=/usr/bin/env /usr/bin/python3 setup.py develop --prefix /home/user/install/project_package --editable --build-directory /home/user/build/project_package/build --no-deps install_data --install-dir /home/user/install/project_package
[3.735s] /usr/lib/python3/dist-packages/setuptools/command/easy_install.py:158: EasyInstallDeprecationWarning: easy_install command is deprecated. Use build and pip and other standards-based tools.
[3.736s]   warnings.warn(
[3.736s] /usr/lib/python3/dist-packages/setuptools/command/install.py:34: SetuptoolsDeprecationWarning: setup.py install is deprecated. Use build and pip and other standards-based tools.
[3.746s]   warnings.warn(
[3.746s] running develop
[3.933s] /usr/lib/python3/dist-packages/pkg_resources/__init__.py:116: PkgResourcesDeprecationWarning: 1.1build1 is an invalid version and will not be supported in a future release
[3.933s]   warnings.warn(
[4.264s] running egg_info
[4.265s] writing project_package.egg-info/PKG-INFO
[4.265s] writing dependency_links to project_package.egg-info/dependency_links.txt
[4.265s] writing entry points to project_package.egg-info/entry_points.txt
[4.266s] writing requirements to project_package.egg-info/requires.txt
[4.266s] writing top-level names to project_package.egg-info/top_level.txt
[4.268s] reading manifest file 'project_package.egg-info/SOURCES.txt'
[4.270s] writing manifest file 'project_package.egg-info/SOURCES.txt'
[4.273s] running build_ext
[4.337s] Creating /home/user/install/project_package/lib/python3.10/site-packages/project-package.egg-link (link to .)
[4.338s] Installing go_to_goal script to /home/user/install/project_package/lib/project_package
[4.338s] Installing goal_navigator script to /home/user/install/project_package/lib/project_package
[4.338s] Installing project_node script to /home/user/install/project_package/lib/project_package
[4.339s] 
[4.339s] Installed /home/user/build/project_package
[4.339s] running install_data
[4.439s] Invoked command in '/home/user/build/project_package' returned '0': PYTHONPATH=/home/user/install/project_package/lib/python3.10/site-packages:${PYTHONPATH} _=/usr/bin/env /usr/bin/python3 setup.py develop --prefix /home/user/install/project_package --editable --build-directory /home/user/build/project_package/build --no-deps install_data --install-dir /home/user/install/project_package
