[0.066s] Invoking command in '/home/user/build/turtlebot3_fake_node': CMAKE_PREFIX_PATH=${CMAKE_PREFIX_PATH}:/home/user/ros2_ws/install/my_package:/opt/ros/humble _=/usr/bin/env /usr/bin/cmake --build /home/user/build/turtlebot3_fake_node -- -j8 -l8
[0.207s] [100%] Built target turtlebot3_fake_node
[0.597s] Invoked command in '/home/user/build/turtlebot3_fake_node' returned '0': CMAKE_PREFIX_PATH=${CMAKE_PREFIX_PATH}:/home/user/ros2_ws/install/my_package:/opt/ros/humble _=/usr/bin/env /usr/bin/cmake --build /home/user/build/turtlebot3_fake_node -- -j8 -l8
[0.710s] Invoking command in '/home/user/build/turtlebot3_fake_node': CMAKE_PREFIX_PATH=${CMAKE_PREFIX_PATH}:/home/user/ros2_ws/install/my_package:/opt/ros/humble _=/usr/bin/env /usr/bin/cmake --install /home/user/build/turtlebot3_fake_node
[0.723s] -- Install configuration: ""
[0.724s] -- Execute custom install script
[0.725s] -- Up-to-date symlink: /home/user/install/turtlebot3_fake_node/lib/turtlebot3_fake_node/turtlebot3_fake_node
[0.725s] -- Up-to-date symlink: /home/user/install/turtlebot3_fake_node/share/turtlebot3_fake_node/launch/rviz2.launch.py
[0.725s] -- Up-to-date symlink: /home/user/install/turtlebot3_fake_node/share/turtlebot3_fake_node/launch/turtlebot3_fake_node.launch.py
[0.726s] -- Up-to-date symlink: /home/user/install/turtlebot3_fake_node/share/turtlebot3_fake_node/param/burger.yaml
[0.726s] -- Up-to-date symlink: /home/user/install/turtlebot3_fake_node/share/turtlebot3_fake_node/param/waffle.yaml
[0.727s] -- Up-to-date symlink: /home/user/install/turtlebot3_fake_node/share/turtlebot3_fake_node/param/waffle_pi.yaml
[0.727s] -- Up-to-date symlink: /home/user/install/turtlebot3_fake_node/include//turtlebot3_fake_node/turtlebot3_fake_node.hpp
[0.727s] -- Up-to-date symlink: /home/user/install/turtlebot3_fake_node/share/ament_index/resource_index/package_run_dependencies/turtlebot3_fake_node
[0.728s] -- Up-to-date symlink: /home/user/install/turtlebot3_fake_node/share/ament_index/resource_index/parent_prefix_path/turtlebot3_fake_node
[0.728s] -- Up-to-date symlink: /home/user/install/turtlebot3_fake_node/share/turtlebot3_fake_node/environment/ament_prefix_path.sh
[0.728s] -- Up-to-date symlink: /home/user/install/turtlebot3_fake_node/share/turtlebot3_fake_node/environment/ament_prefix_path.dsv
[0.729s] -- Up-to-date symlink: /home/user/install/turtlebot3_fake_node/share/turtlebot3_fake_node/environment/path.sh
[0.730s] -- Up-to-date symlink: /home/user/install/turtlebot3_fake_node/share/turtlebot3_fake_node/environment/path.dsv
[0.730s] -- Up-to-date symlink: /home/user/install/turtlebot3_fake_node/share/turtlebot3_fake_node/local_setup.bash
[0.731s] -- Up-to-date symlink: /home/user/install/turtlebot3_fake_node/share/turtlebot3_fake_node/local_setup.sh
[0.731s] -- Up-to-date symlink: /home/user/install/turtlebot3_fake_node/share/turtlebot3_fake_node/local_setup.zsh
[0.732s] -- Up-to-date symlink: /home/user/install/turtlebot3_fake_node/share/turtlebot3_fake_node/local_setup.dsv
[0.733s] -- Symlinking: /home/user/install/turtlebot3_fake_node/share/turtlebot3_fake_node/package.dsv
[0.770s] -- Up-to-date symlink: /home/user/install/turtlebot3_fake_node/share/ament_index/resource_index/packages/turtlebot3_fake_node
[0.771s] -- Up-to-date symlink: /home/user/install/turtlebot3_fake_node/share/turtlebot3_fake_node/cmake/ament_cmake_export_include_directories-extras.cmake
[0.771s] -- Up-to-date symlink: /home/user/install/turtlebot3_fake_node/share/turtlebot3_fake_node/cmake/ament_cmake_export_dependencies-extras.cmake
[0.772s] -- Up-to-date symlink: /home/user/install/turtlebot3_fake_node/share/turtlebot3_fake_node/cmake/turtlebot3_fake_nodeConfig.cmake
[0.773s] -- Up-to-date symlink: /home/user/install/turtlebot3_fake_node/share/turtlebot3_fake_node/cmake/turtlebot3_fake_nodeConfig-version.cmake
[0.774s] -- Up-to-date symlink: /home/user/install/turtlebot3_fake_node/share/turtlebot3_fake_node/package.xml
[0.790s] Invoked command in '/home/user/build/turtlebot3_fake_node' returned '0': CMAKE_PREFIX_PATH=${CMAKE_PREFIX_PATH}:/home/user/ros2_ws/install/my_package:/opt/ros/humble _=/usr/bin/env /usr/bin/cmake --install /home/user/build/turtlebot3_fake_node
