[0.801s] Invoking command in '/home/user/ros2_ws/build/my_package': PYTHONPATH=/home/user/ros2_ws/install/my_package/lib/python3.10/site-packages:${PYTHONPATH} _=/usr/bin/env /usr/bin/python3 setup.py develop --prefix /home/user/ros2_ws/install/my_package --uninstall --editable --build-directory /home/user/ros2_ws/build/my_package/build
[1.134s] running develop
[1.134s] /usr/lib/python3/dist-packages/setuptools/command/easy_install.py:158: EasyInstallDeprecationWarning: easy_install command is deprecated. Use build and pip and other standards-based tools.
[1.134s]   warnings.warn(
[1.136s] /usr/lib/python3/dist-packages/setuptools/command/install.py:34: SetuptoolsDeprecationWarning: setup.py install is deprecated. Use build and pip and other standards-based tools.
[1.136s]   warnings.warn(
[1.219s] /usr/lib/python3/dist-packages/pkg_resources/__init__.py:116: PkgResourcesDeprecationWarning: 1.1build1 is an invalid version and will not be supported in a future release
[1.220s]   warnings.warn(
[1.391s] Invoked command in '/home/user/ros2_ws/build/my_package' returned '0': PYTHONPATH=/home/user/ros2_ws/install/my_package/lib/python3.10/site-packages:${PYTHONPATH} _=/usr/bin/env /usr/bin/python3 setup.py develop --prefix /home/user/ros2_ws/install/my_package --uninstall --editable --build-directory /home/user/ros2_ws/build/my_package/build
[1.394s] Invoking command in '/home/user/ros2_ws/src/my_package': PYTHONPATH=/home/user/ros2_ws/install/my_package/lib/python3.10/site-packages:${PYTHONPATH} _=/usr/bin/env /usr/bin/python3 setup.py egg_info --egg-base ../../build/my_package build --build-base /home/user/ros2_ws/build/my_package/build install --prefix /home/user/ros2_ws/install/my_package --record /home/user/ros2_ws/build/my_package/install.log --single-version-externally-managed
[1.713s] running egg_info
[1.714s] writing ../../build/my_package/my_package.egg-info/PKG-INFO
[1.715s] writing dependency_links to ../../build/my_package/my_package.egg-info/dependency_links.txt
[1.715s] writing entry points to ../../build/my_package/my_package.egg-info/entry_points.txt
[1.715s] writing requirements to ../../build/my_package/my_package.egg-info/requires.txt
[1.715s] writing top-level names to ../../build/my_package/my_package.egg-info/top_level.txt
[1.717s] reading manifest file '../../build/my_package/my_package.egg-info/SOURCES.txt'
[1.718s] writing manifest file '../../build/my_package/my_package.egg-info/SOURCES.txt'
[1.719s] running build
[1.719s] running build_py
[1.719s] running install
[1.719s] /usr/lib/python3/dist-packages/setuptools/command/install.py:34: SetuptoolsDeprecationWarning: setup.py install is deprecated. Use build and pip and other standards-based tools.
[1.719s]   warnings.warn(
[1.719s] running install_lib
[1.721s] running install_data
[1.722s] copying urdf/bot.urdf -> /home/user/ros2_ws/install/my_package/share/my_package/urdf
[1.722s] running install_egg_info
[1.724s] removing '/home/user/ros2_ws/install/my_package/lib/python3.10/site-packages/my_package-0.0.0-py3.10.egg-info' (and everything under it)
[1.724s] Copying ../../build/my_package/my_package.egg-info to /home/user/ros2_ws/install/my_package/lib/python3.10/site-packages/my_package-0.0.0-py3.10.egg-info
[1.725s] running install_scripts
[1.750s] Installing control_turtle script to /home/user/ros2_ws/install/my_package/lib/my_package
[1.750s] Installing draw_circle script to /home/user/ros2_ws/install/my_package/lib/my_package
[1.750s] Installing first_node script to /home/user/ros2_ws/install/my_package/lib/my_package
[1.751s] Installing pose_subscriber script to /home/user/ros2_ws/install/my_package/lib/my_package
[1.751s] writing list of installed files to '/home/user/ros2_ws/build/my_package/install.log'
[1.775s] Invoked command in '/home/user/ros2_ws/src/my_package' returned '0': PYTHONPATH=/home/user/ros2_ws/install/my_package/lib/python3.10/site-packages:${PYTHONPATH} _=/usr/bin/env /usr/bin/python3 setup.py egg_info --egg-base ../../build/my_package build --build-base /home/user/ros2_ws/build/my_package/build install --prefix /home/user/ros2_ws/install/my_package --record /home/user/ros2_ws/build/my_package/install.log --single-version-externally-managed
