[0.721s] Invoking command in '/home/user/ros2_ws/src/my_package': PYTHONPATH=/home/user/ros2_ws/install/my_package/lib/python3.10/site-packages:${PYTHONPATH} _=/usr/bin/env /usr/bin/python3 setup.py egg_info --egg-base ../../build/my_package build --build-base /home/user/ros2_ws/build/my_package/build install --prefix /home/user/ros2_ws/install/my_package --record /home/user/ros2_ws/build/my_package/install.log --single-version-externally-managed
[1.007s] running egg_info
[1.008s] writing ../../build/my_package/my_package.egg-info/PKG-INFO
[1.008s] writing dependency_links to ../../build/my_package/my_package.egg-info/dependency_links.txt
[1.008s] writing entry points to ../../build/my_package/my_package.egg-info/entry_points.txt
[1.009s] writing requirements to ../../build/my_package/my_package.egg-info/requires.txt
[1.009s] writing top-level names to ../../build/my_package/my_package.egg-info/top_level.txt
[1.011s] reading manifest file '../../build/my_package/my_package.egg-info/SOURCES.txt'
[1.012s] writing manifest file '../../build/my_package/my_package.egg-info/SOURCES.txt'
[1.012s] running build
[1.012s] running build_py
[1.012s] copying my_package/pose_subscriber.py -> /home/user/ros2_ws/build/my_package/build/lib/my_package
[1.012s] running install
[1.013s] /usr/lib/python3/dist-packages/setuptools/command/install.py:34: SetuptoolsDeprecationWarning: setup.py install is deprecated. Use build and pip and other standards-based tools.
[1.013s]   warnings.warn(
[1.013s] running install_lib
[1.014s] copying /home/user/ros2_ws/build/my_package/build/lib/my_package/pose_subscriber.py -> /home/user/ros2_ws/install/my_package/lib/python3.10/site-packages/my_package
[1.014s] byte-compiling /home/user/ros2_ws/install/my_package/lib/python3.10/site-packages/my_package/pose_subscriber.py to pose_subscriber.cpython-310.pyc
[1.015s] running install_data
[1.015s] running install_egg_info
[1.017s] removing '/home/user/ros2_ws/install/my_package/lib/python3.10/site-packages/my_package-0.0.0-py3.10.egg-info' (and everything under it)
[1.017s] Copying ../../build/my_package/my_package.egg-info to /home/user/ros2_ws/install/my_package/lib/python3.10/site-packages/my_package-0.0.0-py3.10.egg-info
[1.018s] running install_scripts
[1.041s] Installing draw_circle script to /home/user/ros2_ws/install/my_package/lib/my_package
[1.041s] Installing first_node script to /home/user/ros2_ws/install/my_package/lib/my_package
[1.042s] Installing pose_subscriber script to /home/user/ros2_ws/install/my_package/lib/my_package
[1.042s] writing list of installed files to '/home/user/ros2_ws/build/my_package/install.log'
[1.067s] Invoked command in '/home/user/ros2_ws/src/my_package' returned '0': PYTHONPATH=/home/user/ros2_ws/install/my_package/lib/python3.10/site-packages:${PYTHONPATH} _=/usr/bin/env /usr/bin/python3 setup.py egg_info --egg-base ../../build/my_package build --build-base /home/user/ros2_ws/build/my_package/build install --prefix /home/user/ros2_ws/install/my_package --record /home/user/ros2_ws/build/my_package/install.log --single-version-externally-managed
