[6.191s] Invoking command in '/home/user/ros2_ws/src/my_package': PYTHONPATH=/home/user/install/my_package/lib/python3.10/site-packages:${PYTHONPATH} _=/usr/bin/env /usr/bin/python3 setup.py egg_info --egg-base ../../../build/my_package build --build-base /home/user/build/my_package/build install --prefix /home/user/install/my_package --record /home/user/build/my_package/install.log --single-version-externally-managed
[8.187s] running egg_info
[8.187s] writing ../../../build/my_package/my_package.egg-info/PKG-INFO
[8.187s] writing dependency_links to ../../../build/my_package/my_package.egg-info/dependency_links.txt
[8.187s] writing entry points to ../../../build/my_package/my_package.egg-info/entry_points.txt
[8.187s] writing requirements to ../../../build/my_package/my_package.egg-info/requires.txt
[8.187s] writing top-level names to ../../../build/my_package/my_package.egg-info/top_level.txt
[8.191s] reading manifest file '../../../build/my_package/my_package.egg-info/SOURCES.txt'
[8.194s] writing manifest file '../../../build/my_package/my_package.egg-info/SOURCES.txt'
[8.196s] running build
[8.198s] running build_py
[8.198s] running install
[8.198s] /usr/lib/python3/dist-packages/setuptools/command/install.py:34: SetuptoolsDeprecationWarning: setup.py install is deprecated. Use build and pip and other standards-based tools.
[8.199s]   warnings.warn(
[8.199s] running install_lib
[8.199s] running install_data
[8.201s] running install_egg_info
[8.204s] removing '/home/user/install/my_package/lib/python3.10/site-packages/my_package-0.0.0-py3.10.egg-info' (and everything under it)
[8.205s] Copying ../../../build/my_package/my_package.egg-info to /home/user/install/my_package/lib/python3.10/site-packages/my_package-0.0.0-py3.10.egg-info
[8.207s] running install_scripts
[8.313s] Installing control_turtle script to /home/user/install/my_package/lib/my_package
[8.314s] Installing draw_circle script to /home/user/install/my_package/lib/my_package
[8.314s] Installing first_node script to /home/user/install/my_package/lib/my_package
[8.314s] Installing pose_subscriber script to /home/user/install/my_package/lib/my_package
[8.314s] writing list of installed files to '/home/user/build/my_package/install.log'
[8.505s] Invoked command in '/home/user/ros2_ws/src/my_package' returned '0': PYTHONPATH=/home/user/install/my_package/lib/python3.10/site-packages:${PYTHONPATH} _=/usr/bin/env /usr/bin/python3 setup.py egg_info --egg-base ../../../build/my_package build --build-base /home/user/build/my_package/build install --prefix /home/user/install/my_package --record /home/user/build/my_package/install.log --single-version-externally-managed
