[5.084s] Invoking command in '/home/user/ros2_ws/build/my_package': PYTHONPATH=/home/user/ros2_ws/install/my_package/lib/python3.10/site-packages:${PYTHONPATH} _=/usr/bin/env /usr/bin/python3 setup.py develop --prefix /home/user/ros2_ws/install/my_package --editable --build-directory /home/user/ros2_ws/build/my_package/build --no-deps install_data --install-dir /home/user/ros2_ws/install/my_package
[7.605s] running develop
[7.606s] /usr/lib/python3/dist-packages/setuptools/command/easy_install.py:158: EasyInstallDeprecationWarning: easy_install command is deprecated. Use build and pip and other standards-based tools.
[7.607s]   warnings.warn(
[7.607s] /usr/lib/python3/dist-packages/setuptools/command/install.py:34: SetuptoolsDeprecationWarning: setup.py install is deprecated. Use build and pip and other standards-based tools.
[7.608s]   warnings.warn(
[8.281s] /usr/lib/python3/dist-packages/pkg_resources/__init__.py:116: PkgResourcesDeprecationWarning: 1.1build1 is an invalid version and will not be supported in a future release
[8.281s]   warnings.warn(
[9.314s] running egg_info
[9.315s] writing my_package.egg-info/PKG-INFO
[9.380s] writing dependency_links to my_package.egg-info/dependency_links.txt
[9.481s] writing entry points to my_package.egg-info/entry_points.txt
[9.482s] writing requirements to my_package.egg-info/requires.txt
[9.482s] writing top-level names to my_package.egg-info/top_level.txt
[9.486s] reading manifest file 'my_package.egg-info/SOURCES.txt'
[9.488s] writing manifest file 'my_package.egg-info/SOURCES.txt'
[9.493s] running build_ext
[9.493s] Creating /home/user/ros2_ws/install/my_package/lib/python3.10/site-packages/my-package.egg-link (link to .)
[9.500s] Installing control_turtle script to /home/user/ros2_ws/install/my_package/lib/my_package
[9.500s] Installing draw_circle script to /home/user/ros2_ws/install/my_package/lib/my_package
[9.500s] Installing first_node script to /home/user/ros2_ws/install/my_package/lib/my_package
[9.501s] Installing go_to_goal script to /home/user/ros2_ws/install/my_package/lib/my_package
[9.507s] Installing pose_subscriber script to /home/user/ros2_ws/install/my_package/lib/my_package
[9.507s] Installing project_node script to /home/user/ros2_ws/install/my_package/lib/my_package
[9.508s] 
[9.508s] Installed /home/user/ros2_ws/build/my_package
[9.509s] running install_data
[9.787s] Invoked command in '/home/user/ros2_ws/build/my_package' returned '0': PYTHONPATH=/home/user/ros2_ws/install/my_package/lib/python3.10/site-packages:${PYTHONPATH} _=/usr/bin/env /usr/bin/python3 setup.py develop --prefix /home/user/ros2_ws/install/my_package --editable --build-directory /home/user/ros2_ws/build/my_package/build --no-deps install_data --install-dir /home/user/ros2_ws/install/my_package
