[0.067s] Invoking command in '/home/user/turtlebot3_ws/build/turtlebot3_simulations': CMAKE_PREFIX_PATH=/home/user/turtlebot3_ws/install/turtlebot3_gazebo:/home/user/turtlebot3_ws/install/turtlebot3_fake_node:/home/user/turtlebot3_ws/install/turtlebot3_simulations:/home/user/turtlebot3_ws/install/project_package:/home/user/ros2_ws/install/my_package:/opt/ros/humble _=/usr/bin/env /usr/bin/cmake --build /home/user/turtlebot3_ws/build/turtlebot3_simulations -- -j8 -l8
[0.318s] Invoked command in '/home/user/turtlebot3_ws/build/turtlebot3_simulations' returned '0': CMAKE_PREFIX_PATH=/home/user/turtlebot3_ws/install/turtlebot3_gazebo:/home/user/turtlebot3_ws/install/turtlebot3_fake_node:/home/user/turtlebot3_ws/install/turtlebot3_simulations:/home/user/turtlebot3_ws/install/project_package:/home/user/ros2_ws/install/my_package:/opt/ros/humble _=/usr/bin/env /usr/bin/cmake --build /home/user/turtlebot3_ws/build/turtlebot3_simulations -- -j8 -l8
[0.514s] Invoking command in '/home/user/turtlebot3_ws/build/turtlebot3_simulations': CMAKE_PREFIX_PATH=/home/user/turtlebot3_ws/install/turtlebot3_gazebo:/home/user/turtlebot3_ws/install/turtlebot3_fake_node:/home/user/turtlebot3_ws/install/turtlebot3_simulations:/home/user/turtlebot3_ws/install/project_package:/home/user/ros2_ws/install/my_package:/opt/ros/humble _=/usr/bin/env /usr/bin/cmake --install /home/user/turtlebot3_ws/build/turtlebot3_simulations
[0.535s] -- Install configuration: ""
[0.536s] -- Execute custom install script
[0.536s] -- Up-to-date symlink: /home/user/turtlebot3_ws/install/turtlebot3_simulations/share/ament_index/resource_index/package_run_dependencies/turtlebot3_simulations
[0.537s] -- Up-to-date symlink: /home/user/turtlebot3_ws/install/turtlebot3_simulations/share/ament_index/resource_index/parent_prefix_path/turtlebot3_simulations
[0.537s] -- Up-to-date symlink: /home/user/turtlebot3_ws/install/turtlebot3_simulations/share/turtlebot3_simulations/environment/ament_prefix_path.sh
[0.537s] -- Up-to-date symlink: /home/user/turtlebot3_ws/install/turtlebot3_simulations/share/turtlebot3_simulations/environment/ament_prefix_path.dsv
[0.538s] -- Up-to-date symlink: /home/user/turtlebot3_ws/install/turtlebot3_simulations/share/turtlebot3_simulations/environment/path.sh
[0.539s] -- Up-to-date symlink: /home/user/turtlebot3_ws/install/turtlebot3_simulations/share/turtlebot3_simulations/environment/path.dsv
[0.539s] -- Up-to-date symlink: /home/user/turtlebot3_ws/install/turtlebot3_simulations/share/turtlebot3_simulations/local_setup.bash
[0.539s] -- Up-to-date symlink: /home/user/turtlebot3_ws/install/turtlebot3_simulations/share/turtlebot3_simulations/local_setup.sh
[0.540s] -- Up-to-date symlink: /home/user/turtlebot3_ws/install/turtlebot3_simulations/share/turtlebot3_simulations/local_setup.zsh
[0.546s] -- Up-to-date symlink: /home/user/turtlebot3_ws/install/turtlebot3_simulations/share/turtlebot3_simulations/local_setup.dsv
[0.546s] -- Symlinking: /home/user/turtlebot3_ws/install/turtlebot3_simulations/share/turtlebot3_simulations/package.dsv
[0.557s] -- Up-to-date symlink: /home/user/turtlebot3_ws/install/turtlebot3_simulations/share/ament_index/resource_index/packages/turtlebot3_simulations
[0.557s] -- Up-to-date symlink: /home/user/turtlebot3_ws/install/turtlebot3_simulations/share/turtlebot3_simulations/cmake/turtlebot3_simulationsConfig.cmake
[0.557s] -- Up-to-date symlink: /home/user/turtlebot3_ws/install/turtlebot3_simulations/share/turtlebot3_simulations/cmake/turtlebot3_simulationsConfig-version.cmake
[0.560s] -- Up-to-date symlink: /home/user/turtlebot3_ws/install/turtlebot3_simulations/share/turtlebot3_simulations/package.xml
[0.574s] Invoked command in '/home/user/turtlebot3_ws/build/turtlebot3_simulations' returned '0': CMAKE_PREFIX_PATH=/home/user/turtlebot3_ws/install/turtlebot3_gazebo:/home/user/turtlebot3_ws/install/turtlebot3_fake_node:/home/user/turtlebot3_ws/install/turtlebot3_simulations:/home/user/turtlebot3_ws/install/project_package:/home/user/ros2_ws/install/my_package:/opt/ros/humble _=/usr/bin/env /usr/bin/cmake --install /home/user/turtlebot3_ws/build/turtlebot3_simulations
