[6.492s] Invoking command in '/home/user/ros2_ws/build/my_package': PYTHONPATH=/home/user/ros2_ws/install/my_package/lib/python3.10/site-packages:${PYTHONPATH} _=/usr/bin/env /usr/bin/python3 setup.py develop --prefix /home/user/ros2_ws/install/my_package --editable --build-directory /home/user/ros2_ws/build/my_package/build --no-deps install_data --install-dir /home/user/ros2_ws/install/my_package
[9.028s] running develop
[9.028s] /usr/lib/python3/dist-packages/setuptools/command/easy_install.py:158: EasyInstallDeprecationWarning: easy_install command is deprecated. Use build and pip and other standards-based tools.
[9.036s]   warnings.warn(
[9.089s] /usr/lib/python3/dist-packages/setuptools/command/install.py:34: SetuptoolsDeprecationWarning: setup.py install is deprecated. Use build and pip and other standards-based tools.
[9.089s]   warnings.warn(
[10.193s] /usr/lib/python3/dist-packages/pkg_resources/__init__.py:116: PkgResourcesDeprecationWarning: 1.1build1 is an invalid version and will not be supported in a future release
[10.193s]   warnings.warn(
[11.197s] running egg_info
[11.197s] writing my_package.egg-info/PKG-INFO
[11.207s] writing dependency_links to my_package.egg-info/dependency_links.txt
[11.208s] writing entry points to my_package.egg-info/entry_points.txt
[11.209s] writing requirements to my_package.egg-info/requires.txt
[11.209s] writing top-level names to my_package.egg-info/top_level.txt
[11.213s] reading manifest file 'my_package.egg-info/SOURCES.txt'
[11.215s] writing manifest file 'my_package.egg-info/SOURCES.txt'
[11.219s] running build_ext
[11.220s] Creating /home/user/ros2_ws/install/my_package/lib/python3.10/site-packages/my-package.egg-link (link to .)
[11.222s] Installing control_turtle script to /home/user/ros2_ws/install/my_package/lib/my_package
[11.223s] Installing draw_circle script to /home/user/ros2_ws/install/my_package/lib/my_package
[11.224s] Installing first_node script to /home/user/ros2_ws/install/my_package/lib/my_package
[11.224s] Installing go_to_goal script to /home/user/ros2_ws/install/my_package/lib/my_package
[11.225s] Installing pose_subscriber script to /home/user/ros2_ws/install/my_package/lib/my_package
[11.225s] Installing project_node script to /home/user/ros2_ws/install/my_package/lib/my_package
[11.226s] 
[11.226s] Installed /home/user/ros2_ws/build/my_package
[11.227s] running install_data
[11.616s] Invoked command in '/home/user/ros2_ws/build/my_package' returned '0': PYTHONPATH=/home/user/ros2_ws/install/my_package/lib/python3.10/site-packages:${PYTHONPATH} _=/usr/bin/env /usr/bin/python3 setup.py develop --prefix /home/user/ros2_ws/install/my_package --editable --build-directory /home/user/ros2_ws/build/my_package/build --no-deps install_data --install-dir /home/user/ros2_ws/install/my_package
