[8.090s] Invoking command in '/home/user/turtlebot3_ws/src/project_package': PYTHONPATH=/home/user/turtlebot3_ws/install/project_package/lib/python3.10/site-packages:${PYTHONPATH} _=/usr/bin/env /usr/bin/python3 setup.py egg_info --egg-base ../../build/project_package build --build-base /home/user/turtlebot3_ws/build/project_package/build install --prefix /home/user/turtlebot3_ws/install/project_package --record /home/user/turtlebot3_ws/build/project_package/install.log --single-version-externally-managed
[10.607s] running egg_info
[10.666s] writing ../../build/project_package/project_package.egg-info/PKG-INFO
[10.666s] writing dependency_links to ../../build/project_package/project_package.egg-info/dependency_links.txt
[10.667s] writing entry points to ../../build/project_package/project_package.egg-info/entry_points.txt
[10.667s] writing requirements to ../../build/project_package/project_package.egg-info/requires.txt
[10.667s] writing top-level names to ../../build/project_package/project_package.egg-info/top_level.txt
[10.686s] reading manifest file '../../build/project_package/project_package.egg-info/SOURCES.txt'
[10.765s] /usr/lib/python3/dist-packages/setuptools/command/install.py:34: SetuptoolsDeprecationWarning: setup.py install is deprecated. Use build and pip and other standards-based tools.
[10.765s]   warnings.warn(
[10.765s] writing manifest file '../../build/project_package/project_package.egg-info/SOURCES.txt'
[10.766s] running build
[10.766s] running build_py
[10.766s] copying project_package/go_to_goal.py -> /home/user/turtlebot3_ws/build/project_package/build/lib/project_package
[10.766s] running install
[10.766s] running install_lib
[10.772s] copying /home/user/turtlebot3_ws/build/project_package/build/lib/project_package/go_to_goal.py -> /home/user/turtlebot3_ws/install/project_package/lib/python3.10/site-packages/project_package
[10.772s] byte-compiling /home/user/turtlebot3_ws/install/project_package/lib/python3.10/site-packages/project_package/go_to_goal.py to go_to_goal.cpython-310.pyc
[10.774s] running install_data
[10.779s] running install_egg_info
[10.866s] removing '/home/user/turtlebot3_ws/install/project_package/lib/python3.10/site-packages/project_package-0.0.0-py3.10.egg-info' (and everything under it)
[10.866s] Copying ../../build/project_package/project_package.egg-info to /home/user/turtlebot3_ws/install/project_package/lib/python3.10/site-packages/project_package-0.0.0-py3.10.egg-info
[10.868s] running install_scripts
[11.075s] Installing go_to_goal script to /home/user/turtlebot3_ws/install/project_package/lib/project_package
[11.075s] Installing goal_navigator script to /home/user/turtlebot3_ws/install/project_package/lib/project_package
[11.075s] Installing project_node script to /home/user/turtlebot3_ws/install/project_package/lib/project_package
[11.076s] writing list of installed files to '/home/user/turtlebot3_ws/build/project_package/install.log'
[11.270s] Invoked command in '/home/user/turtlebot3_ws/src/project_package' returned '0': PYTHONPATH=/home/user/turtlebot3_ws/install/project_package/lib/python3.10/site-packages:${PYTHONPATH} _=/usr/bin/env /usr/bin/python3 setup.py egg_info --egg-base ../../build/project_package build --build-base /home/user/turtlebot3_ws/build/project_package/build install --prefix /home/user/turtlebot3_ws/install/project_package --record /home/user/turtlebot3_ws/build/project_package/install.log --single-version-externally-managed
