[2.700s] DEBUG:colcon:Command line arguments: ['/usr/bin/colcon', 'build']
[2.700s] DEBUG:colcon:Parsed command line arguments: Namespace(log_base=None, log_level=None, verb_name='build', build_base='build', install_base='install', merge_install=False, symlink_install=False, test_result_base=None, continue_on_error=False, executor='parallel', parallel_workers=8, event_handlers=None, ignore_user_meta=False, metas=['./colcon.meta'], base_paths=['.'], packages_ignore=None, packages_ignore_regex=None, paths=None, packages_up_to=None, packages_up_to_regex=None, packages_above=None, packages_above_and_dependencies=None, packages_above_depth=None, packages_select_by_dep=None, packages_skip_by_dep=None, packages_skip_up_to=None, packages_select_build_failed=False, packages_skip_build_finished=False, packages_select_test_failures=False, packages_skip_test_passed=False, packages_select=None, packages_skip=None, packages_select_regex=None, packages_skip_regex=None, packages_start=None, packages_end=None, cmake_args=None, cmake_target=None, cmake_target_skip_unavailable=False, cmake_clean_cache=False, cmake_clean_first=False, cmake_force_configure=False, ament_cmake_args=None, catkin_cmake_args=None, catkin_skip_building_tests=False, mixin_files=None, mixin=None, verb_parser=<colcon_mixin.mixin.mixin_argument.MixinArgumentDecorator object at 0x7fbd1fc02b00>, verb_extension=<colcon_core.verb.build.BuildVerb object at 0x7fbd2056dae0>, main=<bound method BuildVerb.main of <colcon_core.verb.build.BuildVerb object at 0x7fbd2056dae0>>, mixin_verb=('build',))
[2.858s] Level 1:colcon.colcon_core.package_discovery:discover_packages(colcon_meta) check parameters
[2.859s] Level 1:colcon.colcon_core.package_discovery:discover_packages(recursive) check parameters
[2.859s] Level 1:colcon.colcon_core.package_discovery:discover_packages(ignore) check parameters
[2.859s] Level 1:colcon.colcon_core.package_discovery:discover_packages(path) check parameters
[2.859s] Level 1:colcon.colcon_core.package_discovery:discover_packages(colcon_meta) discover
[2.859s] Level 1:colcon.colcon_core.package_discovery:discover_packages(recursive) discover
[2.859s] INFO:colcon.colcon_core.package_discovery:Crawling recursively for packages in '/home/user/turtlebot3_ws/src'
[2.859s] Level 1:colcon.colcon_core.package_identification:_identify(.) by extensions ['ignore', 'ignore_ament_install']
[2.860s] Level 1:colcon.colcon_core.package_identification:_identify(.) by extension 'ignore'
[2.860s] Level 1:colcon.colcon_core.package_identification:_identify(.) by extension 'ignore_ament_install'
[2.860s] Level 1:colcon.colcon_core.package_identification:_identify(.) by extensions ['colcon_pkg']
[2.860s] Level 1:colcon.colcon_core.package_identification:_identify(.) by extension 'colcon_pkg'
[2.860s] Level 1:colcon.colcon_core.package_identification:_identify(.) by extensions ['colcon_meta']
[2.860s] Level 1:colcon.colcon_core.package_identification:_identify(.) by extension 'colcon_meta'
[2.860s] Level 1:colcon.colcon_core.package_identification:_identify(.) by extensions ['ros']
[2.860s] Level 1:colcon.colcon_core.package_identification:_identify(.) by extension 'ros'
[2.964s] Level 1:colcon.colcon_core.package_identification:_identify(.) by extensions ['cmake', 'python']
[2.964s] Level 1:colcon.colcon_core.package_identification:_identify(.) by extension 'cmake'
[2.964s] Level 1:colcon.colcon_core.package_identification:_identify(.) by extension 'python'
[2.964s] Level 1:colcon.colcon_core.package_identification:_identify(.) by extensions ['python_setup_py']
[2.964s] Level 1:colcon.colcon_core.package_identification:_identify(.) by extension 'python_setup_py'
[2.964s] Level 1:colcon.colcon_core.package_identification:_identify(build) by extensions ['ignore', 'ignore_ament_install']
[2.965s] Level 1:colcon.colcon_core.package_identification:_identify(build) by extension 'ignore'
[2.965s] Level 1:colcon.colcon_core.package_identification:_identify(build) ignored
[2.965s] Level 1:colcon.colcon_core.package_identification:_identify(install) by extensions ['ignore', 'ignore_ament_install']
[2.965s] Level 1:colcon.colcon_core.package_identification:_identify(install) by extension 'ignore'
[2.966s] Level 1:colcon.colcon_core.package_identification:_identify(install) ignored
[2.966s] Level 1:colcon.colcon_core.package_identification:_identify(log) by extensions ['ignore', 'ignore_ament_install']
[2.966s] Level 1:colcon.colcon_core.package_identification:_identify(log) by extension 'ignore'
[2.966s] Level 1:colcon.colcon_core.package_identification:_identify(log) ignored
[2.966s] Level 1:colcon.colcon_core.package_identification:_identify(turtlebot3_fake_node) by extensions ['ignore', 'ignore_ament_install']
[2.966s] Level 1:colcon.colcon_core.package_identification:_identify(turtlebot3_fake_node) by extension 'ignore'
[2.967s] Level 1:colcon.colcon_core.package_identification:_identify(turtlebot3_fake_node) by extension 'ignore_ament_install'
[2.967s] Level 1:colcon.colcon_core.package_identification:_identify(turtlebot3_fake_node) by extensions ['colcon_pkg']
[2.967s] Level 1:colcon.colcon_core.package_identification:_identify(turtlebot3_fake_node) by extension 'colcon_pkg'
[2.967s] Level 1:colcon.colcon_core.package_identification:_identify(turtlebot3_fake_node) by extensions ['colcon_meta']
[2.967s] Level 1:colcon.colcon_core.package_identification:_identify(turtlebot3_fake_node) by extension 'colcon_meta'
[2.967s] Level 1:colcon.colcon_core.package_identification:_identify(turtlebot3_fake_node) by extensions ['ros']
[2.967s] Level 1:colcon.colcon_core.package_identification:_identify(turtlebot3_fake_node) by extension 'ros'
[2.974s] DEBUG:colcon.colcon_core.package_identification:Package 'turtlebot3_fake_node' with type 'ros.ament_cmake' and name 'turtlebot3_fake_node'
[2.974s] Level 1:colcon.colcon_core.package_identification:_identify(turtlebot3_gazebo) by extensions ['ignore', 'ignore_ament_install']
[2.974s] Level 1:colcon.colcon_core.package_identification:_identify(turtlebot3_gazebo) by extension 'ignore'
[2.975s] Level 1:colcon.colcon_core.package_identification:_identify(turtlebot3_gazebo) by extension 'ignore_ament_install'
[2.975s] Level 1:colcon.colcon_core.package_identification:_identify(turtlebot3_gazebo) by extensions ['colcon_pkg']
[2.975s] Level 1:colcon.colcon_core.package_identification:_identify(turtlebot3_gazebo) by extension 'colcon_pkg'
[2.975s] Level 1:colcon.colcon_core.package_identification:_identify(turtlebot3_gazebo) by extensions ['colcon_meta']
[2.975s] Level 1:colcon.colcon_core.package_identification:_identify(turtlebot3_gazebo) by extension 'colcon_meta'
[2.975s] Level 1:colcon.colcon_core.package_identification:_identify(turtlebot3_gazebo) by extensions ['ros']
[2.975s] Level 1:colcon.colcon_core.package_identification:_identify(turtlebot3_gazebo) by extension 'ros'
[2.977s] DEBUG:colcon.colcon_core.package_identification:Package 'turtlebot3_gazebo' with type 'ros.ament_cmake' and name 'turtlebot3_gazebo'
[2.977s] Level 1:colcon.colcon_core.package_identification:_identify(turtlebot3_simulations) by extensions ['ignore', 'ignore_ament_install']
[2.978s] Level 1:colcon.colcon_core.package_identification:_identify(turtlebot3_simulations) by extension 'ignore'
[2.978s] Level 1:colcon.colcon_core.package_identification:_identify(turtlebot3_simulations) by extension 'ignore_ament_install'
[2.978s] Level 1:colcon.colcon_core.package_identification:_identify(turtlebot3_simulations) by extensions ['colcon_pkg']
[2.978s] Level 1:colcon.colcon_core.package_identification:_identify(turtlebot3_simulations) by extension 'colcon_pkg'
[2.978s] Level 1:colcon.colcon_core.package_identification:_identify(turtlebot3_simulations) by extensions ['colcon_meta']
[2.978s] Level 1:colcon.colcon_core.package_identification:_identify(turtlebot3_simulations) by extension 'colcon_meta'
[2.978s] Level 1:colcon.colcon_core.package_identification:_identify(turtlebot3_simulations) by extensions ['ros']
[2.978s] Level 1:colcon.colcon_core.package_identification:_identify(turtlebot3_simulations) by extension 'ros'
[2.979s] DEBUG:colcon.colcon_core.package_identification:Package 'turtlebot3_simulations' with type 'ros.ament_cmake' and name 'turtlebot3_simulations'
[2.979s] Level 1:colcon.colcon_core.package_discovery:discover_packages(recursive) using defaults
[2.980s] Level 1:colcon.colcon_core.package_discovery:discover_packages(ignore) discover
[2.980s] Level 1:colcon.colcon_core.package_discovery:discover_packages(ignore) using defaults
[2.980s] Level 1:colcon.colcon_core.package_discovery:discover_packages(path) discover
[2.980s] Level 1:colcon.colcon_core.package_discovery:discover_packages(path) using defaults
[3.264s] Level 5:colcon.colcon_core.verb:set package 'turtlebot3_fake_node' build argument 'cmake_args' from command line to 'None'
[3.264s] Level 5:colcon.colcon_core.verb:set package 'turtlebot3_fake_node' build argument 'cmake_target' from command line to 'None'
[3.264s] Level 5:colcon.colcon_core.verb:set package 'turtlebot3_fake_node' build argument 'cmake_target_skip_unavailable' from command line to 'False'
[3.264s] Level 5:colcon.colcon_core.verb:set package 'turtlebot3_fake_node' build argument 'cmake_clean_cache' from command line to 'False'
[3.264s] Level 5:colcon.colcon_core.verb:set package 'turtlebot3_fake_node' build argument 'cmake_clean_first' from command line to 'False'
[3.264s] Level 5:colcon.colcon_core.verb:set package 'turtlebot3_fake_node' build argument 'cmake_force_configure' from command line to 'False'
[3.264s] Level 5:colcon.colcon_core.verb:set package 'turtlebot3_fake_node' build argument 'ament_cmake_args' from command line to 'None'
[3.264s] Level 5:colcon.colcon_core.verb:set package 'turtlebot3_fake_node' build argument 'catkin_cmake_args' from command line to 'None'
[3.264s] Level 5:colcon.colcon_core.verb:set package 'turtlebot3_fake_node' build argument 'catkin_skip_building_tests' from command line to 'False'
[3.265s] DEBUG:colcon.colcon_core.verb:Building package 'turtlebot3_fake_node' with the following arguments: {'ament_cmake_args': None, 'build_base': '/home/user/turtlebot3_ws/src/build/turtlebot3_fake_node', 'catkin_cmake_args': None, 'catkin_skip_building_tests': False, 'cmake_args': None, 'cmake_clean_cache': False, 'cmake_clean_first': False, 'cmake_force_configure': False, 'cmake_target': None, 'cmake_target_skip_unavailable': False, 'install_base': '/home/user/turtlebot3_ws/src/install/turtlebot3_fake_node', 'merge_install': False, 'path': '/home/user/turtlebot3_ws/src/turtlebot3_fake_node', 'symlink_install': False, 'test_result_base': None}
[3.267s] Level 5:colcon.colcon_core.verb:set package 'turtlebot3_gazebo' build argument 'cmake_args' from command line to 'None'
[3.267s] Level 5:colcon.colcon_core.verb:set package 'turtlebot3_gazebo' build argument 'cmake_target' from command line to 'None'
[3.267s] Level 5:colcon.colcon_core.verb:set package 'turtlebot3_gazebo' build argument 'cmake_target_skip_unavailable' from command line to 'False'
[3.267s] Level 5:colcon.colcon_core.verb:set package 'turtlebot3_gazebo' build argument 'cmake_clean_cache' from command line to 'False'
[3.267s] Level 5:colcon.colcon_core.verb:set package 'turtlebot3_gazebo' build argument 'cmake_clean_first' from command line to 'False'
[3.267s] Level 5:colcon.colcon_core.verb:set package 'turtlebot3_gazebo' build argument 'cmake_force_configure' from command line to 'False'
[3.267s] Level 5:colcon.colcon_core.verb:set package 'turtlebot3_gazebo' build argument 'ament_cmake_args' from command line to 'None'
[3.268s] Level 5:colcon.colcon_core.verb:set package 'turtlebot3_gazebo' build argument 'catkin_cmake_args' from command line to 'None'
[3.268s] Level 5:colcon.colcon_core.verb:set package 'turtlebot3_gazebo' build argument 'catkin_skip_building_tests' from command line to 'False'
[3.268s] DEBUG:colcon.colcon_core.verb:Building package 'turtlebot3_gazebo' with the following arguments: {'ament_cmake_args': None, 'build_base': '/home/user/turtlebot3_ws/src/build/turtlebot3_gazebo', 'catkin_cmake_args': None, 'catkin_skip_building_tests': False, 'cmake_args': None, 'cmake_clean_cache': False, 'cmake_clean_first': False, 'cmake_force_configure': False, 'cmake_target': None, 'cmake_target_skip_unavailable': False, 'install_base': '/home/user/turtlebot3_ws/src/install/turtlebot3_gazebo', 'merge_install': False, 'path': '/home/user/turtlebot3_ws/src/turtlebot3_gazebo', 'symlink_install': False, 'test_result_base': None}
[3.270s] Level 5:colcon.colcon_core.verb:set package 'turtlebot3_simulations' build argument 'cmake_args' from command line to 'None'
[3.270s] Level 5:colcon.colcon_core.verb:set package 'turtlebot3_simulations' build argument 'cmake_target' from command line to 'None'
[3.270s] Level 5:colcon.colcon_core.verb:set package 'turtlebot3_simulations' build argument 'cmake_target_skip_unavailable' from command line to 'False'
[3.270s] Level 5:colcon.colcon_core.verb:set package 'turtlebot3_simulations' build argument 'cmake_clean_cache' from command line to 'False'
[3.270s] Level 5:colcon.colcon_core.verb:set package 'turtlebot3_simulations' build argument 'cmake_clean_first' from command line to 'False'
[3.270s] Level 5:colcon.colcon_core.verb:set package 'turtlebot3_simulations' build argument 'cmake_force_configure' from command line to 'False'
[3.270s] Level 5:colcon.colcon_core.verb:set package 'turtlebot3_simulations' build argument 'ament_cmake_args' from command line to 'None'
[3.270s] Level 5:colcon.colcon_core.verb:set package 'turtlebot3_simulations' build argument 'catkin_cmake_args' from command line to 'None'
[3.270s] Level 5:colcon.colcon_core.verb:set package 'turtlebot3_simulations' build argument 'catkin_skip_building_tests' from command line to 'False'
[3.270s] DEBUG:colcon.colcon_core.verb:Building package 'turtlebot3_simulations' with the following arguments: {'ament_cmake_args': None, 'build_base': '/home/user/turtlebot3_ws/src/build/turtlebot3_simulations', 'catkin_cmake_args': None, 'catkin_skip_building_tests': False, 'cmake_args': None, 'cmake_clean_cache': False, 'cmake_clean_first': False, 'cmake_force_configure': False, 'cmake_target': None, 'cmake_target_skip_unavailable': False, 'install_base': '/home/user/turtlebot3_ws/src/install/turtlebot3_simulations', 'merge_install': False, 'path': '/home/user/turtlebot3_ws/src/turtlebot3_simulations', 'symlink_install': False, 'test_result_base': None}
[3.272s] INFO:colcon.colcon_core.executor:Executing jobs using 'parallel' executor
[3.361s] DEBUG:colcon.colcon_parallel_executor.executor.parallel:run_until_complete
[3.362s] INFO:colcon.colcon_ros.task.ament_cmake.build:Building ROS package in '/home/user/turtlebot3_ws/src/turtlebot3_fake_node' with build type 'ament_cmake'
[3.362s] INFO:colcon.colcon_cmake.task.cmake.build:Building CMake package in '/home/user/turtlebot3_ws/src/turtlebot3_fake_node'
[3.392s] INFO:colcon.colcon_core.plugin_system:Skipping extension 'colcon_core.shell.bat': Not used on non-Windows systems
[3.393s] INFO:colcon.colcon_core.shell:Skip shell extension 'powershell' for command environment: Not usable outside of PowerShell
[3.393s] DEBUG:colcon.colcon_core.shell:Skip shell extension 'dsv' for command environment
[3.481s] INFO:colcon.colcon_ros.task.ament_cmake.build:Building ROS package in '/home/user/turtlebot3_ws/src/turtlebot3_gazebo' with build type 'ament_cmake'
[3.483s] INFO:colcon.colcon_cmake.task.cmake.build:Building CMake package in '/home/user/turtlebot3_ws/src/turtlebot3_gazebo'
[3.487s] INFO:colcon.colcon_core.shell:Skip shell extension 'powershell' for command environment: Not usable outside of PowerShell
[3.487s] DEBUG:colcon.colcon_core.shell:Skip shell extension 'dsv' for command environment
[3.583s] DEBUG:colcon.colcon_core.event_handler.log_command:Invoking command in '/home/user/turtlebot3_ws/src/build/turtlebot3_fake_node': CMAKE_PREFIX_PATH=${CMAKE_PREFIX_PATH}:/home/user/ros2_ws/install/my_package:/opt/ros/humble _=/usr/bin/env /usr/bin/cmake --build /home/user/turtlebot3_ws/src/build/turtlebot3_fake_node -- -j8 -l8
[3.776s] DEBUG:colcon.colcon_core.event_handler.log_command:Invoking command in '/home/user/turtlebot3_ws/src/build/turtlebot3_gazebo': CMAKE_PREFIX_PATH=${CMAKE_PREFIX_PATH}:/home/user/ros2_ws/install/my_package:/opt/ros/humble _=/usr/bin/env /usr/bin/cmake --build /home/user/turtlebot3_ws/src/build/turtlebot3_gazebo -- -j8 -l8
[4.261s] DEBUG:colcon.colcon_core.event_handler.log_command:Invoked command in '/home/user/turtlebot3_ws/src/build/turtlebot3_fake_node' returned '0': CMAKE_PREFIX_PATH=${CMAKE_PREFIX_PATH}:/home/user/ros2_ws/install/my_package:/opt/ros/humble _=/usr/bin/env /usr/bin/cmake --build /home/user/turtlebot3_ws/src/build/turtlebot3_fake_node -- -j8 -l8
[4.609s] DEBUG:colcon.colcon_core.event_handler.log_command:Invoking command in '/home/user/turtlebot3_ws/src/build/turtlebot3_fake_node': CMAKE_PREFIX_PATH=${CMAKE_PREFIX_PATH}:/home/user/ros2_ws/install/my_package:/opt/ros/humble _=/usr/bin/env /usr/bin/cmake --install /home/user/turtlebot3_ws/src/build/turtlebot3_fake_node
[4.676s] Level 1:colcon.colcon_core.environment:create_environment_scripts_only(turtlebot3_fake_node)
[4.680s] DEBUG:colcon.colcon_core.event_handler.log_command:Invoked command in '/home/user/turtlebot3_ws/src/build/turtlebot3_fake_node' returned '0': CMAKE_PREFIX_PATH=${CMAKE_PREFIX_PATH}:/home/user/ros2_ws/install/my_package:/opt/ros/humble _=/usr/bin/env /usr/bin/cmake --install /home/user/turtlebot3_ws/src/build/turtlebot3_fake_node
[4.688s] Level 1:colcon.colcon_core.environment:checking '/home/user/turtlebot3_ws/src/install/turtlebot3_fake_node' for CMake module files
[4.690s] Level 1:colcon.colcon_core.environment:checking '/home/user/turtlebot3_ws/src/install/turtlebot3_fake_node' for CMake config files
[4.690s] Level 1:colcon.colcon_core.shell:create_environment_hook('turtlebot3_fake_node', 'cmake_prefix_path')
[4.693s] INFO:colcon.colcon_core.shell:Creating environment hook '/home/user/turtlebot3_ws/src/install/turtlebot3_fake_node/share/turtlebot3_fake_node/hook/cmake_prefix_path.ps1'
[4.694s] INFO:colcon.colcon_core.shell:Creating environment descriptor '/home/user/turtlebot3_ws/src/install/turtlebot3_fake_node/share/turtlebot3_fake_node/hook/cmake_prefix_path.dsv'
[4.695s] INFO:colcon.colcon_core.shell:Creating environment hook '/home/user/turtlebot3_ws/src/install/turtlebot3_fake_node/share/turtlebot3_fake_node/hook/cmake_prefix_path.sh'
[4.696s] Level 1:colcon.colcon_core.environment:checking '/home/user/turtlebot3_ws/src/install/turtlebot3_fake_node/lib'
[4.696s] Level 1:colcon.colcon_core.environment:checking '/home/user/turtlebot3_ws/src/install/turtlebot3_fake_node/bin'
[4.697s] Level 1:colcon.colcon_core.environment:checking '/home/user/turtlebot3_ws/src/install/turtlebot3_fake_node/lib/pkgconfig/turtlebot3_fake_node.pc'
[4.699s] Level 1:colcon.colcon_core.environment:checking '/home/user/turtlebot3_ws/src/install/turtlebot3_fake_node/lib/python3.10/site-packages'
[4.699s] Level 1:colcon.colcon_core.environment:checking '/home/user/turtlebot3_ws/src/install/turtlebot3_fake_node/bin'
[4.702s] INFO:colcon.colcon_core.shell:Creating package script '/home/user/turtlebot3_ws/src/install/turtlebot3_fake_node/share/turtlebot3_fake_node/package.ps1'
[4.703s] INFO:colcon.colcon_core.shell:Creating package descriptor '/home/user/turtlebot3_ws/src/install/turtlebot3_fake_node/share/turtlebot3_fake_node/package.dsv'
[4.704s] INFO:colcon.colcon_core.shell:Creating package script '/home/user/turtlebot3_ws/src/install/turtlebot3_fake_node/share/turtlebot3_fake_node/package.sh'
[4.706s] INFO:colcon.colcon_core.shell:Creating package script '/home/user/turtlebot3_ws/src/install/turtlebot3_fake_node/share/turtlebot3_fake_node/package.bash'
[4.707s] INFO:colcon.colcon_core.shell:Creating package script '/home/user/turtlebot3_ws/src/install/turtlebot3_fake_node/share/turtlebot3_fake_node/package.zsh'
[4.708s] Level 1:colcon.colcon_core.environment:create_file_with_runtime_dependencies(/home/user/turtlebot3_ws/src/install/turtlebot3_fake_node/share/colcon-core/packages/turtlebot3_fake_node)
[4.823s] Level 1:colcon.colcon_core.environment:create_environment_scripts_only(turtlebot3_fake_node)
[4.826s] Level 1:colcon.colcon_core.environment:checking '/home/user/turtlebot3_ws/src/install/turtlebot3_fake_node' for CMake module files
[4.827s] Level 1:colcon.colcon_core.environment:checking '/home/user/turtlebot3_ws/src/install/turtlebot3_fake_node' for CMake config files
[4.828s] Level 1:colcon.colcon_core.shell:create_environment_hook('turtlebot3_fake_node', 'cmake_prefix_path')
[4.830s] INFO:colcon.colcon_core.shell:Creating environment hook '/home/user/turtlebot3_ws/src/install/turtlebot3_fake_node/share/turtlebot3_fake_node/hook/cmake_prefix_path.ps1'
[4.830s] INFO:colcon.colcon_core.shell:Creating environment descriptor '/home/user/turtlebot3_ws/src/install/turtlebot3_fake_node/share/turtlebot3_fake_node/hook/cmake_prefix_path.dsv'
[4.831s] INFO:colcon.colcon_core.shell:Creating environment hook '/home/user/turtlebot3_ws/src/install/turtlebot3_fake_node/share/turtlebot3_fake_node/hook/cmake_prefix_path.sh'
[4.832s] Level 1:colcon.colcon_core.environment:checking '/home/user/turtlebot3_ws/src/install/turtlebot3_fake_node/lib'
[4.832s] Level 1:colcon.colcon_core.environment:checking '/home/user/turtlebot3_ws/src/install/turtlebot3_fake_node/bin'
[4.832s] Level 1:colcon.colcon_core.environment:checking '/home/user/turtlebot3_ws/src/install/turtlebot3_fake_node/lib/pkgconfig/turtlebot3_fake_node.pc'
[4.832s] Level 1:colcon.colcon_core.environment:checking '/home/user/turtlebot3_ws/src/install/turtlebot3_fake_node/lib/python3.10/site-packages'
[4.832s] Level 1:colcon.colcon_core.environment:checking '/home/user/turtlebot3_ws/src/install/turtlebot3_fake_node/bin'
[4.836s] INFO:colcon.colcon_core.shell:Creating package script '/home/user/turtlebot3_ws/src/install/turtlebot3_fake_node/share/turtlebot3_fake_node/package.ps1'
[4.836s] INFO:colcon.colcon_core.shell:Creating package descriptor '/home/user/turtlebot3_ws/src/install/turtlebot3_fake_node/share/turtlebot3_fake_node/package.dsv'
[4.837s] INFO:colcon.colcon_core.shell:Creating package script '/home/user/turtlebot3_ws/src/install/turtlebot3_fake_node/share/turtlebot3_fake_node/package.sh'
[4.838s] INFO:colcon.colcon_core.shell:Creating package script '/home/user/turtlebot3_ws/src/install/turtlebot3_fake_node/share/turtlebot3_fake_node/package.bash'
[4.839s] INFO:colcon.colcon_core.shell:Creating package script '/home/user/turtlebot3_ws/src/install/turtlebot3_fake_node/share/turtlebot3_fake_node/package.zsh'
[4.839s] Level 1:colcon.colcon_core.environment:create_file_with_runtime_dependencies(/home/user/turtlebot3_ws/src/install/turtlebot3_fake_node/share/colcon-core/packages/turtlebot3_fake_node)
[4.863s] DEBUG:colcon.colcon_core.event_handler.log_command:Invoked command in '/home/user/turtlebot3_ws/src/build/turtlebot3_gazebo' returned '0': CMAKE_PREFIX_PATH=${CMAKE_PREFIX_PATH}:/home/user/ros2_ws/install/my_package:/opt/ros/humble _=/usr/bin/env /usr/bin/cmake --build /home/user/turtlebot3_ws/src/build/turtlebot3_gazebo -- -j8 -l8
[4.934s] DEBUG:colcon.colcon_core.event_handler.log_command:Invoking command in '/home/user/turtlebot3_ws/src/build/turtlebot3_gazebo': CMAKE_PREFIX_PATH=${CMAKE_PREFIX_PATH}:/home/user/ros2_ws/install/my_package:/opt/ros/humble _=/usr/bin/env /usr/bin/cmake --install /home/user/turtlebot3_ws/src/build/turtlebot3_gazebo
[4.954s] Level 1:colcon.colcon_core.environment:create_environment_scripts_only(turtlebot3_gazebo)
[4.957s] Level 1:colcon.colcon_core.environment:checking '/home/user/turtlebot3_ws/src/install/turtlebot3_gazebo' for CMake module files
[4.958s] Level 1:colcon.colcon_core.environment:checking '/home/user/turtlebot3_ws/src/install/turtlebot3_gazebo' for CMake config files
[4.959s] Level 1:colcon.colcon_core.shell:create_environment_hook('turtlebot3_gazebo', 'cmake_prefix_path')
[4.961s] INFO:colcon.colcon_core.shell:Creating environment hook '/home/user/turtlebot3_ws/src/install/turtlebot3_gazebo/share/turtlebot3_gazebo/hook/cmake_prefix_path.ps1'
[4.962s] INFO:colcon.colcon_core.shell:Creating environment descriptor '/home/user/turtlebot3_ws/src/install/turtlebot3_gazebo/share/turtlebot3_gazebo/hook/cmake_prefix_path.dsv'
[4.963s] INFO:colcon.colcon_core.shell:Creating environment hook '/home/user/turtlebot3_ws/src/install/turtlebot3_gazebo/share/turtlebot3_gazebo/hook/cmake_prefix_path.sh'
[4.965s] Level 1:colcon.colcon_core.environment:checking '/home/user/turtlebot3_ws/src/install/turtlebot3_gazebo/lib'
[4.966s] Level 1:colcon.colcon_core.environment:checking '/home/user/turtlebot3_ws/src/install/turtlebot3_gazebo/bin'
[4.966s] Level 1:colcon.colcon_core.environment:checking '/home/user/turtlebot3_ws/src/install/turtlebot3_gazebo/lib/pkgconfig/turtlebot3_gazebo.pc'
[4.966s] Level 1:colcon.colcon_core.environment:checking '/home/user/turtlebot3_ws/src/install/turtlebot3_gazebo/lib/python3.10/site-packages'
[4.966s] Level 1:colcon.colcon_core.environment:checking '/home/user/turtlebot3_ws/src/install/turtlebot3_gazebo/bin'
[4.968s] INFO:colcon.colcon_core.shell:Creating package script '/home/user/turtlebot3_ws/src/install/turtlebot3_gazebo/share/turtlebot3_gazebo/package.ps1'
[4.970s] INFO:colcon.colcon_core.shell:Creating package descriptor '/home/user/turtlebot3_ws/src/install/turtlebot3_gazebo/share/turtlebot3_gazebo/package.dsv'
[4.971s] INFO:colcon.colcon_core.shell:Creating package script '/home/user/turtlebot3_ws/src/install/turtlebot3_gazebo/share/turtlebot3_gazebo/package.sh'
[4.972s] INFO:colcon.colcon_core.shell:Creating package script '/home/user/turtlebot3_ws/src/install/turtlebot3_gazebo/share/turtlebot3_gazebo/package.bash'
[4.974s] INFO:colcon.colcon_core.shell:Creating package script '/home/user/turtlebot3_ws/src/install/turtlebot3_gazebo/share/turtlebot3_gazebo/package.zsh'
[4.975s] Level 1:colcon.colcon_core.environment:create_file_with_runtime_dependencies(/home/user/turtlebot3_ws/src/install/turtlebot3_gazebo/share/colcon-core/packages/turtlebot3_gazebo)
[4.986s] DEBUG:colcon.colcon_core.event_handler.log_command:Invoked command in '/home/user/turtlebot3_ws/src/build/turtlebot3_gazebo' returned '0': CMAKE_PREFIX_PATH=${CMAKE_PREFIX_PATH}:/home/user/ros2_ws/install/my_package:/opt/ros/humble _=/usr/bin/env /usr/bin/cmake --install /home/user/turtlebot3_ws/src/build/turtlebot3_gazebo
[5.040s] Level 1:colcon.colcon_core.environment:create_environment_scripts_only(turtlebot3_gazebo)
[5.044s] Level 1:colcon.colcon_core.environment:checking '/home/user/turtlebot3_ws/src/install/turtlebot3_gazebo' for CMake module files
[5.044s] Level 1:colcon.colcon_core.environment:checking '/home/user/turtlebot3_ws/src/install/turtlebot3_gazebo' for CMake config files
[5.045s] Level 1:colcon.colcon_core.shell:create_environment_hook('turtlebot3_gazebo', 'cmake_prefix_path')
[5.047s] INFO:colcon.colcon_core.shell:Creating environment hook '/home/user/turtlebot3_ws/src/install/turtlebot3_gazebo/share/turtlebot3_gazebo/hook/cmake_prefix_path.ps1'
[5.048s] INFO:colcon.colcon_core.shell:Creating environment descriptor '/home/user/turtlebot3_ws/src/install/turtlebot3_gazebo/share/turtlebot3_gazebo/hook/cmake_prefix_path.dsv'
[5.048s] INFO:colcon.colcon_core.shell:Creating environment hook '/home/user/turtlebot3_ws/src/install/turtlebot3_gazebo/share/turtlebot3_gazebo/hook/cmake_prefix_path.sh'
[5.049s] Level 1:colcon.colcon_core.environment:checking '/home/user/turtlebot3_ws/src/install/turtlebot3_gazebo/lib'
[5.049s] Level 1:colcon.colcon_core.environment:checking '/home/user/turtlebot3_ws/src/install/turtlebot3_gazebo/bin'
[5.049s] Level 1:colcon.colcon_core.environment:checking '/home/user/turtlebot3_ws/src/install/turtlebot3_gazebo/lib/pkgconfig/turtlebot3_gazebo.pc'
[5.050s] Level 1:colcon.colcon_core.environment:checking '/home/user/turtlebot3_ws/src/install/turtlebot3_gazebo/lib/python3.10/site-packages'
[5.050s] Level 1:colcon.colcon_core.environment:checking '/home/user/turtlebot3_ws/src/install/turtlebot3_gazebo/bin'
[5.052s] INFO:colcon.colcon_core.shell:Creating package script '/home/user/turtlebot3_ws/src/install/turtlebot3_gazebo/share/turtlebot3_gazebo/package.ps1'
[5.053s] INFO:colcon.colcon_core.shell:Creating package descriptor '/home/user/turtlebot3_ws/src/install/turtlebot3_gazebo/share/turtlebot3_gazebo/package.dsv'
[5.054s] INFO:colcon.colcon_core.shell:Creating package script '/home/user/turtlebot3_ws/src/install/turtlebot3_gazebo/share/turtlebot3_gazebo/package.sh'
[5.054s] INFO:colcon.colcon_core.shell:Creating package script '/home/user/turtlebot3_ws/src/install/turtlebot3_gazebo/share/turtlebot3_gazebo/package.bash'
[5.055s] INFO:colcon.colcon_core.shell:Creating package script '/home/user/turtlebot3_ws/src/install/turtlebot3_gazebo/share/turtlebot3_gazebo/package.zsh'
[5.057s] Level 1:colcon.colcon_core.environment:create_file_with_runtime_dependencies(/home/user/turtlebot3_ws/src/install/turtlebot3_gazebo/share/colcon-core/packages/turtlebot3_gazebo)
[5.058s] INFO:colcon.colcon_ros.task.ament_cmake.build:Building ROS package in '/home/user/turtlebot3_ws/src/turtlebot3_simulations' with build type 'ament_cmake'
[5.059s] INFO:colcon.colcon_cmake.task.cmake.build:Building CMake package in '/home/user/turtlebot3_ws/src/turtlebot3_simulations'
[5.061s] INFO:colcon.colcon_core.shell:Skip shell extension 'powershell' for command environment: Not usable outside of PowerShell
[5.061s] DEBUG:colcon.colcon_core.shell:Skip shell extension 'dsv' for command environment
[5.093s] DEBUG:colcon.colcon_core.event_handler.log_command:Invoking command in '/home/user/turtlebot3_ws/src/build/turtlebot3_simulations': AMENT_PREFIX_PATH=/home/user/turtlebot3_ws/src/install/turtlebot3_gazebo:/home/user/turtlebot3_ws/src/install/turtlebot3_fake_node:${AMENT_PREFIX_PATH} CMAKE_PREFIX_PATH=/home/user/turtlebot3_ws/src/install/turtlebot3_gazebo:/home/user/turtlebot3_ws/src/install/turtlebot3_fake_node:/home/user/turtlebot3_ws/install/turtlebot3_simulations:/home/user/turtlebot3_ws/install/turtlebot3_gazebo:/home/user/turtlebot3_ws/install/turtlebot3_fake_node:/home/user/ros2_ws/install/my_package:/opt/ros/humble _=/usr/bin/env /usr/bin/cmake --build /home/user/turtlebot3_ws/src/build/turtlebot3_simulations -- -j8 -l8
[5.148s] DEBUG:colcon.colcon_core.event_handler.log_command:Invoked command in '/home/user/turtlebot3_ws/src/build/turtlebot3_simulations' returned '0': AMENT_PREFIX_PATH=/home/user/turtlebot3_ws/src/install/turtlebot3_gazebo:/home/user/turtlebot3_ws/src/install/turtlebot3_fake_node:${AMENT_PREFIX_PATH} CMAKE_PREFIX_PATH=/home/user/turtlebot3_ws/src/install/turtlebot3_gazebo:/home/user/turtlebot3_ws/src/install/turtlebot3_fake_node:/home/user/turtlebot3_ws/install/turtlebot3_simulations:/home/user/turtlebot3_ws/install/turtlebot3_gazebo:/home/user/turtlebot3_ws/install/turtlebot3_fake_node:/home/user/ros2_ws/install/my_package:/opt/ros/humble _=/usr/bin/env /usr/bin/cmake --build /home/user/turtlebot3_ws/src/build/turtlebot3_simulations -- -j8 -l8
[5.193s] DEBUG:colcon.colcon_core.event_handler.log_command:Invoking command in '/home/user/turtlebot3_ws/src/build/turtlebot3_simulations': AMENT_PREFIX_PATH=/home/user/turtlebot3_ws/src/install/turtlebot3_gazebo:/home/user/turtlebot3_ws/src/install/turtlebot3_fake_node:${AMENT_PREFIX_PATH} CMAKE_PREFIX_PATH=/home/user/turtlebot3_ws/src/install/turtlebot3_gazebo:/home/user/turtlebot3_ws/src/install/turtlebot3_fake_node:/home/user/turtlebot3_ws/install/turtlebot3_simulations:/home/user/turtlebot3_ws/install/turtlebot3_gazebo:/home/user/turtlebot3_ws/install/turtlebot3_fake_node:/home/user/ros2_ws/install/my_package:/opt/ros/humble _=/usr/bin/env /usr/bin/cmake --install /home/user/turtlebot3_ws/src/build/turtlebot3_simulations
[5.209s] Level 1:colcon.colcon_core.environment:create_environment_scripts_only(turtlebot3_simulations)
[5.212s] Level 1:colcon.colcon_core.environment:checking '/home/user/turtlebot3_ws/src/install/turtlebot3_simulations' for CMake module files
[5.215s] Level 1:colcon.colcon_core.environment:checking '/home/user/turtlebot3_ws/src/install/turtlebot3_simulations' for CMake config files
[5.215s] DEBUG:colcon.colcon_core.event_handler.log_command:Invoked command in '/home/user/turtlebot3_ws/src/build/turtlebot3_simulations' returned '0': AMENT_PREFIX_PATH=/home/user/turtlebot3_ws/src/install/turtlebot3_gazebo:/home/user/turtlebot3_ws/src/install/turtlebot3_fake_node:${AMENT_PREFIX_PATH} CMAKE_PREFIX_PATH=/home/user/turtlebot3_ws/src/install/turtlebot3_gazebo:/home/user/turtlebot3_ws/src/install/turtlebot3_fake_node:/home/user/turtlebot3_ws/install/turtlebot3_simulations:/home/user/turtlebot3_ws/install/turtlebot3_gazebo:/home/user/turtlebot3_ws/install/turtlebot3_fake_node:/home/user/ros2_ws/install/my_package:/opt/ros/humble _=/usr/bin/env /usr/bin/cmake --install /home/user/turtlebot3_ws/src/build/turtlebot3_simulations
[5.216s] Level 1:colcon.colcon_core.shell:create_environment_hook('turtlebot3_simulations', 'cmake_prefix_path')
[5.218s] INFO:colcon.colcon_core.shell:Creating environment hook '/home/user/turtlebot3_ws/src/install/turtlebot3_simulations/share/turtlebot3_simulations/hook/cmake_prefix_path.ps1'
[5.219s] INFO:colcon.colcon_core.shell:Creating environment descriptor '/home/user/turtlebot3_ws/src/install/turtlebot3_simulations/share/turtlebot3_simulations/hook/cmake_prefix_path.dsv'
[5.220s] INFO:colcon.colcon_core.shell:Creating environment hook '/home/user/turtlebot3_ws/src/install/turtlebot3_simulations/share/turtlebot3_simulations/hook/cmake_prefix_path.sh'
[5.221s] Level 1:colcon.colcon_core.environment:checking '/home/user/turtlebot3_ws/src/install/turtlebot3_simulations/bin'
[5.221s] Level 1:colcon.colcon_core.environment:checking '/home/user/turtlebot3_ws/src/install/turtlebot3_simulations/lib/pkgconfig/turtlebot3_simulations.pc'
[5.221s] Level 1:colcon.colcon_core.environment:checking '/home/user/turtlebot3_ws/src/install/turtlebot3_simulations/lib/python3.10/site-packages'
[5.222s] Level 1:colcon.colcon_core.environment:checking '/home/user/turtlebot3_ws/src/install/turtlebot3_simulations/bin'
[5.224s] INFO:colcon.colcon_core.shell:Creating package script '/home/user/turtlebot3_ws/src/install/turtlebot3_simulations/share/turtlebot3_simulations/package.ps1'
[5.225s] INFO:colcon.colcon_core.shell:Creating package descriptor '/home/user/turtlebot3_ws/src/install/turtlebot3_simulations/share/turtlebot3_simulations/package.dsv'
[5.226s] INFO:colcon.colcon_core.shell:Creating package script '/home/user/turtlebot3_ws/src/install/turtlebot3_simulations/share/turtlebot3_simulations/package.sh'
[5.227s] INFO:colcon.colcon_core.shell:Creating package script '/home/user/turtlebot3_ws/src/install/turtlebot3_simulations/share/turtlebot3_simulations/package.bash'
[5.227s] INFO:colcon.colcon_core.shell:Creating package script '/home/user/turtlebot3_ws/src/install/turtlebot3_simulations/share/turtlebot3_simulations/package.zsh'
[5.228s] Level 1:colcon.colcon_core.environment:create_file_with_runtime_dependencies(/home/user/turtlebot3_ws/src/install/turtlebot3_simulations/share/colcon-core/packages/turtlebot3_simulations)
[5.280s] Level 1:colcon.colcon_core.environment:create_environment_scripts_only(turtlebot3_simulations)
[5.283s] Level 1:colcon.colcon_core.environment:checking '/home/user/turtlebot3_ws/src/install/turtlebot3_simulations' for CMake module files
[5.284s] Level 1:colcon.colcon_core.environment:checking '/home/user/turtlebot3_ws/src/install/turtlebot3_simulations' for CMake config files
[5.285s] Level 1:colcon.colcon_core.shell:create_environment_hook('turtlebot3_simulations', 'cmake_prefix_path')
[5.287s] INFO:colcon.colcon_core.shell:Creating environment hook '/home/user/turtlebot3_ws/src/install/turtlebot3_simulations/share/turtlebot3_simulations/hook/cmake_prefix_path.ps1'
[5.288s] INFO:colcon.colcon_core.shell:Creating environment descriptor '/home/user/turtlebot3_ws/src/install/turtlebot3_simulations/share/turtlebot3_simulations/hook/cmake_prefix_path.dsv'
[5.289s] INFO:colcon.colcon_core.shell:Creating environment hook '/home/user/turtlebot3_ws/src/install/turtlebot3_simulations/share/turtlebot3_simulations/hook/cmake_prefix_path.sh'
[5.290s] Level 1:colcon.colcon_core.environment:checking '/home/user/turtlebot3_ws/src/install/turtlebot3_simulations/bin'
[5.290s] Level 1:colcon.colcon_core.environment:checking '/home/user/turtlebot3_ws/src/install/turtlebot3_simulations/lib/pkgconfig/turtlebot3_simulations.pc'
[5.290s] Level 1:colcon.colcon_core.environment:checking '/home/user/turtlebot3_ws/src/install/turtlebot3_simulations/lib/python3.10/site-packages'
[5.290s] Level 1:colcon.colcon_core.environment:checking '/home/user/turtlebot3_ws/src/install/turtlebot3_simulations/bin'
[5.293s] INFO:colcon.colcon_core.shell:Creating package script '/home/user/turtlebot3_ws/src/install/turtlebot3_simulations/share/turtlebot3_simulations/package.ps1'
[5.294s] INFO:colcon.colcon_core.shell:Creating package descriptor '/home/user/turtlebot3_ws/src/install/turtlebot3_simulations/share/turtlebot3_simulations/package.dsv'
[5.295s] INFO:colcon.colcon_core.shell:Creating package script '/home/user/turtlebot3_ws/src/install/turtlebot3_simulations/share/turtlebot3_simulations/package.sh'
[5.295s] INFO:colcon.colcon_core.shell:Creating package script '/home/user/turtlebot3_ws/src/install/turtlebot3_simulations/share/turtlebot3_simulations/package.bash'
[5.296s] INFO:colcon.colcon_core.shell:Creating package script '/home/user/turtlebot3_ws/src/install/turtlebot3_simulations/share/turtlebot3_simulations/package.zsh'
[5.297s] Level 1:colcon.colcon_core.environment:create_file_with_runtime_dependencies(/home/user/turtlebot3_ws/src/install/turtlebot3_simulations/share/colcon-core/packages/turtlebot3_simulations)
[5.298s] DEBUG:colcon.colcon_parallel_executor.executor.parallel:closing loop
[5.298s] DEBUG:colcon.colcon_parallel_executor.executor.parallel:loop closed
[5.299s] DEBUG:colcon.colcon_parallel_executor.executor.parallel:run_until_complete finished with '0'
[5.299s] DEBUG:colcon.colcon_core.event_reactor:joining thread
[5.310s] INFO:colcon.colcon_core.plugin_system:Skipping extension 'colcon_notification.desktop_notification.notify_send': Could not find 'notify-send'
[5.310s] INFO:colcon.colcon_core.plugin_system:Skipping extension 'colcon_notification.desktop_notification.terminal_notifier': Not used on non-Darwin systems
[5.310s] INFO:colcon.colcon_core.plugin_system:Skipping extension 'colcon_notification.desktop_notification.win32': Not used on non-Windows systems
[5.312s] INFO:colcon.colcon_notification.desktop_notification:Sending desktop notification using 'notify2'
[5.315s] DEBUG:colcon.colcon_notification.desktop_notification.notify2:Failed to initialize notify2: org.freedesktop.DBus.Error.Spawn.ExecFailed: /usr/bin/dbus-launch terminated abnormally without any error message
[5.315s] DEBUG:colcon.colcon_core.event_reactor:joined thread
[5.319s] INFO:colcon.colcon_core.shell:Creating prefix script '/home/user/turtlebot3_ws/src/install/local_setup.ps1'
[5.320s] INFO:colcon.colcon_core.shell:Creating prefix util module '/home/user/turtlebot3_ws/src/install/_local_setup_util_ps1.py'
[5.322s] INFO:colcon.colcon_core.shell:Creating prefix chain script '/home/user/turtlebot3_ws/src/install/setup.ps1'
[5.325s] INFO:colcon.colcon_core.shell:Creating prefix script '/home/user/turtlebot3_ws/src/install/local_setup.sh'
[5.327s] INFO:colcon.colcon_core.shell:Creating prefix util module '/home/user/turtlebot3_ws/src/install/_local_setup_util_sh.py'
[5.328s] INFO:colcon.colcon_core.shell:Creating prefix chain script '/home/user/turtlebot3_ws/src/install/setup.sh'
[5.331s] INFO:colcon.colcon_core.shell:Creating prefix script '/home/user/turtlebot3_ws/src/install/local_setup.bash'
[5.332s] INFO:colcon.colcon_core.shell:Creating prefix chain script '/home/user/turtlebot3_ws/src/install/setup.bash'
[5.334s] INFO:colcon.colcon_core.shell:Creating prefix script '/home/user/turtlebot3_ws/src/install/local_setup.zsh'
[5.335s] INFO:colcon.colcon_core.shell:Creating prefix chain script '/home/user/turtlebot3_ws/src/install/setup.zsh'
