[0.317s] Invoking command in '/home/user/build/turtlebot3_simulations': AMENT_PREFIX_PATH=/home/user/install/turtlebot3_gazebo:/home/user/install/turtlebot3_fake_node:${AMENT_PREFIX_PATH} CMAKE_PREFIX_PATH=/home/user/install/turtlebot3_gazebo:/home/user/install/turtlebot3_fake_node:/home/user/ros2_ws/install/my_package:/opt/ros/humble _=/usr/bin/env /usr/bin/cmake /home/user/turtlebot3_ws/src/turtlebot3_simulations -DCMAKE_INSTALL_PREFIX=/home/user/install/turtlebot3_simulations
[1.298s] -- The C compiler identification is GNU 11.2.0
[1.802s] -- The CXX compiler identification is GNU 11.2.0
[1.814s] -- Detecting C compiler ABI info
[2.905s] -- Detecting C compiler ABI info - done
[2.925s] -- Check for working C compiler: /usr/bin/cc - skipped
[2.925s] -- Detecting C compile features
[2.926s] -- Detecting C compile features - done
[2.998s] -- Detecting CXX compiler ABI info
[3.533s] -- Detecting CXX compiler ABI info - done
[3.616s] -- Check for working CXX compiler: /usr/bin/c++ - skipped
[3.617s] -- Detecting CXX compile features
[3.617s] -- Detecting CXX compile features - done
[3.628s] -- Found ament_cmake: 1.3.2 (/opt/ros/humble/share/ament_cmake/cmake)
[5.920s] -- Found Python3: /usr/bin/python3.10 (found version "3.10.6") found components: Interpreter 
[8.008s] -- Configuring done
[8.015s] -- Generating done
[8.024s] -- Build files have been written to: /home/user/build/turtlebot3_simulations
[8.212s] Invoked command in '/home/user/build/turtlebot3_simulations' returned '0': AMENT_PREFIX_PATH=/home/user/install/turtlebot3_gazebo:/home/user/install/turtlebot3_fake_node:${AMENT_PREFIX_PATH} CMAKE_PREFIX_PATH=/home/user/install/turtlebot3_gazebo:/home/user/install/turtlebot3_fake_node:/home/user/ros2_ws/install/my_package:/opt/ros/humble _=/usr/bin/env /usr/bin/cmake /home/user/turtlebot3_ws/src/turtlebot3_simulations -DCMAKE_INSTALL_PREFIX=/home/user/install/turtlebot3_simulations
[8.212s] Invoking command in '/home/user/build/turtlebot3_simulations': AMENT_PREFIX_PATH=/home/user/install/turtlebot3_gazebo:/home/user/install/turtlebot3_fake_node:${AMENT_PREFIX_PATH} CMAKE_PREFIX_PATH=/home/user/install/turtlebot3_gazebo:/home/user/install/turtlebot3_fake_node:/home/user/ros2_ws/install/my_package:/opt/ros/humble _=/usr/bin/env /usr/bin/cmake --build /home/user/build/turtlebot3_simulations -- -j8 -l8
[8.437s] Invoked command in '/home/user/build/turtlebot3_simulations' returned '0': AMENT_PREFIX_PATH=/home/user/install/turtlebot3_gazebo:/home/user/install/turtlebot3_fake_node:${AMENT_PREFIX_PATH} CMAKE_PREFIX_PATH=/home/user/install/turtlebot3_gazebo:/home/user/install/turtlebot3_fake_node:/home/user/ros2_ws/install/my_package:/opt/ros/humble _=/usr/bin/env /usr/bin/cmake --build /home/user/build/turtlebot3_simulations -- -j8 -l8
[9.203s] Invoking command in '/home/user/build/turtlebot3_simulations': AMENT_PREFIX_PATH=/home/user/install/turtlebot3_gazebo:/home/user/install/turtlebot3_fake_node:${AMENT_PREFIX_PATH} CMAKE_PREFIX_PATH=/home/user/install/turtlebot3_gazebo:/home/user/install/turtlebot3_fake_node:/home/user/ros2_ws/install/my_package:/opt/ros/humble _=/usr/bin/env /usr/bin/cmake --install /home/user/build/turtlebot3_simulations
[9.232s] -- Install configuration: ""
[9.298s] -- Installing: /home/user/install/turtlebot3_simulations/share/ament_index/resource_index/package_run_dependencies/turtlebot3_simulations
[9.301s] -- Installing: /home/user/install/turtlebot3_simulations/share/ament_index/resource_index/parent_prefix_path/turtlebot3_simulations
[9.301s] -- Installing: /home/user/install/turtlebot3_simulations/share/turtlebot3_simulations/environment/ament_prefix_path.sh
[9.302s] -- Installing: /home/user/install/turtlebot3_simulations/share/turtlebot3_simulations/environment/ament_prefix_path.dsv
[9.302s] -- Installing: /home/user/install/turtlebot3_simulations/share/turtlebot3_simulations/environment/path.sh
[9.302s] -- Installing: /home/user/install/turtlebot3_simulations/share/turtlebot3_simulations/environment/path.dsv
[9.303s] -- Installing: /home/user/install/turtlebot3_simulations/share/turtlebot3_simulations/local_setup.bash
[9.303s] -- Installing: /home/user/install/turtlebot3_simulations/share/turtlebot3_simulations/local_setup.sh
[9.303s] -- Installing: /home/user/install/turtlebot3_simulations/share/turtlebot3_simulations/local_setup.zsh
[9.304s] -- Installing: /home/user/install/turtlebot3_simulations/share/turtlebot3_simulations/local_setup.dsv
[9.304s] -- Installing: /home/user/install/turtlebot3_simulations/share/turtlebot3_simulations/package.dsv
[9.306s] -- Installing: /home/user/install/turtlebot3_simulations/share/ament_index/resource_index/packages/turtlebot3_simulations
[9.307s] -- Installing: /home/user/install/turtlebot3_simulations/share/turtlebot3_simulations/cmake/turtlebot3_simulationsConfig.cmake
[9.308s] -- Installing: /home/user/install/turtlebot3_simulations/share/turtlebot3_simulations/cmake/turtlebot3_simulationsConfig-version.cmake
[9.310s] -- Installing: /home/user/install/turtlebot3_simulations/share/turtlebot3_simulations/package.xml
[9.323s] Invoked command in '/home/user/build/turtlebot3_simulations' returned '0': AMENT_PREFIX_PATH=/home/user/install/turtlebot3_gazebo:/home/user/install/turtlebot3_fake_node:${AMENT_PREFIX_PATH} CMAKE_PREFIX_PATH=/home/user/install/turtlebot3_gazebo:/home/user/install/turtlebot3_fake_node:/home/user/ros2_ws/install/my_package:/opt/ros/humble _=/usr/bin/env /usr/bin/cmake --install /home/user/build/turtlebot3_simulations
