[8.199s] Invoking command in '/home/user/turtlebot3_ws/build/project_package': PYTHONPATH=/home/user/turtlebot3_ws/install/project_package/lib/python3.10/site-packages:${PYTHONPATH} _=/usr/bin/env /usr/bin/python3 setup.py develop --prefix /home/user/turtlebot3_ws/install/project_package --uninstall --editable --build-directory /home/user/turtlebot3_ws/build/project_package/build
[11.393s] running develop
[11.394s] /usr/lib/python3/dist-packages/setuptools/command/easy_install.py:158: EasyInstallDeprecationWarning: easy_install command is deprecated. Use build and pip and other standards-based tools.
[11.395s]   warnings.warn(
[11.398s] /usr/lib/python3/dist-packages/setuptools/command/install.py:34: SetuptoolsDeprecationWarning: setup.py install is deprecated. Use build and pip and other standards-based tools.
[11.398s]   warnings.warn(
[11.926s] /usr/lib/python3/dist-packages/pkg_resources/__init__.py:116: PkgResourcesDeprecationWarning: 1.1build1 is an invalid version and will not be supported in a future release
[11.926s]   warnings.warn(
[13.211s] Invoked command in '/home/user/turtlebot3_ws/build/project_package' returned '0': PYTHONPATH=/home/user/turtlebot3_ws/install/project_package/lib/python3.10/site-packages:${PYTHONPATH} _=/usr/bin/env /usr/bin/python3 setup.py develop --prefix /home/user/turtlebot3_ws/install/project_package --uninstall --editable --build-directory /home/user/turtlebot3_ws/build/project_package/build
[13.212s] Invoking command in '/home/user/turtlebot3_ws/src/project_package': PYTHONPATH=/home/user/turtlebot3_ws/install/project_package/lib/python3.10/site-packages:${PYTHONPATH} _=/usr/bin/env /usr/bin/python3 setup.py egg_info --egg-base ../../build/project_package build --build-base /home/user/turtlebot3_ws/build/project_package/build install --prefix /home/user/turtlebot3_ws/install/project_package --record /home/user/turtlebot3_ws/build/project_package/install.log --single-version-externally-managed
[15.493s] running egg_info
[15.496s] writing ../../build/project_package/project_package.egg-info/PKG-INFO
[15.496s] writing dependency_links to ../../build/project_package/project_package.egg-info/dependency_links.txt
[15.497s] writing entry points to ../../build/project_package/project_package.egg-info/entry_points.txt
[15.497s] writing requirements to ../../build/project_package/project_package.egg-info/requires.txt
[15.497s] writing top-level names to ../../build/project_package/project_package.egg-info/top_level.txt
[15.501s] reading manifest file '../../build/project_package/project_package.egg-info/SOURCES.txt'
[15.510s] writing manifest file '../../build/project_package/project_package.egg-info/SOURCES.txt'
[15.512s] running build
[15.512s] running build_py
[15.512s] copying project_package/go_to_goal.py -> /home/user/turtlebot3_ws/build/project_package/build/lib/project_package
[15.583s] running install
[15.584s] running install_lib
[15.584s] copying /home/user/turtlebot3_ws/build/project_package/build/lib/project_package/go_to_goal.py -> /home/user/turtlebot3_ws/install/project_package/lib/python3.10/site-packages/project_package
[15.585s] byte-compiling /home/user/turtlebot3_ws/install/project_package/lib/python3.10/site-packages/project_package/go_to_goal.py to go_to_goal.cpython-310.pyc
[15.585s] /usr/lib/python3/dist-packages/setuptools/command/install.py:34: SetuptoolsDeprecationWarning: setup.py install is deprecated. Use build and pip and other standards-based tools.
[15.585s]   warnings.warn(
[15.586s] running install_data
[15.596s] running install_egg_info
[15.605s] removing '/home/user/turtlebot3_ws/install/project_package/lib/python3.10/site-packages/project_package-0.0.0-py3.10.egg-info' (and everything under it)
[15.606s] Copying ../../build/project_package/project_package.egg-info to /home/user/turtlebot3_ws/install/project_package/lib/python3.10/site-packages/project_package-0.0.0-py3.10.egg-info
[15.683s] running install_scripts
[15.810s] Installing go_to_goal script to /home/user/turtlebot3_ws/install/project_package/lib/project_package
[15.810s] Installing goal_navigator script to /home/user/turtlebot3_ws/install/project_package/lib/project_package
[15.813s] Installing project_node script to /home/user/turtlebot3_ws/install/project_package/lib/project_package
[15.813s] writing list of installed files to '/home/user/turtlebot3_ws/build/project_package/install.log'
[16.201s] Invoked command in '/home/user/turtlebot3_ws/src/project_package' returned '0': PYTHONPATH=/home/user/turtlebot3_ws/install/project_package/lib/python3.10/site-packages:${PYTHONPATH} _=/usr/bin/env /usr/bin/python3 setup.py egg_info --egg-base ../../build/project_package build --build-base /home/user/turtlebot3_ws/build/project_package/build install --prefix /home/user/turtlebot3_ws/install/project_package --record /home/user/turtlebot3_ws/build/project_package/install.log --single-version-externally-managed
