[0.485s] Invoking command in '/home/user/turtlebot3_ws/build/turtlebot3_simulations': CMAKE_PREFIX_PATH=/home/user/turtlebot3_ws/install/turtlebot3_gazebo:/home/user/turtlebot3_ws/install/turtlebot3_fake_node:/home/user/turtlebot3_ws/install/turtlebot3_simulations:/home/user/turtlebot3_ws/install/project_package:/home/user/ros2_ws/install/my_package:/opt/ros/humble _=/usr/bin/env /usr/bin/cmake --build /home/user/turtlebot3_ws/build/turtlebot3_simulations -- -j8 -l8
[1.266s] Invoked command in '/home/user/turtlebot3_ws/build/turtlebot3_simulations' returned '0': CMAKE_PREFIX_PATH=/home/user/turtlebot3_ws/install/turtlebot3_gazebo:/home/user/turtlebot3_ws/install/turtlebot3_fake_node:/home/user/turtlebot3_ws/install/turtlebot3_simulations:/home/user/turtlebot3_ws/install/project_package:/home/user/ros2_ws/install/my_package:/opt/ros/humble _=/usr/bin/env /usr/bin/cmake --build /home/user/turtlebot3_ws/build/turtlebot3_simulations -- -j8 -l8
[1.668s] Invoking command in '/home/user/turtlebot3_ws/build/turtlebot3_simulations': CMAKE_PREFIX_PATH=/home/user/turtlebot3_ws/install/turtlebot3_gazebo:/home/user/turtlebot3_ws/install/turtlebot3_fake_node:/home/user/turtlebot3_ws/install/turtlebot3_simulations:/home/user/turtlebot3_ws/install/project_package:/home/user/ros2_ws/install/my_package:/opt/ros/humble _=/usr/bin/env /usr/bin/cmake --install /home/user/turtlebot3_ws/build/turtlebot3_simulations
[1.741s] -- Install configuration: ""
[1.741s] -- Up-to-date: /home/user/turtlebot3_ws/install/turtlebot3_simulations/share/ament_index/resource_index/package_run_dependencies/turtlebot3_simulations
[1.741s] -- Up-to-date: /home/user/turtlebot3_ws/install/turtlebot3_simulations/share/ament_index/resource_index/parent_prefix_path/turtlebot3_simulations
[1.747s] -- Up-to-date: /home/user/turtlebot3_ws/install/turtlebot3_simulations/share/turtlebot3_simulations/environment/ament_prefix_path.sh
[1.755s] -- Up-to-date: /home/user/turtlebot3_ws/install/turtlebot3_simulations/share/turtlebot3_simulations/environment/ament_prefix_path.dsv
[1.755s] -- Up-to-date: /home/user/turtlebot3_ws/install/turtlebot3_simulations/share/turtlebot3_simulations/environment/path.sh
[1.755s] -- Up-to-date: /home/user/turtlebot3_ws/install/turtlebot3_simulations/share/turtlebot3_simulations/environment/path.dsv
[1.755s] -- Up-to-date: /home/user/turtlebot3_ws/install/turtlebot3_simulations/share/turtlebot3_simulations/local_setup.bash
[1.756s] -- Up-to-date: /home/user/turtlebot3_ws/install/turtlebot3_simulations/share/turtlebot3_simulations/local_setup.sh
[1.756s] -- Up-to-date: /home/user/turtlebot3_ws/install/turtlebot3_simulations/share/turtlebot3_simulations/local_setup.zsh
[1.756s] -- Up-to-date: /home/user/turtlebot3_ws/install/turtlebot3_simulations/share/turtlebot3_simulations/local_setup.dsv
[1.756s] -- Installing: /home/user/turtlebot3_ws/install/turtlebot3_simulations/share/turtlebot3_simulations/package.dsv
[1.757s] -- Up-to-date: /home/user/turtlebot3_ws/install/turtlebot3_simulations/share/ament_index/resource_index/packages/turtlebot3_simulations
[1.757s] -- Up-to-date: /home/user/turtlebot3_ws/install/turtlebot3_simulations/share/turtlebot3_simulations/cmake/turtlebot3_simulationsConfig.cmake
[1.757s] -- Up-to-date: /home/user/turtlebot3_ws/install/turtlebot3_simulations/share/turtlebot3_simulations/cmake/turtlebot3_simulationsConfig-version.cmake
[1.757s] -- Up-to-date: /home/user/turtlebot3_ws/install/turtlebot3_simulations/share/turtlebot3_simulations/package.xml
[1.758s] Invoked command in '/home/user/turtlebot3_ws/build/turtlebot3_simulations' returned '0': CMAKE_PREFIX_PATH=/home/user/turtlebot3_ws/install/turtlebot3_gazebo:/home/user/turtlebot3_ws/install/turtlebot3_fake_node:/home/user/turtlebot3_ws/install/turtlebot3_simulations:/home/user/turtlebot3_ws/install/project_package:/home/user/ros2_ws/install/my_package:/opt/ros/humble _=/usr/bin/env /usr/bin/cmake --install /home/user/turtlebot3_ws/build/turtlebot3_simulations
