[5.387s] Invoking command in '/home/user/ros2_ws/build/my_package': PYTHONPATH=/home/user/ros2_ws/install/my_package/lib/python3.10/site-packages:${PYTHONPATH} _=/usr/bin/env /usr/bin/python3 setup.py develop --prefix /home/user/ros2_ws/install/my_package --editable --build-directory /home/user/ros2_ws/build/my_package/build --no-deps install_data --install-dir /home/user/ros2_ws/install/my_package
[7.311s] running develop
[7.311s] /usr/lib/python3/dist-packages/setuptools/command/easy_install.py:158: EasyInstallDeprecationWarning: easy_install command is deprecated. Use build and pip and other standards-based tools.
[7.313s]   warnings.warn(
[7.313s] /usr/lib/python3/dist-packages/setuptools/command/install.py:34: SetuptoolsDeprecationWarning: setup.py install is deprecated. Use build and pip and other standards-based tools.
[7.313s]   warnings.warn(
[7.803s] /usr/lib/python3/dist-packages/pkg_resources/__init__.py:116: PkgResourcesDeprecationWarning: 1.1build1 is an invalid version and will not be supported in a future release
[7.803s]   warnings.warn(
[8.488s] running egg_info
[8.488s] writing my_package.egg-info/PKG-INFO
[8.490s] writing dependency_links to my_package.egg-info/dependency_links.txt
[8.490s] writing entry points to my_package.egg-info/entry_points.txt
[8.490s] writing requirements to my_package.egg-info/requires.txt
[8.490s] writing top-level names to my_package.egg-info/top_level.txt
[8.499s] reading manifest file 'my_package.egg-info/SOURCES.txt'
[8.500s] writing manifest file 'my_package.egg-info/SOURCES.txt'
[8.507s] running build_ext
[8.518s] Creating /home/user/ros2_ws/install/my_package/lib/python3.10/site-packages/my-package.egg-link (link to .)
[8.519s] Installing control_turtle script to /home/user/ros2_ws/install/my_package/lib/my_package
[8.520s] Installing draw_circle script to /home/user/ros2_ws/install/my_package/lib/my_package
[8.520s] Installing first_node script to /home/user/ros2_ws/install/my_package/lib/my_package
[8.520s] Installing go_to_goal script to /home/user/ros2_ws/install/my_package/lib/my_package
[8.521s] Installing pose_subscriber script to /home/user/ros2_ws/install/my_package/lib/my_package
[8.522s] Installing project_node script to /home/user/ros2_ws/install/my_package/lib/my_package
[8.522s] 
[8.524s] Installed /home/user/ros2_ws/build/my_package
[8.524s] running install_data
[8.687s] Invoked command in '/home/user/ros2_ws/build/my_package' returned '0': PYTHONPATH=/home/user/ros2_ws/install/my_package/lib/python3.10/site-packages:${PYTHONPATH} _=/usr/bin/env /usr/bin/python3 setup.py develop --prefix /home/user/ros2_ws/install/my_package --editable --build-directory /home/user/ros2_ws/build/my_package/build --no-deps install_data --install-dir /home/user/ros2_ws/install/my_package
