[5.928s] Invoking command in '/home/user/ros2_ws/src/my_package': PYTHONPATH=/home/user/install/my_package/lib/python3.10/site-packages:${PYTHONPATH} _=/usr/bin/env /usr/bin/python3 setup.py egg_info --egg-base ../../../build/my_package build --build-base /home/user/build/my_package/build install --prefix /home/user/install/my_package --record /home/user/build/my_package/install.log --single-version-externally-managed
[7.118s] running egg_info
[7.120s] writing ../../../build/my_package/my_package.egg-info/PKG-INFO
[7.121s] writing dependency_links to ../../../build/my_package/my_package.egg-info/dependency_links.txt
[7.123s] writing entry points to ../../../build/my_package/my_package.egg-info/entry_points.txt
[7.125s] writing requirements to ../../../build/my_package/my_package.egg-info/requires.txt
[7.125s] writing top-level names to ../../../build/my_package/my_package.egg-info/top_level.txt
[7.131s] reading manifest file '../../../build/my_package/my_package.egg-info/SOURCES.txt'
[7.132s] /usr/lib/python3/dist-packages/setuptools/command/install.py:34: SetuptoolsDeprecationWarning: setup.py install is deprecated. Use build and pip and other standards-based tools.
[7.132s]   warnings.warn(
[7.132s] writing manifest file '../../../build/my_package/my_package.egg-info/SOURCES.txt'
[7.132s] running build
[7.136s] running build_py
[7.136s] running install
[7.136s] running install_lib
[7.140s] running install_data
[7.140s] running install_egg_info
[7.140s] removing '/home/user/install/my_package/lib/python3.10/site-packages/my_package-0.0.0-py3.10.egg-info' (and everything under it)
[7.145s] Copying ../../../build/my_package/my_package.egg-info to /home/user/install/my_package/lib/python3.10/site-packages/my_package-0.0.0-py3.10.egg-info
[7.146s] running install_scripts
[7.259s] Installing control_turtle script to /home/user/install/my_package/lib/my_package
[7.274s] Installing draw_circle script to /home/user/install/my_package/lib/my_package
[7.275s] Installing first_node script to /home/user/install/my_package/lib/my_package
[7.275s] Installing pose_subscriber script to /home/user/install/my_package/lib/my_package
[7.275s] writing list of installed files to '/home/user/build/my_package/install.log'
[7.346s] Invoked command in '/home/user/ros2_ws/src/my_package' returned '0': PYTHONPATH=/home/user/install/my_package/lib/python3.10/site-packages:${PYTHONPATH} _=/usr/bin/env /usr/bin/python3 setup.py egg_info --egg-base ../../../build/my_package build --build-base /home/user/build/my_package/build install --prefix /home/user/install/my_package --record /home/user/build/my_package/install.log --single-version-externally-managed
