[0.852s] Invoking command in '/home/user/ros2_ws/build/my_package': PYTHONPATH=/home/user/ros2_ws/install/my_package/lib/python3.10/site-packages:${PYTHONPATH} _=/usr/bin/env /usr/bin/python3 setup.py develop --prefix /home/user/ros2_ws/install/my_package --uninstall --editable --build-directory /home/user/ros2_ws/build/my_package/build
[1.222s] running develop
[1.222s] /usr/lib/python3/dist-packages/setuptools/command/easy_install.py:158: EasyInstallDeprecationWarning: easy_install command is deprecated. Use build and pip and other standards-based tools.
[1.222s]   warnings.warn(
[1.223s] /usr/lib/python3/dist-packages/setuptools/command/install.py:34: SetuptoolsDeprecationWarning: setup.py install is deprecated. Use build and pip and other standards-based tools.
[1.224s]   warnings.warn(
[1.319s] /usr/lib/python3/dist-packages/pkg_resources/__init__.py:116: PkgResourcesDeprecationWarning: 1.1build1 is an invalid version and will not be supported in a future release
[1.319s]   warnings.warn(
[1.517s] Invoked command in '/home/user/ros2_ws/build/my_package' returned '0': PYTHONPATH=/home/user/ros2_ws/install/my_package/lib/python3.10/site-packages:${PYTHONPATH} _=/usr/bin/env /usr/bin/python3 setup.py develop --prefix /home/user/ros2_ws/install/my_package --uninstall --editable --build-directory /home/user/ros2_ws/build/my_package/build
[1.519s] Invoking command in '/home/user/ros2_ws/src/my_package': PYTHONPATH=/home/user/ros2_ws/install/my_package/lib/python3.10/site-packages:${PYTHONPATH} _=/usr/bin/env /usr/bin/python3 setup.py egg_info --egg-base ../../build/my_package build --build-base /home/user/ros2_ws/build/my_package/build install --prefix /home/user/ros2_ws/install/my_package --record /home/user/ros2_ws/build/my_package/install.log --single-version-externally-managed
[1.846s] running egg_info
[1.847s] writing ../../build/my_package/my_package.egg-info/PKG-INFO
[1.847s] writing dependency_links to ../../build/my_package/my_package.egg-info/dependency_links.txt
[1.848s] writing entry points to ../../build/my_package/my_package.egg-info/entry_points.txt
[1.848s] writing requirements to ../../build/my_package/my_package.egg-info/requires.txt
[1.848s] writing top-level names to ../../build/my_package/my_package.egg-info/top_level.txt
[1.850s] reading manifest file '../../build/my_package/my_package.egg-info/SOURCES.txt'
[1.851s] writing manifest file '../../build/my_package/my_package.egg-info/SOURCES.txt'
[1.851s] running build
[1.851s] running build_py
[1.851s] running install
[1.852s] /usr/lib/python3/dist-packages/setuptools/command/install.py:34: SetuptoolsDeprecationWarning: setup.py install is deprecated. Use build and pip and other standards-based tools.
[1.852s]   warnings.warn(
[1.852s] running install_lib
[1.853s] running install_data
[1.854s] running install_egg_info
[1.856s] removing '/home/user/ros2_ws/install/my_package/lib/python3.10/site-packages/my_package-0.0.0-py3.10.egg-info' (and everything under it)
[1.856s] Copying ../../build/my_package/my_package.egg-info to /home/user/ros2_ws/install/my_package/lib/python3.10/site-packages/my_package-0.0.0-py3.10.egg-info
[1.858s] running install_scripts
[1.886s] Installing control_turtle script to /home/user/ros2_ws/install/my_package/lib/my_package
[1.886s] Installing draw_circle script to /home/user/ros2_ws/install/my_package/lib/my_package
[1.886s] Installing first_node script to /home/user/ros2_ws/install/my_package/lib/my_package
[1.886s] Installing pose_subscriber script to /home/user/ros2_ws/install/my_package/lib/my_package
[1.887s] writing list of installed files to '/home/user/ros2_ws/build/my_package/install.log'
[1.914s] Invoked command in '/home/user/ros2_ws/src/my_package' returned '0': PYTHONPATH=/home/user/ros2_ws/install/my_package/lib/python3.10/site-packages:${PYTHONPATH} _=/usr/bin/env /usr/bin/python3 setup.py egg_info --egg-base ../../build/my_package build --build-base /home/user/ros2_ws/build/my_package/build install --prefix /home/user/ros2_ws/install/my_package --record /home/user/ros2_ws/build/my_package/install.log --single-version-externally-managed
