[0.070s] Invoking command in '/home/user/build/turtlebot3_fake_node': CMAKE_PREFIX_PATH=${CMAKE_PREFIX_PATH}:/home/user/ros2_ws/install/my_package:/opt/ros/humble _=/usr/bin/env /usr/bin/cmake /home/user/turtlebot3_ws/src/turtlebot3_fake_node -DCMAKE_INSTALL_PREFIX=/home/user/install/turtlebot3_fake_node
[0.732s] -- Found ament_cmake: 1.3.2 (/opt/ros/humble/share/ament_cmake/cmake)
[1.311s] -- Override CMake install command with custom implementation using symlinks instead of copying resources
[1.530s] -- Found geometry_msgs: 4.2.2 (/opt/ros/humble/share/geometry_msgs/cmake)
[1.679s] -- Found rosidl_generator_c: 3.1.3 (/opt/ros/humble/share/rosidl_generator_c/cmake)
[1.693s] -- Found rosidl_adapter: 3.1.3 (/opt/ros/humble/share/rosidl_adapter/cmake)
[1.720s] -- Found rosidl_generator_cpp: 3.1.3 (/opt/ros/humble/share/rosidl_generator_cpp/cmake)
[1.776s] -- Using all available rosidl_typesupport_c: rosidl_typesupport_fastrtps_c;rosidl_typesupport_introspection_c
[1.877s] -- Using all available rosidl_typesupport_cpp: rosidl_typesupport_fastrtps_cpp;rosidl_typesupport_introspection_cpp
[2.320s] -- Found nav_msgs: 4.2.2 (/opt/ros/humble/share/nav_msgs/cmake)
[2.707s] -- Found rclcpp: 16.0.1 (/opt/ros/humble/share/rclcpp/cmake)
[2.990s] -- Found rmw_implementation_cmake: 6.1.0 (/opt/ros/humble/share/rmw_implementation_cmake/cmake)
[2.997s] -- Found rmw_cyclonedds_cpp: 1.3.4 (/opt/ros/humble/share/rmw_cyclonedds_cpp/cmake)
[3.088s] -- Using RMW implementation 'rmw_cyclonedds_cpp' as default
[3.420s] -- Found sensor_msgs: 4.2.2 (/opt/ros/humble/share/sensor_msgs/cmake)
[3.601s] -- Found tf2: 0.25.1 (/opt/ros/humble/share/tf2/cmake)
[3.626s] -- Found tf2_msgs: 0.25.1 (/opt/ros/humble/share/tf2_msgs/cmake)
[4.010s] -- Found turtlebot3_msgs: 2.2.3 (/opt/ros/humble/share/turtlebot3_msgs/cmake)
[4.333s] -- Configuring done
[4.361s] -- Generating done
[4.366s] -- Build files have been written to: /home/user/build/turtlebot3_fake_node
[4.382s] Invoked command in '/home/user/build/turtlebot3_fake_node' returned '0': CMAKE_PREFIX_PATH=${CMAKE_PREFIX_PATH}:/home/user/ros2_ws/install/my_package:/opt/ros/humble _=/usr/bin/env /usr/bin/cmake /home/user/turtlebot3_ws/src/turtlebot3_fake_node -DCMAKE_INSTALL_PREFIX=/home/user/install/turtlebot3_fake_node
[4.383s] Invoking command in '/home/user/build/turtlebot3_fake_node': CMAKE_PREFIX_PATH=${CMAKE_PREFIX_PATH}:/home/user/ros2_ws/install/my_package:/opt/ros/humble _=/usr/bin/env /usr/bin/cmake --build /home/user/build/turtlebot3_fake_node -- -j8 -l8
[4.464s] [35m[1mConsolidate compiler generated dependencies of target turtlebot3_fake_node[0m
[4.514s] [100%] Built target turtlebot3_fake_node
[4.531s] Invoked command in '/home/user/build/turtlebot3_fake_node' returned '0': CMAKE_PREFIX_PATH=${CMAKE_PREFIX_PATH}:/home/user/ros2_ws/install/my_package:/opt/ros/humble _=/usr/bin/env /usr/bin/cmake --build /home/user/build/turtlebot3_fake_node -- -j8 -l8
[4.636s] Invoking command in '/home/user/build/turtlebot3_fake_node': CMAKE_PREFIX_PATH=${CMAKE_PREFIX_PATH}:/home/user/ros2_ws/install/my_package:/opt/ros/humble _=/usr/bin/env /usr/bin/cmake --install /home/user/build/turtlebot3_fake_node
[4.656s] -- Install configuration: ""
[4.657s] -- Execute custom install script
[4.657s] -- Up-to-date symlink: /home/user/install/turtlebot3_fake_node/lib/turtlebot3_fake_node/turtlebot3_fake_node
[4.658s] -- Up-to-date symlink: /home/user/install/turtlebot3_fake_node/share/turtlebot3_fake_node/launch/rviz2.launch.py
[4.659s] -- Up-to-date symlink: /home/user/install/turtlebot3_fake_node/share/turtlebot3_fake_node/launch/turtlebot3_fake_node.launch.py
[4.659s] -- Up-to-date symlink: /home/user/install/turtlebot3_fake_node/share/turtlebot3_fake_node/param/burger.yaml
[4.659s] -- Up-to-date symlink: /home/user/install/turtlebot3_fake_node/share/turtlebot3_fake_node/param/waffle.yaml
[4.659s] -- Up-to-date symlink: /home/user/install/turtlebot3_fake_node/share/turtlebot3_fake_node/param/waffle_pi.yaml
[4.660s] -- Up-to-date symlink: /home/user/install/turtlebot3_fake_node/include//turtlebot3_fake_node/turtlebot3_fake_node.hpp
[4.660s] -- Up-to-date symlink: /home/user/install/turtlebot3_fake_node/share/ament_index/resource_index/package_run_dependencies/turtlebot3_fake_node
[4.660s] -- Up-to-date symlink: /home/user/install/turtlebot3_fake_node/share/ament_index/resource_index/parent_prefix_path/turtlebot3_fake_node
[4.661s] -- Up-to-date symlink: /home/user/install/turtlebot3_fake_node/share/turtlebot3_fake_node/environment/ament_prefix_path.sh
[4.661s] -- Up-to-date symlink: /home/user/install/turtlebot3_fake_node/share/turtlebot3_fake_node/environment/ament_prefix_path.dsv
[4.662s] -- Up-to-date symlink: /home/user/install/turtlebot3_fake_node/share/turtlebot3_fake_node/environment/path.sh
[4.664s] -- Up-to-date symlink: /home/user/install/turtlebot3_fake_node/share/turtlebot3_fake_node/environment/path.dsv
[4.664s] -- Up-to-date symlink: /home/user/install/turtlebot3_fake_node/share/turtlebot3_fake_node/local_setup.bash
[4.664s] -- Up-to-date symlink: /home/user/install/turtlebot3_fake_node/share/turtlebot3_fake_node/local_setup.sh
[4.664s] -- Up-to-date symlink: /home/user/install/turtlebot3_fake_node/share/turtlebot3_fake_node/local_setup.zsh
[4.664s] -- Up-to-date symlink: /home/user/install/turtlebot3_fake_node/share/turtlebot3_fake_node/local_setup.dsv
[4.664s] -- Symlinking: /home/user/install/turtlebot3_fake_node/share/turtlebot3_fake_node/package.dsv
[4.677s] -- Up-to-date symlink: /home/user/install/turtlebot3_fake_node/share/ament_index/resource_index/packages/turtlebot3_fake_node
[4.678s] -- Up-to-date symlink: /home/user/install/turtlebot3_fake_node/share/turtlebot3_fake_node/cmake/ament_cmake_export_include_directories-extras.cmake
[4.678s] -- Up-to-date symlink: /home/user/install/turtlebot3_fake_node/share/turtlebot3_fake_node/cmake/ament_cmake_export_dependencies-extras.cmake
[4.678s] -- Up-to-date symlink: /home/user/install/turtlebot3_fake_node/share/turtlebot3_fake_node/cmake/turtlebot3_fake_nodeConfig.cmake
[4.678s] -- Up-to-date symlink: /home/user/install/turtlebot3_fake_node/share/turtlebot3_fake_node/cmake/turtlebot3_fake_nodeConfig-version.cmake
[4.679s] -- Up-to-date symlink: /home/user/install/turtlebot3_fake_node/share/turtlebot3_fake_node/package.xml
[4.686s] Invoked command in '/home/user/build/turtlebot3_fake_node' returned '0': CMAKE_PREFIX_PATH=${CMAKE_PREFIX_PATH}:/home/user/ros2_ws/install/my_package:/opt/ros/humble _=/usr/bin/env /usr/bin/cmake --install /home/user/build/turtlebot3_fake_node
