[2.383s] DEBUG:colcon:Command line arguments: ['/usr/bin/colcon', 'build']
[2.383s] DEBUG:colcon:Parsed command line arguments: Namespace(log_base=None, log_level=None, verb_name='build', build_base='build', install_base='install', merge_install=False, symlink_install=False, test_result_base=None, continue_on_error=False, executor='parallel', parallel_workers=8, event_handlers=None, ignore_user_meta=False, metas=['./colcon.meta'], base_paths=['.'], packages_ignore=None, packages_ignore_regex=None, paths=None, packages_up_to=None, packages_up_to_regex=None, packages_above=None, packages_above_and_dependencies=None, packages_above_depth=None, packages_select_by_dep=None, packages_skip_by_dep=None, packages_skip_up_to=None, packages_select_build_failed=False, packages_skip_build_finished=False, packages_select_test_failures=False, packages_skip_test_passed=False, packages_select=None, packages_skip=None, packages_select_regex=None, packages_skip_regex=None, packages_start=None, packages_end=None, cmake_args=None, cmake_target=None, cmake_target_skip_unavailable=False, cmake_clean_cache=False, cmake_clean_first=False, cmake_force_configure=False, ament_cmake_args=None, catkin_cmake_args=None, catkin_skip_building_tests=False, mixin_files=None, mixin=None, verb_parser=<colcon_mixin.mixin.mixin_argument.MixinArgumentDecorator object at 0x7f75187968f0>, verb_extension=<colcon_core.verb.build.BuildVerb object at 0x7f75190ec2e0>, main=<bound method BuildVerb.main of <colcon_core.verb.build.BuildVerb object at 0x7f75190ec2e0>>, mixin_verb=('build',))
[2.500s] Level 1:colcon.colcon_core.package_discovery:discover_packages(colcon_meta) check parameters
[2.500s] Level 1:colcon.colcon_core.package_discovery:discover_packages(recursive) check parameters
[2.500s] Level 1:colcon.colcon_core.package_discovery:discover_packages(ignore) check parameters
[2.501s] Level 1:colcon.colcon_core.package_discovery:discover_packages(path) check parameters
[2.501s] Level 1:colcon.colcon_core.package_discovery:discover_packages(colcon_meta) discover
[2.501s] Level 1:colcon.colcon_core.package_discovery:discover_packages(recursive) discover
[2.501s] INFO:colcon.colcon_core.package_discovery:Crawling recursively for packages in '/home/user'
[2.501s] Level 1:colcon.colcon_core.package_identification:_identify(.) by extensions ['ignore', 'ignore_ament_install']
[2.501s] Level 1:colcon.colcon_core.package_identification:_identify(.) by extension 'ignore'
[2.502s] Level 1:colcon.colcon_core.package_identification:_identify(.) by extension 'ignore_ament_install'
[2.502s] Level 1:colcon.colcon_core.package_identification:_identify(.) by extensions ['colcon_pkg']
[2.502s] Level 1:colcon.colcon_core.package_identification:_identify(.) by extension 'colcon_pkg'
[2.502s] Level 1:colcon.colcon_core.package_identification:_identify(.) by extensions ['colcon_meta']
[2.502s] Level 1:colcon.colcon_core.package_identification:_identify(.) by extension 'colcon_meta'
[2.502s] Level 1:colcon.colcon_core.package_identification:_identify(.) by extensions ['ros']
[2.502s] Level 1:colcon.colcon_core.package_identification:_identify(.) by extension 'ros'
[2.697s] Level 1:colcon.colcon_core.package_identification:_identify(.) by extensions ['cmake', 'python']
[2.697s] Level 1:colcon.colcon_core.package_identification:_identify(.) by extension 'cmake'
[2.697s] Level 1:colcon.colcon_core.package_identification:_identify(.) by extension 'python'
[2.697s] Level 1:colcon.colcon_core.package_identification:_identify(.) by extensions ['python_setup_py']
[2.697s] Level 1:colcon.colcon_core.package_identification:_identify(.) by extension 'python_setup_py'
[2.697s] Level 1:colcon.colcon_core.package_identification:_identify(build) by extensions ['ignore', 'ignore_ament_install']
[2.698s] Level 1:colcon.colcon_core.package_identification:_identify(build) by extension 'ignore'
[2.698s] Level 1:colcon.colcon_core.package_identification:_identify(build) ignored
[2.698s] Level 1:colcon.colcon_core.package_identification:_identify(building_editor_models) by extensions ['ignore', 'ignore_ament_install']
[2.698s] Level 1:colcon.colcon_core.package_identification:_identify(building_editor_models) by extension 'ignore'
[2.698s] Level 1:colcon.colcon_core.package_identification:_identify(building_editor_models) by extension 'ignore_ament_install'
[2.699s] Level 1:colcon.colcon_core.package_identification:_identify(building_editor_models) by extensions ['colcon_pkg']
[2.699s] Level 1:colcon.colcon_core.package_identification:_identify(building_editor_models) by extension 'colcon_pkg'
[2.699s] Level 1:colcon.colcon_core.package_identification:_identify(building_editor_models) by extensions ['colcon_meta']
[2.699s] Level 1:colcon.colcon_core.package_identification:_identify(building_editor_models) by extension 'colcon_meta'
[2.699s] Level 1:colcon.colcon_core.package_identification:_identify(building_editor_models) by extensions ['ros']
[2.699s] Level 1:colcon.colcon_core.package_identification:_identify(building_editor_models) by extension 'ros'
[2.699s] Level 1:colcon.colcon_core.package_identification:_identify(building_editor_models) by extensions ['cmake', 'python']
[2.699s] Level 1:colcon.colcon_core.package_identification:_identify(building_editor_models) by extension 'cmake'
[2.699s] Level 1:colcon.colcon_core.package_identification:_identify(building_editor_models) by extension 'python'
[2.699s] Level 1:colcon.colcon_core.package_identification:_identify(building_editor_models) by extensions ['python_setup_py']
[2.700s] Level 1:colcon.colcon_core.package_identification:_identify(building_editor_models) by extension 'python_setup_py'
[2.700s] Level 1:colcon.colcon_core.package_identification:_identify(building_editor_models/floor) by extensions ['ignore', 'ignore_ament_install']
[2.700s] Level 1:colcon.colcon_core.package_identification:_identify(building_editor_models/floor) by extension 'ignore'
[2.700s] Level 1:colcon.colcon_core.package_identification:_identify(building_editor_models/floor) by extension 'ignore_ament_install'
[2.700s] Level 1:colcon.colcon_core.package_identification:_identify(building_editor_models/floor) by extensions ['colcon_pkg']
[2.700s] Level 1:colcon.colcon_core.package_identification:_identify(building_editor_models/floor) by extension 'colcon_pkg'
[2.700s] Level 1:colcon.colcon_core.package_identification:_identify(building_editor_models/floor) by extensions ['colcon_meta']
[2.700s] Level 1:colcon.colcon_core.package_identification:_identify(building_editor_models/floor) by extension 'colcon_meta'
[2.701s] Level 1:colcon.colcon_core.package_identification:_identify(building_editor_models/floor) by extensions ['ros']
[2.701s] Level 1:colcon.colcon_core.package_identification:_identify(building_editor_models/floor) by extension 'ros'
[2.701s] Level 1:colcon.colcon_core.package_identification:_identify(building_editor_models/floor) by extensions ['cmake', 'python']
[2.701s] Level 1:colcon.colcon_core.package_identification:_identify(building_editor_models/floor) by extension 'cmake'
[2.701s] Level 1:colcon.colcon_core.package_identification:_identify(building_editor_models/floor) by extension 'python'
[2.701s] Level 1:colcon.colcon_core.package_identification:_identify(building_editor_models/floor) by extensions ['python_setup_py']
[2.701s] Level 1:colcon.colcon_core.package_identification:_identify(building_editor_models/floor) by extension 'python_setup_py'
[2.702s] Level 1:colcon.colcon_core.package_identification:_identify(building_editor_models/floor/floor) by extensions ['ignore', 'ignore_ament_install']
[2.702s] Level 1:colcon.colcon_core.package_identification:_identify(building_editor_models/floor/floor) by extension 'ignore'
[2.702s] Level 1:colcon.colcon_core.package_identification:_identify(building_editor_models/floor/floor) by extension 'ignore_ament_install'
[2.702s] Level 1:colcon.colcon_core.package_identification:_identify(building_editor_models/floor/floor) by extensions ['colcon_pkg']
[2.702s] Level 1:colcon.colcon_core.package_identification:_identify(building_editor_models/floor/floor) by extension 'colcon_pkg'
[2.702s] Level 1:colcon.colcon_core.package_identification:_identify(building_editor_models/floor/floor) by extensions ['colcon_meta']
[2.702s] Level 1:colcon.colcon_core.package_identification:_identify(building_editor_models/floor/floor) by extension 'colcon_meta'
[2.702s] Level 1:colcon.colcon_core.package_identification:_identify(building_editor_models/floor/floor) by extensions ['ros']
[2.703s] Level 1:colcon.colcon_core.package_identification:_identify(building_editor_models/floor/floor) by extension 'ros'
[2.703s] Level 1:colcon.colcon_core.package_identification:_identify(building_editor_models/floor/floor) by extensions ['cmake', 'python']
[2.703s] Level 1:colcon.colcon_core.package_identification:_identify(building_editor_models/floor/floor) by extension 'cmake'
[2.703s] Level 1:colcon.colcon_core.package_identification:_identify(building_editor_models/floor/floor) by extension 'python'
[2.703s] Level 1:colcon.colcon_core.package_identification:_identify(building_editor_models/floor/floor) by extensions ['python_setup_py']
[2.704s] Level 1:colcon.colcon_core.package_identification:_identify(building_editor_models/floor/floor) by extension 'python_setup_py'
[2.704s] Level 1:colcon.colcon_core.package_identification:_identify(building_editor_models/maze) by extensions ['ignore', 'ignore_ament_install']
[2.704s] Level 1:colcon.colcon_core.package_identification:_identify(building_editor_models/maze) by extension 'ignore'
[2.704s] Level 1:colcon.colcon_core.package_identification:_identify(building_editor_models/maze) by extension 'ignore_ament_install'
[2.705s] Level 1:colcon.colcon_core.package_identification:_identify(building_editor_models/maze) by extensions ['colcon_pkg']
[2.705s] Level 1:colcon.colcon_core.package_identification:_identify(building_editor_models/maze) by extension 'colcon_pkg'
[2.705s] Level 1:colcon.colcon_core.package_identification:_identify(building_editor_models/maze) by extensions ['colcon_meta']
[2.705s] Level 1:colcon.colcon_core.package_identification:_identify(building_editor_models/maze) by extension 'colcon_meta'
[2.705s] Level 1:colcon.colcon_core.package_identification:_identify(building_editor_models/maze) by extensions ['ros']
[2.705s] Level 1:colcon.colcon_core.package_identification:_identify(building_editor_models/maze) by extension 'ros'
[2.706s] Level 1:colcon.colcon_core.package_identification:_identify(building_editor_models/maze) by extensions ['cmake', 'python']
[2.706s] Level 1:colcon.colcon_core.package_identification:_identify(building_editor_models/maze) by extension 'cmake'
[2.706s] Level 1:colcon.colcon_core.package_identification:_identify(building_editor_models/maze) by extension 'python'
[2.706s] Level 1:colcon.colcon_core.package_identification:_identify(building_editor_models/maze) by extensions ['python_setup_py']
[2.706s] Level 1:colcon.colcon_core.package_identification:_identify(building_editor_models/maze) by extension 'python_setup_py'
[2.706s] Level 1:colcon.colcon_core.package_identification:_identify(building_editor_models/old_floor) by extensions ['ignore', 'ignore_ament_install']
[2.707s] Level 1:colcon.colcon_core.package_identification:_identify(building_editor_models/old_floor) by extension 'ignore'
[2.707s] Level 1:colcon.colcon_core.package_identification:_identify(building_editor_models/old_floor) by extension 'ignore_ament_install'
[2.707s] Level 1:colcon.colcon_core.package_identification:_identify(building_editor_models/old_floor) by extensions ['colcon_pkg']
[2.707s] Level 1:colcon.colcon_core.package_identification:_identify(building_editor_models/old_floor) by extension 'colcon_pkg'
[2.707s] Level 1:colcon.colcon_core.package_identification:_identify(building_editor_models/old_floor) by extensions ['colcon_meta']
[2.707s] Level 1:colcon.colcon_core.package_identification:_identify(building_editor_models/old_floor) by extension 'colcon_meta'
[2.707s] Level 1:colcon.colcon_core.package_identification:_identify(building_editor_models/old_floor) by extensions ['ros']
[2.707s] Level 1:colcon.colcon_core.package_identification:_identify(building_editor_models/old_floor) by extension 'ros'
[2.708s] Level 1:colcon.colcon_core.package_identification:_identify(building_editor_models/old_floor) by extensions ['cmake', 'python']
[2.708s] Level 1:colcon.colcon_core.package_identification:_identify(building_editor_models/old_floor) by extension 'cmake'
[2.708s] Level 1:colcon.colcon_core.package_identification:_identify(building_editor_models/old_floor) by extension 'python'
[2.708s] Level 1:colcon.colcon_core.package_identification:_identify(building_editor_models/old_floor) by extensions ['python_setup_py']
[2.777s] Level 1:colcon.colcon_core.package_identification:_identify(building_editor_models/old_floor) by extension 'python_setup_py'
[2.777s] Level 1:colcon.colcon_core.package_identification:_identify(install) by extensions ['ignore', 'ignore_ament_install']
[2.777s] Level 1:colcon.colcon_core.package_identification:_identify(install) by extension 'ignore'
[2.777s] Level 1:colcon.colcon_core.package_identification:_identify(install) ignored
[2.778s] Level 1:colcon.colcon_core.package_identification:_identify(log) by extensions ['ignore', 'ignore_ament_install']
[2.778s] Level 1:colcon.colcon_core.package_identification:_identify(log) by extension 'ignore'
[2.778s] Level 1:colcon.colcon_core.package_identification:_identify(log) ignored
[2.779s] Level 1:colcon.colcon_core.package_identification:_identify(maps) by extensions ['ignore', 'ignore_ament_install']
[2.779s] Level 1:colcon.colcon_core.package_identification:_identify(maps) by extension 'ignore'
[2.779s] Level 1:colcon.colcon_core.package_identification:_identify(maps) by extension 'ignore_ament_install'
[2.779s] Level 1:colcon.colcon_core.package_identification:_identify(maps) by extensions ['colcon_pkg']
[2.779s] Level 1:colcon.colcon_core.package_identification:_identify(maps) by extension 'colcon_pkg'
[2.779s] Level 1:colcon.colcon_core.package_identification:_identify(maps) by extensions ['colcon_meta']
[2.780s] Level 1:colcon.colcon_core.package_identification:_identify(maps) by extension 'colcon_meta'
[2.780s] Level 1:colcon.colcon_core.package_identification:_identify(maps) by extensions ['ros']
[2.780s] Level 1:colcon.colcon_core.package_identification:_identify(maps) by extension 'ros'
[2.780s] Level 1:colcon.colcon_core.package_identification:_identify(maps) by extensions ['cmake', 'python']
[2.780s] Level 1:colcon.colcon_core.package_identification:_identify(maps) by extension 'cmake'
[2.780s] Level 1:colcon.colcon_core.package_identification:_identify(maps) by extension 'python'
[2.780s] Level 1:colcon.colcon_core.package_identification:_identify(maps) by extensions ['python_setup_py']
[2.781s] Level 1:colcon.colcon_core.package_identification:_identify(maps) by extension 'python_setup_py'
[2.781s] Level 1:colcon.colcon_core.package_identification:_identify(maps/temp) by extensions ['ignore', 'ignore_ament_install']
[2.781s] Level 1:colcon.colcon_core.package_identification:_identify(maps/temp) by extension 'ignore'
[2.781s] Level 1:colcon.colcon_core.package_identification:_identify(maps/temp) by extension 'ignore_ament_install'
[2.781s] Level 1:colcon.colcon_core.package_identification:_identify(maps/temp) by extensions ['colcon_pkg']
[2.782s] Level 1:colcon.colcon_core.package_identification:_identify(maps/temp) by extension 'colcon_pkg'
[2.782s] Level 1:colcon.colcon_core.package_identification:_identify(maps/temp) by extensions ['colcon_meta']
[2.782s] Level 1:colcon.colcon_core.package_identification:_identify(maps/temp) by extension 'colcon_meta'
[2.782s] Level 1:colcon.colcon_core.package_identification:_identify(maps/temp) by extensions ['ros']
[2.782s] Level 1:colcon.colcon_core.package_identification:_identify(maps/temp) by extension 'ros'
[2.782s] Level 1:colcon.colcon_core.package_identification:_identify(maps/temp) by extensions ['cmake', 'python']
[2.783s] Level 1:colcon.colcon_core.package_identification:_identify(maps/temp) by extension 'cmake'
[2.783s] Level 1:colcon.colcon_core.package_identification:_identify(maps/temp) by extension 'python'
[2.783s] Level 1:colcon.colcon_core.package_identification:_identify(maps/temp) by extensions ['python_setup_py']
[2.783s] Level 1:colcon.colcon_core.package_identification:_identify(maps/temp) by extension 'python_setup_py'
[2.784s] Level 1:colcon.colcon_core.package_identification:_identify(notebook_ws) by extensions ['ignore', 'ignore_ament_install']
[2.784s] Level 1:colcon.colcon_core.package_identification:_identify(notebook_ws) by extension 'ignore'
[2.784s] Level 1:colcon.colcon_core.package_identification:_identify(notebook_ws) by extension 'ignore_ament_install'
[2.784s] Level 1:colcon.colcon_core.package_identification:_identify(notebook_ws) by extensions ['colcon_pkg']
[2.784s] Level 1:colcon.colcon_core.package_identification:_identify(notebook_ws) by extension 'colcon_pkg'
[2.784s] Level 1:colcon.colcon_core.package_identification:_identify(notebook_ws) by extensions ['colcon_meta']
[2.784s] Level 1:colcon.colcon_core.package_identification:_identify(notebook_ws) by extension 'colcon_meta'
[2.784s] Level 1:colcon.colcon_core.package_identification:_identify(notebook_ws) by extensions ['ros']
[2.785s] Level 1:colcon.colcon_core.package_identification:_identify(notebook_ws) by extension 'ros'
[2.785s] Level 1:colcon.colcon_core.package_identification:_identify(notebook_ws) by extensions ['cmake', 'python']
[2.785s] Level 1:colcon.colcon_core.package_identification:_identify(notebook_ws) by extension 'cmake'
[2.786s] Level 1:colcon.colcon_core.package_identification:_identify(notebook_ws) by extension 'python'
[2.786s] Level 1:colcon.colcon_core.package_identification:_identify(notebook_ws) by extensions ['python_setup_py']
[2.786s] Level 1:colcon.colcon_core.package_identification:_identify(notebook_ws) by extension 'python_setup_py'
[2.786s] Level 1:colcon.colcon_core.package_identification:_identify(notebook_ws/images) by extensions ['ignore', 'ignore_ament_install']
[2.787s] Level 1:colcon.colcon_core.package_identification:_identify(notebook_ws/images) by extension 'ignore'
[2.787s] Level 1:colcon.colcon_core.package_identification:_identify(notebook_ws/images) by extension 'ignore_ament_install'
[2.787s] Level 1:colcon.colcon_core.package_identification:_identify(notebook_ws/images) by extensions ['colcon_pkg']
[2.787s] Level 1:colcon.colcon_core.package_identification:_identify(notebook_ws/images) by extension 'colcon_pkg'
[2.787s] Level 1:colcon.colcon_core.package_identification:_identify(notebook_ws/images) by extensions ['colcon_meta']
[2.787s] Level 1:colcon.colcon_core.package_identification:_identify(notebook_ws/images) by extension 'colcon_meta'
[2.787s] Level 1:colcon.colcon_core.package_identification:_identify(notebook_ws/images) by extensions ['ros']
[2.788s] Level 1:colcon.colcon_core.package_identification:_identify(notebook_ws/images) by extension 'ros'
[2.788s] Level 1:colcon.colcon_core.package_identification:_identify(notebook_ws/images) by extensions ['cmake', 'python']
[2.788s] Level 1:colcon.colcon_core.package_identification:_identify(notebook_ws/images) by extension 'cmake'
[2.788s] Level 1:colcon.colcon_core.package_identification:_identify(notebook_ws/images) by extension 'python'
[2.788s] Level 1:colcon.colcon_core.package_identification:_identify(notebook_ws/images) by extensions ['python_setup_py']
[2.788s] Level 1:colcon.colcon_core.package_identification:_identify(notebook_ws/images) by extension 'python_setup_py'
[2.788s] Level 1:colcon.colcon_core.package_identification:_identify(ros2_ws) by extensions ['ignore', 'ignore_ament_install']
[2.789s] Level 1:colcon.colcon_core.package_identification:_identify(ros2_ws) by extension 'ignore'
[2.789s] Level 1:colcon.colcon_core.package_identification:_identify(ros2_ws) by extension 'ignore_ament_install'
[2.789s] Level 1:colcon.colcon_core.package_identification:_identify(ros2_ws) by extensions ['colcon_pkg']
[2.789s] Level 1:colcon.colcon_core.package_identification:_identify(ros2_ws) by extension 'colcon_pkg'
[2.789s] Level 1:colcon.colcon_core.package_identification:_identify(ros2_ws) by extensions ['colcon_meta']
[2.790s] Level 1:colcon.colcon_core.package_identification:_identify(ros2_ws) by extension 'colcon_meta'
[2.790s] Level 1:colcon.colcon_core.package_identification:_identify(ros2_ws) by extensions ['ros']
[2.790s] Level 1:colcon.colcon_core.package_identification:_identify(ros2_ws) by extension 'ros'
[2.790s] Level 1:colcon.colcon_core.package_identification:_identify(ros2_ws) by extensions ['cmake', 'python']
[2.790s] Level 1:colcon.colcon_core.package_identification:_identify(ros2_ws) by extension 'cmake'
[2.790s] Level 1:colcon.colcon_core.package_identification:_identify(ros2_ws) by extension 'python'
[2.790s] Level 1:colcon.colcon_core.package_identification:_identify(ros2_ws) by extensions ['python_setup_py']
[2.791s] Level 1:colcon.colcon_core.package_identification:_identify(ros2_ws) by extension 'python_setup_py'
[2.791s] Level 1:colcon.colcon_core.package_identification:_identify(ros2_ws/build) by extensions ['ignore', 'ignore_ament_install']
[2.791s] Level 1:colcon.colcon_core.package_identification:_identify(ros2_ws/build) by extension 'ignore'
[2.792s] Level 1:colcon.colcon_core.package_identification:_identify(ros2_ws/build) ignored
[2.792s] Level 1:colcon.colcon_core.package_identification:_identify(ros2_ws/install) by extensions ['ignore', 'ignore_ament_install']
[2.792s] Level 1:colcon.colcon_core.package_identification:_identify(ros2_ws/install) by extension 'ignore'
[2.792s] Level 1:colcon.colcon_core.package_identification:_identify(ros2_ws/install) ignored
[2.792s] Level 1:colcon.colcon_core.package_identification:_identify(ros2_ws/log) by extensions ['ignore', 'ignore_ament_install']
[2.793s] Level 1:colcon.colcon_core.package_identification:_identify(ros2_ws/log) by extension 'ignore'
[2.793s] Level 1:colcon.colcon_core.package_identification:_identify(ros2_ws/log) ignored
[2.794s] Level 1:colcon.colcon_core.package_identification:_identify(ros2_ws/src) by extensions ['ignore', 'ignore_ament_install']
[2.794s] Level 1:colcon.colcon_core.package_identification:_identify(ros2_ws/src) by extension 'ignore'
[2.796s] Level 1:colcon.colcon_core.package_identification:_identify(ros2_ws/src) by extension 'ignore_ament_install'
[2.796s] Level 1:colcon.colcon_core.package_identification:_identify(ros2_ws/src) by extensions ['colcon_pkg']
[2.796s] Level 1:colcon.colcon_core.package_identification:_identify(ros2_ws/src) by extension 'colcon_pkg'
[2.796s] Level 1:colcon.colcon_core.package_identification:_identify(ros2_ws/src) by extensions ['colcon_meta']
[2.796s] Level 1:colcon.colcon_core.package_identification:_identify(ros2_ws/src) by extension 'colcon_meta'
[2.796s] Level 1:colcon.colcon_core.package_identification:_identify(ros2_ws/src) by extensions ['ros']
[2.796s] Level 1:colcon.colcon_core.package_identification:_identify(ros2_ws/src) by extension 'ros'
[2.796s] Level 1:colcon.colcon_core.package_identification:_identify(ros2_ws/src) by extensions ['cmake', 'python']
[2.797s] Level 1:colcon.colcon_core.package_identification:_identify(ros2_ws/src) by extension 'cmake'
[2.797s] Level 1:colcon.colcon_core.package_identification:_identify(ros2_ws/src) by extension 'python'
[2.797s] Level 1:colcon.colcon_core.package_identification:_identify(ros2_ws/src) by extensions ['python_setup_py']
[2.797s] Level 1:colcon.colcon_core.package_identification:_identify(ros2_ws/src) by extension 'python_setup_py'
[2.797s] Level 1:colcon.colcon_core.package_identification:_identify(ros2_ws/src/my_package) by extensions ['ignore', 'ignore_ament_install']
[2.797s] Level 1:colcon.colcon_core.package_identification:_identify(ros2_ws/src/my_package) by extension 'ignore'
[2.797s] Level 1:colcon.colcon_core.package_identification:_identify(ros2_ws/src/my_package) by extension 'ignore_ament_install'
[2.798s] Level 1:colcon.colcon_core.package_identification:_identify(ros2_ws/src/my_package) by extensions ['colcon_pkg']
[2.798s] Level 1:colcon.colcon_core.package_identification:_identify(ros2_ws/src/my_package) by extension 'colcon_pkg'
[2.798s] Level 1:colcon.colcon_core.package_identification:_identify(ros2_ws/src/my_package) by extensions ['colcon_meta']
[2.798s] Level 1:colcon.colcon_core.package_identification:_identify(ros2_ws/src/my_package) by extension 'colcon_meta'
[2.798s] Level 1:colcon.colcon_core.package_identification:_identify(ros2_ws/src/my_package) by extensions ['ros']
[2.798s] Level 1:colcon.colcon_core.package_identification:_identify(ros2_ws/src/my_package) by extension 'ros'
[2.803s] DEBUG:colcon.colcon_core.package_identification:Package 'ros2_ws/src/my_package' with type 'ros.ament_python' and name 'my_package'
[2.805s] Level 1:colcon.colcon_core.package_identification:_identify(turtlebot3_ws) by extensions ['ignore', 'ignore_ament_install']
[2.805s] Level 1:colcon.colcon_core.package_identification:_identify(turtlebot3_ws) by extension 'ignore'
[2.805s] Level 1:colcon.colcon_core.package_identification:_identify(turtlebot3_ws) by extension 'ignore_ament_install'
[2.805s] Level 1:colcon.colcon_core.package_identification:_identify(turtlebot3_ws) by extensions ['colcon_pkg']
[2.805s] Level 1:colcon.colcon_core.package_identification:_identify(turtlebot3_ws) by extension 'colcon_pkg'
[2.806s] Level 1:colcon.colcon_core.package_identification:_identify(turtlebot3_ws) by extensions ['colcon_meta']
[2.806s] Level 1:colcon.colcon_core.package_identification:_identify(turtlebot3_ws) by extension 'colcon_meta'
[2.806s] Level 1:colcon.colcon_core.package_identification:_identify(turtlebot3_ws) by extensions ['ros']
[2.807s] Level 1:colcon.colcon_core.package_identification:_identify(turtlebot3_ws) by extension 'ros'
[2.807s] Level 1:colcon.colcon_core.package_identification:_identify(turtlebot3_ws) by extensions ['cmake', 'python']
[2.807s] Level 1:colcon.colcon_core.package_identification:_identify(turtlebot3_ws) by extension 'cmake'
[2.807s] Level 1:colcon.colcon_core.package_identification:_identify(turtlebot3_ws) by extension 'python'
[2.807s] Level 1:colcon.colcon_core.package_identification:_identify(turtlebot3_ws) by extensions ['python_setup_py']
[2.808s] Level 1:colcon.colcon_core.package_identification:_identify(turtlebot3_ws) by extension 'python_setup_py'
[2.808s] Level 1:colcon.colcon_core.package_identification:_identify(turtlebot3_ws/build) by extensions ['ignore', 'ignore_ament_install']
[2.808s] Level 1:colcon.colcon_core.package_identification:_identify(turtlebot3_ws/build) by extension 'ignore'
[2.808s] Level 1:colcon.colcon_core.package_identification:_identify(turtlebot3_ws/build) ignored
[2.808s] Level 1:colcon.colcon_core.package_identification:_identify(turtlebot3_ws/install) by extensions ['ignore', 'ignore_ament_install']
[2.811s] Level 1:colcon.colcon_core.package_identification:_identify(turtlebot3_ws/install) by extension 'ignore'
[2.811s] Level 1:colcon.colcon_core.package_identification:_identify(turtlebot3_ws/install) ignored
[2.811s] Level 1:colcon.colcon_core.package_identification:_identify(turtlebot3_ws/log) by extensions ['ignore', 'ignore_ament_install']
[2.812s] Level 1:colcon.colcon_core.package_identification:_identify(turtlebot3_ws/log) by extension 'ignore'
[2.812s] Level 1:colcon.colcon_core.package_identification:_identify(turtlebot3_ws/log) ignored
[2.812s] Level 1:colcon.colcon_core.package_identification:_identify(turtlebot3_ws/src) by extensions ['ignore', 'ignore_ament_install']
[2.812s] Level 1:colcon.colcon_core.package_identification:_identify(turtlebot3_ws/src) by extension 'ignore'
[2.812s] Level 1:colcon.colcon_core.package_identification:_identify(turtlebot3_ws/src) by extension 'ignore_ament_install'
[2.813s] Level 1:colcon.colcon_core.package_identification:_identify(turtlebot3_ws/src) by extensions ['colcon_pkg']
[2.813s] Level 1:colcon.colcon_core.package_identification:_identify(turtlebot3_ws/src) by extension 'colcon_pkg'
[2.813s] Level 1:colcon.colcon_core.package_identification:_identify(turtlebot3_ws/src) by extensions ['colcon_meta']
[2.813s] Level 1:colcon.colcon_core.package_identification:_identify(turtlebot3_ws/src) by extension 'colcon_meta'
[2.813s] Level 1:colcon.colcon_core.package_identification:_identify(turtlebot3_ws/src) by extensions ['ros']
[2.813s] Level 1:colcon.colcon_core.package_identification:_identify(turtlebot3_ws/src) by extension 'ros'
[2.813s] Level 1:colcon.colcon_core.package_identification:_identify(turtlebot3_ws/src) by extensions ['cmake', 'python']
[2.814s] Level 1:colcon.colcon_core.package_identification:_identify(turtlebot3_ws/src) by extension 'cmake'
[2.814s] Level 1:colcon.colcon_core.package_identification:_identify(turtlebot3_ws/src) by extension 'python'
[2.814s] Level 1:colcon.colcon_core.package_identification:_identify(turtlebot3_ws/src) by extensions ['python_setup_py']
[2.814s] Level 1:colcon.colcon_core.package_identification:_identify(turtlebot3_ws/src) by extension 'python_setup_py'
[2.814s] Level 1:colcon.colcon_core.package_identification:_identify(turtlebot3_ws/src/turtlebot3_fake_node) by extensions ['ignore', 'ignore_ament_install']
[2.815s] Level 1:colcon.colcon_core.package_identification:_identify(turtlebot3_ws/src/turtlebot3_fake_node) by extension 'ignore'
[2.815s] Level 1:colcon.colcon_core.package_identification:_identify(turtlebot3_ws/src/turtlebot3_fake_node) by extension 'ignore_ament_install'
[2.815s] Level 1:colcon.colcon_core.package_identification:_identify(turtlebot3_ws/src/turtlebot3_fake_node) by extensions ['colcon_pkg']
[2.815s] Level 1:colcon.colcon_core.package_identification:_identify(turtlebot3_ws/src/turtlebot3_fake_node) by extension 'colcon_pkg'
[2.815s] Level 1:colcon.colcon_core.package_identification:_identify(turtlebot3_ws/src/turtlebot3_fake_node) by extensions ['colcon_meta']
[2.815s] Level 1:colcon.colcon_core.package_identification:_identify(turtlebot3_ws/src/turtlebot3_fake_node) by extension 'colcon_meta'
[2.815s] Level 1:colcon.colcon_core.package_identification:_identify(turtlebot3_ws/src/turtlebot3_fake_node) by extensions ['ros']
[2.815s] Level 1:colcon.colcon_core.package_identification:_identify(turtlebot3_ws/src/turtlebot3_fake_node) by extension 'ros'
[2.819s] DEBUG:colcon.colcon_core.package_identification:Package 'turtlebot3_ws/src/turtlebot3_fake_node' with type 'ros.ament_cmake' and name 'turtlebot3_fake_node'
[2.819s] Level 1:colcon.colcon_core.package_identification:_identify(turtlebot3_ws/src/turtlebot3_gazebo) by extensions ['ignore', 'ignore_ament_install']
[2.819s] Level 1:colcon.colcon_core.package_identification:_identify(turtlebot3_ws/src/turtlebot3_gazebo) by extension 'ignore'
[2.820s] Level 1:colcon.colcon_core.package_identification:_identify(turtlebot3_ws/src/turtlebot3_gazebo) by extension 'ignore_ament_install'
[2.820s] Level 1:colcon.colcon_core.package_identification:_identify(turtlebot3_ws/src/turtlebot3_gazebo) by extensions ['colcon_pkg']
[2.820s] Level 1:colcon.colcon_core.package_identification:_identify(turtlebot3_ws/src/turtlebot3_gazebo) by extension 'colcon_pkg'
[2.820s] Level 1:colcon.colcon_core.package_identification:_identify(turtlebot3_ws/src/turtlebot3_gazebo) by extensions ['colcon_meta']
[2.820s] Level 1:colcon.colcon_core.package_identification:_identify(turtlebot3_ws/src/turtlebot3_gazebo) by extension 'colcon_meta'
[2.820s] Level 1:colcon.colcon_core.package_identification:_identify(turtlebot3_ws/src/turtlebot3_gazebo) by extensions ['ros']
[2.820s] Level 1:colcon.colcon_core.package_identification:_identify(turtlebot3_ws/src/turtlebot3_gazebo) by extension 'ros'
[2.822s] DEBUG:colcon.colcon_core.package_identification:Package 'turtlebot3_ws/src/turtlebot3_gazebo' with type 'ros.ament_cmake' and name 'turtlebot3_gazebo'
[2.823s] Level 1:colcon.colcon_core.package_identification:_identify(turtlebot3_ws/src/turtlebot3_simulations) by extensions ['ignore', 'ignore_ament_install']
[2.823s] Level 1:colcon.colcon_core.package_identification:_identify(turtlebot3_ws/src/turtlebot3_simulations) by extension 'ignore'
[2.824s] Level 1:colcon.colcon_core.package_identification:_identify(turtlebot3_ws/src/turtlebot3_simulations) by extension 'ignore_ament_install'
[2.824s] Level 1:colcon.colcon_core.package_identification:_identify(turtlebot3_ws/src/turtlebot3_simulations) by extensions ['colcon_pkg']
[2.824s] Level 1:colcon.colcon_core.package_identification:_identify(turtlebot3_ws/src/turtlebot3_simulations) by extension 'colcon_pkg'
[2.824s] Level 1:colcon.colcon_core.package_identification:_identify(turtlebot3_ws/src/turtlebot3_simulations) by extensions ['colcon_meta']
[2.824s] Level 1:colcon.colcon_core.package_identification:_identify(turtlebot3_ws/src/turtlebot3_simulations) by extension 'colcon_meta'
[2.824s] Level 1:colcon.colcon_core.package_identification:_identify(turtlebot3_ws/src/turtlebot3_simulations) by extensions ['ros']
[2.824s] Level 1:colcon.colcon_core.package_identification:_identify(turtlebot3_ws/src/turtlebot3_simulations) by extension 'ros'
[2.826s] DEBUG:colcon.colcon_core.package_identification:Package 'turtlebot3_ws/src/turtlebot3_simulations' with type 'ros.ament_cmake' and name 'turtlebot3_simulations'
[2.826s] Level 1:colcon.colcon_core.package_identification:_identify(webpage_ws) by extensions ['ignore', 'ignore_ament_install']
[2.826s] Level 1:colcon.colcon_core.package_identification:_identify(webpage_ws) by extension 'ignore'
[2.826s] Level 1:colcon.colcon_core.package_identification:_identify(webpage_ws) by extension 'ignore_ament_install'
[2.827s] Level 1:colcon.colcon_core.package_identification:_identify(webpage_ws) by extensions ['colcon_pkg']
[2.827s] Level 1:colcon.colcon_core.package_identification:_identify(webpage_ws) by extension 'colcon_pkg'
[2.827s] Level 1:colcon.colcon_core.package_identification:_identify(webpage_ws) by extensions ['colcon_meta']
[2.827s] Level 1:colcon.colcon_core.package_identification:_identify(webpage_ws) by extension 'colcon_meta'
[2.827s] Level 1:colcon.colcon_core.package_identification:_identify(webpage_ws) by extensions ['ros']
[2.827s] Level 1:colcon.colcon_core.package_identification:_identify(webpage_ws) by extension 'ros'
[2.827s] Level 1:colcon.colcon_core.package_identification:_identify(webpage_ws) by extensions ['cmake', 'python']
[2.827s] Level 1:colcon.colcon_core.package_identification:_identify(webpage_ws) by extension 'cmake'
[2.828s] Level 1:colcon.colcon_core.package_identification:_identify(webpage_ws) by extension 'python'
[2.828s] Level 1:colcon.colcon_core.package_identification:_identify(webpage_ws) by extensions ['python_setup_py']
[2.828s] Level 1:colcon.colcon_core.package_identification:_identify(webpage_ws) by extension 'python_setup_py'
[2.828s] Level 1:colcon.colcon_core.package_discovery:discover_packages(recursive) using defaults
[2.828s] Level 1:colcon.colcon_core.package_discovery:discover_packages(ignore) discover
[2.828s] Level 1:colcon.colcon_core.package_discovery:discover_packages(ignore) using defaults
[2.828s] Level 1:colcon.colcon_core.package_discovery:discover_packages(path) discover
[2.828s] Level 1:colcon.colcon_core.package_discovery:discover_packages(path) using defaults
[3.079s] Level 5:colcon.colcon_core.verb:set package 'my_package' build argument 'cmake_args' from command line to 'None'
[3.079s] Level 5:colcon.colcon_core.verb:set package 'my_package' build argument 'cmake_target' from command line to 'None'
[3.079s] Level 5:colcon.colcon_core.verb:set package 'my_package' build argument 'cmake_target_skip_unavailable' from command line to 'False'
[3.079s] Level 5:colcon.colcon_core.verb:set package 'my_package' build argument 'cmake_clean_cache' from command line to 'False'
[3.079s] Level 5:colcon.colcon_core.verb:set package 'my_package' build argument 'cmake_clean_first' from command line to 'False'
[3.079s] Level 5:colcon.colcon_core.verb:set package 'my_package' build argument 'cmake_force_configure' from command line to 'False'
[3.079s] Level 5:colcon.colcon_core.verb:set package 'my_package' build argument 'ament_cmake_args' from command line to 'None'
[3.079s] Level 5:colcon.colcon_core.verb:set package 'my_package' build argument 'catkin_cmake_args' from command line to 'None'
[3.080s] Level 5:colcon.colcon_core.verb:set package 'my_package' build argument 'catkin_skip_building_tests' from command line to 'False'
[3.080s] DEBUG:colcon.colcon_core.verb:Building package 'my_package' with the following arguments: {'ament_cmake_args': None, 'build_base': '/home/user/build/my_package', 'catkin_cmake_args': None, 'catkin_skip_building_tests': False, 'cmake_args': None, 'cmake_clean_cache': False, 'cmake_clean_first': False, 'cmake_force_configure': False, 'cmake_target': None, 'cmake_target_skip_unavailable': False, 'install_base': '/home/user/install/my_package', 'merge_install': False, 'path': '/home/user/ros2_ws/src/my_package', 'symlink_install': False, 'test_result_base': None}
[3.084s] Level 5:colcon.colcon_core.verb:set package 'turtlebot3_fake_node' build argument 'cmake_args' from command line to 'None'
[3.084s] Level 5:colcon.colcon_core.verb:set package 'turtlebot3_fake_node' build argument 'cmake_target' from command line to 'None'
[3.084s] Level 5:colcon.colcon_core.verb:set package 'turtlebot3_fake_node' build argument 'cmake_target_skip_unavailable' from command line to 'False'
[3.084s] Level 5:colcon.colcon_core.verb:set package 'turtlebot3_fake_node' build argument 'cmake_clean_cache' from command line to 'False'
[3.084s] Level 5:colcon.colcon_core.verb:set package 'turtlebot3_fake_node' build argument 'cmake_clean_first' from command line to 'False'
[3.084s] Level 5:colcon.colcon_core.verb:set package 'turtlebot3_fake_node' build argument 'cmake_force_configure' from command line to 'False'
[3.084s] Level 5:colcon.colcon_core.verb:set package 'turtlebot3_fake_node' build argument 'ament_cmake_args' from command line to 'None'
[3.084s] Level 5:colcon.colcon_core.verb:set package 'turtlebot3_fake_node' build argument 'catkin_cmake_args' from command line to 'None'
[3.084s] Level 5:colcon.colcon_core.verb:set package 'turtlebot3_fake_node' build argument 'catkin_skip_building_tests' from command line to 'False'
[3.084s] DEBUG:colcon.colcon_core.verb:Building package 'turtlebot3_fake_node' with the following arguments: {'ament_cmake_args': None, 'build_base': '/home/user/build/turtlebot3_fake_node', 'catkin_cmake_args': None, 'catkin_skip_building_tests': False, 'cmake_args': None, 'cmake_clean_cache': False, 'cmake_clean_first': False, 'cmake_force_configure': False, 'cmake_target': None, 'cmake_target_skip_unavailable': False, 'install_base': '/home/user/install/turtlebot3_fake_node', 'merge_install': False, 'path': '/home/user/turtlebot3_ws/src/turtlebot3_fake_node', 'symlink_install': False, 'test_result_base': None}
[3.088s] Level 5:colcon.colcon_core.verb:set package 'turtlebot3_gazebo' build argument 'cmake_args' from command line to 'None'
[3.089s] Level 5:colcon.colcon_core.verb:set package 'turtlebot3_gazebo' build argument 'cmake_target' from command line to 'None'
[3.089s] Level 5:colcon.colcon_core.verb:set package 'turtlebot3_gazebo' build argument 'cmake_target_skip_unavailable' from command line to 'False'
[3.089s] Level 5:colcon.colcon_core.verb:set package 'turtlebot3_gazebo' build argument 'cmake_clean_cache' from command line to 'False'
[3.089s] Level 5:colcon.colcon_core.verb:set package 'turtlebot3_gazebo' build argument 'cmake_clean_first' from command line to 'False'
[3.089s] Level 5:colcon.colcon_core.verb:set package 'turtlebot3_gazebo' build argument 'cmake_force_configure' from command line to 'False'
[3.089s] Level 5:colcon.colcon_core.verb:set package 'turtlebot3_gazebo' build argument 'ament_cmake_args' from command line to 'None'
[3.089s] Level 5:colcon.colcon_core.verb:set package 'turtlebot3_gazebo' build argument 'catkin_cmake_args' from command line to 'None'
[3.089s] Level 5:colcon.colcon_core.verb:set package 'turtlebot3_gazebo' build argument 'catkin_skip_building_tests' from command line to 'False'
[3.090s] DEBUG:colcon.colcon_core.verb:Building package 'turtlebot3_gazebo' with the following arguments: {'ament_cmake_args': None, 'build_base': '/home/user/build/turtlebot3_gazebo', 'catkin_cmake_args': None, 'catkin_skip_building_tests': False, 'cmake_args': None, 'cmake_clean_cache': False, 'cmake_clean_first': False, 'cmake_force_configure': False, 'cmake_target': None, 'cmake_target_skip_unavailable': False, 'install_base': '/home/user/install/turtlebot3_gazebo', 'merge_install': False, 'path': '/home/user/turtlebot3_ws/src/turtlebot3_gazebo', 'symlink_install': False, 'test_result_base': None}
[3.093s] Level 5:colcon.colcon_core.verb:set package 'turtlebot3_simulations' build argument 'cmake_args' from command line to 'None'
[3.093s] Level 5:colcon.colcon_core.verb:set package 'turtlebot3_simulations' build argument 'cmake_target' from command line to 'None'
[3.093s] Level 5:colcon.colcon_core.verb:set package 'turtlebot3_simulations' build argument 'cmake_target_skip_unavailable' from command line to 'False'
[3.093s] Level 5:colcon.colcon_core.verb:set package 'turtlebot3_simulations' build argument 'cmake_clean_cache' from command line to 'False'
[3.093s] Level 5:colcon.colcon_core.verb:set package 'turtlebot3_simulations' build argument 'cmake_clean_first' from command line to 'False'
[3.093s] Level 5:colcon.colcon_core.verb:set package 'turtlebot3_simulations' build argument 'cmake_force_configure' from command line to 'False'
[3.093s] Level 5:colcon.colcon_core.verb:set package 'turtlebot3_simulations' build argument 'ament_cmake_args' from command line to 'None'
[3.093s] Level 5:colcon.colcon_core.verb:set package 'turtlebot3_simulations' build argument 'catkin_cmake_args' from command line to 'None'
[3.093s] Level 5:colcon.colcon_core.verb:set package 'turtlebot3_simulations' build argument 'catkin_skip_building_tests' from command line to 'False'
[3.093s] DEBUG:colcon.colcon_core.verb:Building package 'turtlebot3_simulations' with the following arguments: {'ament_cmake_args': None, 'build_base': '/home/user/build/turtlebot3_simulations', 'catkin_cmake_args': None, 'catkin_skip_building_tests': False, 'cmake_args': None, 'cmake_clean_cache': False, 'cmake_clean_first': False, 'cmake_force_configure': False, 'cmake_target': None, 'cmake_target_skip_unavailable': False, 'install_base': '/home/user/install/turtlebot3_simulations', 'merge_install': False, 'path': '/home/user/turtlebot3_ws/src/turtlebot3_simulations', 'symlink_install': False, 'test_result_base': None}
[3.095s] INFO:colcon.colcon_core.executor:Executing jobs using 'parallel' executor
[3.177s] DEBUG:colcon.colcon_parallel_executor.executor.parallel:run_until_complete
[3.178s] INFO:colcon.colcon_ros.task.ament_cmake.build:Building ROS package in '/home/user/turtlebot3_ws/src/turtlebot3_fake_node' with build type 'ament_cmake'
[3.178s] INFO:colcon.colcon_cmake.task.cmake.build:Building CMake package in '/home/user/turtlebot3_ws/src/turtlebot3_fake_node'
[3.198s] INFO:colcon.colcon_core.plugin_system:Skipping extension 'colcon_core.shell.bat': Not used on non-Windows systems
[3.198s] INFO:colcon.colcon_core.shell:Skip shell extension 'powershell' for command environment: Not usable outside of PowerShell
[3.199s] DEBUG:colcon.colcon_core.shell:Skip shell extension 'dsv' for command environment
[3.406s] INFO:colcon.colcon_ros.task.ament_cmake.build:Building ROS package in '/home/user/turtlebot3_ws/src/turtlebot3_gazebo' with build type 'ament_cmake'
[3.406s] INFO:colcon.colcon_cmake.task.cmake.build:Building CMake package in '/home/user/turtlebot3_ws/src/turtlebot3_gazebo'
[3.410s] INFO:colcon.colcon_core.shell:Skip shell extension 'powershell' for command environment: Not usable outside of PowerShell
[3.410s] DEBUG:colcon.colcon_core.shell:Skip shell extension 'dsv' for command environment
[3.490s] INFO:colcon.colcon_ros.task.ament_python.build:Building ROS package in '/home/user/ros2_ws/src/my_package' with build type 'ament_python'
[3.491s] Level 1:colcon.colcon_core.shell:create_environment_hook('my_package', 'ament_prefix_path')
[3.494s] INFO:colcon.colcon_core.shell:Creating environment hook '/home/user/install/my_package/share/my_package/hook/ament_prefix_path.ps1'
[3.495s] INFO:colcon.colcon_core.shell:Creating environment descriptor '/home/user/install/my_package/share/my_package/hook/ament_prefix_path.dsv'
[3.495s] INFO:colcon.colcon_core.shell:Creating environment hook '/home/user/install/my_package/share/my_package/hook/ament_prefix_path.sh'
[3.499s] INFO:colcon.colcon_core.shell:Skip shell extension 'powershell' for command environment: Not usable outside of PowerShell
[3.499s] DEBUG:colcon.colcon_core.shell:Skip shell extension 'dsv' for command environment
[3.606s] DEBUG:colcon.colcon_core.event_handler.log_command:Invoking command in '/home/user/build/turtlebot3_fake_node': CMAKE_PREFIX_PATH=${CMAKE_PREFIX_PATH}:/home/user/ros2_ws/install/my_package:/opt/ros/humble _=/usr/bin/env /usr/bin/cmake --build /home/user/build/turtlebot3_fake_node -- -j8 -l8
[3.697s] DEBUG:colcon.colcon_core.event_handler.log_command:Invoking command in '/home/user/build/turtlebot3_gazebo': CMAKE_PREFIX_PATH=${CMAKE_PREFIX_PATH}:/home/user/ros2_ws/install/my_package:/opt/ros/humble _=/usr/bin/env /usr/bin/cmake --build /home/user/build/turtlebot3_gazebo -- -j8 -l8
[5.894s] INFO:colcon.colcon_core.task.python.build:Building Python package in '/home/user/ros2_ws/src/my_package'
[5.897s] INFO:colcon.colcon_core.shell:Skip shell extension 'powershell' for command environment: Not usable outside of PowerShell
[5.898s] DEBUG:colcon.colcon_core.shell:Skip shell extension 'dsv' for command environment
[6.015s] DEBUG:colcon.colcon_core.event_handler.log_command:Invoked command in '/home/user/build/turtlebot3_gazebo' returned '0': CMAKE_PREFIX_PATH=${CMAKE_PREFIX_PATH}:/home/user/ros2_ws/install/my_package:/opt/ros/humble _=/usr/bin/env /usr/bin/cmake --build /home/user/build/turtlebot3_gazebo -- -j8 -l8
[6.203s] DEBUG:colcon.colcon_core.event_handler.log_command:Invoked command in '/home/user/build/turtlebot3_fake_node' returned '0': CMAKE_PREFIX_PATH=${CMAKE_PREFIX_PATH}:/home/user/ros2_ws/install/my_package:/opt/ros/humble _=/usr/bin/env /usr/bin/cmake --build /home/user/build/turtlebot3_fake_node -- -j8 -l8
[6.892s] DEBUG:colcon.colcon_core.event_handler.log_command:Invoking command in '/home/user/build/turtlebot3_fake_node': CMAKE_PREFIX_PATH=${CMAKE_PREFIX_PATH}:/home/user/ros2_ws/install/my_package:/opt/ros/humble _=/usr/bin/env /usr/bin/cmake --install /home/user/build/turtlebot3_fake_node
[6.910s] DEBUG:colcon.colcon_core.event_handler.log_command:Invoking command in '/home/user/build/turtlebot3_gazebo': CMAKE_PREFIX_PATH=${CMAKE_PREFIX_PATH}:/home/user/ros2_ws/install/my_package:/opt/ros/humble _=/usr/bin/env /usr/bin/cmake --install /home/user/build/turtlebot3_gazebo
[6.979s] Level 1:colcon.colcon_core.environment:create_environment_scripts_only(turtlebot3_fake_node)
[6.990s] DEBUG:colcon.colcon_core.event_handler.log_command:Invoked command in '/home/user/build/turtlebot3_fake_node' returned '0': CMAKE_PREFIX_PATH=${CMAKE_PREFIX_PATH}:/home/user/ros2_ws/install/my_package:/opt/ros/humble _=/usr/bin/env /usr/bin/cmake --install /home/user/build/turtlebot3_fake_node
[6.997s] Level 1:colcon.colcon_core.environment:checking '/home/user/install/turtlebot3_fake_node' for CMake module files
[6.999s] Level 1:colcon.colcon_core.environment:checking '/home/user/install/turtlebot3_fake_node' for CMake config files
[6.999s] Level 1:colcon.colcon_core.shell:create_environment_hook('turtlebot3_fake_node', 'cmake_prefix_path')
[7.005s] INFO:colcon.colcon_core.shell:Creating environment hook '/home/user/install/turtlebot3_fake_node/share/turtlebot3_fake_node/hook/cmake_prefix_path.ps1'
[7.006s] INFO:colcon.colcon_core.shell:Creating environment descriptor '/home/user/install/turtlebot3_fake_node/share/turtlebot3_fake_node/hook/cmake_prefix_path.dsv'
[7.007s] INFO:colcon.colcon_core.shell:Creating environment hook '/home/user/install/turtlebot3_fake_node/share/turtlebot3_fake_node/hook/cmake_prefix_path.sh'
[7.011s] Level 1:colcon.colcon_core.environment:checking '/home/user/install/turtlebot3_fake_node/lib'
[7.098s] Level 1:colcon.colcon_core.environment:checking '/home/user/install/turtlebot3_fake_node/bin'
[7.098s] Level 1:colcon.colcon_core.environment:checking '/home/user/install/turtlebot3_fake_node/lib/pkgconfig/turtlebot3_fake_node.pc'
[7.100s] Level 1:colcon.colcon_core.environment:checking '/home/user/install/turtlebot3_fake_node/lib/python3.10/site-packages'
[7.100s] Level 1:colcon.colcon_core.environment:checking '/home/user/install/turtlebot3_fake_node/bin'
[7.182s] INFO:colcon.colcon_core.shell:Creating package script '/home/user/install/turtlebot3_fake_node/share/turtlebot3_fake_node/package.ps1'
[7.184s] INFO:colcon.colcon_core.shell:Creating package descriptor '/home/user/install/turtlebot3_fake_node/share/turtlebot3_fake_node/package.dsv'
[7.185s] INFO:colcon.colcon_core.shell:Creating package script '/home/user/install/turtlebot3_fake_node/share/turtlebot3_fake_node/package.sh'
[7.192s] INFO:colcon.colcon_core.shell:Creating package script '/home/user/install/turtlebot3_fake_node/share/turtlebot3_fake_node/package.bash'
[7.193s] INFO:colcon.colcon_core.shell:Creating package script '/home/user/install/turtlebot3_fake_node/share/turtlebot3_fake_node/package.zsh'
[7.194s] Level 1:colcon.colcon_core.environment:create_file_with_runtime_dependencies(/home/user/install/turtlebot3_fake_node/share/colcon-core/packages/turtlebot3_fake_node)
[7.278s] Level 1:colcon.colcon_core.environment:create_environment_scripts_only(turtlebot3_gazebo)
[7.288s] Level 1:colcon.colcon_core.environment:checking '/home/user/install/turtlebot3_gazebo' for CMake module files
[7.292s] DEBUG:colcon.colcon_core.event_handler.log_command:Invoked command in '/home/user/build/turtlebot3_gazebo' returned '0': CMAKE_PREFIX_PATH=${CMAKE_PREFIX_PATH}:/home/user/ros2_ws/install/my_package:/opt/ros/humble _=/usr/bin/env /usr/bin/cmake --install /home/user/build/turtlebot3_gazebo
[7.294s] Level 1:colcon.colcon_core.environment:checking '/home/user/install/turtlebot3_gazebo' for CMake config files
[7.295s] Level 1:colcon.colcon_core.shell:create_environment_hook('turtlebot3_gazebo', 'cmake_prefix_path')
[7.309s] INFO:colcon.colcon_core.shell:Creating environment hook '/home/user/install/turtlebot3_gazebo/share/turtlebot3_gazebo/hook/cmake_prefix_path.ps1'
[7.316s] INFO:colcon.colcon_core.shell:Creating environment descriptor '/home/user/install/turtlebot3_gazebo/share/turtlebot3_gazebo/hook/cmake_prefix_path.dsv'
[7.381s] INFO:colcon.colcon_core.shell:Creating environment hook '/home/user/install/turtlebot3_gazebo/share/turtlebot3_gazebo/hook/cmake_prefix_path.sh'
[7.383s] Level 1:colcon.colcon_core.environment:checking '/home/user/install/turtlebot3_gazebo/lib'
[7.385s] Level 1:colcon.colcon_core.environment:checking '/home/user/install/turtlebot3_gazebo/bin'
[7.385s] Level 1:colcon.colcon_core.environment:checking '/home/user/install/turtlebot3_gazebo/lib/pkgconfig/turtlebot3_gazebo.pc'
[7.385s] Level 1:colcon.colcon_core.environment:checking '/home/user/install/turtlebot3_gazebo/lib/python3.10/site-packages'
[7.386s] Level 1:colcon.colcon_core.environment:checking '/home/user/install/turtlebot3_gazebo/bin'
[7.399s] INFO:colcon.colcon_core.shell:Creating package script '/home/user/install/turtlebot3_gazebo/share/turtlebot3_gazebo/package.ps1'
[7.400s] INFO:colcon.colcon_core.shell:Creating package descriptor '/home/user/install/turtlebot3_gazebo/share/turtlebot3_gazebo/package.dsv'
[7.400s] INFO:colcon.colcon_core.shell:Creating package script '/home/user/install/turtlebot3_gazebo/share/turtlebot3_gazebo/package.sh'
[7.401s] INFO:colcon.colcon_core.shell:Creating package script '/home/user/install/turtlebot3_gazebo/share/turtlebot3_gazebo/package.bash'
[7.402s] INFO:colcon.colcon_core.shell:Creating package script '/home/user/install/turtlebot3_gazebo/share/turtlebot3_gazebo/package.zsh'
[7.402s] Level 1:colcon.colcon_core.environment:create_file_with_runtime_dependencies(/home/user/install/turtlebot3_gazebo/share/colcon-core/packages/turtlebot3_gazebo)
[8.004s] Level 1:colcon.colcon_core.environment:create_environment_scripts_only(turtlebot3_fake_node)
[8.008s] Level 1:colcon.colcon_core.environment:checking '/home/user/install/turtlebot3_fake_node' for CMake module files
[8.013s] Level 1:colcon.colcon_core.environment:checking '/home/user/install/turtlebot3_fake_node' for CMake config files
[8.014s] Level 1:colcon.colcon_core.shell:create_environment_hook('turtlebot3_fake_node', 'cmake_prefix_path')
[8.078s] INFO:colcon.colcon_core.shell:Creating environment hook '/home/user/install/turtlebot3_fake_node/share/turtlebot3_fake_node/hook/cmake_prefix_path.ps1'
[8.086s] INFO:colcon.colcon_core.shell:Creating environment descriptor '/home/user/install/turtlebot3_fake_node/share/turtlebot3_fake_node/hook/cmake_prefix_path.dsv'
[8.096s] INFO:colcon.colcon_core.shell:Creating environment hook '/home/user/install/turtlebot3_fake_node/share/turtlebot3_fake_node/hook/cmake_prefix_path.sh'
[8.097s] Level 1:colcon.colcon_core.environment:checking '/home/user/install/turtlebot3_fake_node/lib'
[8.099s] Level 1:colcon.colcon_core.environment:checking '/home/user/install/turtlebot3_fake_node/bin'
[8.100s] Level 1:colcon.colcon_core.environment:checking '/home/user/install/turtlebot3_fake_node/lib/pkgconfig/turtlebot3_fake_node.pc'
[8.100s] Level 1:colcon.colcon_core.environment:checking '/home/user/install/turtlebot3_fake_node/lib/python3.10/site-packages'
[8.102s] Level 1:colcon.colcon_core.environment:checking '/home/user/install/turtlebot3_fake_node/bin'
[8.112s] INFO:colcon.colcon_core.shell:Creating package script '/home/user/install/turtlebot3_fake_node/share/turtlebot3_fake_node/package.ps1'
[8.185s] INFO:colcon.colcon_core.shell:Creating package descriptor '/home/user/install/turtlebot3_fake_node/share/turtlebot3_fake_node/package.dsv'
[8.190s] INFO:colcon.colcon_core.shell:Creating package script '/home/user/install/turtlebot3_fake_node/share/turtlebot3_fake_node/package.sh'
[8.202s] INFO:colcon.colcon_core.shell:Creating package script '/home/user/install/turtlebot3_fake_node/share/turtlebot3_fake_node/package.bash'
[8.282s] INFO:colcon.colcon_core.shell:Creating package script '/home/user/install/turtlebot3_fake_node/share/turtlebot3_fake_node/package.zsh'
[8.283s] Level 1:colcon.colcon_core.environment:create_file_with_runtime_dependencies(/home/user/install/turtlebot3_fake_node/share/colcon-core/packages/turtlebot3_fake_node)
[8.518s] Level 1:colcon.colcon_core.environment:create_environment_scripts_only(turtlebot3_gazebo)
[8.521s] Level 1:colcon.colcon_core.environment:checking '/home/user/install/turtlebot3_gazebo' for CMake module files
[8.522s] Level 1:colcon.colcon_core.environment:checking '/home/user/install/turtlebot3_gazebo' for CMake config files
[8.523s] Level 1:colcon.colcon_core.shell:create_environment_hook('turtlebot3_gazebo', 'cmake_prefix_path')
[8.526s] INFO:colcon.colcon_core.shell:Creating environment hook '/home/user/install/turtlebot3_gazebo/share/turtlebot3_gazebo/hook/cmake_prefix_path.ps1'
[8.528s] INFO:colcon.colcon_core.shell:Creating environment descriptor '/home/user/install/turtlebot3_gazebo/share/turtlebot3_gazebo/hook/cmake_prefix_path.dsv'
[8.529s] INFO:colcon.colcon_core.shell:Creating environment hook '/home/user/install/turtlebot3_gazebo/share/turtlebot3_gazebo/hook/cmake_prefix_path.sh'
[8.530s] Level 1:colcon.colcon_core.environment:checking '/home/user/install/turtlebot3_gazebo/lib'
[8.530s] Level 1:colcon.colcon_core.environment:checking '/home/user/install/turtlebot3_gazebo/bin'
[8.530s] Level 1:colcon.colcon_core.environment:checking '/home/user/install/turtlebot3_gazebo/lib/pkgconfig/turtlebot3_gazebo.pc'
[8.531s] Level 1:colcon.colcon_core.environment:checking '/home/user/install/turtlebot3_gazebo/lib/python3.10/site-packages'
[8.531s] Level 1:colcon.colcon_core.environment:checking '/home/user/install/turtlebot3_gazebo/bin'
[8.579s] INFO:colcon.colcon_core.shell:Creating package script '/home/user/install/turtlebot3_gazebo/share/turtlebot3_gazebo/package.ps1'
[8.580s] INFO:colcon.colcon_core.shell:Creating package descriptor '/home/user/install/turtlebot3_gazebo/share/turtlebot3_gazebo/package.dsv'
[8.581s] INFO:colcon.colcon_core.shell:Creating package script '/home/user/install/turtlebot3_gazebo/share/turtlebot3_gazebo/package.sh'
[8.582s] INFO:colcon.colcon_core.shell:Creating package script '/home/user/install/turtlebot3_gazebo/share/turtlebot3_gazebo/package.bash'
[8.583s] INFO:colcon.colcon_core.shell:Creating package script '/home/user/install/turtlebot3_gazebo/share/turtlebot3_gazebo/package.zsh'
[8.586s] Level 1:colcon.colcon_core.environment:create_file_with_runtime_dependencies(/home/user/install/turtlebot3_gazebo/share/colcon-core/packages/turtlebot3_gazebo)
[8.587s] INFO:colcon.colcon_ros.task.ament_cmake.build:Building ROS package in '/home/user/turtlebot3_ws/src/turtlebot3_simulations' with build type 'ament_cmake'
[8.588s] INFO:colcon.colcon_cmake.task.cmake.build:Building CMake package in '/home/user/turtlebot3_ws/src/turtlebot3_simulations'
[8.593s] INFO:colcon.colcon_core.shell:Skip shell extension 'powershell' for command environment: Not usable outside of PowerShell
[8.593s] DEBUG:colcon.colcon_core.shell:Skip shell extension 'dsv' for command environment
[8.780s] DEBUG:colcon.colcon_core.event_handler.log_command:Invoking command in '/home/user/build/turtlebot3_simulations': AMENT_PREFIX_PATH=/home/user/install/turtlebot3_gazebo:/home/user/install/turtlebot3_fake_node:${AMENT_PREFIX_PATH} CMAKE_PREFIX_PATH=/home/user/install/turtlebot3_gazebo:/home/user/install/turtlebot3_fake_node:/home/user/turtlebot3_ws/install/turtlebot3_simulations:/home/user/turtlebot3_ws/install/turtlebot3_gazebo:/home/user/turtlebot3_ws/install/turtlebot3_fake_node:/home/user/ros2_ws/install/my_package:/opt/ros/humble _=/usr/bin/env /usr/bin/cmake --build /home/user/build/turtlebot3_simulations -- -j8 -l8
[9.200s] DEBUG:colcon.colcon_core.event_handler.log_command:Invoked command in '/home/user/build/turtlebot3_simulations' returned '0': AMENT_PREFIX_PATH=/home/user/install/turtlebot3_gazebo:/home/user/install/turtlebot3_fake_node:${AMENT_PREFIX_PATH} CMAKE_PREFIX_PATH=/home/user/install/turtlebot3_gazebo:/home/user/install/turtlebot3_fake_node:/home/user/turtlebot3_ws/install/turtlebot3_simulations:/home/user/turtlebot3_ws/install/turtlebot3_gazebo:/home/user/turtlebot3_ws/install/turtlebot3_fake_node:/home/user/ros2_ws/install/my_package:/opt/ros/humble _=/usr/bin/env /usr/bin/cmake --build /home/user/build/turtlebot3_simulations -- -j8 -l8
[9.587s] DEBUG:colcon.colcon_core.event_handler.log_command:Invoking command in '/home/user/build/turtlebot3_simulations': AMENT_PREFIX_PATH=/home/user/install/turtlebot3_gazebo:/home/user/install/turtlebot3_fake_node:${AMENT_PREFIX_PATH} CMAKE_PREFIX_PATH=/home/user/install/turtlebot3_gazebo:/home/user/install/turtlebot3_fake_node:/home/user/turtlebot3_ws/install/turtlebot3_simulations:/home/user/turtlebot3_ws/install/turtlebot3_gazebo:/home/user/turtlebot3_ws/install/turtlebot3_fake_node:/home/user/ros2_ws/install/my_package:/opt/ros/humble _=/usr/bin/env /usr/bin/cmake --install /home/user/build/turtlebot3_simulations
[9.682s] DEBUG:colcon.colcon_core.event_handler.log_command:Invoking command in '/home/user/ros2_ws/src/my_package': PYTHONPATH=/home/user/install/my_package/lib/python3.10/site-packages:${PYTHONPATH} _=/usr/bin/env /usr/bin/python3 setup.py egg_info --egg-base ../../../build/my_package build --build-base /home/user/build/my_package/build install --prefix /home/user/install/my_package --record /home/user/build/my_package/install.log --single-version-externally-managed
[9.722s] Level 1:colcon.colcon_core.environment:create_environment_scripts_only(turtlebot3_simulations)
[9.783s] DEBUG:colcon.colcon_core.event_handler.log_command:Invoked command in '/home/user/build/turtlebot3_simulations' returned '0': AMENT_PREFIX_PATH=/home/user/install/turtlebot3_gazebo:/home/user/install/turtlebot3_fake_node:${AMENT_PREFIX_PATH} CMAKE_PREFIX_PATH=/home/user/install/turtlebot3_gazebo:/home/user/install/turtlebot3_fake_node:/home/user/turtlebot3_ws/install/turtlebot3_simulations:/home/user/turtlebot3_ws/install/turtlebot3_gazebo:/home/user/turtlebot3_ws/install/turtlebot3_fake_node:/home/user/ros2_ws/install/my_package:/opt/ros/humble _=/usr/bin/env /usr/bin/cmake --install /home/user/build/turtlebot3_simulations
[9.785s] Level 1:colcon.colcon_core.environment:checking '/home/user/install/turtlebot3_simulations' for CMake module files
[9.787s] Level 1:colcon.colcon_core.environment:checking '/home/user/install/turtlebot3_simulations' for CMake config files
[9.787s] Level 1:colcon.colcon_core.shell:create_environment_hook('turtlebot3_simulations', 'cmake_prefix_path')
[9.793s] INFO:colcon.colcon_core.shell:Creating environment hook '/home/user/install/turtlebot3_simulations/share/turtlebot3_simulations/hook/cmake_prefix_path.ps1'
[9.796s] INFO:colcon.colcon_core.shell:Creating environment descriptor '/home/user/install/turtlebot3_simulations/share/turtlebot3_simulations/hook/cmake_prefix_path.dsv'
[9.797s] INFO:colcon.colcon_core.shell:Creating environment hook '/home/user/install/turtlebot3_simulations/share/turtlebot3_simulations/hook/cmake_prefix_path.sh'
[9.801s] Level 1:colcon.colcon_core.environment:checking '/home/user/install/turtlebot3_simulations/bin'
[9.801s] Level 1:colcon.colcon_core.environment:checking '/home/user/install/turtlebot3_simulations/lib/pkgconfig/turtlebot3_simulations.pc'
[9.803s] Level 1:colcon.colcon_core.environment:checking '/home/user/install/turtlebot3_simulations/lib/python3.10/site-packages'
[9.806s] Level 1:colcon.colcon_core.environment:checking '/home/user/install/turtlebot3_simulations/bin'
[9.822s] INFO:colcon.colcon_core.shell:Creating package script '/home/user/install/turtlebot3_simulations/share/turtlebot3_simulations/package.ps1'
[9.822s] INFO:colcon.colcon_core.shell:Creating package descriptor '/home/user/install/turtlebot3_simulations/share/turtlebot3_simulations/package.dsv'
[9.823s] INFO:colcon.colcon_core.shell:Creating package script '/home/user/install/turtlebot3_simulations/share/turtlebot3_simulations/package.sh'
[9.824s] INFO:colcon.colcon_core.shell:Creating package script '/home/user/install/turtlebot3_simulations/share/turtlebot3_simulations/package.bash'
[9.824s] INFO:colcon.colcon_core.shell:Creating package script '/home/user/install/turtlebot3_simulations/share/turtlebot3_simulations/package.zsh'
[9.878s] Level 1:colcon.colcon_core.environment:create_file_with_runtime_dependencies(/home/user/install/turtlebot3_simulations/share/colcon-core/packages/turtlebot3_simulations)
[10.393s] Level 1:colcon.colcon_core.environment:create_environment_scripts_only(turtlebot3_simulations)
[10.399s] Level 1:colcon.colcon_core.environment:checking '/home/user/install/turtlebot3_simulations' for CMake module files
[10.401s] Level 1:colcon.colcon_core.environment:checking '/home/user/install/turtlebot3_simulations' for CMake config files
[10.401s] Level 1:colcon.colcon_core.shell:create_environment_hook('turtlebot3_simulations', 'cmake_prefix_path')
[10.404s] INFO:colcon.colcon_core.shell:Creating environment hook '/home/user/install/turtlebot3_simulations/share/turtlebot3_simulations/hook/cmake_prefix_path.ps1'
[10.404s] INFO:colcon.colcon_core.shell:Creating environment descriptor '/home/user/install/turtlebot3_simulations/share/turtlebot3_simulations/hook/cmake_prefix_path.dsv'
[10.477s] INFO:colcon.colcon_core.shell:Creating environment hook '/home/user/install/turtlebot3_simulations/share/turtlebot3_simulations/hook/cmake_prefix_path.sh'
[10.478s] Level 1:colcon.colcon_core.environment:checking '/home/user/install/turtlebot3_simulations/bin'
[10.478s] Level 1:colcon.colcon_core.environment:checking '/home/user/install/turtlebot3_simulations/lib/pkgconfig/turtlebot3_simulations.pc'
[10.479s] Level 1:colcon.colcon_core.environment:checking '/home/user/install/turtlebot3_simulations/lib/python3.10/site-packages'
[10.479s] Level 1:colcon.colcon_core.environment:checking '/home/user/install/turtlebot3_simulations/bin'
[10.506s] INFO:colcon.colcon_core.shell:Creating package script '/home/user/install/turtlebot3_simulations/share/turtlebot3_simulations/package.ps1'
[10.514s] INFO:colcon.colcon_core.shell:Creating package descriptor '/home/user/install/turtlebot3_simulations/share/turtlebot3_simulations/package.dsv'
[10.515s] INFO:colcon.colcon_core.shell:Creating package script '/home/user/install/turtlebot3_simulations/share/turtlebot3_simulations/package.sh'
[10.516s] INFO:colcon.colcon_core.shell:Creating package script '/home/user/install/turtlebot3_simulations/share/turtlebot3_simulations/package.bash'
[10.577s] INFO:colcon.colcon_core.shell:Creating package script '/home/user/install/turtlebot3_simulations/share/turtlebot3_simulations/package.zsh'
[10.578s] Level 1:colcon.colcon_core.environment:create_file_with_runtime_dependencies(/home/user/install/turtlebot3_simulations/share/colcon-core/packages/turtlebot3_simulations)
[11.996s] DEBUG:colcon.colcon_core.event_handler.log_command:Invoked command in '/home/user/ros2_ws/src/my_package' returned '0': PYTHONPATH=/home/user/install/my_package/lib/python3.10/site-packages:${PYTHONPATH} _=/usr/bin/env /usr/bin/python3 setup.py egg_info --egg-base ../../../build/my_package build --build-base /home/user/build/my_package/build install --prefix /home/user/install/my_package --record /home/user/build/my_package/install.log --single-version-externally-managed
[11.996s] Level 1:colcon.colcon_core.environment:checking '/home/user/install/my_package' for CMake module files
[11.998s] Level 1:colcon.colcon_core.environment:checking '/home/user/install/my_package' for CMake config files
[11.999s] Level 1:colcon.colcon_core.environment:checking '/home/user/install/my_package/lib'
[11.999s] Level 1:colcon.colcon_core.environment:checking '/home/user/install/my_package/bin'
[11.999s] Level 1:colcon.colcon_core.environment:checking '/home/user/install/my_package/lib/pkgconfig/my_package.pc'
[11.999s] Level 1:colcon.colcon_core.environment:checking '/home/user/install/my_package/lib/python3.10/site-packages'
[11.999s] Level 1:colcon.colcon_core.shell:create_environment_hook('my_package', 'pythonpath')
[12.002s] INFO:colcon.colcon_core.shell:Creating environment hook '/home/user/install/my_package/share/my_package/hook/pythonpath.ps1'
[12.003s] INFO:colcon.colcon_core.shell:Creating environment descriptor '/home/user/install/my_package/share/my_package/hook/pythonpath.dsv'
[12.004s] INFO:colcon.colcon_core.shell:Creating environment hook '/home/user/install/my_package/share/my_package/hook/pythonpath.sh'
[12.005s] Level 1:colcon.colcon_core.environment:checking '/home/user/install/my_package/bin'
[12.005s] Level 1:colcon.colcon_core.environment:create_environment_scripts_only(my_package)
[12.077s] INFO:colcon.colcon_core.shell:Creating package script '/home/user/install/my_package/share/my_package/package.ps1'
[12.078s] INFO:colcon.colcon_core.shell:Creating package descriptor '/home/user/install/my_package/share/my_package/package.dsv'
[12.079s] INFO:colcon.colcon_core.shell:Creating package script '/home/user/install/my_package/share/my_package/package.sh'
[12.080s] INFO:colcon.colcon_core.shell:Creating package script '/home/user/install/my_package/share/my_package/package.bash'
[12.080s] INFO:colcon.colcon_core.shell:Creating package script '/home/user/install/my_package/share/my_package/package.zsh'
[12.089s] Level 1:colcon.colcon_core.environment:create_file_with_runtime_dependencies(/home/user/install/my_package/share/colcon-core/packages/my_package)
[12.090s] DEBUG:colcon.colcon_parallel_executor.executor.parallel:closing loop
[12.093s] DEBUG:colcon.colcon_parallel_executor.executor.parallel:loop closed
[12.093s] DEBUG:colcon.colcon_parallel_executor.executor.parallel:run_until_complete finished with '0'
[12.094s] DEBUG:colcon.colcon_core.event_reactor:joining thread
[12.107s] INFO:colcon.colcon_core.plugin_system:Skipping extension 'colcon_notification.desktop_notification.notify_send': Could not find 'notify-send'
[12.108s] INFO:colcon.colcon_core.plugin_system:Skipping extension 'colcon_notification.desktop_notification.terminal_notifier': Not used on non-Darwin systems
[12.108s] INFO:colcon.colcon_core.plugin_system:Skipping extension 'colcon_notification.desktop_notification.win32': Not used on non-Windows systems
[12.109s] INFO:colcon.colcon_notification.desktop_notification:Sending desktop notification using 'notify2'
[12.180s] DEBUG:colcon.colcon_notification.desktop_notification.notify2:Failed to initialize notify2: org.freedesktop.DBus.Error.Spawn.ExecFailed: /usr/bin/dbus-launch terminated abnormally without any error message
[12.181s] DEBUG:colcon.colcon_core.event_reactor:joined thread
[12.187s] INFO:colcon.colcon_core.shell:Creating prefix script '/home/user/install/local_setup.ps1'
[12.191s] INFO:colcon.colcon_core.shell:Creating prefix util module '/home/user/install/_local_setup_util_ps1.py'
[12.196s] INFO:colcon.colcon_core.shell:Creating prefix chain script '/home/user/install/setup.ps1'
[12.202s] INFO:colcon.colcon_core.shell:Creating prefix script '/home/user/install/local_setup.sh'
[12.204s] INFO:colcon.colcon_core.shell:Creating prefix util module '/home/user/install/_local_setup_util_sh.py'
[12.206s] INFO:colcon.colcon_core.shell:Creating prefix chain script '/home/user/install/setup.sh'
[12.211s] INFO:colcon.colcon_core.shell:Creating prefix script '/home/user/install/local_setup.bash'
[12.212s] INFO:colcon.colcon_core.shell:Creating prefix chain script '/home/user/install/setup.bash'
[12.215s] INFO:colcon.colcon_core.shell:Creating prefix script '/home/user/install/local_setup.zsh'
[12.216s] INFO:colcon.colcon_core.shell:Creating prefix chain script '/home/user/install/setup.zsh'
