[0.893s] Invoking command in '/home/user/build/turtlebot3_gazebo': CMAKE_PREFIX_PATH=${CMAKE_PREFIX_PATH}:/home/user/turtlebot3_ws/install/project_package:/home/user/ros2_ws/install/my_package:/opt/ros/humble _=/usr/bin/env /usr/bin/cmake /home/user/turtlebot3_ws/src/turtlebot3_gazebo -DCMAKE_INSTALL_PREFIX=/home/user/install/turtlebot3_gazebo
[4.511s] -- Found ament_cmake: 1.3.2 (/opt/ros/humble/share/ament_cmake/cmake)
[4.512s] -- Override CMake install command with custom implementation using symlinks instead of copying resources
[4.513s] -- Found DART: /usr/include (Required is at least version "6.6") found components: dart 
[4.513s] -- Found Protobuf: /usr/lib/x86_64-linux-gnu/libprotobuf.so (found version "3.12.4") 
[4.514s] -- Looking for ignition-math6 -- found version 6.12.0
[4.514s] -- Searching for dependencies of ignition-math6
[4.514s] -- Looking for OGRE...
[4.514s] -- Found Ogre Ghadamon (1.9.0)
[4.515s] -- Found OGRE: optimized;/usr/lib/x86_64-linux-gnu/libOgreMain.so;debug;/usr/lib/x86_64-linux-gnu/libOgreMain.so
[4.515s] -- Looking for OGRE_Paging...
[4.515s] -- Found OGRE_Paging: optimized;/usr/lib/x86_64-linux-gnu/libOgrePaging.so;debug;/usr/lib/x86_64-linux-gnu/libOgrePaging.so
[4.516s] -- Looking for OGRE_Terrain...
[4.516s] -- Found OGRE_Terrain: optimized;/usr/lib/x86_64-linux-gnu/libOgreTerrain.so;debug;/usr/lib/x86_64-linux-gnu/libOgreTerrain.so
[4.517s] -- Looking for OGRE_Property...
[4.517s] -- Found OGRE_Property: optimized;/usr/lib/x86_64-linux-gnu/libOgreProperty.so;debug;/usr/lib/x86_64-linux-gnu/libOgreProperty.so
[4.517s] -- Looking for OGRE_RTShaderSystem...
[4.517s] -- Found OGRE_RTShaderSystem: optimized;/usr/lib/x86_64-linux-gnu/libOgreRTShaderSystem.so;debug;/usr/lib/x86_64-linux-gnu/libOgreRTShaderSystem.so
[4.518s] -- Looking for OGRE_Volume...
[4.518s] -- Found OGRE_Volume: optimized;/usr/lib/x86_64-linux-gnu/libOgreVolume.so;debug;/usr/lib/x86_64-linux-gnu/libOgreVolume.so
[4.518s] -- Looking for OGRE_Overlay...
[4.518s] -- Found OGRE_Overlay: optimized;/usr/lib/x86_64-linux-gnu/libOgreOverlay.so;debug;/usr/lib/x86_64-linux-gnu/libOgreOverlay.so
[4.706s] [33mCMake Warning (dev) at /usr/share/cmake-3.22/Modules/FindPackageHandleStandardArgs.cmake:438 (message):
[4.706s]   The package name passed to `find_package_handle_standard_args` (PkgConfig)
[4.706s]   does not match the name of the calling package (gazebo).  This can lead to
[4.707s]   problems in calling code that expects `find_package` result variables
[4.707s]   (e.g., `_FOUND`) to follow a certain pattern.
[4.707s] Call Stack (most recent call first):
[4.707s]   /usr/share/cmake-3.22/Modules/FindPkgConfig.cmake:99 (find_package_handle_standard_args)
[4.708s]   /usr/lib/x86_64-linux-gnu/cmake/gazebo/gazebo-config.cmake:72 (include)
[4.708s]   CMakeLists.txt:23 (find_package)
[4.708s] This warning is for project developers.  Use -Wno-dev to suppress it.
[4.709s] [0m
[5.211s] -- Looking for ignition-math6 -- found version 6.12.0
[5.212s] -- Looking for ignition-transport8 -- found version 8.2.1
[5.213s] -- Searching for dependencies of ignition-transport8
[5.598s] -- Found Protobuf: /usr/lib/x86_64-linux-gnu/libprotobuf.so (found suitable version "3.12.4", minimum required is "3") 
[5.811s] -- Config-file not installed for ZeroMQ -- checking for pkg-config
[5.902s] -- Checking for module 'libzmq >= 4'
[6.200s] --   Found libzmq , version 4.3.4
[7.299s] -- Checking for module 'uuid'
[7.602s] --   Found uuid, version 2.37.2
[8.492s] -- Looking for ignition-msgs5 -- found version 5.8.1
[8.494s] -- Searching for dependencies of ignition-msgs5
[8.903s] -- Looking for ignition-math6 -- found version 6.12.0
[8.995s] -- Checking for module 'tinyxml2'
[9.203s] --   Found tinyxml2, version 9.0.0
[10.196s] -- Looking for ignition-msgs5 -- found version 5.8.1
[10.196s] -- Looking for ignition-common3 -- found version 3.14.0
[10.196s] -- Searching for dependencies of ignition-common3
[10.196s] -- Looking for dlfcn.h - found
[10.196s] -- Looking for libdl - found
[10.301s] -- Searching for <ignition-common3> component [graphics]
[10.302s] -- Looking for ignition-common3-graphics -- found version 3.14.0
[10.303s] -- Searching for dependencies of ignition-common3-graphics
[10.303s] -- Looking for ignition-math6 -- found version 6.12.0
[10.308s] -- Looking for ignition-fuel_tools4 -- found version 4.4.0
[10.309s] -- Searching for dependencies of ignition-fuel_tools4
[10.813s] -- Checking for module 'jsoncpp'
[11.205s] --   Found jsoncpp, version 1.9.5
[12.301s] -- Checking for module 'libzip'
[12.700s] --   Found libzip, version 1.7.3
[13.397s] -- Looking for ignition-common3 -- found version 3.14.0
[13.397s] -- Looking for ignition-math6 -- found version 6.12.0
[13.398s] -- Looking for ignition-msgs5 -- found version 5.8.1
[13.402s] -- Found gazebo_ros_pkgs: 3.7.0 (/opt/ros/humble/share/gazebo_ros_pkgs/cmake)
[13.403s] -- Found geometry_msgs: 4.2.2 (/opt/ros/humble/share/geometry_msgs/cmake)
[13.793s] -- Found rosidl_generator_c: 3.1.3 (/opt/ros/humble/share/rosidl_generator_c/cmake)
[13.805s] -- Found rosidl_adapter: 3.1.3 (/opt/ros/humble/share/rosidl_adapter/cmake)
[13.909s] -- Found rosidl_generator_cpp: 3.1.3 (/opt/ros/humble/share/rosidl_generator_cpp/cmake)
[14.192s] -- Using all available rosidl_typesupport_c: rosidl_typesupport_fastrtps_c;rosidl_typesupport_introspection_c
[14.311s] -- Using all available rosidl_typesupport_cpp: rosidl_typesupport_fastrtps_cpp;rosidl_typesupport_introspection_cpp
[15.409s] -- Found nav_msgs: 4.2.2 (/opt/ros/humble/share/nav_msgs/cmake)
[16.014s] -- Found rclcpp: 16.0.1 (/opt/ros/humble/share/rclcpp/cmake)
[16.413s] -- Found rmw_implementation_cmake: 6.1.0 (/opt/ros/humble/share/rmw_implementation_cmake/cmake)
[16.415s] -- Found rmw_cyclonedds_cpp: 1.3.4 (/opt/ros/humble/share/rmw_cyclonedds_cpp/cmake)
[16.714s] -- Using RMW implementation 'rmw_cyclonedds_cpp' as default
[17.919s] -- Found sensor_msgs: 4.2.2 (/opt/ros/humble/share/sensor_msgs/cmake)
[18.600s] -- Found tf2: 0.25.1 (/opt/ros/humble/share/tf2/cmake)
[19.810s] -- Configuring done
[20.799s] -- Generating done
[20.912s] -- Build files have been written to: /home/user/build/turtlebot3_gazebo
[21.296s] Invoked command in '/home/user/build/turtlebot3_gazebo' returned '0': CMAKE_PREFIX_PATH=${CMAKE_PREFIX_PATH}:/home/user/turtlebot3_ws/install/project_package:/home/user/ros2_ws/install/my_package:/opt/ros/humble _=/usr/bin/env /usr/bin/cmake /home/user/turtlebot3_ws/src/turtlebot3_gazebo -DCMAKE_INSTALL_PREFIX=/home/user/install/turtlebot3_gazebo
[21.297s] Invoking command in '/home/user/build/turtlebot3_gazebo': CMAKE_PREFIX_PATH=${CMAKE_PREFIX_PATH}:/home/user/turtlebot3_ws/install/project_package:/home/user/ros2_ws/install/my_package:/opt/ros/humble _=/usr/bin/env /usr/bin/cmake --build /home/user/build/turtlebot3_gazebo -- -j8 -l8
[21.993s] [35m[1mConsolidate compiler generated dependencies of target turtlebot3_drive[0m
[22.392s] [ 25%] Built target turtlebot3_drive
[22.620s] [35m[1mConsolidate compiler generated dependencies of target obstacles[0m
[23.138s] [ 50%] Built target obstacles
[23.317s] [35m[1mConsolidate compiler generated dependencies of target obstacle2[0m
[24.092s] [ 75%] Built target obstacle2
[24.297s] [35m[1mConsolidate compiler generated dependencies of target obstacle1[0m
[24.700s] [100%] Built target obstacle1
[25.103s] Invoked command in '/home/user/build/turtlebot3_gazebo' returned '0': CMAKE_PREFIX_PATH=${CMAKE_PREFIX_PATH}:/home/user/turtlebot3_ws/install/project_package:/home/user/ros2_ws/install/my_package:/opt/ros/humble _=/usr/bin/env /usr/bin/cmake --build /home/user/build/turtlebot3_gazebo -- -j8 -l8
[26.701s] Invoking command in '/home/user/build/turtlebot3_gazebo': CMAKE_PREFIX_PATH=${CMAKE_PREFIX_PATH}:/home/user/turtlebot3_ws/install/project_package:/home/user/ros2_ws/install/my_package:/opt/ros/humble _=/usr/bin/env /usr/bin/cmake --install /home/user/build/turtlebot3_gazebo
[26.905s] -- Install configuration: ""
[26.907s] -- Execute custom install script
[26.908s] -- Up-to-date symlink: /home/user/install/turtlebot3_gazebo/lib/turtlebot3_gazebo/turtlebot3_drive
[26.912s] -- Up-to-date symlink: /home/user/install/turtlebot3_gazebo/share/turtlebot3_gazebo//launch/empty_world.launch.py
[26.912s] -- Up-to-date symlink: /home/user/install/turtlebot3_gazebo/share/turtlebot3_gazebo//launch/floor.launch.py
[26.993s] -- Up-to-date symlink: /home/user/install/turtlebot3_gazebo/share/turtlebot3_gazebo//launch/maze.launch.py
[26.993s] -- Up-to-date symlink: /home/user/install/turtlebot3_gazebo/share/turtlebot3_gazebo//launch/robot_state_publisher.launch.py
[26.994s] -- Up-to-date symlink: /home/user/install/turtlebot3_gazebo/share/turtlebot3_gazebo//launch/spawn_turtlebot3.launch.py
[26.995s] -- Up-to-date symlink: /home/user/install/turtlebot3_gazebo/share/turtlebot3_gazebo//launch/turtlebot3_dqn_stage1.launch.py
[26.996s] -- Up-to-date symlink: /home/user/install/turtlebot3_gazebo/share/turtlebot3_gazebo//launch/turtlebot3_dqn_stage2.launch.py
[26.997s] -- Up-to-date symlink: /home/user/install/turtlebot3_gazebo/share/turtlebot3_gazebo//launch/turtlebot3_dqn_stage3.launch.py
[26.997s] -- Up-to-date symlink: /home/user/install/turtlebot3_gazebo/share/turtlebot3_gazebo//launch/turtlebot3_dqn_stage4.launch.py
[27.003s] -- Up-to-date symlink: /home/user/install/turtlebot3_gazebo/share/turtlebot3_gazebo//launch/turtlebot3_house.launch.py
[27.008s] -- Up-to-date symlink: /home/user/install/turtlebot3_gazebo/share/turtlebot3_gazebo//launch/turtlebot3_world.launch.py
[27.013s] -- Up-to-date symlink: /home/user/install/turtlebot3_gazebo/share/turtlebot3_gazebo//models/turtlebot3_burger/model-1_4.sdf
[27.013s] -- Up-to-date symlink: /home/user/install/turtlebot3_gazebo/share/turtlebot3_gazebo//models/turtlebot3_burger/model.config
[27.014s] -- Up-to-date symlink: /home/user/install/turtlebot3_gazebo/share/turtlebot3_gazebo//models/turtlebot3_burger/model.sdf
[27.015s] -- Up-to-date symlink: /home/user/install/turtlebot3_gazebo/share/turtlebot3_gazebo//models/turtlebot3_common/meshes/burger_base.dae
[27.092s] -- Up-to-date symlink: /home/user/install/turtlebot3_gazebo/share/turtlebot3_gazebo//models/turtlebot3_common/meshes/lds.dae
[27.093s] -- Up-to-date symlink: /home/user/install/turtlebot3_gazebo/share/turtlebot3_gazebo//models/turtlebot3_common/meshes/r200.dae
[27.093s] -- Up-to-date symlink: /home/user/install/turtlebot3_gazebo/share/turtlebot3_gazebo//models/turtlebot3_common/meshes/tire.dae
[27.093s] -- Up-to-date symlink: /home/user/install/turtlebot3_gazebo/share/turtlebot3_gazebo//models/turtlebot3_common/meshes/waffle_base.dae
[27.093s] -- Up-to-date symlink: /home/user/install/turtlebot3_gazebo/share/turtlebot3_gazebo//models/turtlebot3_common/meshes/waffle_pi_base.dae
[27.093s] -- Up-to-date symlink: /home/user/install/turtlebot3_gazebo/share/turtlebot3_gazebo//models/turtlebot3_common/model.config
[27.093s] -- Up-to-date symlink: /home/user/install/turtlebot3_gazebo/share/turtlebot3_gazebo//models/turtlebot3_dqn_world/goal_box/model.config
[27.094s] -- Up-to-date symlink: /home/user/install/turtlebot3_gazebo/share/turtlebot3_gazebo//models/turtlebot3_dqn_world/goal_box/model.sdf
[27.094s] -- Up-to-date symlink: /home/user/install/turtlebot3_gazebo/share/turtlebot3_gazebo//models/turtlebot3_dqn_world/inner_walls/model.config
[27.094s] -- Up-to-date symlink: /home/user/install/turtlebot3_gazebo/share/turtlebot3_gazebo//models/turtlebot3_dqn_world/inner_walls/model.sdf
[27.094s] -- Up-to-date symlink: /home/user/install/turtlebot3_gazebo/share/turtlebot3_gazebo//models/turtlebot3_dqn_world/model.config
[27.098s] -- Up-to-date symlink: /home/user/install/turtlebot3_gazebo/share/turtlebot3_gazebo//models/turtlebot3_dqn_world/model.sdf
[27.098s] -- Up-to-date symlink: /home/user/install/turtlebot3_gazebo/share/turtlebot3_gazebo//models/turtlebot3_dqn_world/obstacle1/model.config
[27.098s] -- Up-to-date symlink: /home/user/install/turtlebot3_gazebo/share/turtlebot3_gazebo//models/turtlebot3_dqn_world/obstacle1/model.sdf
[27.099s] -- Up-to-date symlink: /home/user/install/turtlebot3_gazebo/share/turtlebot3_gazebo//models/turtlebot3_dqn_world/obstacle2/model.config
[27.099s] -- Up-to-date symlink: /home/user/install/turtlebot3_gazebo/share/turtlebot3_gazebo//models/turtlebot3_dqn_world/obstacle2/model.sdf
[27.099s] -- Up-to-date symlink: /home/user/install/turtlebot3_gazebo/share/turtlebot3_gazebo//models/turtlebot3_dqn_world/obstacle_plugin/CMakeLists.txt
[27.108s] -- Up-to-date symlink: /home/user/install/turtlebot3_gazebo/share/turtlebot3_gazebo//models/turtlebot3_dqn_world/obstacle_plugin/obstacle1.cc
[27.109s] -- Up-to-date symlink: /home/user/install/turtlebot3_gazebo/share/turtlebot3_gazebo//models/turtlebot3_dqn_world/obstacle_plugin/obstacle2.cc
[27.109s] -- Up-to-date symlink: /home/user/install/turtlebot3_gazebo/share/turtlebot3_gazebo//models/turtlebot3_dqn_world/obstacle_plugin/obstacles.cc
[27.109s] -- Up-to-date symlink: /home/user/install/turtlebot3_gazebo/share/turtlebot3_gazebo//models/turtlebot3_dqn_world/obstacles/model.config
[27.110s] -- Up-to-date symlink: /home/user/install/turtlebot3_gazebo/share/turtlebot3_gazebo//models/turtlebot3_dqn_world/obstacles/model.sdf
[27.110s] -- Up-to-date symlink: /home/user/install/turtlebot3_gazebo/share/turtlebot3_gazebo//models/turtlebot3_house/model.config
[27.111s] -- Up-to-date symlink: /home/user/install/turtlebot3_gazebo/share/turtlebot3_gazebo//models/turtlebot3_house/model.sdf
[27.111s] -- Up-to-date symlink: /home/user/install/turtlebot3_gazebo/share/turtlebot3_gazebo//models/turtlebot3_waffle/model-1_4.sdf
[27.111s] -- Up-to-date symlink: /home/user/install/turtlebot3_gazebo/share/turtlebot3_gazebo//models/turtlebot3_waffle/model.config
[27.117s] -- Up-to-date symlink: /home/user/install/turtlebot3_gazebo/share/turtlebot3_gazebo//models/turtlebot3_waffle/model.sdf
[27.118s] -- Up-to-date symlink: /home/user/install/turtlebot3_gazebo/share/turtlebot3_gazebo//models/turtlebot3_waffle_pi/model-1_4_.sdf
[27.118s] -- Up-to-date symlink: /home/user/install/turtlebot3_gazebo/share/turtlebot3_gazebo//models/turtlebot3_waffle_pi/model.config
[27.119s] -- Up-to-date symlink: /home/user/install/turtlebot3_gazebo/share/turtlebot3_gazebo//models/turtlebot3_waffle_pi/model.sdf
[27.119s] -- Up-to-date symlink: /home/user/install/turtlebot3_gazebo/share/turtlebot3_gazebo//models/turtlebot3_world/meshes/hexagon.dae
[27.120s] -- Up-to-date symlink: /home/user/install/turtlebot3_gazebo/share/turtlebot3_gazebo//models/turtlebot3_world/meshes/wall.dae
[27.120s] -- Up-to-date symlink: /home/user/install/turtlebot3_gazebo/share/turtlebot3_gazebo//models/turtlebot3_world/model-1_4.sdf
[27.121s] -- Up-to-date symlink: /home/user/install/turtlebot3_gazebo/share/turtlebot3_gazebo//models/turtlebot3_world/model.config
[27.121s] -- Up-to-date symlink: /home/user/install/turtlebot3_gazebo/share/turtlebot3_gazebo//models/turtlebot3_world/model.sdf
[27.192s] -- Up-to-date symlink: /home/user/install/turtlebot3_gazebo/share/turtlebot3_gazebo//rviz/tb3_gazebo.rviz
[27.192s] -- Up-to-date symlink: /home/user/install/turtlebot3_gazebo/share/turtlebot3_gazebo//urdf/common_properties.urdf
[27.192s] -- Up-to-date symlink: /home/user/install/turtlebot3_gazebo/share/turtlebot3_gazebo//urdf/turtlebot3_burger.urdf
[27.192s] -- Up-to-date symlink: /home/user/install/turtlebot3_gazebo/share/turtlebot3_gazebo//urdf/turtlebot3_waffle.urdf
[27.192s] -- Up-to-date symlink: /home/user/install/turtlebot3_gazebo/share/turtlebot3_gazebo//urdf/turtlebot3_waffle_pi.urdf
[27.193s] -- Up-to-date symlink: /home/user/install/turtlebot3_gazebo/share/turtlebot3_gazebo//worlds/empty_world.world
[27.193s] -- Up-to-date symlink: /home/user/install/turtlebot3_gazebo/share/turtlebot3_gazebo//worlds/floor.world
[27.193s] -- Up-to-date symlink: /home/user/install/turtlebot3_gazebo/share/turtlebot3_gazebo//worlds/maze.world
[27.193s] -- Up-to-date symlink: /home/user/install/turtlebot3_gazebo/share/turtlebot3_gazebo//worlds/old_floor_plan.world
[27.193s] -- Up-to-date symlink: /home/user/install/turtlebot3_gazebo/share/turtlebot3_gazebo//worlds/turtlebot3_dqn_stage1.world
[27.193s] -- Up-to-date symlink: /home/user/install/turtlebot3_gazebo/share/turtlebot3_gazebo//worlds/turtlebot3_dqn_stage2.world
[27.200s] -- Up-to-date symlink: /home/user/install/turtlebot3_gazebo/share/turtlebot3_gazebo//worlds/turtlebot3_dqn_stage3.world
[27.201s] -- Up-to-date symlink: /home/user/install/turtlebot3_gazebo/share/turtlebot3_gazebo//worlds/turtlebot3_dqn_stage4.world
[27.201s] -- Up-to-date symlink: /home/user/install/turtlebot3_gazebo/share/turtlebot3_gazebo//worlds/turtlebot3_house.world
[27.201s] -- Up-to-date symlink: /home/user/install/turtlebot3_gazebo/share/turtlebot3_gazebo//worlds/turtlebot3_world.world
[27.201s] -- Up-to-date symlink: /home/user/install/turtlebot3_gazebo/include//turtlebot3_gazebo/turtlebot3_drive.hpp
[27.202s] -- Up-to-date symlink: /home/user/install/turtlebot3_gazebo/share/ament_index/resource_index/package_run_dependencies/turtlebot3_gazebo
[27.202s] -- Up-to-date symlink: /home/user/install/turtlebot3_gazebo/share/ament_index/resource_index/parent_prefix_path/turtlebot3_gazebo
[27.202s] -- Up-to-date symlink: /home/user/install/turtlebot3_gazebo/share/turtlebot3_gazebo/environment/ament_prefix_path.sh
[27.202s] -- Up-to-date symlink: /home/user/install/turtlebot3_gazebo/share/turtlebot3_gazebo/environment/ament_prefix_path.dsv
[27.203s] -- Up-to-date symlink: /home/user/install/turtlebot3_gazebo/share/turtlebot3_gazebo/environment/path.sh
[27.203s] -- Up-to-date symlink: /home/user/install/turtlebot3_gazebo/share/turtlebot3_gazebo/environment/path.dsv
[27.203s] -- Up-to-date symlink: /home/user/install/turtlebot3_gazebo/share/turtlebot3_gazebo/local_setup.bash
[27.203s] -- Up-to-date symlink: /home/user/install/turtlebot3_gazebo/share/turtlebot3_gazebo/local_setup.sh
[27.203s] -- Up-to-date symlink: /home/user/install/turtlebot3_gazebo/share/turtlebot3_gazebo/local_setup.zsh
[27.211s] -- Up-to-date symlink: /home/user/install/turtlebot3_gazebo/share/turtlebot3_gazebo/local_setup.dsv
[27.211s] -- Symlinking: /home/user/install/turtlebot3_gazebo/share/turtlebot3_gazebo/package.dsv
[27.309s] -- Up-to-date symlink: /home/user/install/turtlebot3_gazebo/share/ament_index/resource_index/packages/turtlebot3_gazebo
[27.309s] -- Up-to-date symlink: /home/user/install/turtlebot3_gazebo/share/turtlebot3_gazebo/cmake/ament_cmake_export_include_directories-extras.cmake
[27.309s] -- Up-to-date symlink: /home/user/install/turtlebot3_gazebo/share/turtlebot3_gazebo/cmake/ament_cmake_export_dependencies-extras.cmake
[27.310s] -- Up-to-date symlink: /home/user/install/turtlebot3_gazebo/share/turtlebot3_gazebo/cmake/turtlebot3_gazeboConfig.cmake
[27.310s] -- Up-to-date symlink: /home/user/install/turtlebot3_gazebo/share/turtlebot3_gazebo/cmake/turtlebot3_gazeboConfig-version.cmake
[27.313s] -- Up-to-date symlink: /home/user/install/turtlebot3_gazebo/share/turtlebot3_gazebo/package.xml
[27.396s] Invoked command in '/home/user/build/turtlebot3_gazebo' returned '0': CMAKE_PREFIX_PATH=${CMAKE_PREFIX_PATH}:/home/user/turtlebot3_ws/install/project_package:/home/user/ros2_ws/install/my_package:/opt/ros/humble _=/usr/bin/env /usr/bin/cmake --install /home/user/build/turtlebot3_gazebo
