[3.251s] DEBUG:colcon:Command line arguments: ['/usr/bin/colcon', 'build', '--symlink-install']
[3.252s] DEBUG:colcon:Parsed command line arguments: Namespace(log_base=None, log_level=None, verb_name='build', build_base='build', install_base='install', merge_install=False, symlink_install=True, test_result_base=None, continue_on_error=False, executor='parallel', parallel_workers=8, event_handlers=None, ignore_user_meta=False, metas=['./colcon.meta'], base_paths=['.'], packages_ignore=None, packages_ignore_regex=None, paths=None, packages_up_to=None, packages_up_to_regex=None, packages_above=None, packages_above_and_dependencies=None, packages_above_depth=None, packages_select_by_dep=None, packages_skip_by_dep=None, packages_skip_up_to=None, packages_select_build_failed=False, packages_skip_build_finished=False, packages_select_test_failures=False, packages_skip_test_passed=False, packages_select=None, packages_skip=None, packages_select_regex=None, packages_skip_regex=None, packages_start=None, packages_end=None, cmake_args=None, cmake_target=None, cmake_target_skip_unavailable=False, cmake_clean_cache=False, cmake_clean_first=False, cmake_force_configure=False, ament_cmake_args=None, catkin_cmake_args=None, catkin_skip_building_tests=False, mixin_files=None, mixin=None, verb_parser=<colcon_mixin.mixin.mixin_argument.MixinArgumentDecorator object at 0x7f54350fec80>, verb_extension=<colcon_core.verb.build.BuildVerb object at 0x7f5435a616f0>, main=<bound method BuildVerb.main of <colcon_core.verb.build.BuildVerb object at 0x7f5435a616f0>>, mixin_verb=('build',))
[3.437s] Level 1:colcon.colcon_core.package_discovery:discover_packages(colcon_meta) check parameters
[3.442s] Level 1:colcon.colcon_core.package_discovery:discover_packages(recursive) check parameters
[3.443s] Level 1:colcon.colcon_core.package_discovery:discover_packages(ignore) check parameters
[3.443s] Level 1:colcon.colcon_core.package_discovery:discover_packages(path) check parameters
[3.443s] Level 1:colcon.colcon_core.package_discovery:discover_packages(colcon_meta) discover
[3.443s] Level 1:colcon.colcon_core.package_discovery:discover_packages(recursive) discover
[3.443s] INFO:colcon.colcon_core.package_discovery:Crawling recursively for packages in '/home/user/ros2_ws'
[3.443s] Level 1:colcon.colcon_core.package_identification:_identify(.) by extensions ['ignore', 'ignore_ament_install']
[3.444s] Level 1:colcon.colcon_core.package_identification:_identify(.) by extension 'ignore'
[3.444s] Level 1:colcon.colcon_core.package_identification:_identify(.) by extension 'ignore_ament_install'
[3.444s] Level 1:colcon.colcon_core.package_identification:_identify(.) by extensions ['colcon_pkg']
[3.444s] Level 1:colcon.colcon_core.package_identification:_identify(.) by extension 'colcon_pkg'
[3.444s] Level 1:colcon.colcon_core.package_identification:_identify(.) by extensions ['colcon_meta']
[3.444s] Level 1:colcon.colcon_core.package_identification:_identify(.) by extension 'colcon_meta'
[3.444s] Level 1:colcon.colcon_core.package_identification:_identify(.) by extensions ['ros']
[3.445s] Level 1:colcon.colcon_core.package_identification:_identify(.) by extension 'ros'
[3.558s] Level 1:colcon.colcon_core.package_identification:_identify(.) by extensions ['cmake', 'python']
[3.599s] Level 1:colcon.colcon_core.package_identification:_identify(.) by extension 'cmake'
[3.600s] Level 1:colcon.colcon_core.package_identification:_identify(.) by extension 'python'
[3.600s] Level 1:colcon.colcon_core.package_identification:_identify(.) by extensions ['python_setup_py']
[3.601s] Level 1:colcon.colcon_core.package_identification:_identify(.) by extension 'python_setup_py'
[3.601s] Level 1:colcon.colcon_core.package_identification:_identify(build) by extensions ['ignore', 'ignore_ament_install']
[3.602s] Level 1:colcon.colcon_core.package_identification:_identify(build) by extension 'ignore'
[3.602s] Level 1:colcon.colcon_core.package_identification:_identify(build) ignored
[3.602s] Level 1:colcon.colcon_core.package_identification:_identify(install) by extensions ['ignore', 'ignore_ament_install']
[3.602s] Level 1:colcon.colcon_core.package_identification:_identify(install) by extension 'ignore'
[3.602s] Level 1:colcon.colcon_core.package_identification:_identify(install) ignored
[3.602s] Level 1:colcon.colcon_core.package_identification:_identify(log) by extensions ['ignore', 'ignore_ament_install']
[3.603s] Level 1:colcon.colcon_core.package_identification:_identify(log) by extension 'ignore'
[3.603s] Level 1:colcon.colcon_core.package_identification:_identify(log) ignored
[3.603s] Level 1:colcon.colcon_core.package_identification:_identify(src) by extensions ['ignore', 'ignore_ament_install']
[3.603s] Level 1:colcon.colcon_core.package_identification:_identify(src) by extension 'ignore'
[3.604s] Level 1:colcon.colcon_core.package_identification:_identify(src) by extension 'ignore_ament_install'
[3.604s] Level 1:colcon.colcon_core.package_identification:_identify(src) by extensions ['colcon_pkg']
[3.604s] Level 1:colcon.colcon_core.package_identification:_identify(src) by extension 'colcon_pkg'
[3.604s] Level 1:colcon.colcon_core.package_identification:_identify(src) by extensions ['colcon_meta']
[3.604s] Level 1:colcon.colcon_core.package_identification:_identify(src) by extension 'colcon_meta'
[3.604s] Level 1:colcon.colcon_core.package_identification:_identify(src) by extensions ['ros']
[3.604s] Level 1:colcon.colcon_core.package_identification:_identify(src) by extension 'ros'
[3.606s] Level 1:colcon.colcon_core.package_identification:_identify(src) by extensions ['cmake', 'python']
[3.606s] Level 1:colcon.colcon_core.package_identification:_identify(src) by extension 'cmake'
[3.606s] Level 1:colcon.colcon_core.package_identification:_identify(src) by extension 'python'
[3.606s] Level 1:colcon.colcon_core.package_identification:_identify(src) by extensions ['python_setup_py']
[3.607s] Level 1:colcon.colcon_core.package_identification:_identify(src) by extension 'python_setup_py'
[3.607s] Level 1:colcon.colcon_core.package_identification:_identify(src/my_package) by extensions ['ignore', 'ignore_ament_install']
[3.607s] Level 1:colcon.colcon_core.package_identification:_identify(src/my_package) by extension 'ignore'
[3.607s] Level 1:colcon.colcon_core.package_identification:_identify(src/my_package) by extension 'ignore_ament_install'
[3.610s] Level 1:colcon.colcon_core.package_identification:_identify(src/my_package) by extensions ['colcon_pkg']
[3.610s] Level 1:colcon.colcon_core.package_identification:_identify(src/my_package) by extension 'colcon_pkg'
[3.610s] Level 1:colcon.colcon_core.package_identification:_identify(src/my_package) by extensions ['colcon_meta']
[3.610s] Level 1:colcon.colcon_core.package_identification:_identify(src/my_package) by extension 'colcon_meta'
[3.611s] Level 1:colcon.colcon_core.package_identification:_identify(src/my_package) by extensions ['ros']
[3.611s] Level 1:colcon.colcon_core.package_identification:_identify(src/my_package) by extension 'ros'
[3.617s] DEBUG:colcon.colcon_core.package_identification:Package 'src/my_package' with type 'ros.ament_python' and name 'my_package'
[3.621s] Level 1:colcon.colcon_core.package_discovery:discover_packages(recursive) using defaults
[3.621s] Level 1:colcon.colcon_core.package_discovery:discover_packages(ignore) discover
[3.621s] Level 1:colcon.colcon_core.package_discovery:discover_packages(ignore) using defaults
[3.621s] Level 1:colcon.colcon_core.package_discovery:discover_packages(path) discover
[3.621s] Level 1:colcon.colcon_core.package_discovery:discover_packages(path) using defaults
[3.817s] Level 5:colcon.colcon_core.verb:set package 'my_package' build argument 'cmake_args' from command line to 'None'
[3.817s] Level 5:colcon.colcon_core.verb:set package 'my_package' build argument 'cmake_target' from command line to 'None'
[3.818s] Level 5:colcon.colcon_core.verb:set package 'my_package' build argument 'cmake_target_skip_unavailable' from command line to 'False'
[3.818s] Level 5:colcon.colcon_core.verb:set package 'my_package' build argument 'cmake_clean_cache' from command line to 'False'
[3.818s] Level 5:colcon.colcon_core.verb:set package 'my_package' build argument 'cmake_clean_first' from command line to 'False'
[3.818s] Level 5:colcon.colcon_core.verb:set package 'my_package' build argument 'cmake_force_configure' from command line to 'False'
[3.818s] Level 5:colcon.colcon_core.verb:set package 'my_package' build argument 'ament_cmake_args' from command line to 'None'
[3.818s] Level 5:colcon.colcon_core.verb:set package 'my_package' build argument 'catkin_cmake_args' from command line to 'None'
[3.818s] Level 5:colcon.colcon_core.verb:set package 'my_package' build argument 'catkin_skip_building_tests' from command line to 'False'
[3.818s] DEBUG:colcon.colcon_core.verb:Building package 'my_package' with the following arguments: {'ament_cmake_args': None, 'build_base': '/home/user/ros2_ws/build/my_package', 'catkin_cmake_args': None, 'catkin_skip_building_tests': False, 'cmake_args': None, 'cmake_clean_cache': False, 'cmake_clean_first': False, 'cmake_force_configure': False, 'cmake_target': None, 'cmake_target_skip_unavailable': False, 'install_base': '/home/user/ros2_ws/install/my_package', 'merge_install': False, 'path': '/home/user/ros2_ws/src/my_package', 'symlink_install': True, 'test_result_base': None}
[3.820s] INFO:colcon.colcon_core.executor:Executing jobs using 'parallel' executor
[3.833s] DEBUG:colcon.colcon_parallel_executor.executor.parallel:run_until_complete
[3.834s] INFO:colcon.colcon_ros.task.ament_python.build:Building ROS package in '/home/user/ros2_ws/src/my_package' with build type 'ament_python'
[3.834s] Level 1:colcon.colcon_core.shell:create_environment_hook('my_package', 'ament_prefix_path')
[3.849s] INFO:colcon.colcon_core.plugin_system:Skipping extension 'colcon_core.shell.bat': Not used on non-Windows systems
[3.849s] INFO:colcon.colcon_core.shell:Creating environment hook '/home/user/ros2_ws/install/my_package/share/my_package/hook/ament_prefix_path.ps1'
[3.851s] INFO:colcon.colcon_core.shell:Creating environment descriptor '/home/user/ros2_ws/install/my_package/share/my_package/hook/ament_prefix_path.dsv'
[3.852s] INFO:colcon.colcon_core.shell:Creating environment hook '/home/user/ros2_ws/install/my_package/share/my_package/hook/ament_prefix_path.sh'
[3.899s] INFO:colcon.colcon_core.shell:Skip shell extension 'powershell' for command environment: Not usable outside of PowerShell
[3.899s] DEBUG:colcon.colcon_core.shell:Skip shell extension 'dsv' for command environment
[6.096s] INFO:colcon.colcon_core.task.python.build:Building Python package in '/home/user/ros2_ws/src/my_package'
[6.098s] INFO:colcon.colcon_core.shell:Skip shell extension 'powershell' for command environment: Not usable outside of PowerShell
[6.099s] DEBUG:colcon.colcon_core.shell:Skip shell extension 'dsv' for command environment
[9.296s] DEBUG:colcon.colcon_core.event_handler.log_command:Invoking command in '/home/user/ros2_ws/build/my_package': PYTHONPATH=/home/user/ros2_ws/install/my_package/lib/python3.10/site-packages:${PYTHONPATH} _=/usr/bin/env /usr/bin/python3 setup.py develop --prefix /home/user/ros2_ws/install/my_package --editable --build-directory /home/user/ros2_ws/build/my_package/build --no-deps install_data --install-dir /home/user/ros2_ws/install/my_package
[13.345s] Level 1:colcon.colcon_core.shell:create_environment_hook('my_package', 'pythonpath_develop')
[13.345s] DEBUG:colcon.colcon_core.event_handler.log_command:Invoked command in '/home/user/ros2_ws/build/my_package' returned '0': PYTHONPATH=/home/user/ros2_ws/install/my_package/lib/python3.10/site-packages:${PYTHONPATH} _=/usr/bin/env /usr/bin/python3 setup.py develop --prefix /home/user/ros2_ws/install/my_package --editable --build-directory /home/user/ros2_ws/build/my_package/build --no-deps install_data --install-dir /home/user/ros2_ws/install/my_package
[13.348s] INFO:colcon.colcon_core.shell:Creating environment hook '/home/user/ros2_ws/build/my_package/share/my_package/hook/pythonpath_develop.ps1'
[13.349s] INFO:colcon.colcon_core.shell:Creating environment descriptor '/home/user/ros2_ws/build/my_package/share/my_package/hook/pythonpath_develop.dsv'
[13.350s] INFO:colcon.colcon_core.shell:Creating environment hook '/home/user/ros2_ws/build/my_package/share/my_package/hook/pythonpath_develop.sh'
[13.418s] Level 1:colcon.colcon_core.environment:checking '/home/user/ros2_ws/install/my_package' for CMake module files
[13.420s] Level 1:colcon.colcon_core.environment:checking '/home/user/ros2_ws/install/my_package' for CMake config files
[13.425s] Level 1:colcon.colcon_core.environment:checking '/home/user/ros2_ws/install/my_package/lib'
[13.426s] Level 1:colcon.colcon_core.environment:checking '/home/user/ros2_ws/install/my_package/bin'
[13.426s] Level 1:colcon.colcon_core.environment:checking '/home/user/ros2_ws/install/my_package/lib/pkgconfig/my_package.pc'
[13.426s] Level 1:colcon.colcon_core.environment:checking '/home/user/ros2_ws/install/my_package/lib/python3.10/site-packages'
[13.426s] Level 1:colcon.colcon_core.shell:create_environment_hook('my_package', 'pythonpath')
[13.429s] INFO:colcon.colcon_core.shell:Creating environment hook '/home/user/ros2_ws/install/my_package/share/my_package/hook/pythonpath.ps1'
[13.430s] INFO:colcon.colcon_core.shell:Creating environment descriptor '/home/user/ros2_ws/install/my_package/share/my_package/hook/pythonpath.dsv'
[13.440s] INFO:colcon.colcon_core.shell:Creating environment hook '/home/user/ros2_ws/install/my_package/share/my_package/hook/pythonpath.sh'
[13.450s] Level 1:colcon.colcon_core.environment:checking '/home/user/ros2_ws/install/my_package/bin'
[13.450s] Level 1:colcon.colcon_core.environment:create_environment_scripts_only(my_package)
[13.495s] INFO:colcon.colcon_core.shell:Creating package script '/home/user/ros2_ws/install/my_package/share/my_package/package.ps1'
[13.501s] INFO:colcon.colcon_core.shell:Creating package descriptor '/home/user/ros2_ws/install/my_package/share/my_package/package.dsv'
[13.503s] INFO:colcon.colcon_core.shell:Creating package script '/home/user/ros2_ws/install/my_package/share/my_package/package.sh'
[13.504s] INFO:colcon.colcon_core.shell:Creating package script '/home/user/ros2_ws/install/my_package/share/my_package/package.bash'
[13.506s] INFO:colcon.colcon_core.shell:Creating package script '/home/user/ros2_ws/install/my_package/share/my_package/package.zsh'
[13.508s] Level 1:colcon.colcon_core.environment:create_file_with_runtime_dependencies(/home/user/ros2_ws/install/my_package/share/colcon-core/packages/my_package)
[13.512s] DEBUG:colcon.colcon_parallel_executor.executor.parallel:closing loop
[13.512s] DEBUG:colcon.colcon_parallel_executor.executor.parallel:loop closed
[13.513s] DEBUG:colcon.colcon_parallel_executor.executor.parallel:run_until_complete finished with '0'
[13.513s] DEBUG:colcon.colcon_core.event_reactor:joining thread
[13.538s] INFO:colcon.colcon_core.plugin_system:Skipping extension 'colcon_notification.desktop_notification.notify_send': Could not find 'notify-send'
[13.539s] INFO:colcon.colcon_core.plugin_system:Skipping extension 'colcon_notification.desktop_notification.terminal_notifier': Not used on non-Darwin systems
[13.541s] INFO:colcon.colcon_core.plugin_system:Skipping extension 'colcon_notification.desktop_notification.win32': Not used on non-Windows systems
[13.541s] INFO:colcon.colcon_notification.desktop_notification:Sending desktop notification using 'notify2'
[13.616s] DEBUG:colcon.colcon_notification.desktop_notification.notify2:Failed to initialize notify2: org.freedesktop.DBus.Error.Spawn.ExecFailed: /usr/bin/dbus-launch terminated abnormally without any error message
[13.622s] DEBUG:colcon.colcon_core.event_reactor:joined thread
[13.626s] INFO:colcon.colcon_core.shell:Creating prefix script '/home/user/ros2_ws/install/local_setup.ps1'
[13.644s] INFO:colcon.colcon_core.shell:Creating prefix util module '/home/user/ros2_ws/install/_local_setup_util_ps1.py'
[13.647s] INFO:colcon.colcon_core.shell:Creating prefix chain script '/home/user/ros2_ws/install/setup.ps1'
[13.649s] INFO:colcon.colcon_core.shell:Creating prefix script '/home/user/ros2_ws/install/local_setup.sh'
[13.650s] INFO:colcon.colcon_core.shell:Creating prefix util module '/home/user/ros2_ws/install/_local_setup_util_sh.py'
[13.708s] INFO:colcon.colcon_core.shell:Creating prefix chain script '/home/user/ros2_ws/install/setup.sh'
[13.716s] INFO:colcon.colcon_core.shell:Creating prefix script '/home/user/ros2_ws/install/local_setup.bash'
[13.719s] INFO:colcon.colcon_core.shell:Creating prefix chain script '/home/user/ros2_ws/install/setup.bash'
[13.724s] INFO:colcon.colcon_core.shell:Creating prefix script '/home/user/ros2_ws/install/local_setup.zsh'
[13.724s] INFO:colcon.colcon_core.shell:Creating prefix chain script '/home/user/ros2_ws/install/setup.zsh'
