[6.827s] Invoking command in '/home/user/ros2_ws/build/my_package': PYTHONPATH=/home/user/ros2_ws/install/my_package/lib/python3.10/site-packages:${PYTHONPATH} _=/usr/bin/env /usr/bin/python3 setup.py develop --prefix /home/user/ros2_ws/install/my_package --editable --build-directory /home/user/ros2_ws/build/my_package/build --no-deps install_data --install-dir /home/user/ros2_ws/install/my_package
[9.019s] running develop
[9.021s] /usr/lib/python3/dist-packages/setuptools/command/easy_install.py:158: EasyInstallDeprecationWarning: easy_install command is deprecated. Use build and pip and other standards-based tools.
[9.021s]   warnings.warn(
[9.023s] /usr/lib/python3/dist-packages/setuptools/command/install.py:34: SetuptoolsDeprecationWarning: setup.py install is deprecated. Use build and pip and other standards-based tools.
[9.024s]   warnings.warn(
[9.610s] /usr/lib/python3/dist-packages/pkg_resources/__init__.py:116: PkgResourcesDeprecationWarning: 1.1build1 is an invalid version and will not be supported in a future release
[9.610s]   warnings.warn(
[10.537s] running egg_info
[10.597s] writing my_package.egg-info/PKG-INFO
[10.598s] writing dependency_links to my_package.egg-info/dependency_links.txt
[10.598s] writing entry points to my_package.egg-info/entry_points.txt
[10.598s] writing requirements to my_package.egg-info/requires.txt
[10.599s] writing top-level names to my_package.egg-info/top_level.txt
[10.606s] reading manifest file 'my_package.egg-info/SOURCES.txt'
[10.607s] writing manifest file 'my_package.egg-info/SOURCES.txt'
[10.611s] running build_ext
[10.617s] Creating /home/user/ros2_ws/install/my_package/lib/python3.10/site-packages/my-package.egg-link (link to .)
[10.617s] Installing control_turtle script to /home/user/ros2_ws/install/my_package/lib/my_package
[10.617s] Installing draw_circle script to /home/user/ros2_ws/install/my_package/lib/my_package
[10.618s] Installing first_node script to /home/user/ros2_ws/install/my_package/lib/my_package
[10.619s] Installing go_to_goal script to /home/user/ros2_ws/install/my_package/lib/my_package
[10.619s] Installing goal_navigator script to /home/user/ros2_ws/install/my_package/lib/my_package
[10.620s] Installing pose_subscriber script to /home/user/ros2_ws/install/my_package/lib/my_package
[10.626s] Installing project_node script to /home/user/ros2_ws/install/my_package/lib/my_package
[10.626s] 
[10.626s] Installed /home/user/ros2_ws/build/my_package
[10.627s] running install_data
[10.744s] Invoked command in '/home/user/ros2_ws/build/my_package' returned '0': PYTHONPATH=/home/user/ros2_ws/install/my_package/lib/python3.10/site-packages:${PYTHONPATH} _=/usr/bin/env /usr/bin/python3 setup.py develop --prefix /home/user/ros2_ws/install/my_package --editable --build-directory /home/user/ros2_ws/build/my_package/build --no-deps install_data --install-dir /home/user/ros2_ws/install/my_package
