[6.800s] Invoking command in '/home/user/turtlebot3_ws/build/project_package': PYTHONPATH=/home/user/turtlebot3_ws/install/project_package/lib/python3.10/site-packages:${PYTHONPATH} _=/usr/bin/env /usr/bin/python3 setup.py develop --prefix /home/user/turtlebot3_ws/install/project_package --uninstall --editable --build-directory /home/user/turtlebot3_ws/build/project_package/build
[9.905s] running develop
[9.905s] /usr/lib/python3/dist-packages/setuptools/command/easy_install.py:158: EasyInstallDeprecationWarning: easy_install command is deprecated. Use build and pip and other standards-based tools.
[9.905s]   warnings.warn(
[9.913s] /usr/lib/python3/dist-packages/setuptools/command/install.py:34: SetuptoolsDeprecationWarning: setup.py install is deprecated. Use build and pip and other standards-based tools.
[9.914s]   warnings.warn(
[10.504s] /usr/lib/python3/dist-packages/pkg_resources/__init__.py:116: PkgResourcesDeprecationWarning: 1.1build1 is an invalid version and will not be supported in a future release
[10.504s]   warnings.warn(
[11.408s] Removing /home/user/turtlebot3_ws/install/project_package/lib/python3.10/site-packages/project-package.egg-link (link to .)
[11.702s] Invoked command in '/home/user/turtlebot3_ws/build/project_package' returned '0': PYTHONPATH=/home/user/turtlebot3_ws/install/project_package/lib/python3.10/site-packages:${PYTHONPATH} _=/usr/bin/env /usr/bin/python3 setup.py develop --prefix /home/user/turtlebot3_ws/install/project_package --uninstall --editable --build-directory /home/user/turtlebot3_ws/build/project_package/build
[11.703s] Invoking command in '/home/user/turtlebot3_ws/src/project_package': PYTHONPATH=/home/user/turtlebot3_ws/install/project_package/lib/python3.10/site-packages:${PYTHONPATH} _=/usr/bin/env /usr/bin/python3 setup.py egg_info --egg-base ../../build/project_package build --build-base /home/user/turtlebot3_ws/build/project_package/build install --prefix /home/user/turtlebot3_ws/install/project_package --record /home/user/turtlebot3_ws/build/project_package/install.log --single-version-externally-managed
[15.213s] running egg_info
[15.247s] writing ../../build/project_package/project_package.egg-info/PKG-INFO
[15.252s] writing dependency_links to ../../build/project_package/project_package.egg-info/dependency_links.txt
[15.255s] writing entry points to ../../build/project_package/project_package.egg-info/entry_points.txt
[15.260s] writing requirements to ../../build/project_package/project_package.egg-info/requires.txt
[15.262s] writing top-level names to ../../build/project_package/project_package.egg-info/top_level.txt
[15.280s] reading manifest file '../../build/project_package/project_package.egg-info/SOURCES.txt'
[15.280s] /usr/lib/python3/dist-packages/setuptools/command/install.py:34: SetuptoolsDeprecationWarning: setup.py install is deprecated. Use build and pip and other standards-based tools.
[15.284s]   warnings.warn(
[15.304s] writing manifest file '../../build/project_package/project_package.egg-info/SOURCES.txt'
[15.304s] running build
[15.304s] running build_py
[15.305s] copying project_package/go_to_goal.py -> /home/user/turtlebot3_ws/build/project_package/build/lib/project_package
[15.305s] running install
[15.305s] running install_lib
[15.319s] creating /home/user/turtlebot3_ws/install/project_package/lib/python3.10/site-packages/project_package
[15.324s] copying /home/user/turtlebot3_ws/build/project_package/build/lib/project_package/goal_navigator.py -> /home/user/turtlebot3_ws/install/project_package/lib/python3.10/site-packages/project_package
[15.324s] copying /home/user/turtlebot3_ws/build/project_package/build/lib/project_package/go_to_goal.py -> /home/user/turtlebot3_ws/install/project_package/lib/python3.10/site-packages/project_package
[15.325s] copying /home/user/turtlebot3_ws/build/project_package/build/lib/project_package/__init__.py -> /home/user/turtlebot3_ws/install/project_package/lib/python3.10/site-packages/project_package
[15.327s] copying /home/user/turtlebot3_ws/build/project_package/build/lib/project_package/project_node.py -> /home/user/turtlebot3_ws/install/project_package/lib/python3.10/site-packages/project_package
[15.331s] byte-compiling /home/user/turtlebot3_ws/install/project_package/lib/python3.10/site-packages/project_package/goal_navigator.py to goal_navigator.cpython-310.pyc
[15.334s] byte-compiling /home/user/turtlebot3_ws/install/project_package/lib/python3.10/site-packages/project_package/go_to_goal.py to go_to_goal.cpython-310.pyc
[15.335s] byte-compiling /home/user/turtlebot3_ws/install/project_package/lib/python3.10/site-packages/project_package/__init__.py to __init__.cpython-310.pyc
[15.336s] byte-compiling /home/user/turtlebot3_ws/install/project_package/lib/python3.10/site-packages/project_package/project_node.py to project_node.cpython-310.pyc
[15.340s] running install_data
[15.343s] running install_egg_info
[15.356s] Copying ../../build/project_package/project_package.egg-info to /home/user/turtlebot3_ws/install/project_package/lib/python3.10/site-packages/project_package-0.0.0-py3.10.egg-info
[15.404s] running install_scripts
[15.633s] Installing go_to_goal script to /home/user/turtlebot3_ws/install/project_package/lib/project_package
[15.634s] Installing goal_navigator script to /home/user/turtlebot3_ws/install/project_package/lib/project_package
[15.636s] Installing project_node script to /home/user/turtlebot3_ws/install/project_package/lib/project_package
[15.641s] writing list of installed files to '/home/user/turtlebot3_ws/build/project_package/install.log'
[16.146s] Invoked command in '/home/user/turtlebot3_ws/src/project_package' returned '0': PYTHONPATH=/home/user/turtlebot3_ws/install/project_package/lib/python3.10/site-packages:${PYTHONPATH} _=/usr/bin/env /usr/bin/python3 setup.py egg_info --egg-base ../../build/project_package build --build-base /home/user/turtlebot3_ws/build/project_package/build install --prefix /home/user/turtlebot3_ws/install/project_package --record /home/user/turtlebot3_ws/build/project_package/install.log --single-version-externally-managed
