[0.827s] Invoking command in '/home/user/turtlebot3_ws/build/turtlebot3_gazebo': CMAKE_PREFIX_PATH=${CMAKE_PREFIX_PATH}:/home/user/ros2_ws/install/my_package:/opt/ros/humble _=/usr/bin/env /usr/bin/cmake --build /home/user/turtlebot3_ws/build/turtlebot3_gazebo -- -j8 -l8
[1.923s] [ 25%] Built target turtlebot3_drive
[2.323s] [ 50%] Built target obstacles
[3.015s] [ 75%] Built target obstacle2
[3.699s] [100%] Built target obstacle1
[4.608s] Invoked command in '/home/user/turtlebot3_ws/build/turtlebot3_gazebo' returned '0': CMAKE_PREFIX_PATH=${CMAKE_PREFIX_PATH}:/home/user/ros2_ws/install/my_package:/opt/ros/humble _=/usr/bin/env /usr/bin/cmake --build /home/user/turtlebot3_ws/build/turtlebot3_gazebo -- -j8 -l8
[8.262s] Invoking command in '/home/user/turtlebot3_ws/build/turtlebot3_gazebo': CMAKE_PREFIX_PATH=${CMAKE_PREFIX_PATH}:/home/user/ros2_ws/install/my_package:/opt/ros/humble _=/usr/bin/env /usr/bin/cmake --install /home/user/turtlebot3_ws/build/turtlebot3_gazebo
[8.499s] -- Install configuration: ""
[8.500s] -- Up-to-date: /home/user/turtlebot3_ws/install/turtlebot3_gazebo/lib/turtlebot3_gazebo/turtlebot3_drive
[8.500s] -- Up-to-date: /home/user/turtlebot3_ws/install/turtlebot3_gazebo/share/turtlebot3_gazebo//launch
[8.500s] -- Up-to-date: /home/user/turtlebot3_ws/install/turtlebot3_gazebo/share/turtlebot3_gazebo//launch/turtlebot3_dqn_stage2.launch.py
[8.500s] -- Up-to-date: /home/user/turtlebot3_ws/install/turtlebot3_gazebo/share/turtlebot3_gazebo//launch/turtlebot3_house.launch.py
[8.500s] -- Up-to-date: /home/user/turtlebot3_ws/install/turtlebot3_gazebo/share/turtlebot3_gazebo//launch/empty_world.launch.py
[8.500s] -- Up-to-date: /home/user/turtlebot3_ws/install/turtlebot3_gazebo/share/turtlebot3_gazebo//launch/turtlebot3_dqn_stage1.launch.py
[8.501s] -- Up-to-date: /home/user/turtlebot3_ws/install/turtlebot3_gazebo/share/turtlebot3_gazebo//launch/spawn_turtlebot3.launch.py
[8.501s] -- Up-to-date: /home/user/turtlebot3_ws/install/turtlebot3_gazebo/share/turtlebot3_gazebo//launch/robot_state_publisher.launch.py
[8.501s] -- Up-to-date: /home/user/turtlebot3_ws/install/turtlebot3_gazebo/share/turtlebot3_gazebo//launch/floor.launch.py
[8.501s] -- Up-to-date: /home/user/turtlebot3_ws/install/turtlebot3_gazebo/share/turtlebot3_gazebo//launch/turtlebot3_dqn_stage4.launch.py
[8.501s] -- Up-to-date: /home/user/turtlebot3_ws/install/turtlebot3_gazebo/share/turtlebot3_gazebo//launch/maze.launch.py
[8.501s] -- Up-to-date: /home/user/turtlebot3_ws/install/turtlebot3_gazebo/share/turtlebot3_gazebo//launch/turtlebot3_world.launch.py
[8.501s] -- Up-to-date: /home/user/turtlebot3_ws/install/turtlebot3_gazebo/share/turtlebot3_gazebo//launch/turtlebot3_dqn_stage3.launch.py
[8.501s] -- Up-to-date: /home/user/turtlebot3_ws/install/turtlebot3_gazebo/share/turtlebot3_gazebo//models
[8.502s] -- Up-to-date: /home/user/turtlebot3_ws/install/turtlebot3_gazebo/share/turtlebot3_gazebo//models/turtlebot3_dqn_world
[8.502s] -- Up-to-date: /home/user/turtlebot3_ws/install/turtlebot3_gazebo/share/turtlebot3_gazebo//models/turtlebot3_dqn_world/goal_box
[8.502s] -- Up-to-date: /home/user/turtlebot3_ws/install/turtlebot3_gazebo/share/turtlebot3_gazebo//models/turtlebot3_dqn_world/goal_box/model.sdf
[8.502s] -- Up-to-date: /home/user/turtlebot3_ws/install/turtlebot3_gazebo/share/turtlebot3_gazebo//models/turtlebot3_dqn_world/goal_box/model.config
[8.502s] -- Up-to-date: /home/user/turtlebot3_ws/install/turtlebot3_gazebo/share/turtlebot3_gazebo//models/turtlebot3_dqn_world/model.sdf
[8.502s] -- Up-to-date: /home/user/turtlebot3_ws/install/turtlebot3_gazebo/share/turtlebot3_gazebo//models/turtlebot3_dqn_world/obstacle2
[8.502s] -- Up-to-date: /home/user/turtlebot3_ws/install/turtlebot3_gazebo/share/turtlebot3_gazebo//models/turtlebot3_dqn_world/obstacle2/model.sdf
[8.502s] -- Up-to-date: /home/user/turtlebot3_ws/install/turtlebot3_gazebo/share/turtlebot3_gazebo//models/turtlebot3_dqn_world/obstacle2/model.config
[8.503s] -- Up-to-date: /home/user/turtlebot3_ws/install/turtlebot3_gazebo/share/turtlebot3_gazebo//models/turtlebot3_dqn_world/inner_walls
[8.503s] -- Up-to-date: /home/user/turtlebot3_ws/install/turtlebot3_gazebo/share/turtlebot3_gazebo//models/turtlebot3_dqn_world/inner_walls/model.sdf
[8.503s] -- Up-to-date: /home/user/turtlebot3_ws/install/turtlebot3_gazebo/share/turtlebot3_gazebo//models/turtlebot3_dqn_world/inner_walls/model.config
[8.503s] -- Up-to-date: /home/user/turtlebot3_ws/install/turtlebot3_gazebo/share/turtlebot3_gazebo//models/turtlebot3_dqn_world/obstacle_plugin
[8.503s] -- Up-to-date: /home/user/turtlebot3_ws/install/turtlebot3_gazebo/share/turtlebot3_gazebo//models/turtlebot3_dqn_world/obstacle_plugin/obstacle2.cc
[8.504s] -- Up-to-date: /home/user/turtlebot3_ws/install/turtlebot3_gazebo/share/turtlebot3_gazebo//models/turtlebot3_dqn_world/obstacle_plugin/obstacles.cc
[8.504s] -- Up-to-date: /home/user/turtlebot3_ws/install/turtlebot3_gazebo/share/turtlebot3_gazebo//models/turtlebot3_dqn_world/obstacle_plugin/obstacle1.cc
[8.504s] -- Up-to-date: /home/user/turtlebot3_ws/install/turtlebot3_gazebo/share/turtlebot3_gazebo//models/turtlebot3_dqn_world/obstacle_plugin/CMakeLists.txt
[8.504s] -- Up-to-date: /home/user/turtlebot3_ws/install/turtlebot3_gazebo/share/turtlebot3_gazebo//models/turtlebot3_dqn_world/obstacle1
[8.506s] -- Up-to-date: /home/user/turtlebot3_ws/install/turtlebot3_gazebo/share/turtlebot3_gazebo//models/turtlebot3_dqn_world/obstacle1/model.sdf
[8.506s] -- Up-to-date: /home/user/turtlebot3_ws/install/turtlebot3_gazebo/share/turtlebot3_gazebo//models/turtlebot3_dqn_world/obstacle1/model.config
[8.506s] -- Up-to-date: /home/user/turtlebot3_ws/install/turtlebot3_gazebo/share/turtlebot3_gazebo//models/turtlebot3_dqn_world/model.config
[8.507s] -- Up-to-date: /home/user/turtlebot3_ws/install/turtlebot3_gazebo/share/turtlebot3_gazebo//models/turtlebot3_dqn_world/obstacles
[8.507s] -- Up-to-date: /home/user/turtlebot3_ws/install/turtlebot3_gazebo/share/turtlebot3_gazebo//models/turtlebot3_dqn_world/obstacles/model.sdf
[8.507s] -- Up-to-date: /home/user/turtlebot3_ws/install/turtlebot3_gazebo/share/turtlebot3_gazebo//models/turtlebot3_dqn_world/obstacles/model.config
[8.507s] -- Up-to-date: /home/user/turtlebot3_ws/install/turtlebot3_gazebo/share/turtlebot3_gazebo//models/turtlebot3_house
[8.507s] -- Up-to-date: /home/user/turtlebot3_ws/install/turtlebot3_gazebo/share/turtlebot3_gazebo//models/turtlebot3_house/model.sdf
[8.507s] -- Up-to-date: /home/user/turtlebot3_ws/install/turtlebot3_gazebo/share/turtlebot3_gazebo//models/turtlebot3_house/model.config
[8.508s] -- Up-to-date: /home/user/turtlebot3_ws/install/turtlebot3_gazebo/share/turtlebot3_gazebo//models/turtlebot3_common
[8.508s] -- Up-to-date: /home/user/turtlebot3_ws/install/turtlebot3_gazebo/share/turtlebot3_gazebo//models/turtlebot3_common/meshes
[8.508s] -- Up-to-date: /home/user/turtlebot3_ws/install/turtlebot3_gazebo/share/turtlebot3_gazebo//models/turtlebot3_common/meshes/tire.dae
[8.508s] -- Up-to-date: /home/user/turtlebot3_ws/install/turtlebot3_gazebo/share/turtlebot3_gazebo//models/turtlebot3_common/meshes/waffle_base.dae
[8.508s] -- Up-to-date: /home/user/turtlebot3_ws/install/turtlebot3_gazebo/share/turtlebot3_gazebo//models/turtlebot3_common/meshes/r200.dae
[8.508s] -- Up-to-date: /home/user/turtlebot3_ws/install/turtlebot3_gazebo/share/turtlebot3_gazebo//models/turtlebot3_common/meshes/lds.dae
[8.509s] -- Up-to-date: /home/user/turtlebot3_ws/install/turtlebot3_gazebo/share/turtlebot3_gazebo//models/turtlebot3_common/meshes/waffle_pi_base.dae
[8.509s] -- Up-to-date: /home/user/turtlebot3_ws/install/turtlebot3_gazebo/share/turtlebot3_gazebo//models/turtlebot3_common/meshes/burger_base.dae
[8.509s] -- Up-to-date: /home/user/turtlebot3_ws/install/turtlebot3_gazebo/share/turtlebot3_gazebo//models/turtlebot3_common/model.config
[8.509s] -- Up-to-date: /home/user/turtlebot3_ws/install/turtlebot3_gazebo/share/turtlebot3_gazebo//models/turtlebot3_burger
[8.509s] -- Up-to-date: /home/user/turtlebot3_ws/install/turtlebot3_gazebo/share/turtlebot3_gazebo//models/turtlebot3_burger/model.sdf
[8.509s] -- Up-to-date: /home/user/turtlebot3_ws/install/turtlebot3_gazebo/share/turtlebot3_gazebo//models/turtlebot3_burger/model-1_4.sdf
[8.509s] -- Up-to-date: /home/user/turtlebot3_ws/install/turtlebot3_gazebo/share/turtlebot3_gazebo//models/turtlebot3_burger/model.config
[8.510s] -- Up-to-date: /home/user/turtlebot3_ws/install/turtlebot3_gazebo/share/turtlebot3_gazebo//models/turtlebot3_waffle_pi
[8.510s] -- Up-to-date: /home/user/turtlebot3_ws/install/turtlebot3_gazebo/share/turtlebot3_gazebo//models/turtlebot3_waffle_pi/model-1_4_.sdf
[8.510s] -- Up-to-date: /home/user/turtlebot3_ws/install/turtlebot3_gazebo/share/turtlebot3_gazebo//models/turtlebot3_waffle_pi/model.sdf
[8.510s] -- Up-to-date: /home/user/turtlebot3_ws/install/turtlebot3_gazebo/share/turtlebot3_gazebo//models/turtlebot3_waffle_pi/model.config
[8.510s] -- Up-to-date: /home/user/turtlebot3_ws/install/turtlebot3_gazebo/share/turtlebot3_gazebo//models/turtlebot3_world
[8.510s] -- Up-to-date: /home/user/turtlebot3_ws/install/turtlebot3_gazebo/share/turtlebot3_gazebo//models/turtlebot3_world/model.sdf
[8.510s] -- Up-to-date: /home/user/turtlebot3_ws/install/turtlebot3_gazebo/share/turtlebot3_gazebo//models/turtlebot3_world/meshes
[8.510s] -- Up-to-date: /home/user/turtlebot3_ws/install/turtlebot3_gazebo/share/turtlebot3_gazebo//models/turtlebot3_world/meshes/wall.dae
[8.510s] -- Up-to-date: /home/user/turtlebot3_ws/install/turtlebot3_gazebo/share/turtlebot3_gazebo//models/turtlebot3_world/meshes/hexagon.dae
[8.511s] -- Up-to-date: /home/user/turtlebot3_ws/install/turtlebot3_gazebo/share/turtlebot3_gazebo//models/turtlebot3_world/model-1_4.sdf
[8.511s] -- Up-to-date: /home/user/turtlebot3_ws/install/turtlebot3_gazebo/share/turtlebot3_gazebo//models/turtlebot3_world/model.config
[8.511s] -- Up-to-date: /home/user/turtlebot3_ws/install/turtlebot3_gazebo/share/turtlebot3_gazebo//models/turtlebot3_waffle
[8.511s] -- Up-to-date: /home/user/turtlebot3_ws/install/turtlebot3_gazebo/share/turtlebot3_gazebo//models/turtlebot3_waffle/model.sdf
[8.511s] -- Up-to-date: /home/user/turtlebot3_ws/install/turtlebot3_gazebo/share/turtlebot3_gazebo//models/turtlebot3_waffle/model-1_4.sdf
[8.511s] -- Up-to-date: /home/user/turtlebot3_ws/install/turtlebot3_gazebo/share/turtlebot3_gazebo//models/turtlebot3_waffle/model.config
[8.512s] -- Up-to-date: /home/user/turtlebot3_ws/install/turtlebot3_gazebo/share/turtlebot3_gazebo//rviz
[8.512s] -- Up-to-date: /home/user/turtlebot3_ws/install/turtlebot3_gazebo/share/turtlebot3_gazebo//rviz/tb3_gazebo.rviz
[8.512s] -- Up-to-date: /home/user/turtlebot3_ws/install/turtlebot3_gazebo/share/turtlebot3_gazebo//urdf
[8.512s] -- Up-to-date: /home/user/turtlebot3_ws/install/turtlebot3_gazebo/share/turtlebot3_gazebo//urdf/turtlebot3_waffle.urdf
[8.512s] -- Up-to-date: /home/user/turtlebot3_ws/install/turtlebot3_gazebo/share/turtlebot3_gazebo//urdf/turtlebot3_waffle_pi.urdf
[8.512s] -- Up-to-date: /home/user/turtlebot3_ws/install/turtlebot3_gazebo/share/turtlebot3_gazebo//urdf/common_properties.urdf
[8.512s] -- Up-to-date: /home/user/turtlebot3_ws/install/turtlebot3_gazebo/share/turtlebot3_gazebo//urdf/turtlebot3_burger.urdf
[8.513s] -- Up-to-date: /home/user/turtlebot3_ws/install/turtlebot3_gazebo/share/turtlebot3_gazebo//worlds
[8.513s] -- Up-to-date: /home/user/turtlebot3_ws/install/turtlebot3_gazebo/share/turtlebot3_gazebo//worlds/floor.world
[8.513s] -- Up-to-date: /home/user/turtlebot3_ws/install/turtlebot3_gazebo/share/turtlebot3_gazebo//worlds/turtlebot3_dqn_stage2.world
[8.513s] -- Up-to-date: /home/user/turtlebot3_ws/install/turtlebot3_gazebo/share/turtlebot3_gazebo//worlds/maze.world
[8.513s] -- Up-to-date: /home/user/turtlebot3_ws/install/turtlebot3_gazebo/share/turtlebot3_gazebo//worlds/old_floor_plan.world
[8.513s] -- Up-to-date: /home/user/turtlebot3_ws/install/turtlebot3_gazebo/share/turtlebot3_gazebo//worlds/turtlebot3_dqn_stage3.world
[8.513s] -- Up-to-date: /home/user/turtlebot3_ws/install/turtlebot3_gazebo/share/turtlebot3_gazebo//worlds/turtlebot3_dqn_stage1.world
[8.513s] -- Up-to-date: /home/user/turtlebot3_ws/install/turtlebot3_gazebo/share/turtlebot3_gazebo//worlds/turtlebot3_house.world
[8.514s] -- Up-to-date: /home/user/turtlebot3_ws/install/turtlebot3_gazebo/share/turtlebot3_gazebo//worlds/turtlebot3_dqn_stage4.world
[8.514s] -- Up-to-date: /home/user/turtlebot3_ws/install/turtlebot3_gazebo/share/turtlebot3_gazebo//worlds/turtlebot3_world.world
[8.514s] -- Up-to-date: /home/user/turtlebot3_ws/install/turtlebot3_gazebo/share/turtlebot3_gazebo//worlds/empty_world.world
[8.514s] -- Up-to-date: /home/user/turtlebot3_ws/install/turtlebot3_gazebo/include/
[8.514s] -- Up-to-date: /home/user/turtlebot3_ws/install/turtlebot3_gazebo/include//turtlebot3_gazebo
[8.514s] -- Up-to-date: /home/user/turtlebot3_ws/install/turtlebot3_gazebo/include//turtlebot3_gazebo/turtlebot3_drive.hpp
[8.514s] -- Up-to-date: /home/user/turtlebot3_ws/install/turtlebot3_gazebo/share/ament_index/resource_index/package_run_dependencies/turtlebot3_gazebo
[8.514s] -- Up-to-date: /home/user/turtlebot3_ws/install/turtlebot3_gazebo/share/ament_index/resource_index/parent_prefix_path/turtlebot3_gazebo
[8.515s] -- Up-to-date: /home/user/turtlebot3_ws/install/turtlebot3_gazebo/share/turtlebot3_gazebo/environment/ament_prefix_path.sh
[8.515s] -- Up-to-date: /home/user/turtlebot3_ws/install/turtlebot3_gazebo/share/turtlebot3_gazebo/environment/ament_prefix_path.dsv
[8.515s] -- Up-to-date: /home/user/turtlebot3_ws/install/turtlebot3_gazebo/share/turtlebot3_gazebo/environment/path.sh
[8.515s] -- Up-to-date: /home/user/turtlebot3_ws/install/turtlebot3_gazebo/share/turtlebot3_gazebo/environment/path.dsv
[8.515s] -- Up-to-date: /home/user/turtlebot3_ws/install/turtlebot3_gazebo/share/turtlebot3_gazebo/local_setup.bash
[8.515s] -- Up-to-date: /home/user/turtlebot3_ws/install/turtlebot3_gazebo/share/turtlebot3_gazebo/local_setup.sh
[8.515s] -- Up-to-date: /home/user/turtlebot3_ws/install/turtlebot3_gazebo/share/turtlebot3_gazebo/local_setup.zsh
[8.515s] -- Up-to-date: /home/user/turtlebot3_ws/install/turtlebot3_gazebo/share/turtlebot3_gazebo/local_setup.dsv
[8.516s] -- Installing: /home/user/turtlebot3_ws/install/turtlebot3_gazebo/share/turtlebot3_gazebo/package.dsv
[8.516s] -- Up-to-date: /home/user/turtlebot3_ws/install/turtlebot3_gazebo/share/ament_index/resource_index/packages/turtlebot3_gazebo
[8.516s] -- Up-to-date: /home/user/turtlebot3_ws/install/turtlebot3_gazebo/share/turtlebot3_gazebo/cmake/ament_cmake_export_include_directories-extras.cmake
[8.516s] -- Up-to-date: /home/user/turtlebot3_ws/install/turtlebot3_gazebo/share/turtlebot3_gazebo/cmake/ament_cmake_export_dependencies-extras.cmake
[8.516s] -- Up-to-date: /home/user/turtlebot3_ws/install/turtlebot3_gazebo/share/turtlebot3_gazebo/cmake/turtlebot3_gazeboConfig.cmake
[8.516s] -- Up-to-date: /home/user/turtlebot3_ws/install/turtlebot3_gazebo/share/turtlebot3_gazebo/cmake/turtlebot3_gazeboConfig-version.cmake
[8.516s] -- Up-to-date: /home/user/turtlebot3_ws/install/turtlebot3_gazebo/share/turtlebot3_gazebo/package.xml
[8.703s] Invoked command in '/home/user/turtlebot3_ws/build/turtlebot3_gazebo' returned '0': CMAKE_PREFIX_PATH=${CMAKE_PREFIX_PATH}:/home/user/ros2_ws/install/my_package:/opt/ros/humble _=/usr/bin/env /usr/bin/cmake --install /home/user/turtlebot3_ws/build/turtlebot3_gazebo
