[0.338s] Invoking command in '/home/user/build/turtlebot3_fake_node': CMAKE_PREFIX_PATH=${CMAKE_PREFIX_PATH}:/home/user/ros2_ws/install/my_package:/opt/ros/humble _=/usr/bin/env /usr/bin/cmake --build /home/user/build/turtlebot3_fake_node -- -j8 -l8
[1.817s] [100%] Built target turtlebot3_fake_node
[1.830s] Invoked command in '/home/user/build/turtlebot3_fake_node' returned '0': CMAKE_PREFIX_PATH=${CMAKE_PREFIX_PATH}:/home/user/ros2_ws/install/my_package:/opt/ros/humble _=/usr/bin/env /usr/bin/cmake --build /home/user/build/turtlebot3_fake_node -- -j8 -l8
[2.316s] Invoking command in '/home/user/build/turtlebot3_fake_node': CMAKE_PREFIX_PATH=${CMAKE_PREFIX_PATH}:/home/user/ros2_ws/install/my_package:/opt/ros/humble _=/usr/bin/env /usr/bin/cmake --install /home/user/build/turtlebot3_fake_node
[2.346s] -- Install configuration: ""
[2.347s] -- Up-to-date: /home/user/install/turtlebot3_fake_node/lib/turtlebot3_fake_node/turtlebot3_fake_node
[2.351s] -- Up-to-date: /home/user/install/turtlebot3_fake_node/share/turtlebot3_fake_node/launch
[2.351s] -- Up-to-date: /home/user/install/turtlebot3_fake_node/share/turtlebot3_fake_node/launch/rviz2.launch.py
[2.351s] -- Up-to-date: /home/user/install/turtlebot3_fake_node/share/turtlebot3_fake_node/launch/turtlebot3_fake_node.launch.py
[2.352s] -- Up-to-date: /home/user/install/turtlebot3_fake_node/share/turtlebot3_fake_node/param
[2.352s] -- Up-to-date: /home/user/install/turtlebot3_fake_node/share/turtlebot3_fake_node/param/burger.yaml
[2.352s] -- Up-to-date: /home/user/install/turtlebot3_fake_node/share/turtlebot3_fake_node/param/waffle.yaml
[2.353s] -- Up-to-date: /home/user/install/turtlebot3_fake_node/share/turtlebot3_fake_node/param/waffle_pi.yaml
[2.353s] -- Up-to-date: /home/user/install/turtlebot3_fake_node/include/
[2.353s] -- Up-to-date: /home/user/install/turtlebot3_fake_node/include//turtlebot3_fake_node
[2.353s] -- Up-to-date: /home/user/install/turtlebot3_fake_node/include//turtlebot3_fake_node/turtlebot3_fake_node.hpp
[2.353s] -- Up-to-date: /home/user/install/turtlebot3_fake_node/share/ament_index/resource_index/package_run_dependencies/turtlebot3_fake_node
[2.354s] -- Up-to-date: /home/user/install/turtlebot3_fake_node/share/ament_index/resource_index/parent_prefix_path/turtlebot3_fake_node
[2.354s] -- Up-to-date: /home/user/install/turtlebot3_fake_node/share/turtlebot3_fake_node/environment/ament_prefix_path.sh
[2.354s] -- Up-to-date: /home/user/install/turtlebot3_fake_node/share/turtlebot3_fake_node/environment/ament_prefix_path.dsv
[2.354s] -- Up-to-date: /home/user/install/turtlebot3_fake_node/share/turtlebot3_fake_node/environment/path.sh
[2.355s] -- Up-to-date: /home/user/install/turtlebot3_fake_node/share/turtlebot3_fake_node/environment/path.dsv
[2.355s] -- Up-to-date: /home/user/install/turtlebot3_fake_node/share/turtlebot3_fake_node/local_setup.bash
[2.356s] -- Up-to-date: /home/user/install/turtlebot3_fake_node/share/turtlebot3_fake_node/local_setup.sh
[2.356s] -- Up-to-date: /home/user/install/turtlebot3_fake_node/share/turtlebot3_fake_node/local_setup.zsh
[2.359s] -- Up-to-date: /home/user/install/turtlebot3_fake_node/share/turtlebot3_fake_node/local_setup.dsv
[2.359s] -- Installing: /home/user/install/turtlebot3_fake_node/share/turtlebot3_fake_node/package.dsv
[2.369s] -- Up-to-date: /home/user/install/turtlebot3_fake_node/share/ament_index/resource_index/packages/turtlebot3_fake_node
[2.372s] -- Up-to-date: /home/user/install/turtlebot3_fake_node/share/turtlebot3_fake_node/cmake/ament_cmake_export_include_directories-extras.cmake
[2.373s] -- Up-to-date: /home/user/install/turtlebot3_fake_node/share/turtlebot3_fake_node/cmake/ament_cmake_export_dependencies-extras.cmake
[2.374s] -- Up-to-date: /home/user/install/turtlebot3_fake_node/share/turtlebot3_fake_node/cmake/turtlebot3_fake_nodeConfig.cmake
[2.374s] -- Up-to-date: /home/user/install/turtlebot3_fake_node/share/turtlebot3_fake_node/cmake/turtlebot3_fake_nodeConfig-version.cmake
[2.375s] -- Up-to-date: /home/user/install/turtlebot3_fake_node/share/turtlebot3_fake_node/package.xml
[2.384s] Invoked command in '/home/user/build/turtlebot3_fake_node' returned '0': CMAKE_PREFIX_PATH=${CMAKE_PREFIX_PATH}:/home/user/ros2_ws/install/my_package:/opt/ros/humble _=/usr/bin/env /usr/bin/cmake --install /home/user/build/turtlebot3_fake_node
