[2.991s] DEBUG:colcon:Command line arguments: ['/usr/bin/colcon', 'build']
[2.991s] DEBUG:colcon:Parsed command line arguments: Namespace(log_base=None, log_level=None, verb_name='build', build_base='build', install_base='install', merge_install=False, symlink_install=False, test_result_base=None, continue_on_error=False, executor='parallel', parallel_workers=8, event_handlers=None, ignore_user_meta=False, metas=['./colcon.meta'], base_paths=['.'], packages_ignore=None, packages_ignore_regex=None, paths=None, packages_up_to=None, packages_up_to_regex=None, packages_above=None, packages_above_and_dependencies=None, packages_above_depth=None, packages_select_by_dep=None, packages_skip_by_dep=None, packages_skip_up_to=None, packages_select_build_failed=False, packages_skip_build_finished=False, packages_select_test_failures=False, packages_skip_test_passed=False, packages_select=None, packages_skip=None, packages_select_regex=None, packages_skip_regex=None, packages_start=None, packages_end=None, cmake_args=None, cmake_target=None, cmake_target_skip_unavailable=False, cmake_clean_cache=False, cmake_clean_first=False, cmake_force_configure=False, ament_cmake_args=None, catkin_cmake_args=None, catkin_skip_building_tests=False, mixin_files=None, mixin=None, verb_parser=<colcon_mixin.mixin.mixin_argument.MixinArgumentDecorator object at 0x7fc528caa950>, verb_extension=<colcon_core.verb.build.BuildVerb object at 0x7fc52960d540>, main=<bound method BuildVerb.main of <colcon_core.verb.build.BuildVerb object at 0x7fc52960d540>>, mixin_verb=('build',))
[3.103s] Level 1:colcon.colcon_core.package_discovery:discover_packages(colcon_meta) check parameters
[3.103s] Level 1:colcon.colcon_core.package_discovery:discover_packages(recursive) check parameters
[3.104s] Level 1:colcon.colcon_core.package_discovery:discover_packages(ignore) check parameters
[3.104s] Level 1:colcon.colcon_core.package_discovery:discover_packages(path) check parameters
[3.104s] Level 1:colcon.colcon_core.package_discovery:discover_packages(colcon_meta) discover
[3.104s] Level 1:colcon.colcon_core.package_discovery:discover_packages(recursive) discover
[3.104s] INFO:colcon.colcon_core.package_discovery:Crawling recursively for packages in '/home/user'
[3.104s] Level 1:colcon.colcon_core.package_identification:_identify(.) by extensions ['ignore', 'ignore_ament_install']
[3.104s] Level 1:colcon.colcon_core.package_identification:_identify(.) by extension 'ignore'
[3.104s] Level 1:colcon.colcon_core.package_identification:_identify(.) by extension 'ignore_ament_install'
[3.105s] Level 1:colcon.colcon_core.package_identification:_identify(.) by extensions ['colcon_pkg']
[3.105s] Level 1:colcon.colcon_core.package_identification:_identify(.) by extension 'colcon_pkg'
[3.105s] Level 1:colcon.colcon_core.package_identification:_identify(.) by extensions ['colcon_meta']
[3.105s] Level 1:colcon.colcon_core.package_identification:_identify(.) by extension 'colcon_meta'
[3.105s] Level 1:colcon.colcon_core.package_identification:_identify(.) by extensions ['ros']
[3.105s] Level 1:colcon.colcon_core.package_identification:_identify(.) by extension 'ros'
[3.211s] Level 1:colcon.colcon_core.package_identification:_identify(.) by extensions ['cmake', 'python']
[3.211s] Level 1:colcon.colcon_core.package_identification:_identify(.) by extension 'cmake'
[3.212s] Level 1:colcon.colcon_core.package_identification:_identify(.) by extension 'python'
[3.212s] Level 1:colcon.colcon_core.package_identification:_identify(.) by extensions ['python_setup_py']
[3.212s] Level 1:colcon.colcon_core.package_identification:_identify(.) by extension 'python_setup_py'
[3.212s] Level 1:colcon.colcon_core.package_identification:_identify(build) by extensions ['ignore', 'ignore_ament_install']
[3.212s] Level 1:colcon.colcon_core.package_identification:_identify(build) by extension 'ignore'
[3.212s] Level 1:colcon.colcon_core.package_identification:_identify(build) ignored
[3.212s] Level 1:colcon.colcon_core.package_identification:_identify(building_editor_models) by extensions ['ignore', 'ignore_ament_install']
[3.213s] Level 1:colcon.colcon_core.package_identification:_identify(building_editor_models) by extension 'ignore'
[3.213s] Level 1:colcon.colcon_core.package_identification:_identify(building_editor_models) by extension 'ignore_ament_install'
[3.213s] Level 1:colcon.colcon_core.package_identification:_identify(building_editor_models) by extensions ['colcon_pkg']
[3.213s] Level 1:colcon.colcon_core.package_identification:_identify(building_editor_models) by extension 'colcon_pkg'
[3.213s] Level 1:colcon.colcon_core.package_identification:_identify(building_editor_models) by extensions ['colcon_meta']
[3.213s] Level 1:colcon.colcon_core.package_identification:_identify(building_editor_models) by extension 'colcon_meta'
[3.213s] Level 1:colcon.colcon_core.package_identification:_identify(building_editor_models) by extensions ['ros']
[3.213s] Level 1:colcon.colcon_core.package_identification:_identify(building_editor_models) by extension 'ros'
[3.213s] Level 1:colcon.colcon_core.package_identification:_identify(building_editor_models) by extensions ['cmake', 'python']
[3.213s] Level 1:colcon.colcon_core.package_identification:_identify(building_editor_models) by extension 'cmake'
[3.213s] Level 1:colcon.colcon_core.package_identification:_identify(building_editor_models) by extension 'python'
[3.214s] Level 1:colcon.colcon_core.package_identification:_identify(building_editor_models) by extensions ['python_setup_py']
[3.214s] Level 1:colcon.colcon_core.package_identification:_identify(building_editor_models) by extension 'python_setup_py'
[3.214s] Level 1:colcon.colcon_core.package_identification:_identify(building_editor_models/floor) by extensions ['ignore', 'ignore_ament_install']
[3.214s] Level 1:colcon.colcon_core.package_identification:_identify(building_editor_models/floor) by extension 'ignore'
[3.214s] Level 1:colcon.colcon_core.package_identification:_identify(building_editor_models/floor) by extension 'ignore_ament_install'
[3.214s] Level 1:colcon.colcon_core.package_identification:_identify(building_editor_models/floor) by extensions ['colcon_pkg']
[3.214s] Level 1:colcon.colcon_core.package_identification:_identify(building_editor_models/floor) by extension 'colcon_pkg'
[3.214s] Level 1:colcon.colcon_core.package_identification:_identify(building_editor_models/floor) by extensions ['colcon_meta']
[3.214s] Level 1:colcon.colcon_core.package_identification:_identify(building_editor_models/floor) by extension 'colcon_meta'
[3.214s] Level 1:colcon.colcon_core.package_identification:_identify(building_editor_models/floor) by extensions ['ros']
[3.214s] Level 1:colcon.colcon_core.package_identification:_identify(building_editor_models/floor) by extension 'ros'
[3.214s] Level 1:colcon.colcon_core.package_identification:_identify(building_editor_models/floor) by extensions ['cmake', 'python']
[3.214s] Level 1:colcon.colcon_core.package_identification:_identify(building_editor_models/floor) by extension 'cmake'
[3.215s] Level 1:colcon.colcon_core.package_identification:_identify(building_editor_models/floor) by extension 'python'
[3.215s] Level 1:colcon.colcon_core.package_identification:_identify(building_editor_models/floor) by extensions ['python_setup_py']
[3.215s] Level 1:colcon.colcon_core.package_identification:_identify(building_editor_models/floor) by extension 'python_setup_py'
[3.215s] Level 1:colcon.colcon_core.package_identification:_identify(building_editor_models/floor/floor) by extensions ['ignore', 'ignore_ament_install']
[3.215s] Level 1:colcon.colcon_core.package_identification:_identify(building_editor_models/floor/floor) by extension 'ignore'
[3.215s] Level 1:colcon.colcon_core.package_identification:_identify(building_editor_models/floor/floor) by extension 'ignore_ament_install'
[3.215s] Level 1:colcon.colcon_core.package_identification:_identify(building_editor_models/floor/floor) by extensions ['colcon_pkg']
[3.215s] Level 1:colcon.colcon_core.package_identification:_identify(building_editor_models/floor/floor) by extension 'colcon_pkg'
[3.215s] Level 1:colcon.colcon_core.package_identification:_identify(building_editor_models/floor/floor) by extensions ['colcon_meta']
[3.215s] Level 1:colcon.colcon_core.package_identification:_identify(building_editor_models/floor/floor) by extension 'colcon_meta'
[3.215s] Level 1:colcon.colcon_core.package_identification:_identify(building_editor_models/floor/floor) by extensions ['ros']
[3.215s] Level 1:colcon.colcon_core.package_identification:_identify(building_editor_models/floor/floor) by extension 'ros'
[3.216s] Level 1:colcon.colcon_core.package_identification:_identify(building_editor_models/floor/floor) by extensions ['cmake', 'python']
[3.216s] Level 1:colcon.colcon_core.package_identification:_identify(building_editor_models/floor/floor) by extension 'cmake'
[3.216s] Level 1:colcon.colcon_core.package_identification:_identify(building_editor_models/floor/floor) by extension 'python'
[3.216s] Level 1:colcon.colcon_core.package_identification:_identify(building_editor_models/floor/floor) by extensions ['python_setup_py']
[3.216s] Level 1:colcon.colcon_core.package_identification:_identify(building_editor_models/floor/floor) by extension 'python_setup_py'
[3.216s] Level 1:colcon.colcon_core.package_identification:_identify(building_editor_models/maze) by extensions ['ignore', 'ignore_ament_install']
[3.216s] Level 1:colcon.colcon_core.package_identification:_identify(building_editor_models/maze) by extension 'ignore'
[3.216s] Level 1:colcon.colcon_core.package_identification:_identify(building_editor_models/maze) by extension 'ignore_ament_install'
[3.216s] Level 1:colcon.colcon_core.package_identification:_identify(building_editor_models/maze) by extensions ['colcon_pkg']
[3.216s] Level 1:colcon.colcon_core.package_identification:_identify(building_editor_models/maze) by extension 'colcon_pkg'
[3.217s] Level 1:colcon.colcon_core.package_identification:_identify(building_editor_models/maze) by extensions ['colcon_meta']
[3.217s] Level 1:colcon.colcon_core.package_identification:_identify(building_editor_models/maze) by extension 'colcon_meta'
[3.217s] Level 1:colcon.colcon_core.package_identification:_identify(building_editor_models/maze) by extensions ['ros']
[3.217s] Level 1:colcon.colcon_core.package_identification:_identify(building_editor_models/maze) by extension 'ros'
[3.217s] Level 1:colcon.colcon_core.package_identification:_identify(building_editor_models/maze) by extensions ['cmake', 'python']
[3.217s] Level 1:colcon.colcon_core.package_identification:_identify(building_editor_models/maze) by extension 'cmake'
[3.217s] Level 1:colcon.colcon_core.package_identification:_identify(building_editor_models/maze) by extension 'python'
[3.217s] Level 1:colcon.colcon_core.package_identification:_identify(building_editor_models/maze) by extensions ['python_setup_py']
[3.217s] Level 1:colcon.colcon_core.package_identification:_identify(building_editor_models/maze) by extension 'python_setup_py'
[3.217s] Level 1:colcon.colcon_core.package_identification:_identify(building_editor_models/old_floor) by extensions ['ignore', 'ignore_ament_install']
[3.217s] Level 1:colcon.colcon_core.package_identification:_identify(building_editor_models/old_floor) by extension 'ignore'
[3.218s] Level 1:colcon.colcon_core.package_identification:_identify(building_editor_models/old_floor) by extension 'ignore_ament_install'
[3.218s] Level 1:colcon.colcon_core.package_identification:_identify(building_editor_models/old_floor) by extensions ['colcon_pkg']
[3.218s] Level 1:colcon.colcon_core.package_identification:_identify(building_editor_models/old_floor) by extension 'colcon_pkg'
[3.218s] Level 1:colcon.colcon_core.package_identification:_identify(building_editor_models/old_floor) by extensions ['colcon_meta']
[3.218s] Level 1:colcon.colcon_core.package_identification:_identify(building_editor_models/old_floor) by extension 'colcon_meta'
[3.218s] Level 1:colcon.colcon_core.package_identification:_identify(building_editor_models/old_floor) by extensions ['ros']
[3.218s] Level 1:colcon.colcon_core.package_identification:_identify(building_editor_models/old_floor) by extension 'ros'
[3.219s] Level 1:colcon.colcon_core.package_identification:_identify(building_editor_models/old_floor) by extensions ['cmake', 'python']
[3.219s] Level 1:colcon.colcon_core.package_identification:_identify(building_editor_models/old_floor) by extension 'cmake'
[3.219s] Level 1:colcon.colcon_core.package_identification:_identify(building_editor_models/old_floor) by extension 'python'
[3.219s] Level 1:colcon.colcon_core.package_identification:_identify(building_editor_models/old_floor) by extensions ['python_setup_py']
[3.219s] Level 1:colcon.colcon_core.package_identification:_identify(building_editor_models/old_floor) by extension 'python_setup_py'
[3.219s] Level 1:colcon.colcon_core.package_identification:_identify(install) by extensions ['ignore', 'ignore_ament_install']
[3.219s] Level 1:colcon.colcon_core.package_identification:_identify(install) by extension 'ignore'
[3.219s] Level 1:colcon.colcon_core.package_identification:_identify(install) ignored
[3.219s] Level 1:colcon.colcon_core.package_identification:_identify(log) by extensions ['ignore', 'ignore_ament_install']
[3.219s] Level 1:colcon.colcon_core.package_identification:_identify(log) by extension 'ignore'
[3.220s] Level 1:colcon.colcon_core.package_identification:_identify(log) ignored
[3.220s] Level 1:colcon.colcon_core.package_identification:_identify(maps) by extensions ['ignore', 'ignore_ament_install']
[3.220s] Level 1:colcon.colcon_core.package_identification:_identify(maps) by extension 'ignore'
[3.220s] Level 1:colcon.colcon_core.package_identification:_identify(maps) by extension 'ignore_ament_install'
[3.220s] Level 1:colcon.colcon_core.package_identification:_identify(maps) by extensions ['colcon_pkg']
[3.220s] Level 1:colcon.colcon_core.package_identification:_identify(maps) by extension 'colcon_pkg'
[3.220s] Level 1:colcon.colcon_core.package_identification:_identify(maps) by extensions ['colcon_meta']
[3.220s] Level 1:colcon.colcon_core.package_identification:_identify(maps) by extension 'colcon_meta'
[3.220s] Level 1:colcon.colcon_core.package_identification:_identify(maps) by extensions ['ros']
[3.220s] Level 1:colcon.colcon_core.package_identification:_identify(maps) by extension 'ros'
[3.220s] Level 1:colcon.colcon_core.package_identification:_identify(maps) by extensions ['cmake', 'python']
[3.220s] Level 1:colcon.colcon_core.package_identification:_identify(maps) by extension 'cmake'
[3.220s] Level 1:colcon.colcon_core.package_identification:_identify(maps) by extension 'python'
[3.221s] Level 1:colcon.colcon_core.package_identification:_identify(maps) by extensions ['python_setup_py']
[3.221s] Level 1:colcon.colcon_core.package_identification:_identify(maps) by extension 'python_setup_py'
[3.221s] Level 1:colcon.colcon_core.package_identification:_identify(maps/temp) by extensions ['ignore', 'ignore_ament_install']
[3.221s] Level 1:colcon.colcon_core.package_identification:_identify(maps/temp) by extension 'ignore'
[3.221s] Level 1:colcon.colcon_core.package_identification:_identify(maps/temp) by extension 'ignore_ament_install'
[3.221s] Level 1:colcon.colcon_core.package_identification:_identify(maps/temp) by extensions ['colcon_pkg']
[3.221s] Level 1:colcon.colcon_core.package_identification:_identify(maps/temp) by extension 'colcon_pkg'
[3.221s] Level 1:colcon.colcon_core.package_identification:_identify(maps/temp) by extensions ['colcon_meta']
[3.221s] Level 1:colcon.colcon_core.package_identification:_identify(maps/temp) by extension 'colcon_meta'
[3.221s] Level 1:colcon.colcon_core.package_identification:_identify(maps/temp) by extensions ['ros']
[3.221s] Level 1:colcon.colcon_core.package_identification:_identify(maps/temp) by extension 'ros'
[3.221s] Level 1:colcon.colcon_core.package_identification:_identify(maps/temp) by extensions ['cmake', 'python']
[3.222s] Level 1:colcon.colcon_core.package_identification:_identify(maps/temp) by extension 'cmake'
[3.222s] Level 1:colcon.colcon_core.package_identification:_identify(maps/temp) by extension 'python'
[3.286s] Level 1:colcon.colcon_core.package_identification:_identify(maps/temp) by extensions ['python_setup_py']
[3.286s] Level 1:colcon.colcon_core.package_identification:_identify(maps/temp) by extension 'python_setup_py'
[3.286s] Level 1:colcon.colcon_core.package_identification:_identify(notebook_ws) by extensions ['ignore', 'ignore_ament_install']
[3.286s] Level 1:colcon.colcon_core.package_identification:_identify(notebook_ws) by extension 'ignore'
[3.286s] Level 1:colcon.colcon_core.package_identification:_identify(notebook_ws) by extension 'ignore_ament_install'
[3.286s] Level 1:colcon.colcon_core.package_identification:_identify(notebook_ws) by extensions ['colcon_pkg']
[3.287s] Level 1:colcon.colcon_core.package_identification:_identify(notebook_ws) by extension 'colcon_pkg'
[3.287s] Level 1:colcon.colcon_core.package_identification:_identify(notebook_ws) by extensions ['colcon_meta']
[3.287s] Level 1:colcon.colcon_core.package_identification:_identify(notebook_ws) by extension 'colcon_meta'
[3.287s] Level 1:colcon.colcon_core.package_identification:_identify(notebook_ws) by extensions ['ros']
[3.287s] Level 1:colcon.colcon_core.package_identification:_identify(notebook_ws) by extension 'ros'
[3.287s] Level 1:colcon.colcon_core.package_identification:_identify(notebook_ws) by extensions ['cmake', 'python']
[3.287s] Level 1:colcon.colcon_core.package_identification:_identify(notebook_ws) by extension 'cmake'
[3.287s] Level 1:colcon.colcon_core.package_identification:_identify(notebook_ws) by extension 'python'
[3.287s] Level 1:colcon.colcon_core.package_identification:_identify(notebook_ws) by extensions ['python_setup_py']
[3.287s] Level 1:colcon.colcon_core.package_identification:_identify(notebook_ws) by extension 'python_setup_py'
[3.288s] Level 1:colcon.colcon_core.package_identification:_identify(notebook_ws/images) by extensions ['ignore', 'ignore_ament_install']
[3.288s] Level 1:colcon.colcon_core.package_identification:_identify(notebook_ws/images) by extension 'ignore'
[3.288s] Level 1:colcon.colcon_core.package_identification:_identify(notebook_ws/images) by extension 'ignore_ament_install'
[3.288s] Level 1:colcon.colcon_core.package_identification:_identify(notebook_ws/images) by extensions ['colcon_pkg']
[3.288s] Level 1:colcon.colcon_core.package_identification:_identify(notebook_ws/images) by extension 'colcon_pkg'
[3.288s] Level 1:colcon.colcon_core.package_identification:_identify(notebook_ws/images) by extensions ['colcon_meta']
[3.288s] Level 1:colcon.colcon_core.package_identification:_identify(notebook_ws/images) by extension 'colcon_meta'
[3.288s] Level 1:colcon.colcon_core.package_identification:_identify(notebook_ws/images) by extensions ['ros']
[3.288s] Level 1:colcon.colcon_core.package_identification:_identify(notebook_ws/images) by extension 'ros'
[3.289s] Level 1:colcon.colcon_core.package_identification:_identify(notebook_ws/images) by extensions ['cmake', 'python']
[3.289s] Level 1:colcon.colcon_core.package_identification:_identify(notebook_ws/images) by extension 'cmake'
[3.289s] Level 1:colcon.colcon_core.package_identification:_identify(notebook_ws/images) by extension 'python'
[3.289s] Level 1:colcon.colcon_core.package_identification:_identify(notebook_ws/images) by extensions ['python_setup_py']
[3.289s] Level 1:colcon.colcon_core.package_identification:_identify(notebook_ws/images) by extension 'python_setup_py'
[3.289s] Level 1:colcon.colcon_core.package_identification:_identify(ros2_ws) by extensions ['ignore', 'ignore_ament_install']
[3.289s] Level 1:colcon.colcon_core.package_identification:_identify(ros2_ws) by extension 'ignore'
[3.289s] Level 1:colcon.colcon_core.package_identification:_identify(ros2_ws) by extension 'ignore_ament_install'
[3.289s] Level 1:colcon.colcon_core.package_identification:_identify(ros2_ws) by extensions ['colcon_pkg']
[3.289s] Level 1:colcon.colcon_core.package_identification:_identify(ros2_ws) by extension 'colcon_pkg'
[3.290s] Level 1:colcon.colcon_core.package_identification:_identify(ros2_ws) by extensions ['colcon_meta']
[3.290s] Level 1:colcon.colcon_core.package_identification:_identify(ros2_ws) by extension 'colcon_meta'
[3.290s] Level 1:colcon.colcon_core.package_identification:_identify(ros2_ws) by extensions ['ros']
[3.290s] Level 1:colcon.colcon_core.package_identification:_identify(ros2_ws) by extension 'ros'
[3.290s] Level 1:colcon.colcon_core.package_identification:_identify(ros2_ws) by extensions ['cmake', 'python']
[3.290s] Level 1:colcon.colcon_core.package_identification:_identify(ros2_ws) by extension 'cmake'
[3.290s] Level 1:colcon.colcon_core.package_identification:_identify(ros2_ws) by extension 'python'
[3.290s] Level 1:colcon.colcon_core.package_identification:_identify(ros2_ws) by extensions ['python_setup_py']
[3.290s] Level 1:colcon.colcon_core.package_identification:_identify(ros2_ws) by extension 'python_setup_py'
[3.291s] Level 1:colcon.colcon_core.package_identification:_identify(ros2_ws/build) by extensions ['ignore', 'ignore_ament_install']
[3.291s] Level 1:colcon.colcon_core.package_identification:_identify(ros2_ws/build) by extension 'ignore'
[3.291s] Level 1:colcon.colcon_core.package_identification:_identify(ros2_ws/build) ignored
[3.291s] Level 1:colcon.colcon_core.package_identification:_identify(ros2_ws/install) by extensions ['ignore', 'ignore_ament_install']
[3.291s] Level 1:colcon.colcon_core.package_identification:_identify(ros2_ws/install) by extension 'ignore'
[3.292s] Level 1:colcon.colcon_core.package_identification:_identify(ros2_ws/install) ignored
[3.292s] Level 1:colcon.colcon_core.package_identification:_identify(ros2_ws/log) by extensions ['ignore', 'ignore_ament_install']
[3.292s] Level 1:colcon.colcon_core.package_identification:_identify(ros2_ws/log) by extension 'ignore'
[3.292s] Level 1:colcon.colcon_core.package_identification:_identify(ros2_ws/log) ignored
[3.292s] Level 1:colcon.colcon_core.package_identification:_identify(ros2_ws/src) by extensions ['ignore', 'ignore_ament_install']
[3.292s] Level 1:colcon.colcon_core.package_identification:_identify(ros2_ws/src) by extension 'ignore'
[3.292s] Level 1:colcon.colcon_core.package_identification:_identify(ros2_ws/src) by extension 'ignore_ament_install'
[3.293s] Level 1:colcon.colcon_core.package_identification:_identify(ros2_ws/src) by extensions ['colcon_pkg']
[3.293s] Level 1:colcon.colcon_core.package_identification:_identify(ros2_ws/src) by extension 'colcon_pkg'
[3.293s] Level 1:colcon.colcon_core.package_identification:_identify(ros2_ws/src) by extensions ['colcon_meta']
[3.293s] Level 1:colcon.colcon_core.package_identification:_identify(ros2_ws/src) by extension 'colcon_meta'
[3.293s] Level 1:colcon.colcon_core.package_identification:_identify(ros2_ws/src) by extensions ['ros']
[3.293s] Level 1:colcon.colcon_core.package_identification:_identify(ros2_ws/src) by extension 'ros'
[3.293s] Level 1:colcon.colcon_core.package_identification:_identify(ros2_ws/src) by extensions ['cmake', 'python']
[3.293s] Level 1:colcon.colcon_core.package_identification:_identify(ros2_ws/src) by extension 'cmake'
[3.293s] Level 1:colcon.colcon_core.package_identification:_identify(ros2_ws/src) by extension 'python'
[3.293s] Level 1:colcon.colcon_core.package_identification:_identify(ros2_ws/src) by extensions ['python_setup_py']
[3.293s] Level 1:colcon.colcon_core.package_identification:_identify(ros2_ws/src) by extension 'python_setup_py'
[3.294s] Level 1:colcon.colcon_core.package_identification:_identify(ros2_ws/src/my_package) by extensions ['ignore', 'ignore_ament_install']
[3.294s] Level 1:colcon.colcon_core.package_identification:_identify(ros2_ws/src/my_package) by extension 'ignore'
[3.294s] Level 1:colcon.colcon_core.package_identification:_identify(ros2_ws/src/my_package) by extension 'ignore_ament_install'
[3.294s] Level 1:colcon.colcon_core.package_identification:_identify(ros2_ws/src/my_package) by extensions ['colcon_pkg']
[3.294s] Level 1:colcon.colcon_core.package_identification:_identify(ros2_ws/src/my_package) by extension 'colcon_pkg'
[3.294s] Level 1:colcon.colcon_core.package_identification:_identify(ros2_ws/src/my_package) by extensions ['colcon_meta']
[3.294s] Level 1:colcon.colcon_core.package_identification:_identify(ros2_ws/src/my_package) by extension 'colcon_meta'
[3.294s] Level 1:colcon.colcon_core.package_identification:_identify(ros2_ws/src/my_package) by extensions ['ros']
[3.294s] Level 1:colcon.colcon_core.package_identification:_identify(ros2_ws/src/my_package) by extension 'ros'
[3.299s] DEBUG:colcon.colcon_core.package_identification:Package 'ros2_ws/src/my_package' with type 'ros.ament_python' and name 'my_package'
[3.299s] Level 1:colcon.colcon_core.package_identification:_identify(turtlebot3_ws) by extensions ['ignore', 'ignore_ament_install']
[3.299s] Level 1:colcon.colcon_core.package_identification:_identify(turtlebot3_ws) by extension 'ignore'
[3.299s] Level 1:colcon.colcon_core.package_identification:_identify(turtlebot3_ws) by extension 'ignore_ament_install'
[3.299s] Level 1:colcon.colcon_core.package_identification:_identify(turtlebot3_ws) by extensions ['colcon_pkg']
[3.299s] Level 1:colcon.colcon_core.package_identification:_identify(turtlebot3_ws) by extension 'colcon_pkg'
[3.300s] Level 1:colcon.colcon_core.package_identification:_identify(turtlebot3_ws) by extensions ['colcon_meta']
[3.300s] Level 1:colcon.colcon_core.package_identification:_identify(turtlebot3_ws) by extension 'colcon_meta'
[3.300s] Level 1:colcon.colcon_core.package_identification:_identify(turtlebot3_ws) by extensions ['ros']
[3.300s] Level 1:colcon.colcon_core.package_identification:_identify(turtlebot3_ws) by extension 'ros'
[3.300s] Level 1:colcon.colcon_core.package_identification:_identify(turtlebot3_ws) by extensions ['cmake', 'python']
[3.300s] Level 1:colcon.colcon_core.package_identification:_identify(turtlebot3_ws) by extension 'cmake'
[3.300s] Level 1:colcon.colcon_core.package_identification:_identify(turtlebot3_ws) by extension 'python'
[3.300s] Level 1:colcon.colcon_core.package_identification:_identify(turtlebot3_ws) by extensions ['python_setup_py']
[3.300s] Level 1:colcon.colcon_core.package_identification:_identify(turtlebot3_ws) by extension 'python_setup_py'
[3.301s] Level 1:colcon.colcon_core.package_identification:_identify(turtlebot3_ws/build) by extensions ['ignore', 'ignore_ament_install']
[3.301s] Level 1:colcon.colcon_core.package_identification:_identify(turtlebot3_ws/build) by extension 'ignore'
[3.301s] Level 1:colcon.colcon_core.package_identification:_identify(turtlebot3_ws/build) ignored
[3.301s] Level 1:colcon.colcon_core.package_identification:_identify(turtlebot3_ws/install) by extensions ['ignore', 'ignore_ament_install']
[3.301s] Level 1:colcon.colcon_core.package_identification:_identify(turtlebot3_ws/install) by extension 'ignore'
[3.301s] Level 1:colcon.colcon_core.package_identification:_identify(turtlebot3_ws/install) ignored
[3.302s] Level 1:colcon.colcon_core.package_identification:_identify(turtlebot3_ws/log) by extensions ['ignore', 'ignore_ament_install']
[3.302s] Level 1:colcon.colcon_core.package_identification:_identify(turtlebot3_ws/log) by extension 'ignore'
[3.302s] Level 1:colcon.colcon_core.package_identification:_identify(turtlebot3_ws/log) ignored
[3.302s] Level 1:colcon.colcon_core.package_identification:_identify(turtlebot3_ws/src) by extensions ['ignore', 'ignore_ament_install']
[3.302s] Level 1:colcon.colcon_core.package_identification:_identify(turtlebot3_ws/src) by extension 'ignore'
[3.302s] Level 1:colcon.colcon_core.package_identification:_identify(turtlebot3_ws/src) by extension 'ignore_ament_install'
[3.302s] Level 1:colcon.colcon_core.package_identification:_identify(turtlebot3_ws/src) by extensions ['colcon_pkg']
[3.302s] Level 1:colcon.colcon_core.package_identification:_identify(turtlebot3_ws/src) by extension 'colcon_pkg'
[3.303s] Level 1:colcon.colcon_core.package_identification:_identify(turtlebot3_ws/src) by extensions ['colcon_meta']
[3.303s] Level 1:colcon.colcon_core.package_identification:_identify(turtlebot3_ws/src) by extension 'colcon_meta'
[3.303s] Level 1:colcon.colcon_core.package_identification:_identify(turtlebot3_ws/src) by extensions ['ros']
[3.303s] Level 1:colcon.colcon_core.package_identification:_identify(turtlebot3_ws/src) by extension 'ros'
[3.303s] Level 1:colcon.colcon_core.package_identification:_identify(turtlebot3_ws/src) by extensions ['cmake', 'python']
[3.303s] Level 1:colcon.colcon_core.package_identification:_identify(turtlebot3_ws/src) by extension 'cmake'
[3.303s] Level 1:colcon.colcon_core.package_identification:_identify(turtlebot3_ws/src) by extension 'python'
[3.303s] Level 1:colcon.colcon_core.package_identification:_identify(turtlebot3_ws/src) by extensions ['python_setup_py']
[3.303s] Level 1:colcon.colcon_core.package_identification:_identify(turtlebot3_ws/src) by extension 'python_setup_py'
[3.304s] Level 1:colcon.colcon_core.package_identification:_identify(turtlebot3_ws/src/build) by extensions ['ignore', 'ignore_ament_install']
[3.304s] Level 1:colcon.colcon_core.package_identification:_identify(turtlebot3_ws/src/build) by extension 'ignore'
[3.304s] Level 1:colcon.colcon_core.package_identification:_identify(turtlebot3_ws/src/build) ignored
[3.304s] Level 1:colcon.colcon_core.package_identification:_identify(turtlebot3_ws/src/install) by extensions ['ignore', 'ignore_ament_install']
[3.304s] Level 1:colcon.colcon_core.package_identification:_identify(turtlebot3_ws/src/install) by extension 'ignore'
[3.304s] Level 1:colcon.colcon_core.package_identification:_identify(turtlebot3_ws/src/install) ignored
[3.304s] Level 1:colcon.colcon_core.package_identification:_identify(turtlebot3_ws/src/log) by extensions ['ignore', 'ignore_ament_install']
[3.305s] Level 1:colcon.colcon_core.package_identification:_identify(turtlebot3_ws/src/log) by extension 'ignore'
[3.305s] Level 1:colcon.colcon_core.package_identification:_identify(turtlebot3_ws/src/log) ignored
[3.305s] Level 1:colcon.colcon_core.package_identification:_identify(turtlebot3_ws/src/turtlebot3_fake_node) by extensions ['ignore', 'ignore_ament_install']
[3.305s] Level 1:colcon.colcon_core.package_identification:_identify(turtlebot3_ws/src/turtlebot3_fake_node) by extension 'ignore'
[3.305s] Level 1:colcon.colcon_core.package_identification:_identify(turtlebot3_ws/src/turtlebot3_fake_node) by extension 'ignore_ament_install'
[3.305s] Level 1:colcon.colcon_core.package_identification:_identify(turtlebot3_ws/src/turtlebot3_fake_node) by extensions ['colcon_pkg']
[3.305s] Level 1:colcon.colcon_core.package_identification:_identify(turtlebot3_ws/src/turtlebot3_fake_node) by extension 'colcon_pkg'
[3.305s] Level 1:colcon.colcon_core.package_identification:_identify(turtlebot3_ws/src/turtlebot3_fake_node) by extensions ['colcon_meta']
[3.305s] Level 1:colcon.colcon_core.package_identification:_identify(turtlebot3_ws/src/turtlebot3_fake_node) by extension 'colcon_meta'
[3.306s] Level 1:colcon.colcon_core.package_identification:_identify(turtlebot3_ws/src/turtlebot3_fake_node) by extensions ['ros']
[3.306s] Level 1:colcon.colcon_core.package_identification:_identify(turtlebot3_ws/src/turtlebot3_fake_node) by extension 'ros'
[3.308s] DEBUG:colcon.colcon_core.package_identification:Package 'turtlebot3_ws/src/turtlebot3_fake_node' with type 'ros.ament_cmake' and name 'turtlebot3_fake_node'
[3.308s] Level 1:colcon.colcon_core.package_identification:_identify(turtlebot3_ws/src/turtlebot3_gazebo) by extensions ['ignore', 'ignore_ament_install']
[3.309s] Level 1:colcon.colcon_core.package_identification:_identify(turtlebot3_ws/src/turtlebot3_gazebo) by extension 'ignore'
[3.309s] Level 1:colcon.colcon_core.package_identification:_identify(turtlebot3_ws/src/turtlebot3_gazebo) by extension 'ignore_ament_install'
[3.309s] Level 1:colcon.colcon_core.package_identification:_identify(turtlebot3_ws/src/turtlebot3_gazebo) by extensions ['colcon_pkg']
[3.309s] Level 1:colcon.colcon_core.package_identification:_identify(turtlebot3_ws/src/turtlebot3_gazebo) by extension 'colcon_pkg'
[3.309s] Level 1:colcon.colcon_core.package_identification:_identify(turtlebot3_ws/src/turtlebot3_gazebo) by extensions ['colcon_meta']
[3.309s] Level 1:colcon.colcon_core.package_identification:_identify(turtlebot3_ws/src/turtlebot3_gazebo) by extension 'colcon_meta'
[3.309s] Level 1:colcon.colcon_core.package_identification:_identify(turtlebot3_ws/src/turtlebot3_gazebo) by extensions ['ros']
[3.309s] Level 1:colcon.colcon_core.package_identification:_identify(turtlebot3_ws/src/turtlebot3_gazebo) by extension 'ros'
[3.311s] DEBUG:colcon.colcon_core.package_identification:Package 'turtlebot3_ws/src/turtlebot3_gazebo' with type 'ros.ament_cmake' and name 'turtlebot3_gazebo'
[3.311s] Level 1:colcon.colcon_core.package_identification:_identify(turtlebot3_ws/src/turtlebot3_simulations) by extensions ['ignore', 'ignore_ament_install']
[3.311s] Level 1:colcon.colcon_core.package_identification:_identify(turtlebot3_ws/src/turtlebot3_simulations) by extension 'ignore'
[3.311s] Level 1:colcon.colcon_core.package_identification:_identify(turtlebot3_ws/src/turtlebot3_simulations) by extension 'ignore_ament_install'
[3.311s] Level 1:colcon.colcon_core.package_identification:_identify(turtlebot3_ws/src/turtlebot3_simulations) by extensions ['colcon_pkg']
[3.311s] Level 1:colcon.colcon_core.package_identification:_identify(turtlebot3_ws/src/turtlebot3_simulations) by extension 'colcon_pkg'
[3.311s] Level 1:colcon.colcon_core.package_identification:_identify(turtlebot3_ws/src/turtlebot3_simulations) by extensions ['colcon_meta']
[3.311s] Level 1:colcon.colcon_core.package_identification:_identify(turtlebot3_ws/src/turtlebot3_simulations) by extension 'colcon_meta'
[3.311s] Level 1:colcon.colcon_core.package_identification:_identify(turtlebot3_ws/src/turtlebot3_simulations) by extensions ['ros']
[3.311s] Level 1:colcon.colcon_core.package_identification:_identify(turtlebot3_ws/src/turtlebot3_simulations) by extension 'ros'
[3.312s] DEBUG:colcon.colcon_core.package_identification:Package 'turtlebot3_ws/src/turtlebot3_simulations' with type 'ros.ament_cmake' and name 'turtlebot3_simulations'
[3.312s] Level 1:colcon.colcon_core.package_identification:_identify(webpage_ws) by extensions ['ignore', 'ignore_ament_install']
[3.312s] Level 1:colcon.colcon_core.package_identification:_identify(webpage_ws) by extension 'ignore'
[3.313s] Level 1:colcon.colcon_core.package_identification:_identify(webpage_ws) by extension 'ignore_ament_install'
[3.313s] Level 1:colcon.colcon_core.package_identification:_identify(webpage_ws) by extensions ['colcon_pkg']
[3.313s] Level 1:colcon.colcon_core.package_identification:_identify(webpage_ws) by extension 'colcon_pkg'
[3.313s] Level 1:colcon.colcon_core.package_identification:_identify(webpage_ws) by extensions ['colcon_meta']
[3.313s] Level 1:colcon.colcon_core.package_identification:_identify(webpage_ws) by extension 'colcon_meta'
[3.313s] Level 1:colcon.colcon_core.package_identification:_identify(webpage_ws) by extensions ['ros']
[3.313s] Level 1:colcon.colcon_core.package_identification:_identify(webpage_ws) by extension 'ros'
[3.313s] Level 1:colcon.colcon_core.package_identification:_identify(webpage_ws) by extensions ['cmake', 'python']
[3.313s] Level 1:colcon.colcon_core.package_identification:_identify(webpage_ws) by extension 'cmake'
[3.313s] Level 1:colcon.colcon_core.package_identification:_identify(webpage_ws) by extension 'python'
[3.314s] Level 1:colcon.colcon_core.package_identification:_identify(webpage_ws) by extensions ['python_setup_py']
[3.314s] Level 1:colcon.colcon_core.package_identification:_identify(webpage_ws) by extension 'python_setup_py'
[3.314s] Level 1:colcon.colcon_core.package_discovery:discover_packages(recursive) using defaults
[3.314s] Level 1:colcon.colcon_core.package_discovery:discover_packages(ignore) discover
[3.314s] Level 1:colcon.colcon_core.package_discovery:discover_packages(ignore) using defaults
[3.314s] Level 1:colcon.colcon_core.package_discovery:discover_packages(path) discover
[3.314s] Level 1:colcon.colcon_core.package_discovery:discover_packages(path) using defaults
[3.429s] Level 5:colcon.colcon_core.verb:set package 'my_package' build argument 'cmake_args' from command line to 'None'
[3.429s] Level 5:colcon.colcon_core.verb:set package 'my_package' build argument 'cmake_target' from command line to 'None'
[3.429s] Level 5:colcon.colcon_core.verb:set package 'my_package' build argument 'cmake_target_skip_unavailable' from command line to 'False'
[3.429s] Level 5:colcon.colcon_core.verb:set package 'my_package' build argument 'cmake_clean_cache' from command line to 'False'
[3.429s] Level 5:colcon.colcon_core.verb:set package 'my_package' build argument 'cmake_clean_first' from command line to 'False'
[3.429s] Level 5:colcon.colcon_core.verb:set package 'my_package' build argument 'cmake_force_configure' from command line to 'False'
[3.429s] Level 5:colcon.colcon_core.verb:set package 'my_package' build argument 'ament_cmake_args' from command line to 'None'
[3.429s] Level 5:colcon.colcon_core.verb:set package 'my_package' build argument 'catkin_cmake_args' from command line to 'None'
[3.430s] Level 5:colcon.colcon_core.verb:set package 'my_package' build argument 'catkin_skip_building_tests' from command line to 'False'
[3.430s] DEBUG:colcon.colcon_core.verb:Building package 'my_package' with the following arguments: {'ament_cmake_args': None, 'build_base': '/home/user/build/my_package', 'catkin_cmake_args': None, 'catkin_skip_building_tests': False, 'cmake_args': None, 'cmake_clean_cache': False, 'cmake_clean_first': False, 'cmake_force_configure': False, 'cmake_target': None, 'cmake_target_skip_unavailable': False, 'install_base': '/home/user/install/my_package', 'merge_install': False, 'path': '/home/user/ros2_ws/src/my_package', 'symlink_install': False, 'test_result_base': None}
[3.488s] Level 5:colcon.colcon_core.verb:set package 'turtlebot3_fake_node' build argument 'cmake_args' from command line to 'None'
[3.488s] Level 5:colcon.colcon_core.verb:set package 'turtlebot3_fake_node' build argument 'cmake_target' from command line to 'None'
[3.488s] Level 5:colcon.colcon_core.verb:set package 'turtlebot3_fake_node' build argument 'cmake_target_skip_unavailable' from command line to 'False'
[3.488s] Level 5:colcon.colcon_core.verb:set package 'turtlebot3_fake_node' build argument 'cmake_clean_cache' from command line to 'False'
[3.488s] Level 5:colcon.colcon_core.verb:set package 'turtlebot3_fake_node' build argument 'cmake_clean_first' from command line to 'False'
[3.488s] Level 5:colcon.colcon_core.verb:set package 'turtlebot3_fake_node' build argument 'cmake_force_configure' from command line to 'False'
[3.488s] Level 5:colcon.colcon_core.verb:set package 'turtlebot3_fake_node' build argument 'ament_cmake_args' from command line to 'None'
[3.488s] Level 5:colcon.colcon_core.verb:set package 'turtlebot3_fake_node' build argument 'catkin_cmake_args' from command line to 'None'
[3.488s] Level 5:colcon.colcon_core.verb:set package 'turtlebot3_fake_node' build argument 'catkin_skip_building_tests' from command line to 'False'
[3.488s] DEBUG:colcon.colcon_core.verb:Building package 'turtlebot3_fake_node' with the following arguments: {'ament_cmake_args': None, 'build_base': '/home/user/build/turtlebot3_fake_node', 'catkin_cmake_args': None, 'catkin_skip_building_tests': False, 'cmake_args': None, 'cmake_clean_cache': False, 'cmake_clean_first': False, 'cmake_force_configure': False, 'cmake_target': None, 'cmake_target_skip_unavailable': False, 'install_base': '/home/user/install/turtlebot3_fake_node', 'merge_install': False, 'path': '/home/user/turtlebot3_ws/src/turtlebot3_fake_node', 'symlink_install': False, 'test_result_base': None}
[3.491s] Level 5:colcon.colcon_core.verb:set package 'turtlebot3_gazebo' build argument 'cmake_args' from command line to 'None'
[3.491s] Level 5:colcon.colcon_core.verb:set package 'turtlebot3_gazebo' build argument 'cmake_target' from command line to 'None'
[3.491s] Level 5:colcon.colcon_core.verb:set package 'turtlebot3_gazebo' build argument 'cmake_target_skip_unavailable' from command line to 'False'
[3.491s] Level 5:colcon.colcon_core.verb:set package 'turtlebot3_gazebo' build argument 'cmake_clean_cache' from command line to 'False'
[3.491s] Level 5:colcon.colcon_core.verb:set package 'turtlebot3_gazebo' build argument 'cmake_clean_first' from command line to 'False'
[3.491s] Level 5:colcon.colcon_core.verb:set package 'turtlebot3_gazebo' build argument 'cmake_force_configure' from command line to 'False'
[3.491s] Level 5:colcon.colcon_core.verb:set package 'turtlebot3_gazebo' build argument 'ament_cmake_args' from command line to 'None'
[3.491s] Level 5:colcon.colcon_core.verb:set package 'turtlebot3_gazebo' build argument 'catkin_cmake_args' from command line to 'None'
[3.491s] Level 5:colcon.colcon_core.verb:set package 'turtlebot3_gazebo' build argument 'catkin_skip_building_tests' from command line to 'False'
[3.491s] DEBUG:colcon.colcon_core.verb:Building package 'turtlebot3_gazebo' with the following arguments: {'ament_cmake_args': None, 'build_base': '/home/user/build/turtlebot3_gazebo', 'catkin_cmake_args': None, 'catkin_skip_building_tests': False, 'cmake_args': None, 'cmake_clean_cache': False, 'cmake_clean_first': False, 'cmake_force_configure': False, 'cmake_target': None, 'cmake_target_skip_unavailable': False, 'install_base': '/home/user/install/turtlebot3_gazebo', 'merge_install': False, 'path': '/home/user/turtlebot3_ws/src/turtlebot3_gazebo', 'symlink_install': False, 'test_result_base': None}
[3.493s] Level 5:colcon.colcon_core.verb:set package 'turtlebot3_simulations' build argument 'cmake_args' from command line to 'None'
[3.493s] Level 5:colcon.colcon_core.verb:set package 'turtlebot3_simulations' build argument 'cmake_target' from command line to 'None'
[3.493s] Level 5:colcon.colcon_core.verb:set package 'turtlebot3_simulations' build argument 'cmake_target_skip_unavailable' from command line to 'False'
[3.493s] Level 5:colcon.colcon_core.verb:set package 'turtlebot3_simulations' build argument 'cmake_clean_cache' from command line to 'False'
[3.493s] Level 5:colcon.colcon_core.verb:set package 'turtlebot3_simulations' build argument 'cmake_clean_first' from command line to 'False'
[3.493s] Level 5:colcon.colcon_core.verb:set package 'turtlebot3_simulations' build argument 'cmake_force_configure' from command line to 'False'
[3.493s] Level 5:colcon.colcon_core.verb:set package 'turtlebot3_simulations' build argument 'ament_cmake_args' from command line to 'None'
[3.494s] Level 5:colcon.colcon_core.verb:set package 'turtlebot3_simulations' build argument 'catkin_cmake_args' from command line to 'None'
[3.494s] Level 5:colcon.colcon_core.verb:set package 'turtlebot3_simulations' build argument 'catkin_skip_building_tests' from command line to 'False'
[3.494s] DEBUG:colcon.colcon_core.verb:Building package 'turtlebot3_simulations' with the following arguments: {'ament_cmake_args': None, 'build_base': '/home/user/build/turtlebot3_simulations', 'catkin_cmake_args': None, 'catkin_skip_building_tests': False, 'cmake_args': None, 'cmake_clean_cache': False, 'cmake_clean_first': False, 'cmake_force_configure': False, 'cmake_target': None, 'cmake_target_skip_unavailable': False, 'install_base': '/home/user/install/turtlebot3_simulations', 'merge_install': False, 'path': '/home/user/turtlebot3_ws/src/turtlebot3_simulations', 'symlink_install': False, 'test_result_base': None}
[3.496s] INFO:colcon.colcon_core.executor:Executing jobs using 'parallel' executor
[3.508s] DEBUG:colcon.colcon_parallel_executor.executor.parallel:run_until_complete
[3.508s] INFO:colcon.colcon_ros.task.ament_cmake.build:Building ROS package in '/home/user/turtlebot3_ws/src/turtlebot3_fake_node' with build type 'ament_cmake'
[3.509s] INFO:colcon.colcon_cmake.task.cmake.build:Building CMake package in '/home/user/turtlebot3_ws/src/turtlebot3_fake_node'
[3.517s] INFO:colcon.colcon_core.plugin_system:Skipping extension 'colcon_core.shell.bat': Not used on non-Windows systems
[3.517s] INFO:colcon.colcon_core.shell:Skip shell extension 'powershell' for command environment: Not usable outside of PowerShell
[3.517s] DEBUG:colcon.colcon_core.shell:Skip shell extension 'dsv' for command environment
[3.797s] INFO:colcon.colcon_ros.task.ament_cmake.build:Building ROS package in '/home/user/turtlebot3_ws/src/turtlebot3_gazebo' with build type 'ament_cmake'
[3.798s] INFO:colcon.colcon_cmake.task.cmake.build:Building CMake package in '/home/user/turtlebot3_ws/src/turtlebot3_gazebo'
[3.801s] INFO:colcon.colcon_core.shell:Skip shell extension 'powershell' for command environment: Not usable outside of PowerShell
[3.801s] DEBUG:colcon.colcon_core.shell:Skip shell extension 'dsv' for command environment
[4.001s] INFO:colcon.colcon_ros.task.ament_python.build:Building ROS package in '/home/user/ros2_ws/src/my_package' with build type 'ament_python'
[4.001s] Level 1:colcon.colcon_core.shell:create_environment_hook('my_package', 'ament_prefix_path')
[4.004s] INFO:colcon.colcon_core.shell:Creating environment hook '/home/user/install/my_package/share/my_package/hook/ament_prefix_path.ps1'
[4.005s] INFO:colcon.colcon_core.shell:Creating environment descriptor '/home/user/install/my_package/share/my_package/hook/ament_prefix_path.dsv'
[4.006s] INFO:colcon.colcon_core.shell:Creating environment hook '/home/user/install/my_package/share/my_package/hook/ament_prefix_path.sh'
[4.089s] INFO:colcon.colcon_core.shell:Skip shell extension 'powershell' for command environment: Not usable outside of PowerShell
[4.089s] DEBUG:colcon.colcon_core.shell:Skip shell extension 'dsv' for command environment
[4.307s] DEBUG:colcon.colcon_core.event_handler.log_command:Invoking command in '/home/user/build/turtlebot3_fake_node': CMAKE_PREFIX_PATH=${CMAKE_PREFIX_PATH}:/home/user/ros2_ws/install/my_package:/opt/ros/humble _=/usr/bin/env /usr/bin/cmake --build /home/user/build/turtlebot3_fake_node -- -j8 -l8
[4.408s] DEBUG:colcon.colcon_core.event_handler.log_command:Invoking command in '/home/user/build/turtlebot3_gazebo': CMAKE_PREFIX_PATH=${CMAKE_PREFIX_PATH}:/home/user/ros2_ws/install/my_package:/opt/ros/humble _=/usr/bin/env /usr/bin/cmake --build /home/user/build/turtlebot3_gazebo -- -j8 -l8
[6.617s] INFO:colcon.colcon_core.task.python.build:Building Python package in '/home/user/ros2_ws/src/my_package'
[6.620s] INFO:colcon.colcon_core.shell:Skip shell extension 'powershell' for command environment: Not usable outside of PowerShell
[6.620s] DEBUG:colcon.colcon_core.shell:Skip shell extension 'dsv' for command environment
[6.904s] DEBUG:colcon.colcon_core.event_handler.log_command:Invoked command in '/home/user/build/turtlebot3_fake_node' returned '0': CMAKE_PREFIX_PATH=${CMAKE_PREFIX_PATH}:/home/user/ros2_ws/install/my_package:/opt/ros/humble _=/usr/bin/env /usr/bin/cmake --build /home/user/build/turtlebot3_fake_node -- -j8 -l8
[8.008s] DEBUG:colcon.colcon_core.event_handler.log_command:Invoking command in '/home/user/build/turtlebot3_fake_node': CMAKE_PREFIX_PATH=${CMAKE_PREFIX_PATH}:/home/user/ros2_ws/install/my_package:/opt/ros/humble _=/usr/bin/env /usr/bin/cmake --install /home/user/build/turtlebot3_fake_node
[8.116s] Level 1:colcon.colcon_core.environment:create_environment_scripts_only(turtlebot3_fake_node)
[8.201s] Level 1:colcon.colcon_core.environment:checking '/home/user/install/turtlebot3_fake_node' for CMake module files
[8.203s] Level 1:colcon.colcon_core.environment:checking '/home/user/install/turtlebot3_fake_node' for CMake config files
[8.204s] Level 1:colcon.colcon_core.shell:create_environment_hook('turtlebot3_fake_node', 'cmake_prefix_path')
[8.211s] INFO:colcon.colcon_core.shell:Creating environment hook '/home/user/install/turtlebot3_fake_node/share/turtlebot3_fake_node/hook/cmake_prefix_path.ps1'
[8.214s] DEBUG:colcon.colcon_core.event_handler.log_command:Invoked command in '/home/user/build/turtlebot3_fake_node' returned '0': CMAKE_PREFIX_PATH=${CMAKE_PREFIX_PATH}:/home/user/ros2_ws/install/my_package:/opt/ros/humble _=/usr/bin/env /usr/bin/cmake --install /home/user/build/turtlebot3_fake_node
[8.216s] INFO:colcon.colcon_core.shell:Creating environment descriptor '/home/user/install/turtlebot3_fake_node/share/turtlebot3_fake_node/hook/cmake_prefix_path.dsv'
[8.216s] INFO:colcon.colcon_core.shell:Creating environment hook '/home/user/install/turtlebot3_fake_node/share/turtlebot3_fake_node/hook/cmake_prefix_path.sh'
[8.217s] Level 1:colcon.colcon_core.environment:checking '/home/user/install/turtlebot3_fake_node/lib'
[8.286s] Level 1:colcon.colcon_core.environment:checking '/home/user/install/turtlebot3_fake_node/bin'
[8.286s] Level 1:colcon.colcon_core.environment:checking '/home/user/install/turtlebot3_fake_node/lib/pkgconfig/turtlebot3_fake_node.pc'
[8.287s] Level 1:colcon.colcon_core.environment:checking '/home/user/install/turtlebot3_fake_node/lib/python3.10/site-packages'
[8.288s] Level 1:colcon.colcon_core.environment:checking '/home/user/install/turtlebot3_fake_node/bin'
[8.291s] INFO:colcon.colcon_core.shell:Creating package script '/home/user/install/turtlebot3_fake_node/share/turtlebot3_fake_node/package.ps1'
[8.292s] INFO:colcon.colcon_core.shell:Creating package descriptor '/home/user/install/turtlebot3_fake_node/share/turtlebot3_fake_node/package.dsv'
[8.293s] INFO:colcon.colcon_core.shell:Creating package script '/home/user/install/turtlebot3_fake_node/share/turtlebot3_fake_node/package.sh'
[8.303s] INFO:colcon.colcon_core.shell:Creating package script '/home/user/install/turtlebot3_fake_node/share/turtlebot3_fake_node/package.bash'
[8.304s] INFO:colcon.colcon_core.shell:Creating package script '/home/user/install/turtlebot3_fake_node/share/turtlebot3_fake_node/package.zsh'
[8.310s] Level 1:colcon.colcon_core.environment:create_file_with_runtime_dependencies(/home/user/install/turtlebot3_fake_node/share/colcon-core/packages/turtlebot3_fake_node)
[8.591s] DEBUG:colcon.colcon_core.event_handler.log_command:Invoked command in '/home/user/build/turtlebot3_gazebo' returned '0': CMAKE_PREFIX_PATH=${CMAKE_PREFIX_PATH}:/home/user/ros2_ws/install/my_package:/opt/ros/humble _=/usr/bin/env /usr/bin/cmake --build /home/user/build/turtlebot3_gazebo -- -j8 -l8
[9.311s] Level 1:colcon.colcon_core.environment:create_environment_scripts_only(turtlebot3_fake_node)
[9.319s] Level 1:colcon.colcon_core.environment:checking '/home/user/install/turtlebot3_fake_node' for CMake module files
[9.320s] Level 1:colcon.colcon_core.environment:checking '/home/user/install/turtlebot3_fake_node' for CMake config files
[9.320s] Level 1:colcon.colcon_core.shell:create_environment_hook('turtlebot3_fake_node', 'cmake_prefix_path')
[9.387s] INFO:colcon.colcon_core.shell:Creating environment hook '/home/user/install/turtlebot3_fake_node/share/turtlebot3_fake_node/hook/cmake_prefix_path.ps1'
[9.388s] INFO:colcon.colcon_core.shell:Creating environment descriptor '/home/user/install/turtlebot3_fake_node/share/turtlebot3_fake_node/hook/cmake_prefix_path.dsv'
[9.389s] INFO:colcon.colcon_core.shell:Creating environment hook '/home/user/install/turtlebot3_fake_node/share/turtlebot3_fake_node/hook/cmake_prefix_path.sh'
[9.390s] Level 1:colcon.colcon_core.environment:checking '/home/user/install/turtlebot3_fake_node/lib'
[9.390s] Level 1:colcon.colcon_core.environment:checking '/home/user/install/turtlebot3_fake_node/bin'
[9.390s] Level 1:colcon.colcon_core.environment:checking '/home/user/install/turtlebot3_fake_node/lib/pkgconfig/turtlebot3_fake_node.pc'
[9.391s] Level 1:colcon.colcon_core.environment:checking '/home/user/install/turtlebot3_fake_node/lib/python3.10/site-packages'
[9.391s] Level 1:colcon.colcon_core.environment:checking '/home/user/install/turtlebot3_fake_node/bin'
[9.394s] INFO:colcon.colcon_core.shell:Creating package script '/home/user/install/turtlebot3_fake_node/share/turtlebot3_fake_node/package.ps1'
[9.395s] INFO:colcon.colcon_core.shell:Creating package descriptor '/home/user/install/turtlebot3_fake_node/share/turtlebot3_fake_node/package.dsv'
[9.396s] INFO:colcon.colcon_core.shell:Creating package script '/home/user/install/turtlebot3_fake_node/share/turtlebot3_fake_node/package.sh'
[9.396s] INFO:colcon.colcon_core.shell:Creating package script '/home/user/install/turtlebot3_fake_node/share/turtlebot3_fake_node/package.bash'
[9.397s] INFO:colcon.colcon_core.shell:Creating package script '/home/user/install/turtlebot3_fake_node/share/turtlebot3_fake_node/package.zsh'
[9.398s] Level 1:colcon.colcon_core.environment:create_file_with_runtime_dependencies(/home/user/install/turtlebot3_fake_node/share/colcon-core/packages/turtlebot3_fake_node)
[9.807s] DEBUG:colcon.colcon_core.event_handler.log_command:Invoking command in '/home/user/ros2_ws/src/my_package': PYTHONPATH=/home/user/install/my_package/lib/python3.10/site-packages:${PYTHONPATH} _=/usr/bin/env /usr/bin/python3 setup.py egg_info --egg-base ../../../build/my_package build --build-base /home/user/build/my_package/build install --prefix /home/user/install/my_package --record /home/user/build/my_package/install.log --single-version-externally-managed
[9.993s] DEBUG:colcon.colcon_core.event_handler.log_command:Invoking command in '/home/user/build/turtlebot3_gazebo': CMAKE_PREFIX_PATH=${CMAKE_PREFIX_PATH}:/home/user/ros2_ws/install/my_package:/opt/ros/humble _=/usr/bin/env /usr/bin/cmake --install /home/user/build/turtlebot3_gazebo
[10.192s] Level 1:colcon.colcon_core.environment:create_environment_scripts_only(turtlebot3_gazebo)
[10.197s] Level 1:colcon.colcon_core.environment:checking '/home/user/install/turtlebot3_gazebo' for CMake module files
[10.198s] Level 1:colcon.colcon_core.environment:checking '/home/user/install/turtlebot3_gazebo' for CMake config files
[10.198s] Level 1:colcon.colcon_core.shell:create_environment_hook('turtlebot3_gazebo', 'cmake_prefix_path')
[10.201s] INFO:colcon.colcon_core.shell:Creating environment hook '/home/user/install/turtlebot3_gazebo/share/turtlebot3_gazebo/hook/cmake_prefix_path.ps1'
[10.202s] INFO:colcon.colcon_core.shell:Creating environment descriptor '/home/user/install/turtlebot3_gazebo/share/turtlebot3_gazebo/hook/cmake_prefix_path.dsv'
[10.203s] INFO:colcon.colcon_core.shell:Creating environment hook '/home/user/install/turtlebot3_gazebo/share/turtlebot3_gazebo/hook/cmake_prefix_path.sh'
[10.204s] Level 1:colcon.colcon_core.environment:checking '/home/user/install/turtlebot3_gazebo/lib'
[10.204s] Level 1:colcon.colcon_core.environment:checking '/home/user/install/turtlebot3_gazebo/bin'
[10.204s] Level 1:colcon.colcon_core.environment:checking '/home/user/install/turtlebot3_gazebo/lib/pkgconfig/turtlebot3_gazebo.pc'
[10.205s] Level 1:colcon.colcon_core.environment:checking '/home/user/install/turtlebot3_gazebo/lib/python3.10/site-packages'
[10.207s] DEBUG:colcon.colcon_core.event_handler.log_command:Invoked command in '/home/user/build/turtlebot3_gazebo' returned '0': CMAKE_PREFIX_PATH=${CMAKE_PREFIX_PATH}:/home/user/ros2_ws/install/my_package:/opt/ros/humble _=/usr/bin/env /usr/bin/cmake --install /home/user/build/turtlebot3_gazebo
[10.207s] Level 1:colcon.colcon_core.environment:checking '/home/user/install/turtlebot3_gazebo/bin'
[10.210s] INFO:colcon.colcon_core.shell:Creating package script '/home/user/install/turtlebot3_gazebo/share/turtlebot3_gazebo/package.ps1'
[10.211s] INFO:colcon.colcon_core.shell:Creating package descriptor '/home/user/install/turtlebot3_gazebo/share/turtlebot3_gazebo/package.dsv'
[10.212s] INFO:colcon.colcon_core.shell:Creating package script '/home/user/install/turtlebot3_gazebo/share/turtlebot3_gazebo/package.sh'
[10.212s] INFO:colcon.colcon_core.shell:Creating package script '/home/user/install/turtlebot3_gazebo/share/turtlebot3_gazebo/package.bash'
[10.214s] INFO:colcon.colcon_core.shell:Creating package script '/home/user/install/turtlebot3_gazebo/share/turtlebot3_gazebo/package.zsh'
[10.290s] Level 1:colcon.colcon_core.environment:create_file_with_runtime_dependencies(/home/user/install/turtlebot3_gazebo/share/colcon-core/packages/turtlebot3_gazebo)
[11.494s] Level 1:colcon.colcon_core.environment:create_environment_scripts_only(turtlebot3_gazebo)
[11.497s] Level 1:colcon.colcon_core.environment:checking '/home/user/install/turtlebot3_gazebo' for CMake module files
[11.499s] Level 1:colcon.colcon_core.environment:checking '/home/user/install/turtlebot3_gazebo' for CMake config files
[11.500s] Level 1:colcon.colcon_core.shell:create_environment_hook('turtlebot3_gazebo', 'cmake_prefix_path')
[11.511s] INFO:colcon.colcon_core.shell:Creating environment hook '/home/user/install/turtlebot3_gazebo/share/turtlebot3_gazebo/hook/cmake_prefix_path.ps1'
[11.512s] INFO:colcon.colcon_core.shell:Creating environment descriptor '/home/user/install/turtlebot3_gazebo/share/turtlebot3_gazebo/hook/cmake_prefix_path.dsv'
[11.513s] INFO:colcon.colcon_core.shell:Creating environment hook '/home/user/install/turtlebot3_gazebo/share/turtlebot3_gazebo/hook/cmake_prefix_path.sh'
[11.586s] Level 1:colcon.colcon_core.environment:checking '/home/user/install/turtlebot3_gazebo/lib'
[11.586s] Level 1:colcon.colcon_core.environment:checking '/home/user/install/turtlebot3_gazebo/bin'
[11.587s] Level 1:colcon.colcon_core.environment:checking '/home/user/install/turtlebot3_gazebo/lib/pkgconfig/turtlebot3_gazebo.pc'
[11.588s] Level 1:colcon.colcon_core.environment:checking '/home/user/install/turtlebot3_gazebo/lib/python3.10/site-packages'
[11.588s] Level 1:colcon.colcon_core.environment:checking '/home/user/install/turtlebot3_gazebo/bin'
[11.592s] INFO:colcon.colcon_core.shell:Creating package script '/home/user/install/turtlebot3_gazebo/share/turtlebot3_gazebo/package.ps1'
[11.593s] INFO:colcon.colcon_core.shell:Creating package descriptor '/home/user/install/turtlebot3_gazebo/share/turtlebot3_gazebo/package.dsv'
[11.594s] INFO:colcon.colcon_core.shell:Creating package script '/home/user/install/turtlebot3_gazebo/share/turtlebot3_gazebo/package.sh'
[11.594s] INFO:colcon.colcon_core.shell:Creating package script '/home/user/install/turtlebot3_gazebo/share/turtlebot3_gazebo/package.bash'
[11.595s] INFO:colcon.colcon_core.shell:Creating package script '/home/user/install/turtlebot3_gazebo/share/turtlebot3_gazebo/package.zsh'
[11.596s] Level 1:colcon.colcon_core.environment:create_file_with_runtime_dependencies(/home/user/install/turtlebot3_gazebo/share/colcon-core/packages/turtlebot3_gazebo)
[11.598s] INFO:colcon.colcon_ros.task.ament_cmake.build:Building ROS package in '/home/user/turtlebot3_ws/src/turtlebot3_simulations' with build type 'ament_cmake'
[11.600s] INFO:colcon.colcon_cmake.task.cmake.build:Building CMake package in '/home/user/turtlebot3_ws/src/turtlebot3_simulations'
[11.603s] INFO:colcon.colcon_core.shell:Skip shell extension 'powershell' for command environment: Not usable outside of PowerShell
[11.603s] DEBUG:colcon.colcon_core.shell:Skip shell extension 'dsv' for command environment
[11.808s] DEBUG:colcon.colcon_core.event_handler.log_command:Invoking command in '/home/user/build/turtlebot3_simulations': AMENT_PREFIX_PATH=/home/user/install/turtlebot3_gazebo:/home/user/install/turtlebot3_fake_node:${AMENT_PREFIX_PATH} CMAKE_PREFIX_PATH=/home/user/install/turtlebot3_gazebo:/home/user/install/turtlebot3_fake_node:/home/user/turtlebot3_ws/install/turtlebot3_simulations:/home/user/turtlebot3_ws/install/turtlebot3_gazebo:/home/user/turtlebot3_ws/install/turtlebot3_fake_node:/home/user/ros2_ws/install/my_package:/opt/ros/humble _=/usr/bin/env /usr/bin/cmake --build /home/user/build/turtlebot3_simulations -- -j8 -l8
[12.204s] Level 1:colcon.colcon_core.environment:checking '/home/user/install/my_package' for CMake module files
[12.205s] DEBUG:colcon.colcon_core.event_handler.log_command:Invoked command in '/home/user/ros2_ws/src/my_package' returned '0': PYTHONPATH=/home/user/install/my_package/lib/python3.10/site-packages:${PYTHONPATH} _=/usr/bin/env /usr/bin/python3 setup.py egg_info --egg-base ../../../build/my_package build --build-base /home/user/build/my_package/build install --prefix /home/user/install/my_package --record /home/user/build/my_package/install.log --single-version-externally-managed
[12.206s] Level 1:colcon.colcon_core.environment:checking '/home/user/install/my_package' for CMake config files
[12.207s] Level 1:colcon.colcon_core.environment:checking '/home/user/install/my_package/lib'
[12.207s] Level 1:colcon.colcon_core.environment:checking '/home/user/install/my_package/bin'
[12.207s] Level 1:colcon.colcon_core.environment:checking '/home/user/install/my_package/lib/pkgconfig/my_package.pc'
[12.208s] Level 1:colcon.colcon_core.environment:checking '/home/user/install/my_package/lib/python3.10/site-packages'
[12.208s] Level 1:colcon.colcon_core.shell:create_environment_hook('my_package', 'pythonpath')
[12.212s] INFO:colcon.colcon_core.shell:Creating environment hook '/home/user/install/my_package/share/my_package/hook/pythonpath.ps1'
[12.214s] INFO:colcon.colcon_core.shell:Creating environment descriptor '/home/user/install/my_package/share/my_package/hook/pythonpath.dsv'
[12.217s] INFO:colcon.colcon_core.shell:Creating environment hook '/home/user/install/my_package/share/my_package/hook/pythonpath.sh'
[12.218s] Level 1:colcon.colcon_core.environment:checking '/home/user/install/my_package/bin'
[12.218s] Level 1:colcon.colcon_core.environment:create_environment_scripts_only(my_package)
[12.223s] INFO:colcon.colcon_core.shell:Creating package script '/home/user/install/my_package/share/my_package/package.ps1'
[12.224s] INFO:colcon.colcon_core.shell:Creating package descriptor '/home/user/install/my_package/share/my_package/package.dsv'
[12.224s] INFO:colcon.colcon_core.shell:Creating package script '/home/user/install/my_package/share/my_package/package.sh'
[12.225s] INFO:colcon.colcon_core.shell:Creating package script '/home/user/install/my_package/share/my_package/package.bash'
[12.226s] INFO:colcon.colcon_core.shell:Creating package script '/home/user/install/my_package/share/my_package/package.zsh'
[12.226s] Level 1:colcon.colcon_core.environment:create_file_with_runtime_dependencies(/home/user/install/my_package/share/colcon-core/packages/my_package)
[12.287s] DEBUG:colcon.colcon_core.event_handler.log_command:Invoked command in '/home/user/build/turtlebot3_simulations' returned '0': AMENT_PREFIX_PATH=/home/user/install/turtlebot3_gazebo:/home/user/install/turtlebot3_fake_node:${AMENT_PREFIX_PATH} CMAKE_PREFIX_PATH=/home/user/install/turtlebot3_gazebo:/home/user/install/turtlebot3_fake_node:/home/user/turtlebot3_ws/install/turtlebot3_simulations:/home/user/turtlebot3_ws/install/turtlebot3_gazebo:/home/user/turtlebot3_ws/install/turtlebot3_fake_node:/home/user/ros2_ws/install/my_package:/opt/ros/humble _=/usr/bin/env /usr/bin/cmake --build /home/user/build/turtlebot3_simulations -- -j8 -l8
[12.811s] DEBUG:colcon.colcon_core.event_handler.log_command:Invoking command in '/home/user/build/turtlebot3_simulations': AMENT_PREFIX_PATH=/home/user/install/turtlebot3_gazebo:/home/user/install/turtlebot3_fake_node:${AMENT_PREFIX_PATH} CMAKE_PREFIX_PATH=/home/user/install/turtlebot3_gazebo:/home/user/install/turtlebot3_fake_node:/home/user/turtlebot3_ws/install/turtlebot3_simulations:/home/user/turtlebot3_ws/install/turtlebot3_gazebo:/home/user/turtlebot3_ws/install/turtlebot3_fake_node:/home/user/ros2_ws/install/my_package:/opt/ros/humble _=/usr/bin/env /usr/bin/cmake --install /home/user/build/turtlebot3_simulations
[12.908s] Level 1:colcon.colcon_core.environment:create_environment_scripts_only(turtlebot3_simulations)
[12.912s] Level 1:colcon.colcon_core.environment:checking '/home/user/install/turtlebot3_simulations' for CMake module files
[12.913s] Level 1:colcon.colcon_core.environment:checking '/home/user/install/turtlebot3_simulations' for CMake config files
[12.913s] Level 1:colcon.colcon_core.shell:create_environment_hook('turtlebot3_simulations', 'cmake_prefix_path')
[12.916s] INFO:colcon.colcon_core.shell:Creating environment hook '/home/user/install/turtlebot3_simulations/share/turtlebot3_simulations/hook/cmake_prefix_path.ps1'
[12.916s] INFO:colcon.colcon_core.shell:Creating environment descriptor '/home/user/install/turtlebot3_simulations/share/turtlebot3_simulations/hook/cmake_prefix_path.dsv'
[12.917s] INFO:colcon.colcon_core.shell:Creating environment hook '/home/user/install/turtlebot3_simulations/share/turtlebot3_simulations/hook/cmake_prefix_path.sh'
[12.918s] Level 1:colcon.colcon_core.environment:checking '/home/user/install/turtlebot3_simulations/bin'
[12.986s] Level 1:colcon.colcon_core.environment:checking '/home/user/install/turtlebot3_simulations/lib/pkgconfig/turtlebot3_simulations.pc'
[12.987s] Level 1:colcon.colcon_core.environment:checking '/home/user/install/turtlebot3_simulations/lib/python3.10/site-packages'
[12.987s] DEBUG:colcon.colcon_core.event_handler.log_command:Invoked command in '/home/user/build/turtlebot3_simulations' returned '0': AMENT_PREFIX_PATH=/home/user/install/turtlebot3_gazebo:/home/user/install/turtlebot3_fake_node:${AMENT_PREFIX_PATH} CMAKE_PREFIX_PATH=/home/user/install/turtlebot3_gazebo:/home/user/install/turtlebot3_fake_node:/home/user/turtlebot3_ws/install/turtlebot3_simulations:/home/user/turtlebot3_ws/install/turtlebot3_gazebo:/home/user/turtlebot3_ws/install/turtlebot3_fake_node:/home/user/ros2_ws/install/my_package:/opt/ros/humble _=/usr/bin/env /usr/bin/cmake --install /home/user/build/turtlebot3_simulations
[12.988s] Level 1:colcon.colcon_core.environment:checking '/home/user/install/turtlebot3_simulations/bin'
[12.992s] INFO:colcon.colcon_core.shell:Creating package script '/home/user/install/turtlebot3_simulations/share/turtlebot3_simulations/package.ps1'
[12.993s] INFO:colcon.colcon_core.shell:Creating package descriptor '/home/user/install/turtlebot3_simulations/share/turtlebot3_simulations/package.dsv'
[12.994s] INFO:colcon.colcon_core.shell:Creating package script '/home/user/install/turtlebot3_simulations/share/turtlebot3_simulations/package.sh'
[12.995s] INFO:colcon.colcon_core.shell:Creating package script '/home/user/install/turtlebot3_simulations/share/turtlebot3_simulations/package.bash'
[12.995s] INFO:colcon.colcon_core.shell:Creating package script '/home/user/install/turtlebot3_simulations/share/turtlebot3_simulations/package.zsh'
[12.996s] Level 1:colcon.colcon_core.environment:create_file_with_runtime_dependencies(/home/user/install/turtlebot3_simulations/share/colcon-core/packages/turtlebot3_simulations)
[13.712s] Level 1:colcon.colcon_core.environment:create_environment_scripts_only(turtlebot3_simulations)
[13.716s] Level 1:colcon.colcon_core.environment:checking '/home/user/install/turtlebot3_simulations' for CMake module files
[13.717s] Level 1:colcon.colcon_core.environment:checking '/home/user/install/turtlebot3_simulations' for CMake config files
[13.718s] Level 1:colcon.colcon_core.shell:create_environment_hook('turtlebot3_simulations', 'cmake_prefix_path')
[13.720s] INFO:colcon.colcon_core.shell:Creating environment hook '/home/user/install/turtlebot3_simulations/share/turtlebot3_simulations/hook/cmake_prefix_path.ps1'
[13.720s] INFO:colcon.colcon_core.shell:Creating environment descriptor '/home/user/install/turtlebot3_simulations/share/turtlebot3_simulations/hook/cmake_prefix_path.dsv'
[13.721s] INFO:colcon.colcon_core.shell:Creating environment hook '/home/user/install/turtlebot3_simulations/share/turtlebot3_simulations/hook/cmake_prefix_path.sh'
[13.722s] Level 1:colcon.colcon_core.environment:checking '/home/user/install/turtlebot3_simulations/bin'
[13.786s] Level 1:colcon.colcon_core.environment:checking '/home/user/install/turtlebot3_simulations/lib/pkgconfig/turtlebot3_simulations.pc'
[13.786s] Level 1:colcon.colcon_core.environment:checking '/home/user/install/turtlebot3_simulations/lib/python3.10/site-packages'
[13.787s] Level 1:colcon.colcon_core.environment:checking '/home/user/install/turtlebot3_simulations/bin'
[13.791s] INFO:colcon.colcon_core.shell:Creating package script '/home/user/install/turtlebot3_simulations/share/turtlebot3_simulations/package.ps1'
[13.792s] INFO:colcon.colcon_core.shell:Creating package descriptor '/home/user/install/turtlebot3_simulations/share/turtlebot3_simulations/package.dsv'
[13.795s] INFO:colcon.colcon_core.shell:Creating package script '/home/user/install/turtlebot3_simulations/share/turtlebot3_simulations/package.sh'
[13.795s] INFO:colcon.colcon_core.shell:Creating package script '/home/user/install/turtlebot3_simulations/share/turtlebot3_simulations/package.bash'
[13.796s] INFO:colcon.colcon_core.shell:Creating package script '/home/user/install/turtlebot3_simulations/share/turtlebot3_simulations/package.zsh'
[13.796s] Level 1:colcon.colcon_core.environment:create_file_with_runtime_dependencies(/home/user/install/turtlebot3_simulations/share/colcon-core/packages/turtlebot3_simulations)
[13.797s] DEBUG:colcon.colcon_parallel_executor.executor.parallel:closing loop
[13.798s] DEBUG:colcon.colcon_parallel_executor.executor.parallel:loop closed
[13.798s] DEBUG:colcon.colcon_parallel_executor.executor.parallel:run_until_complete finished with '0'
[13.798s] DEBUG:colcon.colcon_core.event_reactor:joining thread
[13.809s] INFO:colcon.colcon_core.plugin_system:Skipping extension 'colcon_notification.desktop_notification.notify_send': Could not find 'notify-send'
[13.810s] INFO:colcon.colcon_core.plugin_system:Skipping extension 'colcon_notification.desktop_notification.terminal_notifier': Not used on non-Darwin systems
[13.810s] INFO:colcon.colcon_core.plugin_system:Skipping extension 'colcon_notification.desktop_notification.win32': Not used on non-Windows systems
[13.810s] INFO:colcon.colcon_notification.desktop_notification:Sending desktop notification using 'notify2'
[13.814s] DEBUG:colcon.colcon_notification.desktop_notification.notify2:Failed to initialize notify2: org.freedesktop.DBus.Error.Spawn.ExecFailed: /usr/bin/dbus-launch terminated abnormally without any error message
[13.814s] DEBUG:colcon.colcon_core.event_reactor:joined thread
[13.817s] INFO:colcon.colcon_core.shell:Creating prefix script '/home/user/install/local_setup.ps1'
[13.886s] INFO:colcon.colcon_core.shell:Creating prefix util module '/home/user/install/_local_setup_util_ps1.py'
[13.888s] INFO:colcon.colcon_core.shell:Creating prefix chain script '/home/user/install/setup.ps1'
[13.891s] INFO:colcon.colcon_core.shell:Creating prefix script '/home/user/install/local_setup.sh'
[13.892s] INFO:colcon.colcon_core.shell:Creating prefix util module '/home/user/install/_local_setup_util_sh.py'
[13.892s] INFO:colcon.colcon_core.shell:Creating prefix chain script '/home/user/install/setup.sh'
[13.895s] INFO:colcon.colcon_core.shell:Creating prefix script '/home/user/install/local_setup.bash'
[13.896s] INFO:colcon.colcon_core.shell:Creating prefix chain script '/home/user/install/setup.bash'
[13.898s] INFO:colcon.colcon_core.shell:Creating prefix script '/home/user/install/local_setup.zsh'
[13.899s] INFO:colcon.colcon_core.shell:Creating prefix chain script '/home/user/install/setup.zsh'
