[0.083s] Invoking command in '/home/user/build/turtlebot3_gazebo': CMAKE_PREFIX_PATH=${CMAKE_PREFIX_PATH}:/home/user/turtlebot3_ws/install/project_package:/home/user/ros2_ws/install/my_package:/opt/ros/humble _=/usr/bin/env /usr/bin/cmake --build /home/user/build/turtlebot3_gazebo -- -j8 -l8
[1.373s] [ 25%] Built target turtlebot3_drive
[1.386s] [ 50%] Built target obstacles
[1.387s] [ 75%] Built target obstacle2
[1.387s] [100%] Built target obstacle1
[1.420s] Invoked command in '/home/user/build/turtlebot3_gazebo' returned '0': CMAKE_PREFIX_PATH=${CMAKE_PREFIX_PATH}:/home/user/turtlebot3_ws/install/project_package:/home/user/ros2_ws/install/my_package:/opt/ros/humble _=/usr/bin/env /usr/bin/cmake --build /home/user/build/turtlebot3_gazebo -- -j8 -l8
[1.689s] Invoking command in '/home/user/build/turtlebot3_gazebo': CMAKE_PREFIX_PATH=${CMAKE_PREFIX_PATH}:/home/user/turtlebot3_ws/install/project_package:/home/user/ros2_ws/install/my_package:/opt/ros/humble _=/usr/bin/env /usr/bin/cmake --install /home/user/build/turtlebot3_gazebo
[1.703s] -- Install configuration: ""
[1.703s] -- Execute custom install script
[1.704s] -- Up-to-date symlink: /home/user/install/turtlebot3_gazebo/lib/turtlebot3_gazebo/turtlebot3_drive
[1.705s] -- Up-to-date symlink: /home/user/install/turtlebot3_gazebo/share/turtlebot3_gazebo//launch/empty_world.launch.py
[1.705s] -- Up-to-date symlink: /home/user/install/turtlebot3_gazebo/share/turtlebot3_gazebo//launch/floor.launch.py
[1.705s] -- Up-to-date symlink: /home/user/install/turtlebot3_gazebo/share/turtlebot3_gazebo//launch/maze.launch.py
[1.706s] -- Up-to-date symlink: /home/user/install/turtlebot3_gazebo/share/turtlebot3_gazebo//launch/robot_state_publisher.launch.py
[1.707s] -- Up-to-date symlink: /home/user/install/turtlebot3_gazebo/share/turtlebot3_gazebo//launch/spawn_turtlebot3.launch.py
[1.708s] -- Up-to-date symlink: /home/user/install/turtlebot3_gazebo/share/turtlebot3_gazebo//launch/turtlebot3_dqn_stage1.launch.py
[1.708s] -- Up-to-date symlink: /home/user/install/turtlebot3_gazebo/share/turtlebot3_gazebo//launch/turtlebot3_dqn_stage2.launch.py
[1.709s] -- Up-to-date symlink: /home/user/install/turtlebot3_gazebo/share/turtlebot3_gazebo//launch/turtlebot3_dqn_stage3.launch.py
[1.709s] -- Up-to-date symlink: /home/user/install/turtlebot3_gazebo/share/turtlebot3_gazebo//launch/turtlebot3_dqn_stage4.launch.py
[1.710s] -- Up-to-date symlink: /home/user/install/turtlebot3_gazebo/share/turtlebot3_gazebo//launch/turtlebot3_house.launch.py
[1.711s] -- Up-to-date symlink: /home/user/install/turtlebot3_gazebo/share/turtlebot3_gazebo//launch/turtlebot3_world.launch.py
[1.737s] -- Up-to-date symlink: /home/user/install/turtlebot3_gazebo/share/turtlebot3_gazebo//models/turtlebot3_burger/model-1_4.sdf
[1.738s] -- Up-to-date symlink: /home/user/install/turtlebot3_gazebo/share/turtlebot3_gazebo//models/turtlebot3_burger/model.config
[1.738s] -- Up-to-date symlink: /home/user/install/turtlebot3_gazebo/share/turtlebot3_gazebo//models/turtlebot3_burger/model.sdf
[1.738s] -- Up-to-date symlink: /home/user/install/turtlebot3_gazebo/share/turtlebot3_gazebo//models/turtlebot3_common/meshes/burger_base.dae
[1.738s] -- Up-to-date symlink: /home/user/install/turtlebot3_gazebo/share/turtlebot3_gazebo//models/turtlebot3_common/meshes/lds.dae
[1.738s] -- Up-to-date symlink: /home/user/install/turtlebot3_gazebo/share/turtlebot3_gazebo//models/turtlebot3_common/meshes/r200.dae
[1.739s] -- Up-to-date symlink: /home/user/install/turtlebot3_gazebo/share/turtlebot3_gazebo//models/turtlebot3_common/meshes/tire.dae
[1.739s] -- Up-to-date symlink: /home/user/install/turtlebot3_gazebo/share/turtlebot3_gazebo//models/turtlebot3_common/meshes/waffle_base.dae
[1.739s] -- Up-to-date symlink: /home/user/install/turtlebot3_gazebo/share/turtlebot3_gazebo//models/turtlebot3_common/meshes/waffle_pi_base.dae
[1.739s] -- Up-to-date symlink: /home/user/install/turtlebot3_gazebo/share/turtlebot3_gazebo//models/turtlebot3_common/model.config
[1.739s] -- Up-to-date symlink: /home/user/install/turtlebot3_gazebo/share/turtlebot3_gazebo//models/turtlebot3_dqn_world/goal_box/model.config
[1.739s] -- Up-to-date symlink: /home/user/install/turtlebot3_gazebo/share/turtlebot3_gazebo//models/turtlebot3_dqn_world/goal_box/model.sdf
[1.740s] -- Up-to-date symlink: /home/user/install/turtlebot3_gazebo/share/turtlebot3_gazebo//models/turtlebot3_dqn_world/inner_walls/model.config
[1.740s] -- Up-to-date symlink: /home/user/install/turtlebot3_gazebo/share/turtlebot3_gazebo//models/turtlebot3_dqn_world/inner_walls/model.sdf
[1.740s] -- Up-to-date symlink: /home/user/install/turtlebot3_gazebo/share/turtlebot3_gazebo//models/turtlebot3_dqn_world/model.config
[1.740s] -- Up-to-date symlink: /home/user/install/turtlebot3_gazebo/share/turtlebot3_gazebo//models/turtlebot3_dqn_world/model.sdf
[1.740s] -- Up-to-date symlink: /home/user/install/turtlebot3_gazebo/share/turtlebot3_gazebo//models/turtlebot3_dqn_world/obstacle1/model.config
[1.740s] -- Up-to-date symlink: /home/user/install/turtlebot3_gazebo/share/turtlebot3_gazebo//models/turtlebot3_dqn_world/obstacle1/model.sdf
[1.741s] -- Up-to-date symlink: /home/user/install/turtlebot3_gazebo/share/turtlebot3_gazebo//models/turtlebot3_dqn_world/obstacle2/model.config
[1.741s] -- Up-to-date symlink: /home/user/install/turtlebot3_gazebo/share/turtlebot3_gazebo//models/turtlebot3_dqn_world/obstacle2/model.sdf
[1.744s] -- Up-to-date symlink: /home/user/install/turtlebot3_gazebo/share/turtlebot3_gazebo//models/turtlebot3_dqn_world/obstacle_plugin/CMakeLists.txt
[1.751s] -- Up-to-date symlink: /home/user/install/turtlebot3_gazebo/share/turtlebot3_gazebo//models/turtlebot3_dqn_world/obstacle_plugin/obstacle1.cc
[1.752s] -- Up-to-date symlink: /home/user/install/turtlebot3_gazebo/share/turtlebot3_gazebo//models/turtlebot3_dqn_world/obstacle_plugin/obstacle2.cc
[1.769s] -- Up-to-date symlink: /home/user/install/turtlebot3_gazebo/share/turtlebot3_gazebo//models/turtlebot3_dqn_world/obstacle_plugin/obstacles.cc
[1.769s] -- Up-to-date symlink: /home/user/install/turtlebot3_gazebo/share/turtlebot3_gazebo//models/turtlebot3_dqn_world/obstacles/model.config
[1.769s] -- Up-to-date symlink: /home/user/install/turtlebot3_gazebo/share/turtlebot3_gazebo//models/turtlebot3_dqn_world/obstacles/model.sdf
[1.770s] -- Up-to-date symlink: /home/user/install/turtlebot3_gazebo/share/turtlebot3_gazebo//models/turtlebot3_house/model.config
[1.770s] -- Up-to-date symlink: /home/user/install/turtlebot3_gazebo/share/turtlebot3_gazebo//models/turtlebot3_house/model.sdf
[1.770s] -- Up-to-date symlink: /home/user/install/turtlebot3_gazebo/share/turtlebot3_gazebo//models/turtlebot3_waffle/model-1_4.sdf
[1.770s] -- Up-to-date symlink: /home/user/install/turtlebot3_gazebo/share/turtlebot3_gazebo//models/turtlebot3_waffle/model.config
[1.770s] -- Up-to-date symlink: /home/user/install/turtlebot3_gazebo/share/turtlebot3_gazebo//models/turtlebot3_waffle/model.sdf
[1.771s] -- Up-to-date symlink: /home/user/install/turtlebot3_gazebo/share/turtlebot3_gazebo//models/turtlebot3_waffle_pi/model-1_4_.sdf
[1.771s] -- Up-to-date symlink: /home/user/install/turtlebot3_gazebo/share/turtlebot3_gazebo//models/turtlebot3_waffle_pi/model.config
[1.771s] -- Up-to-date symlink: /home/user/install/turtlebot3_gazebo/share/turtlebot3_gazebo//models/turtlebot3_waffle_pi/model.sdf
[1.773s] -- Up-to-date symlink: /home/user/install/turtlebot3_gazebo/share/turtlebot3_gazebo//models/turtlebot3_world/meshes/hexagon.dae
[1.773s] -- Up-to-date symlink: /home/user/install/turtlebot3_gazebo/share/turtlebot3_gazebo//models/turtlebot3_world/meshes/wall.dae
[1.773s] -- Up-to-date symlink: /home/user/install/turtlebot3_gazebo/share/turtlebot3_gazebo//models/turtlebot3_world/model-1_4.sdf
[1.773s] -- Up-to-date symlink: /home/user/install/turtlebot3_gazebo/share/turtlebot3_gazebo//models/turtlebot3_world/model.config
[1.773s] -- Up-to-date symlink: /home/user/install/turtlebot3_gazebo/share/turtlebot3_gazebo//models/turtlebot3_world/model.sdf
[1.774s] -- Up-to-date symlink: /home/user/install/turtlebot3_gazebo/share/turtlebot3_gazebo//rviz/tb3_gazebo.rviz
[1.774s] -- Up-to-date symlink: /home/user/install/turtlebot3_gazebo/share/turtlebot3_gazebo//urdf/common_properties.urdf
[1.774s] -- Up-to-date symlink: /home/user/install/turtlebot3_gazebo/share/turtlebot3_gazebo//urdf/turtlebot3_burger.urdf
[1.774s] -- Up-to-date symlink: /home/user/install/turtlebot3_gazebo/share/turtlebot3_gazebo//urdf/turtlebot3_waffle.urdf
[1.774s] -- Up-to-date symlink: /home/user/install/turtlebot3_gazebo/share/turtlebot3_gazebo//urdf/turtlebot3_waffle_pi.urdf
[1.774s] -- Up-to-date symlink: /home/user/install/turtlebot3_gazebo/share/turtlebot3_gazebo//worlds/empty_world.world
[1.779s] -- Up-to-date symlink: /home/user/install/turtlebot3_gazebo/share/turtlebot3_gazebo//worlds/floor.world
[1.779s] -- Up-to-date symlink: /home/user/install/turtlebot3_gazebo/share/turtlebot3_gazebo//worlds/maze.world
[1.779s] -- Up-to-date symlink: /home/user/install/turtlebot3_gazebo/share/turtlebot3_gazebo//worlds/old_floor_plan.world
[1.780s] -- Up-to-date symlink: /home/user/install/turtlebot3_gazebo/share/turtlebot3_gazebo//worlds/turtlebot3_dqn_stage1.world
[1.780s] -- Up-to-date symlink: /home/user/install/turtlebot3_gazebo/share/turtlebot3_gazebo//worlds/turtlebot3_dqn_stage2.world
[1.780s] -- Up-to-date symlink: /home/user/install/turtlebot3_gazebo/share/turtlebot3_gazebo//worlds/turtlebot3_dqn_stage3.world
[1.780s] -- Up-to-date symlink: /home/user/install/turtlebot3_gazebo/share/turtlebot3_gazebo//worlds/turtlebot3_dqn_stage4.world
[1.781s] -- Up-to-date symlink: /home/user/install/turtlebot3_gazebo/share/turtlebot3_gazebo//worlds/turtlebot3_house.world
[1.805s] -- Up-to-date symlink: /home/user/install/turtlebot3_gazebo/share/turtlebot3_gazebo//worlds/turtlebot3_world.world
[1.806s] -- Up-to-date symlink: /home/user/install/turtlebot3_gazebo/include//turtlebot3_gazebo/turtlebot3_drive.hpp
[1.806s] -- Up-to-date symlink: /home/user/install/turtlebot3_gazebo/share/ament_index/resource_index/package_run_dependencies/turtlebot3_gazebo
[1.807s] -- Up-to-date symlink: /home/user/install/turtlebot3_gazebo/share/ament_index/resource_index/parent_prefix_path/turtlebot3_gazebo
[1.807s] -- Up-to-date symlink: /home/user/install/turtlebot3_gazebo/share/turtlebot3_gazebo/environment/ament_prefix_path.sh
[1.807s] -- Up-to-date symlink: /home/user/install/turtlebot3_gazebo/share/turtlebot3_gazebo/environment/ament_prefix_path.dsv
[1.808s] -- Up-to-date symlink: /home/user/install/turtlebot3_gazebo/share/turtlebot3_gazebo/environment/path.sh
[1.808s] -- Up-to-date symlink: /home/user/install/turtlebot3_gazebo/share/turtlebot3_gazebo/environment/path.dsv
[1.808s] -- Up-to-date symlink: /home/user/install/turtlebot3_gazebo/share/turtlebot3_gazebo/local_setup.bash
[1.808s] -- Up-to-date symlink: /home/user/install/turtlebot3_gazebo/share/turtlebot3_gazebo/local_setup.sh
[1.808s] -- Up-to-date symlink: /home/user/install/turtlebot3_gazebo/share/turtlebot3_gazebo/local_setup.zsh
[1.809s] -- Up-to-date symlink: /home/user/install/turtlebot3_gazebo/share/turtlebot3_gazebo/local_setup.dsv
[1.809s] -- Symlinking: /home/user/install/turtlebot3_gazebo/share/turtlebot3_gazebo/package.dsv
[1.809s] -- Up-to-date symlink: /home/user/install/turtlebot3_gazebo/share/ament_index/resource_index/packages/turtlebot3_gazebo
[1.809s] -- Up-to-date symlink: /home/user/install/turtlebot3_gazebo/share/turtlebot3_gazebo/cmake/ament_cmake_export_include_directories-extras.cmake
[1.810s] -- Up-to-date symlink: /home/user/install/turtlebot3_gazebo/share/turtlebot3_gazebo/cmake/ament_cmake_export_dependencies-extras.cmake
[1.810s] -- Up-to-date symlink: /home/user/install/turtlebot3_gazebo/share/turtlebot3_gazebo/cmake/turtlebot3_gazeboConfig.cmake
[1.810s] -- Up-to-date symlink: /home/user/install/turtlebot3_gazebo/share/turtlebot3_gazebo/cmake/turtlebot3_gazeboConfig-version.cmake
[1.810s] -- Up-to-date symlink: /home/user/install/turtlebot3_gazebo/share/turtlebot3_gazebo/package.xml
[1.870s] Invoked command in '/home/user/build/turtlebot3_gazebo' returned '0': CMAKE_PREFIX_PATH=${CMAKE_PREFIX_PATH}:/home/user/turtlebot3_ws/install/project_package:/home/user/ros2_ws/install/my_package:/opt/ros/humble _=/usr/bin/env /usr/bin/cmake --install /home/user/build/turtlebot3_gazebo
