[1.103s] Invoking command in '/home/user/build/turtlebot3_fake_node': CMAKE_PREFIX_PATH=${CMAKE_PREFIX_PATH}:/home/user/turtlebot3_ws/install/project_package:/home/user/ros2_ws/install/my_package:/opt/ros/humble _=/usr/bin/env /usr/bin/cmake /home/user/turtlebot3_ws/src/turtlebot3_fake_node -DCMAKE_INSTALL_PREFIX=/home/user/install/turtlebot3_fake_node
[4.718s] -- Found ament_cmake: 1.3.2 (/opt/ros/humble/share/ament_cmake/cmake)
[4.719s] -- Override CMake install command with custom implementation using symlinks instead of copying resources
[4.720s] -- Found geometry_msgs: 4.2.2 (/opt/ros/humble/share/geometry_msgs/cmake)
[4.794s] -- Found rosidl_generator_c: 3.1.3 (/opt/ros/humble/share/rosidl_generator_c/cmake)
[4.794s] -- Found rosidl_adapter: 3.1.3 (/opt/ros/humble/share/rosidl_adapter/cmake)
[4.794s] -- Found rosidl_generator_cpp: 3.1.3 (/opt/ros/humble/share/rosidl_generator_cpp/cmake)
[4.794s] -- Using all available rosidl_typesupport_c: rosidl_typesupport_fastrtps_c;rosidl_typesupport_introspection_c
[4.794s] -- Using all available rosidl_typesupport_cpp: rosidl_typesupport_fastrtps_cpp;rosidl_typesupport_introspection_cpp
[5.804s] -- Found nav_msgs: 4.2.2 (/opt/ros/humble/share/nav_msgs/cmake)
[6.593s] -- Found rclcpp: 16.0.1 (/opt/ros/humble/share/rclcpp/cmake)
[7.016s] -- Found rmw_implementation_cmake: 6.1.0 (/opt/ros/humble/share/rmw_implementation_cmake/cmake)
[7.094s] -- Found rmw_cyclonedds_cpp: 1.3.4 (/opt/ros/humble/share/rmw_cyclonedds_cpp/cmake)
[7.396s] -- Using RMW implementation 'rmw_cyclonedds_cpp' as default
[8.520s] -- Found sensor_msgs: 4.2.2 (/opt/ros/humble/share/sensor_msgs/cmake)
[9.206s] -- Found tf2: 0.25.1 (/opt/ros/humble/share/tf2/cmake)
[9.295s] -- Found tf2_msgs: 0.25.1 (/opt/ros/humble/share/tf2_msgs/cmake)
[10.321s] -- Found turtlebot3_msgs: 2.2.3 (/opt/ros/humble/share/turtlebot3_msgs/cmake)
[12.405s] -- Configuring done
[12.706s] -- Generating done
[12.794s] -- Build files have been written to: /home/user/build/turtlebot3_fake_node
[12.912s] Invoked command in '/home/user/build/turtlebot3_fake_node' returned '0': CMAKE_PREFIX_PATH=${CMAKE_PREFIX_PATH}:/home/user/turtlebot3_ws/install/project_package:/home/user/ros2_ws/install/my_package:/opt/ros/humble _=/usr/bin/env /usr/bin/cmake /home/user/turtlebot3_ws/src/turtlebot3_fake_node -DCMAKE_INSTALL_PREFIX=/home/user/install/turtlebot3_fake_node
[12.916s] Invoking command in '/home/user/build/turtlebot3_fake_node': CMAKE_PREFIX_PATH=${CMAKE_PREFIX_PATH}:/home/user/turtlebot3_ws/install/project_package:/home/user/ros2_ws/install/my_package:/opt/ros/humble _=/usr/bin/env /usr/bin/cmake --build /home/user/build/turtlebot3_fake_node -- -j8 -l8
[13.494s] [35m[1mConsolidate compiler generated dependencies of target turtlebot3_fake_node[0m
[14.111s] [100%] Built target turtlebot3_fake_node
[14.297s] Invoked command in '/home/user/build/turtlebot3_fake_node' returned '0': CMAKE_PREFIX_PATH=${CMAKE_PREFIX_PATH}:/home/user/turtlebot3_ws/install/project_package:/home/user/ros2_ws/install/my_package:/opt/ros/humble _=/usr/bin/env /usr/bin/cmake --build /home/user/build/turtlebot3_fake_node -- -j8 -l8
[15.694s] Invoking command in '/home/user/build/turtlebot3_fake_node': CMAKE_PREFIX_PATH=${CMAKE_PREFIX_PATH}:/home/user/turtlebot3_ws/install/project_package:/home/user/ros2_ws/install/my_package:/opt/ros/humble _=/usr/bin/env /usr/bin/cmake --install /home/user/build/turtlebot3_fake_node
[15.893s] -- Install configuration: ""
[15.893s] -- Execute custom install script
[15.893s] -- Up-to-date symlink: /home/user/install/turtlebot3_fake_node/lib/turtlebot3_fake_node/turtlebot3_fake_node
[15.903s] -- Up-to-date symlink: /home/user/install/turtlebot3_fake_node/share/turtlebot3_fake_node/launch/rviz2.launch.py
[15.903s] -- Up-to-date symlink: /home/user/install/turtlebot3_fake_node/share/turtlebot3_fake_node/launch/turtlebot3_fake_node.launch.py
[15.904s] -- Up-to-date symlink: /home/user/install/turtlebot3_fake_node/share/turtlebot3_fake_node/param/burger.yaml
[15.904s] -- Up-to-date symlink: /home/user/install/turtlebot3_fake_node/share/turtlebot3_fake_node/param/waffle.yaml
[15.904s] -- Up-to-date symlink: /home/user/install/turtlebot3_fake_node/share/turtlebot3_fake_node/param/waffle_pi.yaml
[15.905s] -- Up-to-date symlink: /home/user/install/turtlebot3_fake_node/include//turtlebot3_fake_node/turtlebot3_fake_node.hpp
[15.905s] -- Up-to-date symlink: /home/user/install/turtlebot3_fake_node/share/ament_index/resource_index/package_run_dependencies/turtlebot3_fake_node
[15.905s] -- Up-to-date symlink: /home/user/install/turtlebot3_fake_node/share/ament_index/resource_index/parent_prefix_path/turtlebot3_fake_node
[15.906s] -- Up-to-date symlink: /home/user/install/turtlebot3_fake_node/share/turtlebot3_fake_node/environment/ament_prefix_path.sh
[15.906s] -- Up-to-date symlink: /home/user/install/turtlebot3_fake_node/share/turtlebot3_fake_node/environment/ament_prefix_path.dsv
[15.906s] -- Up-to-date symlink: /home/user/install/turtlebot3_fake_node/share/turtlebot3_fake_node/environment/path.sh
[15.907s] -- Up-to-date symlink: /home/user/install/turtlebot3_fake_node/share/turtlebot3_fake_node/environment/path.dsv
[15.907s] -- Up-to-date symlink: /home/user/install/turtlebot3_fake_node/share/turtlebot3_fake_node/local_setup.bash
[15.908s] -- Up-to-date symlink: /home/user/install/turtlebot3_fake_node/share/turtlebot3_fake_node/local_setup.sh
[15.997s] -- Up-to-date symlink: /home/user/install/turtlebot3_fake_node/share/turtlebot3_fake_node/local_setup.zsh
[15.998s] -- Up-to-date symlink: /home/user/install/turtlebot3_fake_node/share/turtlebot3_fake_node/local_setup.dsv
[15.999s] -- Symlinking: /home/user/install/turtlebot3_fake_node/share/turtlebot3_fake_node/package.dsv
[16.095s] -- Up-to-date symlink: /home/user/install/turtlebot3_fake_node/share/ament_index/resource_index/packages/turtlebot3_fake_node
[16.095s] -- Up-to-date symlink: /home/user/install/turtlebot3_fake_node/share/turtlebot3_fake_node/cmake/ament_cmake_export_include_directories-extras.cmake
[16.096s] -- Up-to-date symlink: /home/user/install/turtlebot3_fake_node/share/turtlebot3_fake_node/cmake/ament_cmake_export_dependencies-extras.cmake
[16.097s] -- Up-to-date symlink: /home/user/install/turtlebot3_fake_node/share/turtlebot3_fake_node/cmake/turtlebot3_fake_nodeConfig.cmake
[16.098s] -- Up-to-date symlink: /home/user/install/turtlebot3_fake_node/share/turtlebot3_fake_node/cmake/turtlebot3_fake_nodeConfig-version.cmake
[16.098s] -- Up-to-date symlink: /home/user/install/turtlebot3_fake_node/share/turtlebot3_fake_node/package.xml
[16.111s] Invoked command in '/home/user/build/turtlebot3_fake_node' returned '0': CMAKE_PREFIX_PATH=${CMAKE_PREFIX_PATH}:/home/user/turtlebot3_ws/install/project_package:/home/user/ros2_ws/install/my_package:/opt/ros/humble _=/usr/bin/env /usr/bin/cmake --install /home/user/build/turtlebot3_fake_node
