running egg_info
writing ../build/project_package/project_package.egg-info/PKG-INFO
writing dependency_links to ../build/project_package/project_package.egg-info/dependency_links.txt
writing entry points to ../build/project_package/project_package.egg-info/entry_points.txt
writing requirements to ../build/project_package/project_package.egg-info/requires.txt
writing top-level names to ../build/project_package/project_package.egg-info/top_level.txt
reading manifest file '../build/project_package/project_package.egg-info/SOURCES.txt'
writing manifest file '../build/project_package/project_package.egg-info/SOURCES.txt'
running build
running build_py
copying project_package/go_to_goal.py -> /home/user/turtlebot3_ws/src/build/project_package/build/lib/project_package
running install
/usr/lib/python3/dist-packages/setuptools/command/install.py:34: SetuptoolsDeprecationWarning: setup.py install is deprecated. Use build and pip and other standards-based tools.
  warnings.warn(
running install_lib
copying /home/user/turtlebot3_ws/src/build/project_package/build/lib/project_package/go_to_goal.py -> /home/user/turtlebot3_ws/src/install/project_package/lib/python3.10/site-packages/project_package
byte-compiling /home/user/turtlebot3_ws/src/install/project_package/lib/python3.10/site-packages/project_package/go_to_goal.py to go_to_goal.cpython-310.pyc
running install_data
copying package.xml -> /home/user/turtlebot3_ws/src/install/project_package/share/project_package
running install_egg_info
removing '/home/user/turtlebot3_ws/src/install/project_package/lib/python3.10/site-packages/project_package-0.0.0-py3.10.egg-info' (and everything under it)
Copying ../build/project_package/project_package.egg-info to /home/user/turtlebot3_ws/src/install/project_package/lib/python3.10/site-packages/project_package-0.0.0-py3.10.egg-info
running install_scripts
Installing go_to_goal script to /home/user/turtlebot3_ws/src/install/project_package/lib/project_package
Installing goal_navigator script to /home/user/turtlebot3_ws/src/install/project_package/lib/project_package
Installing project_node script to /home/user/turtlebot3_ws/src/install/project_package/lib/project_package
writing list of installed files to '/home/user/turtlebot3_ws/src/build/project_package/install.log'
