[8.693s] Invoking command in '/home/user/turtlebot3_ws/src/project_package': PYTHONPATH=/home/user/turtlebot3_ws/install/project_package/lib/python3.10/site-packages:${PYTHONPATH} _=/usr/bin/env /usr/bin/python3 setup.py egg_info --egg-base ../../build/project_package build --build-base /home/user/turtlebot3_ws/build/project_package/build install --prefix /home/user/turtlebot3_ws/install/project_package --record /home/user/turtlebot3_ws/build/project_package/install.log --single-version-externally-managed
[11.197s] running egg_info
[11.262s] writing ../../build/project_package/project_package.egg-info/PKG-INFO
[11.267s] writing dependency_links to ../../build/project_package/project_package.egg-info/dependency_links.txt
[11.267s] writing entry points to ../../build/project_package/project_package.egg-info/entry_points.txt
[11.267s] writing requirements to ../../build/project_package/project_package.egg-info/requires.txt
[11.268s] writing top-level names to ../../build/project_package/project_package.egg-info/top_level.txt
[11.276s] reading manifest file '../../build/project_package/project_package.egg-info/SOURCES.txt'
[11.289s] writing manifest file '../../build/project_package/project_package.egg-info/SOURCES.txt'
[11.289s] running build
[11.290s] running build_py
[11.290s] copying project_package/go_to_goal.py -> /home/user/turtlebot3_ws/build/project_package/build/lib/project_package
[11.290s] running install
[11.299s] /usr/lib/python3/dist-packages/setuptools/command/install.py:34: SetuptoolsDeprecationWarning: setup.py install is deprecated. Use build and pip and other standards-based tools.
[11.299s]   warnings.warn(
[11.358s] running install_lib
[11.359s] copying /home/user/turtlebot3_ws/build/project_package/build/lib/project_package/go_to_goal.py -> /home/user/turtlebot3_ws/install/project_package/lib/python3.10/site-packages/project_package
[11.371s] byte-compiling /home/user/turtlebot3_ws/install/project_package/lib/python3.10/site-packages/project_package/go_to_goal.py to go_to_goal.cpython-310.pyc
[11.372s] running install_data
[11.397s] copying package.xml -> /home/user/turtlebot3_ws/install/project_package/share/project_package
[11.398s] running install_egg_info
[11.462s] removing '/home/user/turtlebot3_ws/install/project_package/lib/python3.10/site-packages/project_package-0.0.0-py3.10.egg-info' (and everything under it)
[11.462s] Copying ../../build/project_package/project_package.egg-info to /home/user/turtlebot3_ws/install/project_package/lib/python3.10/site-packages/project_package-0.0.0-py3.10.egg-info
[11.464s] running install_scripts
[11.880s] Installing go_to_goal script to /home/user/turtlebot3_ws/install/project_package/lib/project_package
[11.882s] Installing goal_navigator script to /home/user/turtlebot3_ws/install/project_package/lib/project_package
[11.883s] Installing project_node script to /home/user/turtlebot3_ws/install/project_package/lib/project_package
[11.888s] writing list of installed files to '/home/user/turtlebot3_ws/build/project_package/install.log'
[12.082s] Invoked command in '/home/user/turtlebot3_ws/src/project_package' returned '0': PYTHONPATH=/home/user/turtlebot3_ws/install/project_package/lib/python3.10/site-packages:${PYTHONPATH} _=/usr/bin/env /usr/bin/python3 setup.py egg_info --egg-base ../../build/project_package build --build-base /home/user/turtlebot3_ws/build/project_package/build install --prefix /home/user/turtlebot3_ws/install/project_package --record /home/user/turtlebot3_ws/build/project_package/install.log --single-version-externally-managed
