[2.759s] Invoking command in '/home/user/ros2_ws/src/my_package': PYTHONPATH=/home/user/install/my_package/lib/python3.10/site-packages:${PYTHONPATH} _=/usr/bin/env /usr/bin/python3 setup.py egg_info --egg-base ../../../build/my_package build --build-base /home/user/build/my_package/build install --prefix /home/user/install/my_package --record /home/user/build/my_package/install.log --single-version-externally-managed
[3.204s] /usr/lib/python3/dist-packages/setuptools/command/install.py:34: SetuptoolsDeprecationWarning: setup.py install is deprecated. Use build and pip and other standards-based tools.
[3.204s]   warnings.warn(
[3.205s] running egg_info
[3.205s] writing ../../../build/my_package/my_package.egg-info/PKG-INFO
[3.205s] writing dependency_links to ../../../build/my_package/my_package.egg-info/dependency_links.txt
[3.205s] writing entry points to ../../../build/my_package/my_package.egg-info/entry_points.txt
[3.206s] writing requirements to ../../../build/my_package/my_package.egg-info/requires.txt
[3.206s] writing top-level names to ../../../build/my_package/my_package.egg-info/top_level.txt
[3.206s] reading manifest file '../../../build/my_package/my_package.egg-info/SOURCES.txt'
[3.206s] writing manifest file '../../../build/my_package/my_package.egg-info/SOURCES.txt'
[3.206s] running build
[3.207s] running build_py
[3.207s] running install
[3.207s] running install_lib
[3.207s] running install_data
[3.208s] running install_egg_info
[3.208s] removing '/home/user/install/my_package/lib/python3.10/site-packages/my_package-0.0.0-py3.10.egg-info' (and everything under it)
[3.208s] Copying ../../../build/my_package/my_package.egg-info to /home/user/install/my_package/lib/python3.10/site-packages/my_package-0.0.0-py3.10.egg-info
[3.208s] running install_scripts
[3.230s] Installing control_turtle script to /home/user/install/my_package/lib/my_package
[3.231s] Installing draw_circle script to /home/user/install/my_package/lib/my_package
[3.231s] Installing first_node script to /home/user/install/my_package/lib/my_package
[3.231s] Installing pose_subscriber script to /home/user/install/my_package/lib/my_package
[3.231s] writing list of installed files to '/home/user/build/my_package/install.log'
[3.267s] Invoked command in '/home/user/ros2_ws/src/my_package' returned '0': PYTHONPATH=/home/user/install/my_package/lib/python3.10/site-packages:${PYTHONPATH} _=/usr/bin/env /usr/bin/python3 setup.py egg_info --egg-base ../../../build/my_package build --build-base /home/user/build/my_package/build install --prefix /home/user/install/my_package --record /home/user/build/my_package/install.log --single-version-externally-managed
