[2.405s] Invoking command in '/home/user/build/my_package': PYTHONPATH=/home/user/install/my_package/lib/python3.10/site-packages:${PYTHONPATH} _=/usr/bin/env /usr/bin/python3 setup.py develop --prefix /home/user/install/my_package --editable --build-directory /home/user/build/my_package/build --no-deps install_data --install-dir /home/user/install/my_package
[2.886s] running develop
[2.887s] /usr/lib/python3/dist-packages/setuptools/command/easy_install.py:158: EasyInstallDeprecationWarning: easy_install command is deprecated. Use build and pip and other standards-based tools.
[2.887s]   warnings.warn(
[2.890s] /usr/lib/python3/dist-packages/setuptools/command/install.py:34: SetuptoolsDeprecationWarning: setup.py install is deprecated. Use build and pip and other standards-based tools.
[2.890s]   warnings.warn(
[3.011s] /usr/lib/python3/dist-packages/pkg_resources/__init__.py:116: PkgResourcesDeprecationWarning: 1.1build1 is an invalid version and will not be supported in a future release
[3.012s]   warnings.warn(
[3.242s] running egg_info
[3.242s] writing my_package.egg-info/PKG-INFO
[3.242s] writing dependency_links to my_package.egg-info/dependency_links.txt
[3.244s] writing entry points to my_package.egg-info/entry_points.txt
[3.244s] writing requirements to my_package.egg-info/requires.txt
[3.244s] writing top-level names to my_package.egg-info/top_level.txt
[3.248s] reading manifest file 'my_package.egg-info/SOURCES.txt'
[3.250s] writing manifest file 'my_package.egg-info/SOURCES.txt'
[3.252s] running build_ext
[3.253s] Creating /home/user/install/my_package/lib/python3.10/site-packages/my-package.egg-link (link to .)
[3.255s] Installing control_turtle script to /home/user/install/my_package/lib/my_package
[3.255s] Installing draw_circle script to /home/user/install/my_package/lib/my_package
[3.256s] Installing first_node script to /home/user/install/my_package/lib/my_package
[3.256s] Installing pose_subscriber script to /home/user/install/my_package/lib/my_package
[3.257s] Installing project_node script to /home/user/install/my_package/lib/my_package
[3.257s] 
[3.257s] Installed /home/user/build/my_package
[3.258s] running install_data
[3.302s] Invoked command in '/home/user/build/my_package' returned '0': PYTHONPATH=/home/user/install/my_package/lib/python3.10/site-packages:${PYTHONPATH} _=/usr/bin/env /usr/bin/python3 setup.py develop --prefix /home/user/install/my_package --editable --build-directory /home/user/build/my_package/build --no-deps install_data --install-dir /home/user/install/my_package
