[0.715s] Invoking command in '/home/user/ros2_ws/build/my_package': PYTHONPATH=/home/user/ros2_ws/install/my_package/lib/python3.10/site-packages:${PYTHONPATH} _=/usr/bin/env /usr/bin/python3 setup.py develop --prefix /home/user/ros2_ws/install/my_package --uninstall --editable --build-directory /home/user/ros2_ws/build/my_package/build
[1.017s] running develop
[1.017s] /usr/lib/python3/dist-packages/setuptools/command/easy_install.py:158: EasyInstallDeprecationWarning: easy_install command is deprecated. Use build and pip and other standards-based tools.
[1.018s]   warnings.warn(
[1.019s] /usr/lib/python3/dist-packages/setuptools/command/install.py:34: SetuptoolsDeprecationWarning: setup.py install is deprecated. Use build and pip and other standards-based tools.
[1.019s]   warnings.warn(
[1.094s] /usr/lib/python3/dist-packages/pkg_resources/__init__.py:116: PkgResourcesDeprecationWarning: 1.1build1 is an invalid version and will not be supported in a future release
[1.094s]   warnings.warn(
[1.254s] Invoked command in '/home/user/ros2_ws/build/my_package' returned '0': PYTHONPATH=/home/user/ros2_ws/install/my_package/lib/python3.10/site-packages:${PYTHONPATH} _=/usr/bin/env /usr/bin/python3 setup.py develop --prefix /home/user/ros2_ws/install/my_package --uninstall --editable --build-directory /home/user/ros2_ws/build/my_package/build
[1.256s] Invoking command in '/home/user/ros2_ws/src/my_package': PYTHONPATH=/home/user/ros2_ws/install/my_package/lib/python3.10/site-packages:${PYTHONPATH} _=/usr/bin/env /usr/bin/python3 setup.py egg_info --egg-base ../../build/my_package build --build-base /home/user/ros2_ws/build/my_package/build install --prefix /home/user/ros2_ws/install/my_package --record /home/user/ros2_ws/build/my_package/install.log --single-version-externally-managed
[1.534s] running egg_info
[1.535s] writing ../../build/my_package/my_package.egg-info/PKG-INFO
[1.535s] writing dependency_links to ../../build/my_package/my_package.egg-info/dependency_links.txt
[1.536s] writing entry points to ../../build/my_package/my_package.egg-info/entry_points.txt
[1.536s] writing requirements to ../../build/my_package/my_package.egg-info/requires.txt
[1.536s] writing top-level names to ../../build/my_package/my_package.egg-info/top_level.txt
[1.538s] reading manifest file '../../build/my_package/my_package.egg-info/SOURCES.txt'
[1.539s] writing manifest file '../../build/my_package/my_package.egg-info/SOURCES.txt'
[1.539s] running build
[1.539s] running build_py
[1.539s] running install
[1.539s] /usr/lib/python3/dist-packages/setuptools/command/install.py:34: SetuptoolsDeprecationWarning: setup.py install is deprecated. Use build and pip and other standards-based tools.
[1.540s]   warnings.warn(
[1.540s] running install_lib
[1.541s] running install_data
[1.542s] copying urdf/bot.urdf -> /home/user/ros2_ws/install/my_package/share/my_package/urdf
[1.542s] running install_egg_info
[1.543s] removing '/home/user/ros2_ws/install/my_package/lib/python3.10/site-packages/my_package-0.0.0-py3.10.egg-info' (and everything under it)
[1.544s] Copying ../../build/my_package/my_package.egg-info to /home/user/ros2_ws/install/my_package/lib/python3.10/site-packages/my_package-0.0.0-py3.10.egg-info
[1.545s] running install_scripts
[1.566s] Installing control_turtle script to /home/user/ros2_ws/install/my_package/lib/my_package
[1.566s] Installing draw_circle script to /home/user/ros2_ws/install/my_package/lib/my_package
[1.567s] Installing first_node script to /home/user/ros2_ws/install/my_package/lib/my_package
[1.567s] Installing pose_subscriber script to /home/user/ros2_ws/install/my_package/lib/my_package
[1.567s] writing list of installed files to '/home/user/ros2_ws/build/my_package/install.log'
[1.588s] Invoked command in '/home/user/ros2_ws/src/my_package' returned '0': PYTHONPATH=/home/user/ros2_ws/install/my_package/lib/python3.10/site-packages:${PYTHONPATH} _=/usr/bin/env /usr/bin/python3 setup.py egg_info --egg-base ../../build/my_package build --build-base /home/user/ros2_ws/build/my_package/build install --prefix /home/user/ros2_ws/install/my_package --record /home/user/ros2_ws/build/my_package/install.log --single-version-externally-managed
