[9.588s] Invoking command in '/home/user/turtlebot3_ws/src/project_package': PYTHONPATH=/home/user/install/project_package/lib/python3.10/site-packages:${PYTHONPATH} _=/usr/bin/env /usr/bin/python3 setup.py egg_info --egg-base ../../../build/project_package build --build-base /home/user/build/project_package/build install --prefix /home/user/install/project_package --record /home/user/build/project_package/install.log --single-version-externally-managed
[12.009s] running egg_info
[12.014s] writing ../../../build/project_package/project_package.egg-info/PKG-INFO
[12.016s] writing dependency_links to ../../../build/project_package/project_package.egg-info/dependency_links.txt
[12.017s] writing entry points to ../../../build/project_package/project_package.egg-info/entry_points.txt
[12.018s] writing requirements to ../../../build/project_package/project_package.egg-info/requires.txt
[12.018s] writing top-level names to ../../../build/project_package/project_package.egg-info/top_level.txt
[12.031s] reading manifest file '../../../build/project_package/project_package.egg-info/SOURCES.txt'
[12.085s] /usr/lib/python3/dist-packages/setuptools/command/install.py:34: SetuptoolsDeprecationWarning: setup.py install is deprecated. Use build and pip and other standards-based tools.
[12.085s]   warnings.warn(
[12.085s] writing manifest file '../../../build/project_package/project_package.egg-info/SOURCES.txt'
[12.086s] running build
[12.086s] running build_py
[12.086s] running install
[12.086s] running install_lib
[12.086s] running install_data
[12.087s] running install_egg_info
[12.094s] removing '/home/user/install/project_package/lib/python3.10/site-packages/project_package-0.0.0-py3.10.egg-info' (and everything under it)
[12.095s] Copying ../../../build/project_package/project_package.egg-info to /home/user/install/project_package/lib/python3.10/site-packages/project_package-0.0.0-py3.10.egg-info
[12.098s] running install_scripts
[12.202s] Installing go_to_goal script to /home/user/install/project_package/lib/project_package
[12.203s] Installing goal_navigator script to /home/user/install/project_package/lib/project_package
[12.203s] Installing project_node script to /home/user/install/project_package/lib/project_package
[12.204s] writing list of installed files to '/home/user/build/project_package/install.log'
[12.332s] Invoked command in '/home/user/turtlebot3_ws/src/project_package' returned '0': PYTHONPATH=/home/user/install/project_package/lib/python3.10/site-packages:${PYTHONPATH} _=/usr/bin/env /usr/bin/python3 setup.py egg_info --egg-base ../../../build/project_package build --build-base /home/user/build/project_package/build install --prefix /home/user/install/project_package --record /home/user/build/project_package/install.log --single-version-externally-managed
