[1.085s] DEBUG:colcon:Command line arguments: ['/usr/bin/colcon', 'build']
[1.085s] DEBUG:colcon:Parsed command line arguments: Namespace(log_base=None, log_level=None, verb_name='build', build_base='build', install_base='install', merge_install=False, symlink_install=False, test_result_base=None, continue_on_error=False, executor='parallel', parallel_workers=8, event_handlers=None, ignore_user_meta=False, metas=['./colcon.meta'], base_paths=['.'], packages_ignore=None, packages_ignore_regex=None, paths=None, packages_up_to=None, packages_up_to_regex=None, packages_above=None, packages_above_and_dependencies=None, packages_above_depth=None, packages_select_by_dep=None, packages_skip_by_dep=None, packages_skip_up_to=None, packages_select_build_failed=False, packages_skip_build_finished=False, packages_select_test_failures=False, packages_skip_test_passed=False, packages_select=None, packages_skip=None, packages_select_regex=None, packages_skip_regex=None, packages_start=None, packages_end=None, cmake_args=None, cmake_target=None, cmake_target_skip_unavailable=False, cmake_clean_cache=False, cmake_clean_first=False, cmake_force_configure=False, ament_cmake_args=None, catkin_cmake_args=None, catkin_skip_building_tests=False, mixin_files=None, mixin=None, verb_parser=<colcon_mixin.mixin.mixin_argument.MixinArgumentDecorator object at 0x7fa6524ca950>, verb_extension=<colcon_core.verb.build.BuildVerb object at 0x7fa652e2db40>, main=<bound method BuildVerb.main of <colcon_core.verb.build.BuildVerb object at 0x7fa652e2db40>>, mixin_verb=('build',))
[1.191s] Level 1:colcon.colcon_core.package_discovery:discover_packages(colcon_meta) check parameters
[1.191s] Level 1:colcon.colcon_core.package_discovery:discover_packages(recursive) check parameters
[1.191s] Level 1:colcon.colcon_core.package_discovery:discover_packages(ignore) check parameters
[1.191s] Level 1:colcon.colcon_core.package_discovery:discover_packages(path) check parameters
[1.191s] Level 1:colcon.colcon_core.package_discovery:discover_packages(colcon_meta) discover
[1.191s] Level 1:colcon.colcon_core.package_discovery:discover_packages(recursive) discover
[1.191s] INFO:colcon.colcon_core.package_discovery:Crawling recursively for packages in '/home/user'
[1.192s] Level 1:colcon.colcon_core.package_identification:_identify(.) by extensions ['ignore', 'ignore_ament_install']
[1.192s] Level 1:colcon.colcon_core.package_identification:_identify(.) by extension 'ignore'
[1.192s] Level 1:colcon.colcon_core.package_identification:_identify(.) by extension 'ignore_ament_install'
[1.192s] Level 1:colcon.colcon_core.package_identification:_identify(.) by extensions ['colcon_pkg']
[1.192s] Level 1:colcon.colcon_core.package_identification:_identify(.) by extension 'colcon_pkg'
[1.192s] Level 1:colcon.colcon_core.package_identification:_identify(.) by extensions ['colcon_meta']
[1.192s] Level 1:colcon.colcon_core.package_identification:_identify(.) by extension 'colcon_meta'
[1.192s] Level 1:colcon.colcon_core.package_identification:_identify(.) by extensions ['ros']
[1.192s] Level 1:colcon.colcon_core.package_identification:_identify(.) by extension 'ros'
[1.222s] Level 1:colcon.colcon_core.package_identification:_identify(.) by extensions ['cmake', 'python']
[1.223s] Level 1:colcon.colcon_core.package_identification:_identify(.) by extension 'cmake'
[1.223s] Level 1:colcon.colcon_core.package_identification:_identify(.) by extension 'python'
[1.223s] Level 1:colcon.colcon_core.package_identification:_identify(.) by extensions ['python_setup_py']
[1.223s] Level 1:colcon.colcon_core.package_identification:_identify(.) by extension 'python_setup_py'
[1.223s] Level 1:colcon.colcon_core.package_identification:_identify(build) by extensions ['ignore', 'ignore_ament_install']
[1.223s] Level 1:colcon.colcon_core.package_identification:_identify(build) by extension 'ignore'
[1.223s] Level 1:colcon.colcon_core.package_identification:_identify(build) ignored
[1.224s] Level 1:colcon.colcon_core.package_identification:_identify(building_editor_models) by extensions ['ignore', 'ignore_ament_install']
[1.224s] Level 1:colcon.colcon_core.package_identification:_identify(building_editor_models) by extension 'ignore'
[1.224s] Level 1:colcon.colcon_core.package_identification:_identify(building_editor_models) by extension 'ignore_ament_install'
[1.224s] Level 1:colcon.colcon_core.package_identification:_identify(building_editor_models) by extensions ['colcon_pkg']
[1.224s] Level 1:colcon.colcon_core.package_identification:_identify(building_editor_models) by extension 'colcon_pkg'
[1.224s] Level 1:colcon.colcon_core.package_identification:_identify(building_editor_models) by extensions ['colcon_meta']
[1.224s] Level 1:colcon.colcon_core.package_identification:_identify(building_editor_models) by extension 'colcon_meta'
[1.225s] Level 1:colcon.colcon_core.package_identification:_identify(building_editor_models) by extensions ['ros']
[1.225s] Level 1:colcon.colcon_core.package_identification:_identify(building_editor_models) by extension 'ros'
[1.225s] Level 1:colcon.colcon_core.package_identification:_identify(building_editor_models) by extensions ['cmake', 'python']
[1.225s] Level 1:colcon.colcon_core.package_identification:_identify(building_editor_models) by extension 'cmake'
[1.225s] Level 1:colcon.colcon_core.package_identification:_identify(building_editor_models) by extension 'python'
[1.225s] Level 1:colcon.colcon_core.package_identification:_identify(building_editor_models) by extensions ['python_setup_py']
[1.225s] Level 1:colcon.colcon_core.package_identification:_identify(building_editor_models) by extension 'python_setup_py'
[1.225s] Level 1:colcon.colcon_core.package_identification:_identify(building_editor_models/floor) by extensions ['ignore', 'ignore_ament_install']
[1.226s] Level 1:colcon.colcon_core.package_identification:_identify(building_editor_models/floor) by extension 'ignore'
[1.226s] Level 1:colcon.colcon_core.package_identification:_identify(building_editor_models/floor) by extension 'ignore_ament_install'
[1.226s] Level 1:colcon.colcon_core.package_identification:_identify(building_editor_models/floor) by extensions ['colcon_pkg']
[1.226s] Level 1:colcon.colcon_core.package_identification:_identify(building_editor_models/floor) by extension 'colcon_pkg'
[1.226s] Level 1:colcon.colcon_core.package_identification:_identify(building_editor_models/floor) by extensions ['colcon_meta']
[1.226s] Level 1:colcon.colcon_core.package_identification:_identify(building_editor_models/floor) by extension 'colcon_meta'
[1.226s] Level 1:colcon.colcon_core.package_identification:_identify(building_editor_models/floor) by extensions ['ros']
[1.226s] Level 1:colcon.colcon_core.package_identification:_identify(building_editor_models/floor) by extension 'ros'
[1.226s] Level 1:colcon.colcon_core.package_identification:_identify(building_editor_models/floor) by extensions ['cmake', 'python']
[1.227s] Level 1:colcon.colcon_core.package_identification:_identify(building_editor_models/floor) by extension 'cmake'
[1.227s] Level 1:colcon.colcon_core.package_identification:_identify(building_editor_models/floor) by extension 'python'
[1.227s] Level 1:colcon.colcon_core.package_identification:_identify(building_editor_models/floor) by extensions ['python_setup_py']
[1.227s] Level 1:colcon.colcon_core.package_identification:_identify(building_editor_models/floor) by extension 'python_setup_py'
[1.227s] Level 1:colcon.colcon_core.package_identification:_identify(building_editor_models/floor/floor) by extensions ['ignore', 'ignore_ament_install']
[1.227s] Level 1:colcon.colcon_core.package_identification:_identify(building_editor_models/floor/floor) by extension 'ignore'
[1.227s] Level 1:colcon.colcon_core.package_identification:_identify(building_editor_models/floor/floor) by extension 'ignore_ament_install'
[1.227s] Level 1:colcon.colcon_core.package_identification:_identify(building_editor_models/floor/floor) by extensions ['colcon_pkg']
[1.228s] Level 1:colcon.colcon_core.package_identification:_identify(building_editor_models/floor/floor) by extension 'colcon_pkg'
[1.228s] Level 1:colcon.colcon_core.package_identification:_identify(building_editor_models/floor/floor) by extensions ['colcon_meta']
[1.228s] Level 1:colcon.colcon_core.package_identification:_identify(building_editor_models/floor/floor) by extension 'colcon_meta'
[1.228s] Level 1:colcon.colcon_core.package_identification:_identify(building_editor_models/floor/floor) by extensions ['ros']
[1.228s] Level 1:colcon.colcon_core.package_identification:_identify(building_editor_models/floor/floor) by extension 'ros'
[1.228s] Level 1:colcon.colcon_core.package_identification:_identify(building_editor_models/floor/floor) by extensions ['cmake', 'python']
[1.228s] Level 1:colcon.colcon_core.package_identification:_identify(building_editor_models/floor/floor) by extension 'cmake'
[1.228s] Level 1:colcon.colcon_core.package_identification:_identify(building_editor_models/floor/floor) by extension 'python'
[1.228s] Level 1:colcon.colcon_core.package_identification:_identify(building_editor_models/floor/floor) by extensions ['python_setup_py']
[1.228s] Level 1:colcon.colcon_core.package_identification:_identify(building_editor_models/floor/floor) by extension 'python_setup_py'
[1.229s] Level 1:colcon.colcon_core.package_identification:_identify(building_editor_models/maze) by extensions ['ignore', 'ignore_ament_install']
[1.229s] Level 1:colcon.colcon_core.package_identification:_identify(building_editor_models/maze) by extension 'ignore'
[1.229s] Level 1:colcon.colcon_core.package_identification:_identify(building_editor_models/maze) by extension 'ignore_ament_install'
[1.229s] Level 1:colcon.colcon_core.package_identification:_identify(building_editor_models/maze) by extensions ['colcon_pkg']
[1.229s] Level 1:colcon.colcon_core.package_identification:_identify(building_editor_models/maze) by extension 'colcon_pkg'
[1.229s] Level 1:colcon.colcon_core.package_identification:_identify(building_editor_models/maze) by extensions ['colcon_meta']
[1.229s] Level 1:colcon.colcon_core.package_identification:_identify(building_editor_models/maze) by extension 'colcon_meta'
[1.229s] Level 1:colcon.colcon_core.package_identification:_identify(building_editor_models/maze) by extensions ['ros']
[1.229s] Level 1:colcon.colcon_core.package_identification:_identify(building_editor_models/maze) by extension 'ros'
[1.230s] Level 1:colcon.colcon_core.package_identification:_identify(building_editor_models/maze) by extensions ['cmake', 'python']
[1.230s] Level 1:colcon.colcon_core.package_identification:_identify(building_editor_models/maze) by extension 'cmake'
[1.230s] Level 1:colcon.colcon_core.package_identification:_identify(building_editor_models/maze) by extension 'python'
[1.230s] Level 1:colcon.colcon_core.package_identification:_identify(building_editor_models/maze) by extensions ['python_setup_py']
[1.230s] Level 1:colcon.colcon_core.package_identification:_identify(building_editor_models/maze) by extension 'python_setup_py'
[1.230s] Level 1:colcon.colcon_core.package_identification:_identify(building_editor_models/old_floor) by extensions ['ignore', 'ignore_ament_install']
[1.230s] Level 1:colcon.colcon_core.package_identification:_identify(building_editor_models/old_floor) by extension 'ignore'
[1.230s] Level 1:colcon.colcon_core.package_identification:_identify(building_editor_models/old_floor) by extension 'ignore_ament_install'
[1.231s] Level 1:colcon.colcon_core.package_identification:_identify(building_editor_models/old_floor) by extensions ['colcon_pkg']
[1.231s] Level 1:colcon.colcon_core.package_identification:_identify(building_editor_models/old_floor) by extension 'colcon_pkg'
[1.231s] Level 1:colcon.colcon_core.package_identification:_identify(building_editor_models/old_floor) by extensions ['colcon_meta']
[1.231s] Level 1:colcon.colcon_core.package_identification:_identify(building_editor_models/old_floor) by extension 'colcon_meta'
[1.231s] Level 1:colcon.colcon_core.package_identification:_identify(building_editor_models/old_floor) by extensions ['ros']
[1.231s] Level 1:colcon.colcon_core.package_identification:_identify(building_editor_models/old_floor) by extension 'ros'
[1.231s] Level 1:colcon.colcon_core.package_identification:_identify(building_editor_models/old_floor) by extensions ['cmake', 'python']
[1.231s] Level 1:colcon.colcon_core.package_identification:_identify(building_editor_models/old_floor) by extension 'cmake'
[1.232s] Level 1:colcon.colcon_core.package_identification:_identify(building_editor_models/old_floor) by extension 'python'
[1.232s] Level 1:colcon.colcon_core.package_identification:_identify(building_editor_models/old_floor) by extensions ['python_setup_py']
[1.232s] Level 1:colcon.colcon_core.package_identification:_identify(building_editor_models/old_floor) by extension 'python_setup_py'
[1.232s] Level 1:colcon.colcon_core.package_identification:_identify(install) by extensions ['ignore', 'ignore_ament_install']
[1.232s] Level 1:colcon.colcon_core.package_identification:_identify(install) by extension 'ignore'
[1.232s] Level 1:colcon.colcon_core.package_identification:_identify(install) ignored
[1.233s] Level 1:colcon.colcon_core.package_identification:_identify(log) by extensions ['ignore', 'ignore_ament_install']
[1.233s] Level 1:colcon.colcon_core.package_identification:_identify(log) by extension 'ignore'
[1.233s] Level 1:colcon.colcon_core.package_identification:_identify(log) ignored
[1.233s] Level 1:colcon.colcon_core.package_identification:_identify(maps) by extensions ['ignore', 'ignore_ament_install']
[1.233s] Level 1:colcon.colcon_core.package_identification:_identify(maps) by extension 'ignore'
[1.234s] Level 1:colcon.colcon_core.package_identification:_identify(maps) by extension 'ignore_ament_install'
[1.234s] Level 1:colcon.colcon_core.package_identification:_identify(maps) by extensions ['colcon_pkg']
[1.234s] Level 1:colcon.colcon_core.package_identification:_identify(maps) by extension 'colcon_pkg'
[1.234s] Level 1:colcon.colcon_core.package_identification:_identify(maps) by extensions ['colcon_meta']
[1.234s] Level 1:colcon.colcon_core.package_identification:_identify(maps) by extension 'colcon_meta'
[1.234s] Level 1:colcon.colcon_core.package_identification:_identify(maps) by extensions ['ros']
[1.234s] Level 1:colcon.colcon_core.package_identification:_identify(maps) by extension 'ros'
[1.234s] Level 1:colcon.colcon_core.package_identification:_identify(maps) by extensions ['cmake', 'python']
[1.235s] Level 1:colcon.colcon_core.package_identification:_identify(maps) by extension 'cmake'
[1.235s] Level 1:colcon.colcon_core.package_identification:_identify(maps) by extension 'python'
[1.235s] Level 1:colcon.colcon_core.package_identification:_identify(maps) by extensions ['python_setup_py']
[1.235s] Level 1:colcon.colcon_core.package_identification:_identify(maps) by extension 'python_setup_py'
[1.235s] Level 1:colcon.colcon_core.package_identification:_identify(maps/temp) by extensions ['ignore', 'ignore_ament_install']
[1.235s] Level 1:colcon.colcon_core.package_identification:_identify(maps/temp) by extension 'ignore'
[1.235s] Level 1:colcon.colcon_core.package_identification:_identify(maps/temp) by extension 'ignore_ament_install'
[1.235s] Level 1:colcon.colcon_core.package_identification:_identify(maps/temp) by extensions ['colcon_pkg']
[1.236s] Level 1:colcon.colcon_core.package_identification:_identify(maps/temp) by extension 'colcon_pkg'
[1.236s] Level 1:colcon.colcon_core.package_identification:_identify(maps/temp) by extensions ['colcon_meta']
[1.236s] Level 1:colcon.colcon_core.package_identification:_identify(maps/temp) by extension 'colcon_meta'
[1.236s] Level 1:colcon.colcon_core.package_identification:_identify(maps/temp) by extensions ['ros']
[1.236s] Level 1:colcon.colcon_core.package_identification:_identify(maps/temp) by extension 'ros'
[1.236s] Level 1:colcon.colcon_core.package_identification:_identify(maps/temp) by extensions ['cmake', 'python']
[1.236s] Level 1:colcon.colcon_core.package_identification:_identify(maps/temp) by extension 'cmake'
[1.236s] Level 1:colcon.colcon_core.package_identification:_identify(maps/temp) by extension 'python'
[1.236s] Level 1:colcon.colcon_core.package_identification:_identify(maps/temp) by extensions ['python_setup_py']
[1.236s] Level 1:colcon.colcon_core.package_identification:_identify(maps/temp) by extension 'python_setup_py'
[1.237s] Level 1:colcon.colcon_core.package_identification:_identify(notebook_ws) by extensions ['ignore', 'ignore_ament_install']
[1.237s] Level 1:colcon.colcon_core.package_identification:_identify(notebook_ws) by extension 'ignore'
[1.237s] Level 1:colcon.colcon_core.package_identification:_identify(notebook_ws) by extension 'ignore_ament_install'
[1.237s] Level 1:colcon.colcon_core.package_identification:_identify(notebook_ws) by extensions ['colcon_pkg']
[1.237s] Level 1:colcon.colcon_core.package_identification:_identify(notebook_ws) by extension 'colcon_pkg'
[1.237s] Level 1:colcon.colcon_core.package_identification:_identify(notebook_ws) by extensions ['colcon_meta']
[1.237s] Level 1:colcon.colcon_core.package_identification:_identify(notebook_ws) by extension 'colcon_meta'
[1.237s] Level 1:colcon.colcon_core.package_identification:_identify(notebook_ws) by extensions ['ros']
[1.237s] Level 1:colcon.colcon_core.package_identification:_identify(notebook_ws) by extension 'ros'
[1.238s] Level 1:colcon.colcon_core.package_identification:_identify(notebook_ws) by extensions ['cmake', 'python']
[1.238s] Level 1:colcon.colcon_core.package_identification:_identify(notebook_ws) by extension 'cmake'
[1.238s] Level 1:colcon.colcon_core.package_identification:_identify(notebook_ws) by extension 'python'
[1.238s] Level 1:colcon.colcon_core.package_identification:_identify(notebook_ws) by extensions ['python_setup_py']
[1.238s] Level 1:colcon.colcon_core.package_identification:_identify(notebook_ws) by extension 'python_setup_py'
[1.238s] Level 1:colcon.colcon_core.package_identification:_identify(notebook_ws/images) by extensions ['ignore', 'ignore_ament_install']
[1.238s] Level 1:colcon.colcon_core.package_identification:_identify(notebook_ws/images) by extension 'ignore'
[1.238s] Level 1:colcon.colcon_core.package_identification:_identify(notebook_ws/images) by extension 'ignore_ament_install'
[1.239s] Level 1:colcon.colcon_core.package_identification:_identify(notebook_ws/images) by extensions ['colcon_pkg']
[1.239s] Level 1:colcon.colcon_core.package_identification:_identify(notebook_ws/images) by extension 'colcon_pkg'
[1.239s] Level 1:colcon.colcon_core.package_identification:_identify(notebook_ws/images) by extensions ['colcon_meta']
[1.239s] Level 1:colcon.colcon_core.package_identification:_identify(notebook_ws/images) by extension 'colcon_meta'
[1.239s] Level 1:colcon.colcon_core.package_identification:_identify(notebook_ws/images) by extensions ['ros']
[1.239s] Level 1:colcon.colcon_core.package_identification:_identify(notebook_ws/images) by extension 'ros'
[1.239s] Level 1:colcon.colcon_core.package_identification:_identify(notebook_ws/images) by extensions ['cmake', 'python']
[1.239s] Level 1:colcon.colcon_core.package_identification:_identify(notebook_ws/images) by extension 'cmake'
[1.239s] Level 1:colcon.colcon_core.package_identification:_identify(notebook_ws/images) by extension 'python'
[1.240s] Level 1:colcon.colcon_core.package_identification:_identify(notebook_ws/images) by extensions ['python_setup_py']
[1.240s] Level 1:colcon.colcon_core.package_identification:_identify(notebook_ws/images) by extension 'python_setup_py'
[1.240s] Level 1:colcon.colcon_core.package_identification:_identify(ros2_ws) by extensions ['ignore', 'ignore_ament_install']
[1.240s] Level 1:colcon.colcon_core.package_identification:_identify(ros2_ws) by extension 'ignore'
[1.240s] Level 1:colcon.colcon_core.package_identification:_identify(ros2_ws) by extension 'ignore_ament_install'
[1.240s] Level 1:colcon.colcon_core.package_identification:_identify(ros2_ws) by extensions ['colcon_pkg']
[1.240s] Level 1:colcon.colcon_core.package_identification:_identify(ros2_ws) by extension 'colcon_pkg'
[1.240s] Level 1:colcon.colcon_core.package_identification:_identify(ros2_ws) by extensions ['colcon_meta']
[1.241s] Level 1:colcon.colcon_core.package_identification:_identify(ros2_ws) by extension 'colcon_meta'
[1.241s] Level 1:colcon.colcon_core.package_identification:_identify(ros2_ws) by extensions ['ros']
[1.241s] Level 1:colcon.colcon_core.package_identification:_identify(ros2_ws) by extension 'ros'
[1.241s] Level 1:colcon.colcon_core.package_identification:_identify(ros2_ws) by extensions ['cmake', 'python']
[1.241s] Level 1:colcon.colcon_core.package_identification:_identify(ros2_ws) by extension 'cmake'
[1.241s] Level 1:colcon.colcon_core.package_identification:_identify(ros2_ws) by extension 'python'
[1.241s] Level 1:colcon.colcon_core.package_identification:_identify(ros2_ws) by extensions ['python_setup_py']
[1.241s] Level 1:colcon.colcon_core.package_identification:_identify(ros2_ws) by extension 'python_setup_py'
[1.242s] Level 1:colcon.colcon_core.package_identification:_identify(ros2_ws/build) by extensions ['ignore', 'ignore_ament_install']
[1.242s] Level 1:colcon.colcon_core.package_identification:_identify(ros2_ws/build) by extension 'ignore'
[1.242s] Level 1:colcon.colcon_core.package_identification:_identify(ros2_ws/build) ignored
[1.242s] Level 1:colcon.colcon_core.package_identification:_identify(ros2_ws/install) by extensions ['ignore', 'ignore_ament_install']
[1.242s] Level 1:colcon.colcon_core.package_identification:_identify(ros2_ws/install) by extension 'ignore'
[1.242s] Level 1:colcon.colcon_core.package_identification:_identify(ros2_ws/install) ignored
[1.242s] Level 1:colcon.colcon_core.package_identification:_identify(ros2_ws/log) by extensions ['ignore', 'ignore_ament_install']
[1.243s] Level 1:colcon.colcon_core.package_identification:_identify(ros2_ws/log) by extension 'ignore'
[1.243s] Level 1:colcon.colcon_core.package_identification:_identify(ros2_ws/log) ignored
[1.243s] Level 1:colcon.colcon_core.package_identification:_identify(ros2_ws/src) by extensions ['ignore', 'ignore_ament_install']
[1.243s] Level 1:colcon.colcon_core.package_identification:_identify(ros2_ws/src) by extension 'ignore'
[1.243s] Level 1:colcon.colcon_core.package_identification:_identify(ros2_ws/src) by extension 'ignore_ament_install'
[1.243s] Level 1:colcon.colcon_core.package_identification:_identify(ros2_ws/src) by extensions ['colcon_pkg']
[1.243s] Level 1:colcon.colcon_core.package_identification:_identify(ros2_ws/src) by extension 'colcon_pkg'
[1.244s] Level 1:colcon.colcon_core.package_identification:_identify(ros2_ws/src) by extensions ['colcon_meta']
[1.244s] Level 1:colcon.colcon_core.package_identification:_identify(ros2_ws/src) by extension 'colcon_meta'
[1.244s] Level 1:colcon.colcon_core.package_identification:_identify(ros2_ws/src) by extensions ['ros']
[1.244s] Level 1:colcon.colcon_core.package_identification:_identify(ros2_ws/src) by extension 'ros'
[1.244s] Level 1:colcon.colcon_core.package_identification:_identify(ros2_ws/src) by extensions ['cmake', 'python']
[1.244s] Level 1:colcon.colcon_core.package_identification:_identify(ros2_ws/src) by extension 'cmake'
[1.244s] Level 1:colcon.colcon_core.package_identification:_identify(ros2_ws/src) by extension 'python'
[1.244s] Level 1:colcon.colcon_core.package_identification:_identify(ros2_ws/src) by extensions ['python_setup_py']
[1.244s] Level 1:colcon.colcon_core.package_identification:_identify(ros2_ws/src) by extension 'python_setup_py'
[1.245s] Level 1:colcon.colcon_core.package_identification:_identify(ros2_ws/src/my_package) by extensions ['ignore', 'ignore_ament_install']
[1.245s] Level 1:colcon.colcon_core.package_identification:_identify(ros2_ws/src/my_package) by extension 'ignore'
[1.245s] Level 1:colcon.colcon_core.package_identification:_identify(ros2_ws/src/my_package) by extension 'ignore_ament_install'
[1.245s] Level 1:colcon.colcon_core.package_identification:_identify(ros2_ws/src/my_package) by extensions ['colcon_pkg']
[1.245s] Level 1:colcon.colcon_core.package_identification:_identify(ros2_ws/src/my_package) by extension 'colcon_pkg'
[1.245s] Level 1:colcon.colcon_core.package_identification:_identify(ros2_ws/src/my_package) by extensions ['colcon_meta']
[1.245s] Level 1:colcon.colcon_core.package_identification:_identify(ros2_ws/src/my_package) by extension 'colcon_meta'
[1.245s] Level 1:colcon.colcon_core.package_identification:_identify(ros2_ws/src/my_package) by extensions ['ros']
[1.245s] Level 1:colcon.colcon_core.package_identification:_identify(ros2_ws/src/my_package) by extension 'ros'
[1.249s] DEBUG:colcon.colcon_core.package_identification:Package 'ros2_ws/src/my_package' with type 'ros.ament_python' and name 'my_package'
[1.249s] Level 1:colcon.colcon_core.package_identification:_identify(turtlebot3_ws) by extensions ['ignore', 'ignore_ament_install']
[1.249s] Level 1:colcon.colcon_core.package_identification:_identify(turtlebot3_ws) by extension 'ignore'
[1.250s] Level 1:colcon.colcon_core.package_identification:_identify(turtlebot3_ws) by extension 'ignore_ament_install'
[1.250s] Level 1:colcon.colcon_core.package_identification:_identify(turtlebot3_ws) by extensions ['colcon_pkg']
[1.250s] Level 1:colcon.colcon_core.package_identification:_identify(turtlebot3_ws) by extension 'colcon_pkg'
[1.250s] Level 1:colcon.colcon_core.package_identification:_identify(turtlebot3_ws) by extensions ['colcon_meta']
[1.250s] Level 1:colcon.colcon_core.package_identification:_identify(turtlebot3_ws) by extension 'colcon_meta'
[1.250s] Level 1:colcon.colcon_core.package_identification:_identify(turtlebot3_ws) by extensions ['ros']
[1.250s] Level 1:colcon.colcon_core.package_identification:_identify(turtlebot3_ws) by extension 'ros'
[1.250s] Level 1:colcon.colcon_core.package_identification:_identify(turtlebot3_ws) by extensions ['cmake', 'python']
[1.250s] Level 1:colcon.colcon_core.package_identification:_identify(turtlebot3_ws) by extension 'cmake'
[1.250s] Level 1:colcon.colcon_core.package_identification:_identify(turtlebot3_ws) by extension 'python'
[1.251s] Level 1:colcon.colcon_core.package_identification:_identify(turtlebot3_ws) by extensions ['python_setup_py']
[1.251s] Level 1:colcon.colcon_core.package_identification:_identify(turtlebot3_ws) by extension 'python_setup_py'
[1.251s] Level 1:colcon.colcon_core.package_identification:_identify(turtlebot3_ws/build) by extensions ['ignore', 'ignore_ament_install']
[1.251s] Level 1:colcon.colcon_core.package_identification:_identify(turtlebot3_ws/build) by extension 'ignore'
[1.251s] Level 1:colcon.colcon_core.package_identification:_identify(turtlebot3_ws/build) ignored
[1.251s] Level 1:colcon.colcon_core.package_identification:_identify(turtlebot3_ws/install) by extensions ['ignore', 'ignore_ament_install']
[1.252s] Level 1:colcon.colcon_core.package_identification:_identify(turtlebot3_ws/install) by extension 'ignore'
[1.252s] Level 1:colcon.colcon_core.package_identification:_identify(turtlebot3_ws/install) ignored
[1.252s] Level 1:colcon.colcon_core.package_identification:_identify(turtlebot3_ws/log) by extensions ['ignore', 'ignore_ament_install']
[1.252s] Level 1:colcon.colcon_core.package_identification:_identify(turtlebot3_ws/log) by extension 'ignore'
[1.252s] Level 1:colcon.colcon_core.package_identification:_identify(turtlebot3_ws/log) ignored
[1.252s] Level 1:colcon.colcon_core.package_identification:_identify(turtlebot3_ws/src) by extensions ['ignore', 'ignore_ament_install']
[1.252s] Level 1:colcon.colcon_core.package_identification:_identify(turtlebot3_ws/src) by extension 'ignore'
[1.252s] Level 1:colcon.colcon_core.package_identification:_identify(turtlebot3_ws/src) by extension 'ignore_ament_install'
[1.253s] Level 1:colcon.colcon_core.package_identification:_identify(turtlebot3_ws/src) by extensions ['colcon_pkg']
[1.253s] Level 1:colcon.colcon_core.package_identification:_identify(turtlebot3_ws/src) by extension 'colcon_pkg'
[1.253s] Level 1:colcon.colcon_core.package_identification:_identify(turtlebot3_ws/src) by extensions ['colcon_meta']
[1.253s] Level 1:colcon.colcon_core.package_identification:_identify(turtlebot3_ws/src) by extension 'colcon_meta'
[1.253s] Level 1:colcon.colcon_core.package_identification:_identify(turtlebot3_ws/src) by extensions ['ros']
[1.253s] Level 1:colcon.colcon_core.package_identification:_identify(turtlebot3_ws/src) by extension 'ros'
[1.253s] Level 1:colcon.colcon_core.package_identification:_identify(turtlebot3_ws/src) by extensions ['cmake', 'python']
[1.253s] Level 1:colcon.colcon_core.package_identification:_identify(turtlebot3_ws/src) by extension 'cmake'
[1.253s] Level 1:colcon.colcon_core.package_identification:_identify(turtlebot3_ws/src) by extension 'python'
[1.253s] Level 1:colcon.colcon_core.package_identification:_identify(turtlebot3_ws/src) by extensions ['python_setup_py']
[1.253s] Level 1:colcon.colcon_core.package_identification:_identify(turtlebot3_ws/src) by extension 'python_setup_py'
[1.254s] Level 1:colcon.colcon_core.package_identification:_identify(turtlebot3_ws/src/build) by extensions ['ignore', 'ignore_ament_install']
[1.254s] Level 1:colcon.colcon_core.package_identification:_identify(turtlebot3_ws/src/build) by extension 'ignore'
[1.254s] Level 1:colcon.colcon_core.package_identification:_identify(turtlebot3_ws/src/build) ignored
[1.254s] Level 1:colcon.colcon_core.package_identification:_identify(turtlebot3_ws/src/install) by extensions ['ignore', 'ignore_ament_install']
[1.254s] Level 1:colcon.colcon_core.package_identification:_identify(turtlebot3_ws/src/install) by extension 'ignore'
[1.254s] Level 1:colcon.colcon_core.package_identification:_identify(turtlebot3_ws/src/install) ignored
[1.255s] Level 1:colcon.colcon_core.package_identification:_identify(turtlebot3_ws/src/log) by extensions ['ignore', 'ignore_ament_install']
[1.255s] Level 1:colcon.colcon_core.package_identification:_identify(turtlebot3_ws/src/log) by extension 'ignore'
[1.255s] Level 1:colcon.colcon_core.package_identification:_identify(turtlebot3_ws/src/log) ignored
[1.255s] Level 1:colcon.colcon_core.package_identification:_identify(turtlebot3_ws/src/turtlebot3_fake_node) by extensions ['ignore', 'ignore_ament_install']
[1.255s] Level 1:colcon.colcon_core.package_identification:_identify(turtlebot3_ws/src/turtlebot3_fake_node) by extension 'ignore'
[1.255s] Level 1:colcon.colcon_core.package_identification:_identify(turtlebot3_ws/src/turtlebot3_fake_node) by extension 'ignore_ament_install'
[1.255s] Level 1:colcon.colcon_core.package_identification:_identify(turtlebot3_ws/src/turtlebot3_fake_node) by extensions ['colcon_pkg']
[1.256s] Level 1:colcon.colcon_core.package_identification:_identify(turtlebot3_ws/src/turtlebot3_fake_node) by extension 'colcon_pkg'
[1.256s] Level 1:colcon.colcon_core.package_identification:_identify(turtlebot3_ws/src/turtlebot3_fake_node) by extensions ['colcon_meta']
[1.256s] Level 1:colcon.colcon_core.package_identification:_identify(turtlebot3_ws/src/turtlebot3_fake_node) by extension 'colcon_meta'
[1.256s] Level 1:colcon.colcon_core.package_identification:_identify(turtlebot3_ws/src/turtlebot3_fake_node) by extensions ['ros']
[1.256s] Level 1:colcon.colcon_core.package_identification:_identify(turtlebot3_ws/src/turtlebot3_fake_node) by extension 'ros'
[1.258s] DEBUG:colcon.colcon_core.package_identification:Package 'turtlebot3_ws/src/turtlebot3_fake_node' with type 'ros.ament_cmake' and name 'turtlebot3_fake_node'
[1.258s] Level 1:colcon.colcon_core.package_identification:_identify(turtlebot3_ws/src/turtlebot3_gazebo) by extensions ['ignore', 'ignore_ament_install']
[1.258s] Level 1:colcon.colcon_core.package_identification:_identify(turtlebot3_ws/src/turtlebot3_gazebo) by extension 'ignore'
[1.258s] Level 1:colcon.colcon_core.package_identification:_identify(turtlebot3_ws/src/turtlebot3_gazebo) by extension 'ignore_ament_install'
[1.259s] Level 1:colcon.colcon_core.package_identification:_identify(turtlebot3_ws/src/turtlebot3_gazebo) by extensions ['colcon_pkg']
[1.259s] Level 1:colcon.colcon_core.package_identification:_identify(turtlebot3_ws/src/turtlebot3_gazebo) by extension 'colcon_pkg'
[1.259s] Level 1:colcon.colcon_core.package_identification:_identify(turtlebot3_ws/src/turtlebot3_gazebo) by extensions ['colcon_meta']
[1.259s] Level 1:colcon.colcon_core.package_identification:_identify(turtlebot3_ws/src/turtlebot3_gazebo) by extension 'colcon_meta'
[1.259s] Level 1:colcon.colcon_core.package_identification:_identify(turtlebot3_ws/src/turtlebot3_gazebo) by extensions ['ros']
[1.259s] Level 1:colcon.colcon_core.package_identification:_identify(turtlebot3_ws/src/turtlebot3_gazebo) by extension 'ros'
[1.261s] DEBUG:colcon.colcon_core.package_identification:Package 'turtlebot3_ws/src/turtlebot3_gazebo' with type 'ros.ament_cmake' and name 'turtlebot3_gazebo'
[1.261s] Level 1:colcon.colcon_core.package_identification:_identify(turtlebot3_ws/src/turtlebot3_simulations) by extensions ['ignore', 'ignore_ament_install']
[1.262s] Level 1:colcon.colcon_core.package_identification:_identify(turtlebot3_ws/src/turtlebot3_simulations) by extension 'ignore'
[1.262s] Level 1:colcon.colcon_core.package_identification:_identify(turtlebot3_ws/src/turtlebot3_simulations) by extension 'ignore_ament_install'
[1.262s] Level 1:colcon.colcon_core.package_identification:_identify(turtlebot3_ws/src/turtlebot3_simulations) by extensions ['colcon_pkg']
[1.262s] Level 1:colcon.colcon_core.package_identification:_identify(turtlebot3_ws/src/turtlebot3_simulations) by extension 'colcon_pkg'
[1.262s] Level 1:colcon.colcon_core.package_identification:_identify(turtlebot3_ws/src/turtlebot3_simulations) by extensions ['colcon_meta']
[1.262s] Level 1:colcon.colcon_core.package_identification:_identify(turtlebot3_ws/src/turtlebot3_simulations) by extension 'colcon_meta'
[1.262s] Level 1:colcon.colcon_core.package_identification:_identify(turtlebot3_ws/src/turtlebot3_simulations) by extensions ['ros']
[1.262s] Level 1:colcon.colcon_core.package_identification:_identify(turtlebot3_ws/src/turtlebot3_simulations) by extension 'ros'
[1.263s] DEBUG:colcon.colcon_core.package_identification:Package 'turtlebot3_ws/src/turtlebot3_simulations' with type 'ros.ament_cmake' and name 'turtlebot3_simulations'
[1.263s] Level 1:colcon.colcon_core.package_identification:_identify(webpage_ws) by extensions ['ignore', 'ignore_ament_install']
[1.264s] Level 1:colcon.colcon_core.package_identification:_identify(webpage_ws) by extension 'ignore'
[1.264s] Level 1:colcon.colcon_core.package_identification:_identify(webpage_ws) by extension 'ignore_ament_install'
[1.264s] Level 1:colcon.colcon_core.package_identification:_identify(webpage_ws) by extensions ['colcon_pkg']
[1.264s] Level 1:colcon.colcon_core.package_identification:_identify(webpage_ws) by extension 'colcon_pkg'
[1.264s] Level 1:colcon.colcon_core.package_identification:_identify(webpage_ws) by extensions ['colcon_meta']
[1.264s] Level 1:colcon.colcon_core.package_identification:_identify(webpage_ws) by extension 'colcon_meta'
[1.264s] Level 1:colcon.colcon_core.package_identification:_identify(webpage_ws) by extensions ['ros']
[1.264s] Level 1:colcon.colcon_core.package_identification:_identify(webpage_ws) by extension 'ros'
[1.264s] Level 1:colcon.colcon_core.package_identification:_identify(webpage_ws) by extensions ['cmake', 'python']
[1.264s] Level 1:colcon.colcon_core.package_identification:_identify(webpage_ws) by extension 'cmake'
[1.265s] Level 1:colcon.colcon_core.package_identification:_identify(webpage_ws) by extension 'python'
[1.265s] Level 1:colcon.colcon_core.package_identification:_identify(webpage_ws) by extensions ['python_setup_py']
[1.265s] Level 1:colcon.colcon_core.package_identification:_identify(webpage_ws) by extension 'python_setup_py'
[1.265s] Level 1:colcon.colcon_core.package_discovery:discover_packages(recursive) using defaults
[1.265s] Level 1:colcon.colcon_core.package_discovery:discover_packages(ignore) discover
[1.265s] Level 1:colcon.colcon_core.package_discovery:discover_packages(ignore) using defaults
[1.265s] Level 1:colcon.colcon_core.package_discovery:discover_packages(path) discover
[1.265s] Level 1:colcon.colcon_core.package_discovery:discover_packages(path) using defaults
[1.342s] Level 5:colcon.colcon_core.verb:set package 'my_package' build argument 'cmake_args' from command line to 'None'
[1.342s] Level 5:colcon.colcon_core.verb:set package 'my_package' build argument 'cmake_target' from command line to 'None'
[1.342s] Level 5:colcon.colcon_core.verb:set package 'my_package' build argument 'cmake_target_skip_unavailable' from command line to 'False'
[1.342s] Level 5:colcon.colcon_core.verb:set package 'my_package' build argument 'cmake_clean_cache' from command line to 'False'
[1.342s] Level 5:colcon.colcon_core.verb:set package 'my_package' build argument 'cmake_clean_first' from command line to 'False'
[1.342s] Level 5:colcon.colcon_core.verb:set package 'my_package' build argument 'cmake_force_configure' from command line to 'False'
[1.342s] Level 5:colcon.colcon_core.verb:set package 'my_package' build argument 'ament_cmake_args' from command line to 'None'
[1.342s] Level 5:colcon.colcon_core.verb:set package 'my_package' build argument 'catkin_cmake_args' from command line to 'None'
[1.342s] Level 5:colcon.colcon_core.verb:set package 'my_package' build argument 'catkin_skip_building_tests' from command line to 'False'
[1.342s] DEBUG:colcon.colcon_core.verb:Building package 'my_package' with the following arguments: {'ament_cmake_args': None, 'build_base': '/home/user/build/my_package', 'catkin_cmake_args': None, 'catkin_skip_building_tests': False, 'cmake_args': None, 'cmake_clean_cache': False, 'cmake_clean_first': False, 'cmake_force_configure': False, 'cmake_target': None, 'cmake_target_skip_unavailable': False, 'install_base': '/home/user/install/my_package', 'merge_install': False, 'path': '/home/user/ros2_ws/src/my_package', 'symlink_install': False, 'test_result_base': None}
[1.344s] Level 5:colcon.colcon_core.verb:set package 'turtlebot3_fake_node' build argument 'cmake_args' from command line to 'None'
[1.344s] Level 5:colcon.colcon_core.verb:set package 'turtlebot3_fake_node' build argument 'cmake_target' from command line to 'None'
[1.344s] Level 5:colcon.colcon_core.verb:set package 'turtlebot3_fake_node' build argument 'cmake_target_skip_unavailable' from command line to 'False'
[1.344s] Level 5:colcon.colcon_core.verb:set package 'turtlebot3_fake_node' build argument 'cmake_clean_cache' from command line to 'False'
[1.344s] Level 5:colcon.colcon_core.verb:set package 'turtlebot3_fake_node' build argument 'cmake_clean_first' from command line to 'False'
[1.344s] Level 5:colcon.colcon_core.verb:set package 'turtlebot3_fake_node' build argument 'cmake_force_configure' from command line to 'False'
[1.344s] Level 5:colcon.colcon_core.verb:set package 'turtlebot3_fake_node' build argument 'ament_cmake_args' from command line to 'None'
[1.344s] Level 5:colcon.colcon_core.verb:set package 'turtlebot3_fake_node' build argument 'catkin_cmake_args' from command line to 'None'
[1.344s] Level 5:colcon.colcon_core.verb:set package 'turtlebot3_fake_node' build argument 'catkin_skip_building_tests' from command line to 'False'
[1.345s] DEBUG:colcon.colcon_core.verb:Building package 'turtlebot3_fake_node' with the following arguments: {'ament_cmake_args': None, 'build_base': '/home/user/build/turtlebot3_fake_node', 'catkin_cmake_args': None, 'catkin_skip_building_tests': False, 'cmake_args': None, 'cmake_clean_cache': False, 'cmake_clean_first': False, 'cmake_force_configure': False, 'cmake_target': None, 'cmake_target_skip_unavailable': False, 'install_base': '/home/user/install/turtlebot3_fake_node', 'merge_install': False, 'path': '/home/user/turtlebot3_ws/src/turtlebot3_fake_node', 'symlink_install': False, 'test_result_base': None}
[1.346s] Level 5:colcon.colcon_core.verb:set package 'turtlebot3_gazebo' build argument 'cmake_args' from command line to 'None'
[1.346s] Level 5:colcon.colcon_core.verb:set package 'turtlebot3_gazebo' build argument 'cmake_target' from command line to 'None'
[1.346s] Level 5:colcon.colcon_core.verb:set package 'turtlebot3_gazebo' build argument 'cmake_target_skip_unavailable' from command line to 'False'
[1.346s] Level 5:colcon.colcon_core.verb:set package 'turtlebot3_gazebo' build argument 'cmake_clean_cache' from command line to 'False'
[1.346s] Level 5:colcon.colcon_core.verb:set package 'turtlebot3_gazebo' build argument 'cmake_clean_first' from command line to 'False'
[1.346s] Level 5:colcon.colcon_core.verb:set package 'turtlebot3_gazebo' build argument 'cmake_force_configure' from command line to 'False'
[1.346s] Level 5:colcon.colcon_core.verb:set package 'turtlebot3_gazebo' build argument 'ament_cmake_args' from command line to 'None'
[1.346s] Level 5:colcon.colcon_core.verb:set package 'turtlebot3_gazebo' build argument 'catkin_cmake_args' from command line to 'None'
[1.346s] Level 5:colcon.colcon_core.verb:set package 'turtlebot3_gazebo' build argument 'catkin_skip_building_tests' from command line to 'False'
[1.347s] DEBUG:colcon.colcon_core.verb:Building package 'turtlebot3_gazebo' with the following arguments: {'ament_cmake_args': None, 'build_base': '/home/user/build/turtlebot3_gazebo', 'catkin_cmake_args': None, 'catkin_skip_building_tests': False, 'cmake_args': None, 'cmake_clean_cache': False, 'cmake_clean_first': False, 'cmake_force_configure': False, 'cmake_target': None, 'cmake_target_skip_unavailable': False, 'install_base': '/home/user/install/turtlebot3_gazebo', 'merge_install': False, 'path': '/home/user/turtlebot3_ws/src/turtlebot3_gazebo', 'symlink_install': False, 'test_result_base': None}
[1.348s] Level 5:colcon.colcon_core.verb:set package 'turtlebot3_simulations' build argument 'cmake_args' from command line to 'None'
[1.348s] Level 5:colcon.colcon_core.verb:set package 'turtlebot3_simulations' build argument 'cmake_target' from command line to 'None'
[1.348s] Level 5:colcon.colcon_core.verb:set package 'turtlebot3_simulations' build argument 'cmake_target_skip_unavailable' from command line to 'False'
[1.348s] Level 5:colcon.colcon_core.verb:set package 'turtlebot3_simulations' build argument 'cmake_clean_cache' from command line to 'False'
[1.348s] Level 5:colcon.colcon_core.verb:set package 'turtlebot3_simulations' build argument 'cmake_clean_first' from command line to 'False'
[1.348s] Level 5:colcon.colcon_core.verb:set package 'turtlebot3_simulations' build argument 'cmake_force_configure' from command line to 'False'
[1.348s] Level 5:colcon.colcon_core.verb:set package 'turtlebot3_simulations' build argument 'ament_cmake_args' from command line to 'None'
[1.349s] Level 5:colcon.colcon_core.verb:set package 'turtlebot3_simulations' build argument 'catkin_cmake_args' from command line to 'None'
[1.349s] Level 5:colcon.colcon_core.verb:set package 'turtlebot3_simulations' build argument 'catkin_skip_building_tests' from command line to 'False'
[1.349s] DEBUG:colcon.colcon_core.verb:Building package 'turtlebot3_simulations' with the following arguments: {'ament_cmake_args': None, 'build_base': '/home/user/build/turtlebot3_simulations', 'catkin_cmake_args': None, 'catkin_skip_building_tests': False, 'cmake_args': None, 'cmake_clean_cache': False, 'cmake_clean_first': False, 'cmake_force_configure': False, 'cmake_target': None, 'cmake_target_skip_unavailable': False, 'install_base': '/home/user/install/turtlebot3_simulations', 'merge_install': False, 'path': '/home/user/turtlebot3_ws/src/turtlebot3_simulations', 'symlink_install': False, 'test_result_base': None}
[1.350s] INFO:colcon.colcon_core.executor:Executing jobs using 'parallel' executor
[1.356s] DEBUG:colcon.colcon_parallel_executor.executor.parallel:run_until_complete
[1.357s] INFO:colcon.colcon_ros.task.ament_cmake.build:Building ROS package in '/home/user/turtlebot3_ws/src/turtlebot3_fake_node' with build type 'ament_cmake'
[1.357s] INFO:colcon.colcon_cmake.task.cmake.build:Building CMake package in '/home/user/turtlebot3_ws/src/turtlebot3_fake_node'
[1.370s] INFO:colcon.colcon_core.plugin_system:Skipping extension 'colcon_core.shell.bat': Not used on non-Windows systems
[1.371s] INFO:colcon.colcon_core.shell:Skip shell extension 'powershell' for command environment: Not usable outside of PowerShell
[1.371s] DEBUG:colcon.colcon_core.shell:Skip shell extension 'dsv' for command environment
[1.407s] INFO:colcon.colcon_ros.task.ament_cmake.build:Building ROS package in '/home/user/turtlebot3_ws/src/turtlebot3_gazebo' with build type 'ament_cmake'
[1.407s] INFO:colcon.colcon_cmake.task.cmake.build:Building CMake package in '/home/user/turtlebot3_ws/src/turtlebot3_gazebo'
[1.409s] INFO:colcon.colcon_core.shell:Skip shell extension 'powershell' for command environment: Not usable outside of PowerShell
[1.409s] DEBUG:colcon.colcon_core.shell:Skip shell extension 'dsv' for command environment
[1.420s] INFO:colcon.colcon_ros.task.ament_python.build:Building ROS package in '/home/user/ros2_ws/src/my_package' with build type 'ament_python'
[1.421s] Level 1:colcon.colcon_core.shell:create_environment_hook('my_package', 'ament_prefix_path')
[1.423s] INFO:colcon.colcon_core.shell:Creating environment hook '/home/user/install/my_package/share/my_package/hook/ament_prefix_path.ps1'
[1.424s] INFO:colcon.colcon_core.shell:Creating environment descriptor '/home/user/install/my_package/share/my_package/hook/ament_prefix_path.dsv'
[1.426s] INFO:colcon.colcon_core.shell:Creating environment hook '/home/user/install/my_package/share/my_package/hook/ament_prefix_path.sh'
[1.430s] INFO:colcon.colcon_core.shell:Skip shell extension 'powershell' for command environment: Not usable outside of PowerShell
[1.430s] DEBUG:colcon.colcon_core.shell:Skip shell extension 'dsv' for command environment
[1.450s] DEBUG:colcon.colcon_core.event_handler.log_command:Invoking command in '/home/user/build/turtlebot3_fake_node': CMAKE_PREFIX_PATH=${CMAKE_PREFIX_PATH}:/home/user/ros2_ws/install/my_package:/opt/ros/humble _=/usr/bin/env /usr/bin/cmake --build /home/user/build/turtlebot3_fake_node -- -j8 -l8
[1.462s] DEBUG:colcon.colcon_core.event_handler.log_command:Invoking command in '/home/user/build/turtlebot3_gazebo': CMAKE_PREFIX_PATH=${CMAKE_PREFIX_PATH}:/home/user/ros2_ws/install/my_package:/opt/ros/humble _=/usr/bin/env /usr/bin/cmake --build /home/user/build/turtlebot3_gazebo -- -j8 -l8
[1.977s] INFO:colcon.colcon_core.task.python.build:Building Python package in '/home/user/ros2_ws/src/my_package'
[1.980s] INFO:colcon.colcon_core.shell:Skip shell extension 'powershell' for command environment: Not usable outside of PowerShell
[1.981s] DEBUG:colcon.colcon_core.shell:Skip shell extension 'dsv' for command environment
[1.998s] DEBUG:colcon.colcon_core.event_handler.log_command:Invoked command in '/home/user/build/turtlebot3_fake_node' returned '0': CMAKE_PREFIX_PATH=${CMAKE_PREFIX_PATH}:/home/user/ros2_ws/install/my_package:/opt/ros/humble _=/usr/bin/env /usr/bin/cmake --build /home/user/build/turtlebot3_fake_node -- -j8 -l8
[2.076s] DEBUG:colcon.colcon_core.event_handler.log_command:Invoked command in '/home/user/build/turtlebot3_gazebo' returned '0': CMAKE_PREFIX_PATH=${CMAKE_PREFIX_PATH}:/home/user/ros2_ws/install/my_package:/opt/ros/humble _=/usr/bin/env /usr/bin/cmake --build /home/user/build/turtlebot3_gazebo -- -j8 -l8
[2.093s] DEBUG:colcon.colcon_core.event_handler.log_command:Invoking command in '/home/user/build/turtlebot3_fake_node': CMAKE_PREFIX_PATH=${CMAKE_PREFIX_PATH}:/home/user/ros2_ws/install/my_package:/opt/ros/humble _=/usr/bin/env /usr/bin/cmake --install /home/user/build/turtlebot3_fake_node
[2.117s] Level 1:colcon.colcon_core.environment:create_environment_scripts_only(turtlebot3_fake_node)
[2.125s] DEBUG:colcon.colcon_core.event_handler.log_command:Invoked command in '/home/user/build/turtlebot3_fake_node' returned '0': CMAKE_PREFIX_PATH=${CMAKE_PREFIX_PATH}:/home/user/ros2_ws/install/my_package:/opt/ros/humble _=/usr/bin/env /usr/bin/cmake --install /home/user/build/turtlebot3_fake_node
[2.178s] Level 1:colcon.colcon_core.environment:checking '/home/user/install/turtlebot3_fake_node' for CMake module files
[2.179s] Level 1:colcon.colcon_core.environment:checking '/home/user/install/turtlebot3_fake_node' for CMake config files
[2.179s] Level 1:colcon.colcon_core.shell:create_environment_hook('turtlebot3_fake_node', 'cmake_prefix_path')
[2.182s] INFO:colcon.colcon_core.shell:Creating environment hook '/home/user/install/turtlebot3_fake_node/share/turtlebot3_fake_node/hook/cmake_prefix_path.ps1'
[2.182s] INFO:colcon.colcon_core.shell:Creating environment descriptor '/home/user/install/turtlebot3_fake_node/share/turtlebot3_fake_node/hook/cmake_prefix_path.dsv'
[2.187s] INFO:colcon.colcon_core.shell:Creating environment hook '/home/user/install/turtlebot3_fake_node/share/turtlebot3_fake_node/hook/cmake_prefix_path.sh'
[2.189s] Level 1:colcon.colcon_core.environment:checking '/home/user/install/turtlebot3_fake_node/lib'
[2.189s] Level 1:colcon.colcon_core.environment:checking '/home/user/install/turtlebot3_fake_node/bin'
[2.189s] Level 1:colcon.colcon_core.environment:checking '/home/user/install/turtlebot3_fake_node/lib/pkgconfig/turtlebot3_fake_node.pc'
[2.190s] Level 1:colcon.colcon_core.environment:checking '/home/user/install/turtlebot3_fake_node/lib/python3.10/site-packages'
[2.191s] Level 1:colcon.colcon_core.environment:checking '/home/user/install/turtlebot3_fake_node/bin'
[2.194s] INFO:colcon.colcon_core.shell:Creating package script '/home/user/install/turtlebot3_fake_node/share/turtlebot3_fake_node/package.ps1'
[2.196s] INFO:colcon.colcon_core.shell:Creating package descriptor '/home/user/install/turtlebot3_fake_node/share/turtlebot3_fake_node/package.dsv'
[2.198s] INFO:colcon.colcon_core.shell:Creating package script '/home/user/install/turtlebot3_fake_node/share/turtlebot3_fake_node/package.sh'
[2.200s] INFO:colcon.colcon_core.shell:Creating package script '/home/user/install/turtlebot3_fake_node/share/turtlebot3_fake_node/package.bash'
[2.201s] INFO:colcon.colcon_core.shell:Creating package script '/home/user/install/turtlebot3_fake_node/share/turtlebot3_fake_node/package.zsh'
[2.202s] Level 1:colcon.colcon_core.environment:create_file_with_runtime_dependencies(/home/user/install/turtlebot3_fake_node/share/colcon-core/packages/turtlebot3_fake_node)
[2.219s] DEBUG:colcon.colcon_core.event_handler.log_command:Invoking command in '/home/user/build/turtlebot3_gazebo': CMAKE_PREFIX_PATH=${CMAKE_PREFIX_PATH}:/home/user/ros2_ws/install/my_package:/opt/ros/humble _=/usr/bin/env /usr/bin/cmake --install /home/user/build/turtlebot3_gazebo
[2.254s] Level 1:colcon.colcon_core.environment:create_environment_scripts_only(turtlebot3_gazebo)
[2.260s] Level 1:colcon.colcon_core.environment:checking '/home/user/install/turtlebot3_gazebo' for CMake module files
[2.279s] Level 1:colcon.colcon_core.environment:checking '/home/user/install/turtlebot3_gazebo' for CMake config files
[2.279s] Level 1:colcon.colcon_core.shell:create_environment_hook('turtlebot3_gazebo', 'cmake_prefix_path')
[2.283s] INFO:colcon.colcon_core.shell:Creating environment hook '/home/user/install/turtlebot3_gazebo/share/turtlebot3_gazebo/hook/cmake_prefix_path.ps1'
[2.284s] INFO:colcon.colcon_core.shell:Creating environment descriptor '/home/user/install/turtlebot3_gazebo/share/turtlebot3_gazebo/hook/cmake_prefix_path.dsv'
[2.286s] DEBUG:colcon.colcon_core.event_handler.log_command:Invoked command in '/home/user/build/turtlebot3_gazebo' returned '0': CMAKE_PREFIX_PATH=${CMAKE_PREFIX_PATH}:/home/user/ros2_ws/install/my_package:/opt/ros/humble _=/usr/bin/env /usr/bin/cmake --install /home/user/build/turtlebot3_gazebo
[2.286s] INFO:colcon.colcon_core.shell:Creating environment hook '/home/user/install/turtlebot3_gazebo/share/turtlebot3_gazebo/hook/cmake_prefix_path.sh'
[2.287s] Level 1:colcon.colcon_core.environment:checking '/home/user/install/turtlebot3_gazebo/lib'
[2.287s] Level 1:colcon.colcon_core.environment:checking '/home/user/install/turtlebot3_gazebo/bin'
[2.287s] Level 1:colcon.colcon_core.environment:checking '/home/user/install/turtlebot3_gazebo/lib/pkgconfig/turtlebot3_gazebo.pc'
[2.288s] Level 1:colcon.colcon_core.environment:checking '/home/user/install/turtlebot3_gazebo/lib/python3.10/site-packages'
[2.288s] Level 1:colcon.colcon_core.environment:checking '/home/user/install/turtlebot3_gazebo/bin'
[2.291s] INFO:colcon.colcon_core.shell:Creating package script '/home/user/install/turtlebot3_gazebo/share/turtlebot3_gazebo/package.ps1'
[2.293s] INFO:colcon.colcon_core.shell:Creating package descriptor '/home/user/install/turtlebot3_gazebo/share/turtlebot3_gazebo/package.dsv'
[2.294s] INFO:colcon.colcon_core.shell:Creating package script '/home/user/install/turtlebot3_gazebo/share/turtlebot3_gazebo/package.sh'
[2.295s] INFO:colcon.colcon_core.shell:Creating package script '/home/user/install/turtlebot3_gazebo/share/turtlebot3_gazebo/package.bash'
[2.295s] INFO:colcon.colcon_core.shell:Creating package script '/home/user/install/turtlebot3_gazebo/share/turtlebot3_gazebo/package.zsh'
[2.296s] Level 1:colcon.colcon_core.environment:create_file_with_runtime_dependencies(/home/user/install/turtlebot3_gazebo/share/colcon-core/packages/turtlebot3_gazebo)
[2.301s] Level 1:colcon.colcon_core.environment:create_environment_scripts_only(turtlebot3_fake_node)
[2.305s] Level 1:colcon.colcon_core.environment:checking '/home/user/install/turtlebot3_fake_node' for CMake module files
[2.307s] Level 1:colcon.colcon_core.environment:checking '/home/user/install/turtlebot3_fake_node' for CMake config files
[2.307s] Level 1:colcon.colcon_core.shell:create_environment_hook('turtlebot3_fake_node', 'cmake_prefix_path')
[2.310s] INFO:colcon.colcon_core.shell:Creating environment hook '/home/user/install/turtlebot3_fake_node/share/turtlebot3_fake_node/hook/cmake_prefix_path.ps1'
[2.311s] INFO:colcon.colcon_core.shell:Creating environment descriptor '/home/user/install/turtlebot3_fake_node/share/turtlebot3_fake_node/hook/cmake_prefix_path.dsv'
[2.312s] INFO:colcon.colcon_core.shell:Creating environment hook '/home/user/install/turtlebot3_fake_node/share/turtlebot3_fake_node/hook/cmake_prefix_path.sh'
[2.313s] Level 1:colcon.colcon_core.environment:checking '/home/user/install/turtlebot3_fake_node/lib'
[2.313s] Level 1:colcon.colcon_core.environment:checking '/home/user/install/turtlebot3_fake_node/bin'
[2.313s] Level 1:colcon.colcon_core.environment:checking '/home/user/install/turtlebot3_fake_node/lib/pkgconfig/turtlebot3_fake_node.pc'
[2.313s] Level 1:colcon.colcon_core.environment:checking '/home/user/install/turtlebot3_fake_node/lib/python3.10/site-packages'
[2.314s] Level 1:colcon.colcon_core.environment:checking '/home/user/install/turtlebot3_fake_node/bin'
[2.317s] INFO:colcon.colcon_core.shell:Creating package script '/home/user/install/turtlebot3_fake_node/share/turtlebot3_fake_node/package.ps1'
[2.318s] INFO:colcon.colcon_core.shell:Creating package descriptor '/home/user/install/turtlebot3_fake_node/share/turtlebot3_fake_node/package.dsv'
[2.319s] INFO:colcon.colcon_core.shell:Creating package script '/home/user/install/turtlebot3_fake_node/share/turtlebot3_fake_node/package.sh'
[2.320s] INFO:colcon.colcon_core.shell:Creating package script '/home/user/install/turtlebot3_fake_node/share/turtlebot3_fake_node/package.bash'
[2.322s] INFO:colcon.colcon_core.shell:Creating package script '/home/user/install/turtlebot3_fake_node/share/turtlebot3_fake_node/package.zsh'
[2.323s] Level 1:colcon.colcon_core.environment:create_file_with_runtime_dependencies(/home/user/install/turtlebot3_fake_node/share/colcon-core/packages/turtlebot3_fake_node)
[2.400s] Level 1:colcon.colcon_core.environment:create_environment_scripts_only(turtlebot3_gazebo)
[2.403s] Level 1:colcon.colcon_core.environment:checking '/home/user/install/turtlebot3_gazebo' for CMake module files
[2.404s] Level 1:colcon.colcon_core.environment:checking '/home/user/install/turtlebot3_gazebo' for CMake config files
[2.404s] Level 1:colcon.colcon_core.shell:create_environment_hook('turtlebot3_gazebo', 'cmake_prefix_path')
[2.407s] INFO:colcon.colcon_core.shell:Creating environment hook '/home/user/install/turtlebot3_gazebo/share/turtlebot3_gazebo/hook/cmake_prefix_path.ps1'
[2.408s] INFO:colcon.colcon_core.shell:Creating environment descriptor '/home/user/install/turtlebot3_gazebo/share/turtlebot3_gazebo/hook/cmake_prefix_path.dsv'
[2.408s] INFO:colcon.colcon_core.shell:Creating environment hook '/home/user/install/turtlebot3_gazebo/share/turtlebot3_gazebo/hook/cmake_prefix_path.sh'
[2.409s] Level 1:colcon.colcon_core.environment:checking '/home/user/install/turtlebot3_gazebo/lib'
[2.409s] Level 1:colcon.colcon_core.environment:checking '/home/user/install/turtlebot3_gazebo/bin'
[2.409s] Level 1:colcon.colcon_core.environment:checking '/home/user/install/turtlebot3_gazebo/lib/pkgconfig/turtlebot3_gazebo.pc'
[2.410s] Level 1:colcon.colcon_core.environment:checking '/home/user/install/turtlebot3_gazebo/lib/python3.10/site-packages'
[2.410s] Level 1:colcon.colcon_core.environment:checking '/home/user/install/turtlebot3_gazebo/bin'
[2.413s] INFO:colcon.colcon_core.shell:Creating package script '/home/user/install/turtlebot3_gazebo/share/turtlebot3_gazebo/package.ps1'
[2.414s] INFO:colcon.colcon_core.shell:Creating package descriptor '/home/user/install/turtlebot3_gazebo/share/turtlebot3_gazebo/package.dsv'
[2.414s] INFO:colcon.colcon_core.shell:Creating package script '/home/user/install/turtlebot3_gazebo/share/turtlebot3_gazebo/package.sh'
[2.415s] INFO:colcon.colcon_core.shell:Creating package script '/home/user/install/turtlebot3_gazebo/share/turtlebot3_gazebo/package.bash'
[2.416s] INFO:colcon.colcon_core.shell:Creating package script '/home/user/install/turtlebot3_gazebo/share/turtlebot3_gazebo/package.zsh'
[2.417s] Level 1:colcon.colcon_core.environment:create_file_with_runtime_dependencies(/home/user/install/turtlebot3_gazebo/share/colcon-core/packages/turtlebot3_gazebo)
[2.417s] INFO:colcon.colcon_ros.task.ament_cmake.build:Building ROS package in '/home/user/turtlebot3_ws/src/turtlebot3_simulations' with build type 'ament_cmake'
[2.417s] INFO:colcon.colcon_cmake.task.cmake.build:Building CMake package in '/home/user/turtlebot3_ws/src/turtlebot3_simulations'
[2.421s] INFO:colcon.colcon_core.shell:Skip shell extension 'powershell' for command environment: Not usable outside of PowerShell
[2.421s] DEBUG:colcon.colcon_core.shell:Skip shell extension 'dsv' for command environment
[2.445s] DEBUG:colcon.colcon_core.event_handler.log_command:Invoking command in '/home/user/build/turtlebot3_simulations': AMENT_PREFIX_PATH=/home/user/install/turtlebot3_gazebo:/home/user/install/turtlebot3_fake_node:${AMENT_PREFIX_PATH} CMAKE_PREFIX_PATH=/home/user/install/turtlebot3_gazebo:/home/user/install/turtlebot3_fake_node:/home/user/turtlebot3_ws/install/turtlebot3_simulations:/home/user/turtlebot3_ws/install/turtlebot3_gazebo:/home/user/turtlebot3_ws/install/turtlebot3_fake_node:/home/user/ros2_ws/install/my_package:/opt/ros/humble _=/usr/bin/env /usr/bin/cmake --build /home/user/build/turtlebot3_simulations -- -j8 -l8
[2.514s] DEBUG:colcon.colcon_core.event_handler.log_command:Invoked command in '/home/user/build/turtlebot3_simulations' returned '0': AMENT_PREFIX_PATH=/home/user/install/turtlebot3_gazebo:/home/user/install/turtlebot3_fake_node:${AMENT_PREFIX_PATH} CMAKE_PREFIX_PATH=/home/user/install/turtlebot3_gazebo:/home/user/install/turtlebot3_fake_node:/home/user/turtlebot3_ws/install/turtlebot3_simulations:/home/user/turtlebot3_ws/install/turtlebot3_gazebo:/home/user/turtlebot3_ws/install/turtlebot3_fake_node:/home/user/ros2_ws/install/my_package:/opt/ros/humble _=/usr/bin/env /usr/bin/cmake --build /home/user/build/turtlebot3_simulations -- -j8 -l8
[2.558s] DEBUG:colcon.colcon_core.event_handler.log_command:Invoking command in '/home/user/build/turtlebot3_simulations': AMENT_PREFIX_PATH=/home/user/install/turtlebot3_gazebo:/home/user/install/turtlebot3_fake_node:${AMENT_PREFIX_PATH} CMAKE_PREFIX_PATH=/home/user/install/turtlebot3_gazebo:/home/user/install/turtlebot3_fake_node:/home/user/turtlebot3_ws/install/turtlebot3_simulations:/home/user/turtlebot3_ws/install/turtlebot3_gazebo:/home/user/turtlebot3_ws/install/turtlebot3_fake_node:/home/user/ros2_ws/install/my_package:/opt/ros/humble _=/usr/bin/env /usr/bin/cmake --install /home/user/build/turtlebot3_simulations
[2.571s] Level 1:colcon.colcon_core.environment:create_environment_scripts_only(turtlebot3_simulations)
[2.576s] Level 1:colcon.colcon_core.environment:checking '/home/user/install/turtlebot3_simulations' for CMake module files
[2.576s] Level 1:colcon.colcon_core.environment:checking '/home/user/install/turtlebot3_simulations' for CMake config files
[2.578s] Level 1:colcon.colcon_core.shell:create_environment_hook('turtlebot3_simulations', 'cmake_prefix_path')
[2.577s] DEBUG:colcon.colcon_core.event_handler.log_command:Invoked command in '/home/user/build/turtlebot3_simulations' returned '0': AMENT_PREFIX_PATH=/home/user/install/turtlebot3_gazebo:/home/user/install/turtlebot3_fake_node:${AMENT_PREFIX_PATH} CMAKE_PREFIX_PATH=/home/user/install/turtlebot3_gazebo:/home/user/install/turtlebot3_fake_node:/home/user/turtlebot3_ws/install/turtlebot3_simulations:/home/user/turtlebot3_ws/install/turtlebot3_gazebo:/home/user/turtlebot3_ws/install/turtlebot3_fake_node:/home/user/ros2_ws/install/my_package:/opt/ros/humble _=/usr/bin/env /usr/bin/cmake --install /home/user/build/turtlebot3_simulations
[2.580s] INFO:colcon.colcon_core.shell:Creating environment hook '/home/user/install/turtlebot3_simulations/share/turtlebot3_simulations/hook/cmake_prefix_path.ps1'
[2.582s] INFO:colcon.colcon_core.shell:Creating environment descriptor '/home/user/install/turtlebot3_simulations/share/turtlebot3_simulations/hook/cmake_prefix_path.dsv'
[2.582s] INFO:colcon.colcon_core.shell:Creating environment hook '/home/user/install/turtlebot3_simulations/share/turtlebot3_simulations/hook/cmake_prefix_path.sh'
[2.583s] Level 1:colcon.colcon_core.environment:checking '/home/user/install/turtlebot3_simulations/bin'
[2.583s] Level 1:colcon.colcon_core.environment:checking '/home/user/install/turtlebot3_simulations/lib/pkgconfig/turtlebot3_simulations.pc'
[2.584s] Level 1:colcon.colcon_core.environment:checking '/home/user/install/turtlebot3_simulations/lib/python3.10/site-packages'
[2.584s] Level 1:colcon.colcon_core.environment:checking '/home/user/install/turtlebot3_simulations/bin'
[2.586s] INFO:colcon.colcon_core.shell:Creating package script '/home/user/install/turtlebot3_simulations/share/turtlebot3_simulations/package.ps1'
[2.587s] INFO:colcon.colcon_core.shell:Creating package descriptor '/home/user/install/turtlebot3_simulations/share/turtlebot3_simulations/package.dsv'
[2.588s] INFO:colcon.colcon_core.shell:Creating package script '/home/user/install/turtlebot3_simulations/share/turtlebot3_simulations/package.sh'
[2.588s] INFO:colcon.colcon_core.shell:Creating package script '/home/user/install/turtlebot3_simulations/share/turtlebot3_simulations/package.bash'
[2.589s] INFO:colcon.colcon_core.shell:Creating package script '/home/user/install/turtlebot3_simulations/share/turtlebot3_simulations/package.zsh'
[2.589s] Level 1:colcon.colcon_core.environment:create_file_with_runtime_dependencies(/home/user/install/turtlebot3_simulations/share/colcon-core/packages/turtlebot3_simulations)
[2.639s] Level 1:colcon.colcon_core.environment:create_environment_scripts_only(turtlebot3_simulations)
[2.643s] Level 1:colcon.colcon_core.environment:checking '/home/user/install/turtlebot3_simulations' for CMake module files
[2.644s] Level 1:colcon.colcon_core.environment:checking '/home/user/install/turtlebot3_simulations' for CMake config files
[2.644s] Level 1:colcon.colcon_core.shell:create_environment_hook('turtlebot3_simulations', 'cmake_prefix_path')
[2.647s] INFO:colcon.colcon_core.shell:Creating environment hook '/home/user/install/turtlebot3_simulations/share/turtlebot3_simulations/hook/cmake_prefix_path.ps1'
[2.648s] INFO:colcon.colcon_core.shell:Creating environment descriptor '/home/user/install/turtlebot3_simulations/share/turtlebot3_simulations/hook/cmake_prefix_path.dsv'
[2.648s] INFO:colcon.colcon_core.shell:Creating environment hook '/home/user/install/turtlebot3_simulations/share/turtlebot3_simulations/hook/cmake_prefix_path.sh'
[2.649s] Level 1:colcon.colcon_core.environment:checking '/home/user/install/turtlebot3_simulations/bin'
[2.649s] Level 1:colcon.colcon_core.environment:checking '/home/user/install/turtlebot3_simulations/lib/pkgconfig/turtlebot3_simulations.pc'
[2.650s] Level 1:colcon.colcon_core.environment:checking '/home/user/install/turtlebot3_simulations/lib/python3.10/site-packages'
[2.650s] Level 1:colcon.colcon_core.environment:checking '/home/user/install/turtlebot3_simulations/bin'
[2.653s] INFO:colcon.colcon_core.shell:Creating package script '/home/user/install/turtlebot3_simulations/share/turtlebot3_simulations/package.ps1'
[2.654s] INFO:colcon.colcon_core.shell:Creating package descriptor '/home/user/install/turtlebot3_simulations/share/turtlebot3_simulations/package.dsv'
[2.655s] INFO:colcon.colcon_core.shell:Creating package script '/home/user/install/turtlebot3_simulations/share/turtlebot3_simulations/package.sh'
[2.655s] INFO:colcon.colcon_core.shell:Creating package script '/home/user/install/turtlebot3_simulations/share/turtlebot3_simulations/package.bash'
[2.656s] INFO:colcon.colcon_core.shell:Creating package script '/home/user/install/turtlebot3_simulations/share/turtlebot3_simulations/package.zsh'
[2.656s] Level 1:colcon.colcon_core.environment:create_file_with_runtime_dependencies(/home/user/install/turtlebot3_simulations/share/colcon-core/packages/turtlebot3_simulations)
[2.946s] DEBUG:colcon.colcon_core.event_handler.log_command:Invoking command in '/home/user/ros2_ws/src/my_package': PYTHONPATH=/home/user/install/my_package/lib/python3.10/site-packages:${PYTHONPATH} _=/usr/bin/env /usr/bin/python3 setup.py egg_info --egg-base ../../../build/my_package build --build-base /home/user/build/my_package/build install --prefix /home/user/install/my_package --record /home/user/build/my_package/install.log --single-version-externally-managed
[3.510s] Level 1:colcon.colcon_core.environment:checking '/home/user/install/my_package' for CMake module files
[3.512s] DEBUG:colcon.colcon_core.event_handler.log_command:Invoked command in '/home/user/ros2_ws/src/my_package' returned '0': PYTHONPATH=/home/user/install/my_package/lib/python3.10/site-packages:${PYTHONPATH} _=/usr/bin/env /usr/bin/python3 setup.py egg_info --egg-base ../../../build/my_package build --build-base /home/user/build/my_package/build install --prefix /home/user/install/my_package --record /home/user/build/my_package/install.log --single-version-externally-managed
[3.512s] Level 1:colcon.colcon_core.environment:checking '/home/user/install/my_package' for CMake config files
[3.513s] Level 1:colcon.colcon_core.environment:checking '/home/user/install/my_package/lib'
[3.513s] Level 1:colcon.colcon_core.environment:checking '/home/user/install/my_package/bin'
[3.514s] Level 1:colcon.colcon_core.environment:checking '/home/user/install/my_package/lib/pkgconfig/my_package.pc'
[3.514s] Level 1:colcon.colcon_core.environment:checking '/home/user/install/my_package/lib/python3.10/site-packages'
[3.514s] Level 1:colcon.colcon_core.shell:create_environment_hook('my_package', 'pythonpath')
[3.516s] INFO:colcon.colcon_core.shell:Creating environment hook '/home/user/install/my_package/share/my_package/hook/pythonpath.ps1'
[3.517s] INFO:colcon.colcon_core.shell:Creating environment descriptor '/home/user/install/my_package/share/my_package/hook/pythonpath.dsv'
[3.518s] INFO:colcon.colcon_core.shell:Creating environment hook '/home/user/install/my_package/share/my_package/hook/pythonpath.sh'
[3.518s] Level 1:colcon.colcon_core.environment:checking '/home/user/install/my_package/bin'
[3.518s] Level 1:colcon.colcon_core.environment:create_environment_scripts_only(my_package)
[3.520s] INFO:colcon.colcon_core.shell:Creating package script '/home/user/install/my_package/share/my_package/package.ps1'
[3.521s] INFO:colcon.colcon_core.shell:Creating package descriptor '/home/user/install/my_package/share/my_package/package.dsv'
[3.522s] INFO:colcon.colcon_core.shell:Creating package script '/home/user/install/my_package/share/my_package/package.sh'
[3.522s] INFO:colcon.colcon_core.shell:Creating package script '/home/user/install/my_package/share/my_package/package.bash'
[3.523s] INFO:colcon.colcon_core.shell:Creating package script '/home/user/install/my_package/share/my_package/package.zsh'
[3.523s] Level 1:colcon.colcon_core.environment:create_file_with_runtime_dependencies(/home/user/install/my_package/share/colcon-core/packages/my_package)
[3.524s] DEBUG:colcon.colcon_parallel_executor.executor.parallel:closing loop
[3.525s] DEBUG:colcon.colcon_parallel_executor.executor.parallel:loop closed
[3.525s] DEBUG:colcon.colcon_parallel_executor.executor.parallel:run_until_complete finished with '0'
[3.525s] DEBUG:colcon.colcon_core.event_reactor:joining thread
[3.553s] INFO:colcon.colcon_core.plugin_system:Skipping extension 'colcon_notification.desktop_notification.notify_send': Could not find 'notify-send'
[3.553s] INFO:colcon.colcon_core.plugin_system:Skipping extension 'colcon_notification.desktop_notification.terminal_notifier': Not used on non-Darwin systems
[3.553s] INFO:colcon.colcon_core.plugin_system:Skipping extension 'colcon_notification.desktop_notification.win32': Not used on non-Windows systems
[3.553s] INFO:colcon.colcon_notification.desktop_notification:Sending desktop notification using 'notify2'
[3.556s] DEBUG:colcon.colcon_notification.desktop_notification.notify2:Failed to initialize notify2: org.freedesktop.DBus.Error.Spawn.ExecFailed: /usr/bin/dbus-launch terminated abnormally without any error message
[3.557s] DEBUG:colcon.colcon_core.event_reactor:joined thread
[3.560s] INFO:colcon.colcon_core.shell:Creating prefix script '/home/user/install/local_setup.ps1'
[3.562s] INFO:colcon.colcon_core.shell:Creating prefix util module '/home/user/install/_local_setup_util_ps1.py'
[3.565s] INFO:colcon.colcon_core.shell:Creating prefix chain script '/home/user/install/setup.ps1'
[3.569s] INFO:colcon.colcon_core.shell:Creating prefix script '/home/user/install/local_setup.sh'
[3.571s] INFO:colcon.colcon_core.shell:Creating prefix util module '/home/user/install/_local_setup_util_sh.py'
[3.572s] INFO:colcon.colcon_core.shell:Creating prefix chain script '/home/user/install/setup.sh'
[3.576s] INFO:colcon.colcon_core.shell:Creating prefix script '/home/user/install/local_setup.bash'
[3.577s] INFO:colcon.colcon_core.shell:Creating prefix chain script '/home/user/install/setup.bash'
[3.581s] INFO:colcon.colcon_core.shell:Creating prefix script '/home/user/install/local_setup.zsh'
[3.582s] INFO:colcon.colcon_core.shell:Creating prefix chain script '/home/user/install/setup.zsh'
