[6.916s] Invoking command in '/home/user/ros2_ws/src/my_package': PYTHONPATH=/home/user/install/my_package/lib/python3.10/site-packages:${PYTHONPATH} _=/usr/bin/env /usr/bin/python3 setup.py egg_info --egg-base ../../../build/my_package build --build-base /home/user/build/my_package/build install --prefix /home/user/install/my_package --record /home/user/build/my_package/install.log --single-version-externally-managed
[9.498s] running egg_info
[9.504s] writing ../../../build/my_package/my_package.egg-info/PKG-INFO
[9.505s] writing dependency_links to ../../../build/my_package/my_package.egg-info/dependency_links.txt
[9.506s] writing entry points to ../../../build/my_package/my_package.egg-info/entry_points.txt
[9.507s] writing requirements to ../../../build/my_package/my_package.egg-info/requires.txt
[9.508s] writing top-level names to ../../../build/my_package/my_package.egg-info/top_level.txt
[9.514s] reading manifest file '../../../build/my_package/my_package.egg-info/SOURCES.txt'
[9.516s] writing manifest file '../../../build/my_package/my_package.egg-info/SOURCES.txt'
[9.516s] running build
[9.517s] running build_py
[9.519s] running install
[9.520s] /usr/lib/python3/dist-packages/setuptools/command/install.py:34: SetuptoolsDeprecationWarning: setup.py install is deprecated. Use build and pip and other standards-based tools.
[9.520s]   warnings.warn(
[9.521s] running install_lib
[9.592s] running install_data
[9.594s] running install_egg_info
[9.597s] removing '/home/user/install/my_package/lib/python3.10/site-packages/my_package-0.0.0-py3.10.egg-info' (and everything under it)
[9.598s] Copying ../../../build/my_package/my_package.egg-info to /home/user/install/my_package/lib/python3.10/site-packages/my_package-0.0.0-py3.10.egg-info
[9.601s] running install_scripts
[9.794s] Installing control_turtle script to /home/user/install/my_package/lib/my_package
[9.794s] Installing draw_circle script to /home/user/install/my_package/lib/my_package
[9.794s] Installing first_node script to /home/user/install/my_package/lib/my_package
[9.794s] Installing pose_subscriber script to /home/user/install/my_package/lib/my_package
[9.795s] writing list of installed files to '/home/user/build/my_package/install.log'
[9.918s] Invoked command in '/home/user/ros2_ws/src/my_package' returned '0': PYTHONPATH=/home/user/install/my_package/lib/python3.10/site-packages:${PYTHONPATH} _=/usr/bin/env /usr/bin/python3 setup.py egg_info --egg-base ../../../build/my_package build --build-base /home/user/build/my_package/build install --prefix /home/user/install/my_package --record /home/user/build/my_package/install.log --single-version-externally-managed
