running egg_info
creating ../../build/project_package/project_package.egg-info
writing ../../build/project_package/project_package.egg-info/PKG-INFO
writing dependency_links to ../../build/project_package/project_package.egg-info/dependency_links.txt
writing entry points to ../../build/project_package/project_package.egg-info/entry_points.txt
writing requirements to ../../build/project_package/project_package.egg-info/requires.txt
writing top-level names to ../../build/project_package/project_package.egg-info/top_level.txt
writing manifest file '../../build/project_package/project_package.egg-info/SOURCES.txt'
reading manifest file '../../build/project_package/project_package.egg-info/SOURCES.txt'
writing manifest file '../../build/project_package/project_package.egg-info/SOURCES.txt'
running build
running build_py
creating /home/user/turtlebot3_ws/build/project_package/build
creating /home/user/turtlebot3_ws/build/project_package/build/lib
creating /home/user/turtlebot3_ws/build/project_package/build/lib/project_package
copying project_package/goal_navigator.py -> /home/user/turtlebot3_ws/build/project_package/build/lib/project_package
copying project_package/go_to_goal.py -> /home/user/turtlebot3_ws/build/project_package/build/lib/project_package
copying project_package/__init__.py -> /home/user/turtlebot3_ws/build/project_package/build/lib/project_package
copying project_package/project_node.py -> /home/user/turtlebot3_ws/build/project_package/build/lib/project_package
running install
running install_lib
creating /home/user/turtlebot3_ws/install/project_package/lib/python3.10/site-packages/project_package
copying /home/user/turtlebot3_ws/build/project_package/build/lib/project_package/goal_navigator.py -> /home/user/turtlebot3_ws/install/project_package/lib/python3.10/site-packages/project_package
copying /home/user/turtlebot3_ws/build/project_package/build/lib/project_package/go_to_goal.py -> /home/user/turtlebot3_ws/install/project_package/lib/python3.10/site-packages/project_package
copying /home/user/turtlebot3_ws/build/project_package/build/lib/project_package/__init__.py -> /home/user/turtlebot3_ws/install/project_package/lib/python3.10/site-packages/project_package
copying /home/user/turtlebot3_ws/build/project_package/build/lib/project_package/project_node.py -> /home/user/turtlebot3_ws/install/project_package/lib/python3.10/site-packages/project_package
byte-compiling /home/user/turtlebot3_ws/install/project_package/lib/python3.10/site-packages/project_package/goal_navigator.py to goal_navigator.cpython-310.pyc
byte-compiling /home/user/turtlebot3_ws/install/project_package/lib/python3.10/site-packages/project_package/go_to_goal.py to go_to_goal.cpython-310.pyc
byte-compiling /home/user/turtlebot3_ws/install/project_package/lib/python3.10/site-packages/project_package/__init__.py to __init__.cpython-310.pyc
byte-compiling /home/user/turtlebot3_ws/install/project_package/lib/python3.10/site-packages/project_package/project_node.py to project_node.cpython-310.pyc
running install_data
creating /home/user/turtlebot3_ws/install/project_package/share/ament_index
creating /home/user/turtlebot3_ws/install/project_package/share/ament_index/resource_index
creating /home/user/turtlebot3_ws/install/project_package/share/ament_index/resource_index/packages
copying resource/project_package -> /home/user/turtlebot3_ws/install/project_package/share/ament_index/resource_index/packages
copying package.xml -> /home/user/turtlebot3_ws/install/project_package/share/project_package
creating /home/user/turtlebot3_ws/install/project_package/share/project_package/launch
creating /home/user/turtlebot3_ws/install/project_package/share/project_package/urdf
running install_egg_info
Copying ../../build/project_package/project_package.egg-info to /home/user/turtlebot3_ws/install/project_package/lib/python3.10/site-packages/project_package-0.0.0-py3.10.egg-info
running install_scripts
Installing go_to_goal script to /home/user/turtlebot3_ws/install/project_package/lib/project_package
Installing goal_navigator script to /home/user/turtlebot3_ws/install/project_package/lib/project_package
Installing project_node script to /home/user/turtlebot3_ws/install/project_package/lib/project_package
writing list of installed files to '/home/user/turtlebot3_ws/build/project_package/install.log'
