[1.177s] Invoking command in '/home/user/turtlebot3_ws/src/project_package': PYTHONPATH=/home/user/turtlebot3_ws/install/project_package/lib/python3.10/site-packages:${PYTHONPATH} _=/usr/bin/env /usr/bin/python3 setup.py egg_info --egg-base ../../build/project_package build --build-base /home/user/turtlebot3_ws/build/project_package/build install --prefix /home/user/turtlebot3_ws/install/project_package --record /home/user/turtlebot3_ws/build/project_package/install.log --single-version-externally-managed
[1.587s] running egg_info
[1.589s] creating ../../build/project_package/project_package.egg-info
[1.589s] writing ../../build/project_package/project_package.egg-info/PKG-INFO
[1.590s] writing dependency_links to ../../build/project_package/project_package.egg-info/dependency_links.txt
[1.590s] writing entry points to ../../build/project_package/project_package.egg-info/entry_points.txt
[1.590s] writing requirements to ../../build/project_package/project_package.egg-info/requires.txt
[1.591s] writing top-level names to ../../build/project_package/project_package.egg-info/top_level.txt
[1.591s] writing manifest file '../../build/project_package/project_package.egg-info/SOURCES.txt'
[1.593s] reading manifest file '../../build/project_package/project_package.egg-info/SOURCES.txt'
[1.594s] writing manifest file '../../build/project_package/project_package.egg-info/SOURCES.txt'
[1.595s] running build
[1.595s] running build_py
[1.595s] creating /home/user/turtlebot3_ws/build/project_package/build
[1.595s] creating /home/user/turtlebot3_ws/build/project_package/build/lib
[1.596s] creating /home/user/turtlebot3_ws/build/project_package/build/lib/project_package
[1.596s] copying project_package/goal_navigator.py -> /home/user/turtlebot3_ws/build/project_package/build/lib/project_package
[1.596s] copying project_package/go_to_goal.py -> /home/user/turtlebot3_ws/build/project_package/build/lib/project_package
[1.596s] copying project_package/__init__.py -> /home/user/turtlebot3_ws/build/project_package/build/lib/project_package
[1.596s] copying project_package/project_node.py -> /home/user/turtlebot3_ws/build/project_package/build/lib/project_package
[1.596s] running install
[1.597s] /usr/lib/python3/dist-packages/setuptools/command/install.py:34: SetuptoolsDeprecationWarning: setup.py install is deprecated. Use build and pip and other standards-based tools.
[1.597s]   warnings.warn(
[1.597s] running install_lib
[1.598s] creating /home/user/turtlebot3_ws/install/project_package/lib/python3.10/site-packages/project_package
[1.598s] copying /home/user/turtlebot3_ws/build/project_package/build/lib/project_package/goal_navigator.py -> /home/user/turtlebot3_ws/install/project_package/lib/python3.10/site-packages/project_package
[1.599s] copying /home/user/turtlebot3_ws/build/project_package/build/lib/project_package/go_to_goal.py -> /home/user/turtlebot3_ws/install/project_package/lib/python3.10/site-packages/project_package
[1.599s] copying /home/user/turtlebot3_ws/build/project_package/build/lib/project_package/__init__.py -> /home/user/turtlebot3_ws/install/project_package/lib/python3.10/site-packages/project_package
[1.599s] copying /home/user/turtlebot3_ws/build/project_package/build/lib/project_package/project_node.py -> /home/user/turtlebot3_ws/install/project_package/lib/python3.10/site-packages/project_package
[1.600s] byte-compiling /home/user/turtlebot3_ws/install/project_package/lib/python3.10/site-packages/project_package/goal_navigator.py to goal_navigator.cpython-310.pyc
[1.602s] byte-compiling /home/user/turtlebot3_ws/install/project_package/lib/python3.10/site-packages/project_package/go_to_goal.py to go_to_goal.cpython-310.pyc
[1.603s] byte-compiling /home/user/turtlebot3_ws/install/project_package/lib/python3.10/site-packages/project_package/__init__.py to __init__.cpython-310.pyc
[1.603s] byte-compiling /home/user/turtlebot3_ws/install/project_package/lib/python3.10/site-packages/project_package/project_node.py to project_node.cpython-310.pyc
[1.604s] running install_data
[1.605s] creating /home/user/turtlebot3_ws/install/project_package/share/ament_index
[1.605s] creating /home/user/turtlebot3_ws/install/project_package/share/ament_index/resource_index
[1.606s] creating /home/user/turtlebot3_ws/install/project_package/share/ament_index/resource_index/packages
[1.606s] copying resource/project_package -> /home/user/turtlebot3_ws/install/project_package/share/ament_index/resource_index/packages
[1.606s] copying package.xml -> /home/user/turtlebot3_ws/install/project_package/share/project_package
[1.606s] creating /home/user/turtlebot3_ws/install/project_package/share/project_package/launch
[1.606s] creating /home/user/turtlebot3_ws/install/project_package/share/project_package/urdf
[1.606s] running install_egg_info
[1.609s] Copying ../../build/project_package/project_package.egg-info to /home/user/turtlebot3_ws/install/project_package/lib/python3.10/site-packages/project_package-0.0.0-py3.10.egg-info
[1.610s] running install_scripts
[1.639s] Installing go_to_goal script to /home/user/turtlebot3_ws/install/project_package/lib/project_package
[1.639s] Installing goal_navigator script to /home/user/turtlebot3_ws/install/project_package/lib/project_package
[1.639s] Installing project_node script to /home/user/turtlebot3_ws/install/project_package/lib/project_package
[1.640s] writing list of installed files to '/home/user/turtlebot3_ws/build/project_package/install.log'
[1.668s] Invoked command in '/home/user/turtlebot3_ws/src/project_package' returned '0': PYTHONPATH=/home/user/turtlebot3_ws/install/project_package/lib/python3.10/site-packages:${PYTHONPATH} _=/usr/bin/env /usr/bin/python3 setup.py egg_info --egg-base ../../build/project_package build --build-base /home/user/turtlebot3_ws/build/project_package/build install --prefix /home/user/turtlebot3_ws/install/project_package --record /home/user/turtlebot3_ws/build/project_package/install.log --single-version-externally-managed
