[0.717s] Invoking command in '/home/user/ros2_ws/build/my_package': PYTHONPATH=/home/user/ros2_ws/install/my_package/lib/python3.10/site-packages:${PYTHONPATH} _=/usr/bin/env /usr/bin/python3 setup.py develop --prefix /home/user/ros2_ws/install/my_package --uninstall --editable --build-directory /home/user/ros2_ws/build/my_package/build
[1.027s] running develop
[1.027s] /usr/lib/python3/dist-packages/setuptools/command/easy_install.py:158: EasyInstallDeprecationWarning: easy_install command is deprecated. Use build and pip and other standards-based tools.
[1.027s]   warnings.warn(
[1.029s] /usr/lib/python3/dist-packages/setuptools/command/install.py:34: SetuptoolsDeprecationWarning: setup.py install is deprecated. Use build and pip and other standards-based tools.
[1.029s]   warnings.warn(
[1.105s] /usr/lib/python3/dist-packages/pkg_resources/__init__.py:116: PkgResourcesDeprecationWarning: 1.1build1 is an invalid version and will not be supported in a future release
[1.105s]   warnings.warn(
[1.267s] Invoked command in '/home/user/ros2_ws/build/my_package' returned '0': PYTHONPATH=/home/user/ros2_ws/install/my_package/lib/python3.10/site-packages:${PYTHONPATH} _=/usr/bin/env /usr/bin/python3 setup.py develop --prefix /home/user/ros2_ws/install/my_package --uninstall --editable --build-directory /home/user/ros2_ws/build/my_package/build
[1.269s] Invoking command in '/home/user/ros2_ws/src/my_package': PYTHONPATH=/home/user/ros2_ws/install/my_package/lib/python3.10/site-packages:${PYTHONPATH} _=/usr/bin/env /usr/bin/python3 setup.py egg_info --egg-base ../../build/my_package build --build-base /home/user/ros2_ws/build/my_package/build install --prefix /home/user/ros2_ws/install/my_package --record /home/user/ros2_ws/build/my_package/install.log --single-version-externally-managed
[1.549s] running egg_info
[1.550s] writing ../../build/my_package/my_package.egg-info/PKG-INFO
[1.551s] writing dependency_links to ../../build/my_package/my_package.egg-info/dependency_links.txt
[1.551s] writing entry points to ../../build/my_package/my_package.egg-info/entry_points.txt
[1.551s] writing requirements to ../../build/my_package/my_package.egg-info/requires.txt
[1.551s] writing top-level names to ../../build/my_package/my_package.egg-info/top_level.txt
[1.553s] reading manifest file '../../build/my_package/my_package.egg-info/SOURCES.txt'
[1.554s] writing manifest file '../../build/my_package/my_package.egg-info/SOURCES.txt'
[1.554s] running build
[1.555s] running build_py
[1.555s] running install
[1.555s] /usr/lib/python3/dist-packages/setuptools/command/install.py:34: SetuptoolsDeprecationWarning: setup.py install is deprecated. Use build and pip and other standards-based tools.
[1.556s]   warnings.warn(
[1.556s] running install_lib
[1.557s] running install_data
[1.558s] copying urdf/bot.urdf -> /home/user/ros2_ws/install/my_package/share/my_package/urdf
[1.558s] running install_egg_info
[1.560s] removing '/home/user/ros2_ws/install/my_package/lib/python3.10/site-packages/my_package-0.0.0-py3.10.egg-info' (and everything under it)
[1.560s] Copying ../../build/my_package/my_package.egg-info to /home/user/ros2_ws/install/my_package/lib/python3.10/site-packages/my_package-0.0.0-py3.10.egg-info
[1.562s] running install_scripts
[1.584s] Installing control_turtle script to /home/user/ros2_ws/install/my_package/lib/my_package
[1.584s] Installing draw_circle script to /home/user/ros2_ws/install/my_package/lib/my_package
[1.584s] Installing first_node script to /home/user/ros2_ws/install/my_package/lib/my_package
[1.584s] Installing pose_subscriber script to /home/user/ros2_ws/install/my_package/lib/my_package
[1.585s] writing list of installed files to '/home/user/ros2_ws/build/my_package/install.log'
[1.607s] Invoked command in '/home/user/ros2_ws/src/my_package' returned '0': PYTHONPATH=/home/user/ros2_ws/install/my_package/lib/python3.10/site-packages:${PYTHONPATH} _=/usr/bin/env /usr/bin/python3 setup.py egg_info --egg-base ../../build/my_package build --build-base /home/user/ros2_ws/build/my_package/build install --prefix /home/user/ros2_ws/install/my_package --record /home/user/ros2_ws/build/my_package/install.log --single-version-externally-managed
