[0.537s] DEBUG:colcon:Command line arguments: ['/usr/bin/colcon', 'build']
[0.537s] DEBUG:colcon:Parsed command line arguments: Namespace(log_base=None, log_level=None, verb_name='build', build_base='build', install_base='install', merge_install=False, symlink_install=False, test_result_base=None, continue_on_error=False, executor='parallel', parallel_workers=8, event_handlers=None, ignore_user_meta=False, metas=['./colcon.meta'], base_paths=['.'], packages_ignore=None, packages_ignore_regex=None, paths=None, packages_up_to=None, packages_up_to_regex=None, packages_above=None, packages_above_and_dependencies=None, packages_above_depth=None, packages_select_by_dep=None, packages_skip_by_dep=None, packages_skip_up_to=None, packages_select_build_failed=False, packages_skip_build_finished=False, packages_select_test_failures=False, packages_skip_test_passed=False, packages_select=None, packages_skip=None, packages_select_regex=None, packages_skip_regex=None, packages_start=None, packages_end=None, cmake_args=None, cmake_target=None, cmake_target_skip_unavailable=False, cmake_clean_cache=False, cmake_clean_first=False, cmake_force_configure=False, ament_cmake_args=None, catkin_cmake_args=None, catkin_skip_building_tests=False, mixin_files=None, mixin=None, verb_parser=<colcon_mixin.mixin.mixin_argument.MixinArgumentDecorator object at 0x7f5b69136aa0>, verb_extension=<colcon_core.verb.build.BuildVerb object at 0x7f5b69a95720>, main=<bound method BuildVerb.main of <colcon_core.verb.build.BuildVerb object at 0x7f5b69a95720>>, mixin_verb=('build',))
[0.569s] Level 1:colcon.colcon_core.package_discovery:discover_packages(colcon_meta) check parameters
[0.569s] Level 1:colcon.colcon_core.package_discovery:discover_packages(recursive) check parameters
[0.569s] Level 1:colcon.colcon_core.package_discovery:discover_packages(ignore) check parameters
[0.569s] Level 1:colcon.colcon_core.package_discovery:discover_packages(path) check parameters
[0.569s] Level 1:colcon.colcon_core.package_discovery:discover_packages(colcon_meta) discover
[0.569s] Level 1:colcon.colcon_core.package_discovery:discover_packages(recursive) discover
[0.569s] INFO:colcon.colcon_core.package_discovery:Crawling recursively for packages in '/home/user/turtlebot3_ws/src'
[0.570s] Level 1:colcon.colcon_core.package_identification:_identify(.) by extensions ['ignore', 'ignore_ament_install']
[0.570s] Level 1:colcon.colcon_core.package_identification:_identify(.) by extension 'ignore'
[0.570s] Level 1:colcon.colcon_core.package_identification:_identify(.) by extension 'ignore_ament_install'
[0.570s] Level 1:colcon.colcon_core.package_identification:_identify(.) by extensions ['colcon_pkg']
[0.570s] Level 1:colcon.colcon_core.package_identification:_identify(.) by extension 'colcon_pkg'
[0.570s] Level 1:colcon.colcon_core.package_identification:_identify(.) by extensions ['colcon_meta']
[0.570s] Level 1:colcon.colcon_core.package_identification:_identify(.) by extension 'colcon_meta'
[0.570s] Level 1:colcon.colcon_core.package_identification:_identify(.) by extensions ['ros']
[0.570s] Level 1:colcon.colcon_core.package_identification:_identify(.) by extension 'ros'
[0.603s] Level 1:colcon.colcon_core.package_identification:_identify(.) by extensions ['cmake', 'python']
[0.603s] Level 1:colcon.colcon_core.package_identification:_identify(.) by extension 'cmake'
[0.603s] Level 1:colcon.colcon_core.package_identification:_identify(.) by extension 'python'
[0.603s] Level 1:colcon.colcon_core.package_identification:_identify(.) by extensions ['python_setup_py']
[0.603s] Level 1:colcon.colcon_core.package_identification:_identify(.) by extension 'python_setup_py'
[0.604s] Level 1:colcon.colcon_core.package_identification:_identify(build) by extensions ['ignore', 'ignore_ament_install']
[0.604s] Level 1:colcon.colcon_core.package_identification:_identify(build) by extension 'ignore'
[0.604s] Level 1:colcon.colcon_core.package_identification:_identify(build) ignored
[0.604s] Level 1:colcon.colcon_core.package_identification:_identify(install) by extensions ['ignore', 'ignore_ament_install']
[0.604s] Level 1:colcon.colcon_core.package_identification:_identify(install) by extension 'ignore'
[0.605s] Level 1:colcon.colcon_core.package_identification:_identify(install) ignored
[0.605s] Level 1:colcon.colcon_core.package_identification:_identify(log) by extensions ['ignore', 'ignore_ament_install']
[0.605s] Level 1:colcon.colcon_core.package_identification:_identify(log) by extension 'ignore'
[0.605s] Level 1:colcon.colcon_core.package_identification:_identify(log) ignored
[0.605s] Level 1:colcon.colcon_core.package_identification:_identify(project_package) by extensions ['ignore', 'ignore_ament_install']
[0.605s] Level 1:colcon.colcon_core.package_identification:_identify(project_package) by extension 'ignore'
[0.605s] Level 1:colcon.colcon_core.package_identification:_identify(project_package) by extension 'ignore_ament_install'
[0.606s] Level 1:colcon.colcon_core.package_identification:_identify(project_package) by extensions ['colcon_pkg']
[0.606s] Level 1:colcon.colcon_core.package_identification:_identify(project_package) by extension 'colcon_pkg'
[0.606s] Level 1:colcon.colcon_core.package_identification:_identify(project_package) by extensions ['colcon_meta']
[0.606s] Level 1:colcon.colcon_core.package_identification:_identify(project_package) by extension 'colcon_meta'
[0.606s] Level 1:colcon.colcon_core.package_identification:_identify(project_package) by extensions ['ros']
[0.606s] Level 1:colcon.colcon_core.package_identification:_identify(project_package) by extension 'ros'
[0.611s] DEBUG:colcon.colcon_core.package_identification:Package 'project_package' with type 'ros.ament_python' and name 'project_package'
[0.611s] Level 1:colcon.colcon_core.package_identification:_identify(turtlebot3_fake_node) by extensions ['ignore', 'ignore_ament_install']
[0.611s] Level 1:colcon.colcon_core.package_identification:_identify(turtlebot3_fake_node) by extension 'ignore'
[0.611s] Level 1:colcon.colcon_core.package_identification:_identify(turtlebot3_fake_node) by extension 'ignore_ament_install'
[0.612s] Level 1:colcon.colcon_core.package_identification:_identify(turtlebot3_fake_node) by extensions ['colcon_pkg']
[0.612s] Level 1:colcon.colcon_core.package_identification:_identify(turtlebot3_fake_node) by extension 'colcon_pkg'
[0.612s] Level 1:colcon.colcon_core.package_identification:_identify(turtlebot3_fake_node) by extensions ['colcon_meta']
[0.612s] Level 1:colcon.colcon_core.package_identification:_identify(turtlebot3_fake_node) by extension 'colcon_meta'
[0.612s] Level 1:colcon.colcon_core.package_identification:_identify(turtlebot3_fake_node) by extensions ['ros']
[0.612s] Level 1:colcon.colcon_core.package_identification:_identify(turtlebot3_fake_node) by extension 'ros'
[0.614s] DEBUG:colcon.colcon_core.package_identification:Package 'turtlebot3_fake_node' with type 'ros.ament_cmake' and name 'turtlebot3_fake_node'
[0.615s] Level 1:colcon.colcon_core.package_identification:_identify(turtlebot3_gazebo) by extensions ['ignore', 'ignore_ament_install']
[0.615s] Level 1:colcon.colcon_core.package_identification:_identify(turtlebot3_gazebo) by extension 'ignore'
[0.615s] Level 1:colcon.colcon_core.package_identification:_identify(turtlebot3_gazebo) by extension 'ignore_ament_install'
[0.615s] Level 1:colcon.colcon_core.package_identification:_identify(turtlebot3_gazebo) by extensions ['colcon_pkg']
[0.615s] Level 1:colcon.colcon_core.package_identification:_identify(turtlebot3_gazebo) by extension 'colcon_pkg'
[0.615s] Level 1:colcon.colcon_core.package_identification:_identify(turtlebot3_gazebo) by extensions ['colcon_meta']
[0.615s] Level 1:colcon.colcon_core.package_identification:_identify(turtlebot3_gazebo) by extension 'colcon_meta'
[0.615s] Level 1:colcon.colcon_core.package_identification:_identify(turtlebot3_gazebo) by extensions ['ros']
[0.615s] Level 1:colcon.colcon_core.package_identification:_identify(turtlebot3_gazebo) by extension 'ros'
[0.617s] DEBUG:colcon.colcon_core.package_identification:Package 'turtlebot3_gazebo' with type 'ros.ament_cmake' and name 'turtlebot3_gazebo'
[0.618s] Level 1:colcon.colcon_core.package_identification:_identify(turtlebot3_simulations) by extensions ['ignore', 'ignore_ament_install']
[0.618s] Level 1:colcon.colcon_core.package_identification:_identify(turtlebot3_simulations) by extension 'ignore'
[0.618s] Level 1:colcon.colcon_core.package_identification:_identify(turtlebot3_simulations) by extension 'ignore_ament_install'
[0.618s] Level 1:colcon.colcon_core.package_identification:_identify(turtlebot3_simulations) by extensions ['colcon_pkg']
[0.618s] Level 1:colcon.colcon_core.package_identification:_identify(turtlebot3_simulations) by extension 'colcon_pkg'
[0.618s] Level 1:colcon.colcon_core.package_identification:_identify(turtlebot3_simulations) by extensions ['colcon_meta']
[0.618s] Level 1:colcon.colcon_core.package_identification:_identify(turtlebot3_simulations) by extension 'colcon_meta'
[0.618s] Level 1:colcon.colcon_core.package_identification:_identify(turtlebot3_simulations) by extensions ['ros']
[0.618s] Level 1:colcon.colcon_core.package_identification:_identify(turtlebot3_simulations) by extension 'ros'
[0.619s] DEBUG:colcon.colcon_core.package_identification:Package 'turtlebot3_simulations' with type 'ros.ament_cmake' and name 'turtlebot3_simulations'
[0.620s] Level 1:colcon.colcon_core.package_discovery:discover_packages(recursive) using defaults
[0.620s] Level 1:colcon.colcon_core.package_discovery:discover_packages(ignore) discover
[0.620s] Level 1:colcon.colcon_core.package_discovery:discover_packages(ignore) using defaults
[0.620s] Level 1:colcon.colcon_core.package_discovery:discover_packages(path) discover
[0.620s] Level 1:colcon.colcon_core.package_discovery:discover_packages(path) using defaults
[0.653s] Level 5:colcon.colcon_core.verb:set package 'project_package' build argument 'cmake_args' from command line to 'None'
[0.653s] Level 5:colcon.colcon_core.verb:set package 'project_package' build argument 'cmake_target' from command line to 'None'
[0.653s] Level 5:colcon.colcon_core.verb:set package 'project_package' build argument 'cmake_target_skip_unavailable' from command line to 'False'
[0.653s] Level 5:colcon.colcon_core.verb:set package 'project_package' build argument 'cmake_clean_cache' from command line to 'False'
[0.653s] Level 5:colcon.colcon_core.verb:set package 'project_package' build argument 'cmake_clean_first' from command line to 'False'
[0.653s] Level 5:colcon.colcon_core.verb:set package 'project_package' build argument 'cmake_force_configure' from command line to 'False'
[0.653s] Level 5:colcon.colcon_core.verb:set package 'project_package' build argument 'ament_cmake_args' from command line to 'None'
[0.653s] Level 5:colcon.colcon_core.verb:set package 'project_package' build argument 'catkin_cmake_args' from command line to 'None'
[0.653s] Level 5:colcon.colcon_core.verb:set package 'project_package' build argument 'catkin_skip_building_tests' from command line to 'False'
[0.653s] DEBUG:colcon.colcon_core.verb:Building package 'project_package' with the following arguments: {'ament_cmake_args': None, 'build_base': '/home/user/turtlebot3_ws/src/build/project_package', 'catkin_cmake_args': None, 'catkin_skip_building_tests': False, 'cmake_args': None, 'cmake_clean_cache': False, 'cmake_clean_first': False, 'cmake_force_configure': False, 'cmake_target': None, 'cmake_target_skip_unavailable': False, 'install_base': '/home/user/turtlebot3_ws/src/install/project_package', 'merge_install': False, 'path': '/home/user/turtlebot3_ws/src/project_package', 'symlink_install': False, 'test_result_base': None}
[0.654s] Level 5:colcon.colcon_core.verb:set package 'turtlebot3_fake_node' build argument 'cmake_args' from command line to 'None'
[0.655s] Level 5:colcon.colcon_core.verb:set package 'turtlebot3_fake_node' build argument 'cmake_target' from command line to 'None'
[0.655s] Level 5:colcon.colcon_core.verb:set package 'turtlebot3_fake_node' build argument 'cmake_target_skip_unavailable' from command line to 'False'
[0.655s] Level 5:colcon.colcon_core.verb:set package 'turtlebot3_fake_node' build argument 'cmake_clean_cache' from command line to 'False'
[0.655s] Level 5:colcon.colcon_core.verb:set package 'turtlebot3_fake_node' build argument 'cmake_clean_first' from command line to 'False'
[0.655s] Level 5:colcon.colcon_core.verb:set package 'turtlebot3_fake_node' build argument 'cmake_force_configure' from command line to 'False'
[0.655s] Level 5:colcon.colcon_core.verb:set package 'turtlebot3_fake_node' build argument 'ament_cmake_args' from command line to 'None'
[0.655s] Level 5:colcon.colcon_core.verb:set package 'turtlebot3_fake_node' build argument 'catkin_cmake_args' from command line to 'None'
[0.655s] Level 5:colcon.colcon_core.verb:set package 'turtlebot3_fake_node' build argument 'catkin_skip_building_tests' from command line to 'False'
[0.655s] DEBUG:colcon.colcon_core.verb:Building package 'turtlebot3_fake_node' with the following arguments: {'ament_cmake_args': None, 'build_base': '/home/user/turtlebot3_ws/src/build/turtlebot3_fake_node', 'catkin_cmake_args': None, 'catkin_skip_building_tests': False, 'cmake_args': None, 'cmake_clean_cache': False, 'cmake_clean_first': False, 'cmake_force_configure': False, 'cmake_target': None, 'cmake_target_skip_unavailable': False, 'install_base': '/home/user/turtlebot3_ws/src/install/turtlebot3_fake_node', 'merge_install': False, 'path': '/home/user/turtlebot3_ws/src/turtlebot3_fake_node', 'symlink_install': False, 'test_result_base': None}
[0.656s] Level 5:colcon.colcon_core.verb:set package 'turtlebot3_gazebo' build argument 'cmake_args' from command line to 'None'
[0.656s] Level 5:colcon.colcon_core.verb:set package 'turtlebot3_gazebo' build argument 'cmake_target' from command line to 'None'
[0.656s] Level 5:colcon.colcon_core.verb:set package 'turtlebot3_gazebo' build argument 'cmake_target_skip_unavailable' from command line to 'False'
[0.656s] Level 5:colcon.colcon_core.verb:set package 'turtlebot3_gazebo' build argument 'cmake_clean_cache' from command line to 'False'
[0.657s] Level 5:colcon.colcon_core.verb:set package 'turtlebot3_gazebo' build argument 'cmake_clean_first' from command line to 'False'
[0.657s] Level 5:colcon.colcon_core.verb:set package 'turtlebot3_gazebo' build argument 'cmake_force_configure' from command line to 'False'
[0.657s] Level 5:colcon.colcon_core.verb:set package 'turtlebot3_gazebo' build argument 'ament_cmake_args' from command line to 'None'
[0.657s] Level 5:colcon.colcon_core.verb:set package 'turtlebot3_gazebo' build argument 'catkin_cmake_args' from command line to 'None'
[0.657s] Level 5:colcon.colcon_core.verb:set package 'turtlebot3_gazebo' build argument 'catkin_skip_building_tests' from command line to 'False'
[0.657s] DEBUG:colcon.colcon_core.verb:Building package 'turtlebot3_gazebo' with the following arguments: {'ament_cmake_args': None, 'build_base': '/home/user/turtlebot3_ws/src/build/turtlebot3_gazebo', 'catkin_cmake_args': None, 'catkin_skip_building_tests': False, 'cmake_args': None, 'cmake_clean_cache': False, 'cmake_clean_first': False, 'cmake_force_configure': False, 'cmake_target': None, 'cmake_target_skip_unavailable': False, 'install_base': '/home/user/turtlebot3_ws/src/install/turtlebot3_gazebo', 'merge_install': False, 'path': '/home/user/turtlebot3_ws/src/turtlebot3_gazebo', 'symlink_install': False, 'test_result_base': None}
[0.658s] Level 5:colcon.colcon_core.verb:set package 'turtlebot3_simulations' build argument 'cmake_args' from command line to 'None'
[0.658s] Level 5:colcon.colcon_core.verb:set package 'turtlebot3_simulations' build argument 'cmake_target' from command line to 'None'
[0.658s] Level 5:colcon.colcon_core.verb:set package 'turtlebot3_simulations' build argument 'cmake_target_skip_unavailable' from command line to 'False'
[0.658s] Level 5:colcon.colcon_core.verb:set package 'turtlebot3_simulations' build argument 'cmake_clean_cache' from command line to 'False'
[0.658s] Level 5:colcon.colcon_core.verb:set package 'turtlebot3_simulations' build argument 'cmake_clean_first' from command line to 'False'
[0.658s] Level 5:colcon.colcon_core.verb:set package 'turtlebot3_simulations' build argument 'cmake_force_configure' from command line to 'False'
[0.658s] Level 5:colcon.colcon_core.verb:set package 'turtlebot3_simulations' build argument 'ament_cmake_args' from command line to 'None'
[0.658s] Level 5:colcon.colcon_core.verb:set package 'turtlebot3_simulations' build argument 'catkin_cmake_args' from command line to 'None'
[0.658s] Level 5:colcon.colcon_core.verb:set package 'turtlebot3_simulations' build argument 'catkin_skip_building_tests' from command line to 'False'
[0.658s] DEBUG:colcon.colcon_core.verb:Building package 'turtlebot3_simulations' with the following arguments: {'ament_cmake_args': None, 'build_base': '/home/user/turtlebot3_ws/src/build/turtlebot3_simulations', 'catkin_cmake_args': None, 'catkin_skip_building_tests': False, 'cmake_args': None, 'cmake_clean_cache': False, 'cmake_clean_first': False, 'cmake_force_configure': False, 'cmake_target': None, 'cmake_target_skip_unavailable': False, 'install_base': '/home/user/turtlebot3_ws/src/install/turtlebot3_simulations', 'merge_install': False, 'path': '/home/user/turtlebot3_ws/src/turtlebot3_simulations', 'symlink_install': False, 'test_result_base': None}
[0.659s] INFO:colcon.colcon_core.executor:Executing jobs using 'parallel' executor
[0.665s] DEBUG:colcon.colcon_parallel_executor.executor.parallel:run_until_complete
[0.665s] INFO:colcon.colcon_ros.task.ament_cmake.build:Building ROS package in '/home/user/turtlebot3_ws/src/turtlebot3_fake_node' with build type 'ament_cmake'
[0.666s] INFO:colcon.colcon_cmake.task.cmake.build:Building CMake package in '/home/user/turtlebot3_ws/src/turtlebot3_fake_node'
[0.672s] INFO:colcon.colcon_core.plugin_system:Skipping extension 'colcon_core.shell.bat': Not used on non-Windows systems
[0.672s] INFO:colcon.colcon_core.shell:Skip shell extension 'powershell' for command environment: Not usable outside of PowerShell
[0.672s] DEBUG:colcon.colcon_core.shell:Skip shell extension 'dsv' for command environment
[0.692s] INFO:colcon.colcon_ros.task.ament_cmake.build:Building ROS package in '/home/user/turtlebot3_ws/src/turtlebot3_gazebo' with build type 'ament_cmake'
[0.692s] INFO:colcon.colcon_cmake.task.cmake.build:Building CMake package in '/home/user/turtlebot3_ws/src/turtlebot3_gazebo'
[0.696s] INFO:colcon.colcon_core.shell:Skip shell extension 'powershell' for command environment: Not usable outside of PowerShell
[0.696s] DEBUG:colcon.colcon_core.shell:Skip shell extension 'dsv' for command environment
[0.712s] INFO:colcon.colcon_ros.task.ament_python.build:Building ROS package in '/home/user/turtlebot3_ws/src/project_package' with build type 'ament_python'
[0.712s] Level 1:colcon.colcon_core.shell:create_environment_hook('project_package', 'ament_prefix_path')
[0.715s] INFO:colcon.colcon_core.shell:Creating environment hook '/home/user/turtlebot3_ws/src/install/project_package/share/project_package/hook/ament_prefix_path.ps1'
[0.716s] INFO:colcon.colcon_core.shell:Creating environment descriptor '/home/user/turtlebot3_ws/src/install/project_package/share/project_package/hook/ament_prefix_path.dsv'
[0.717s] INFO:colcon.colcon_core.shell:Creating environment hook '/home/user/turtlebot3_ws/src/install/project_package/share/project_package/hook/ament_prefix_path.sh'
[0.719s] INFO:colcon.colcon_core.shell:Skip shell extension 'powershell' for command environment: Not usable outside of PowerShell
[0.719s] DEBUG:colcon.colcon_core.shell:Skip shell extension 'dsv' for command environment
[0.736s] DEBUG:colcon.colcon_core.event_handler.log_command:Invoking command in '/home/user/turtlebot3_ws/src/build/turtlebot3_fake_node': CMAKE_PREFIX_PATH=${CMAKE_PREFIX_PATH}:/home/user/ros2_ws/install/my_package:/opt/ros/humble _=/usr/bin/env /usr/bin/cmake --build /home/user/turtlebot3_ws/src/build/turtlebot3_fake_node -- -j8 -l8
[0.744s] DEBUG:colcon.colcon_core.event_handler.log_command:Invoking command in '/home/user/turtlebot3_ws/src/build/turtlebot3_gazebo': CMAKE_PREFIX_PATH=${CMAKE_PREFIX_PATH}:/home/user/ros2_ws/install/my_package:/opt/ros/humble _=/usr/bin/env /usr/bin/cmake --build /home/user/turtlebot3_ws/src/build/turtlebot3_gazebo -- -j8 -l8
[1.231s] INFO:colcon.colcon_core.task.python.build:Building Python package in '/home/user/turtlebot3_ws/src/project_package'
[1.233s] INFO:colcon.colcon_core.shell:Skip shell extension 'powershell' for command environment: Not usable outside of PowerShell
[1.233s] DEBUG:colcon.colcon_core.shell:Skip shell extension 'dsv' for command environment
[1.245s] DEBUG:colcon.colcon_core.event_handler.log_command:Invoked command in '/home/user/turtlebot3_ws/src/build/turtlebot3_fake_node' returned '0': CMAKE_PREFIX_PATH=${CMAKE_PREFIX_PATH}:/home/user/ros2_ws/install/my_package:/opt/ros/humble _=/usr/bin/env /usr/bin/cmake --build /home/user/turtlebot3_ws/src/build/turtlebot3_fake_node -- -j8 -l8
[1.246s] DEBUG:colcon.colcon_core.event_handler.log_command:Invoked command in '/home/user/turtlebot3_ws/src/build/turtlebot3_gazebo' returned '0': CMAKE_PREFIX_PATH=${CMAKE_PREFIX_PATH}:/home/user/ros2_ws/install/my_package:/opt/ros/humble _=/usr/bin/env /usr/bin/cmake --build /home/user/turtlebot3_ws/src/build/turtlebot3_gazebo -- -j8 -l8
[1.331s] DEBUG:colcon.colcon_core.event_handler.log_command:Invoking command in '/home/user/turtlebot3_ws/src/build/turtlebot3_fake_node': CMAKE_PREFIX_PATH=${CMAKE_PREFIX_PATH}:/home/user/ros2_ws/install/my_package:/opt/ros/humble _=/usr/bin/env /usr/bin/cmake --install /home/user/turtlebot3_ws/src/build/turtlebot3_fake_node
[1.340s] DEBUG:colcon.colcon_core.event_handler.log_command:Invoking command in '/home/user/turtlebot3_ws/src/build/turtlebot3_gazebo': CMAKE_PREFIX_PATH=${CMAKE_PREFIX_PATH}:/home/user/ros2_ws/install/my_package:/opt/ros/humble _=/usr/bin/env /usr/bin/cmake --install /home/user/turtlebot3_ws/src/build/turtlebot3_gazebo
[1.345s] Level 1:colcon.colcon_core.environment:create_environment_scripts_only(turtlebot3_fake_node)
[1.358s] DEBUG:colcon.colcon_core.event_handler.log_command:Invoked command in '/home/user/turtlebot3_ws/src/build/turtlebot3_fake_node' returned '0': CMAKE_PREFIX_PATH=${CMAKE_PREFIX_PATH}:/home/user/ros2_ws/install/my_package:/opt/ros/humble _=/usr/bin/env /usr/bin/cmake --install /home/user/turtlebot3_ws/src/build/turtlebot3_fake_node
[1.380s] Level 1:colcon.colcon_core.environment:checking '/home/user/turtlebot3_ws/src/install/turtlebot3_fake_node' for CMake module files
[1.383s] Level 1:colcon.colcon_core.environment:checking '/home/user/turtlebot3_ws/src/install/turtlebot3_fake_node' for CMake config files
[1.384s] Level 1:colcon.colcon_core.shell:create_environment_hook('turtlebot3_fake_node', 'cmake_prefix_path')
[1.387s] INFO:colcon.colcon_core.shell:Creating environment hook '/home/user/turtlebot3_ws/src/install/turtlebot3_fake_node/share/turtlebot3_fake_node/hook/cmake_prefix_path.ps1'
[1.388s] INFO:colcon.colcon_core.shell:Creating environment descriptor '/home/user/turtlebot3_ws/src/install/turtlebot3_fake_node/share/turtlebot3_fake_node/hook/cmake_prefix_path.dsv'
[1.389s] INFO:colcon.colcon_core.shell:Creating environment hook '/home/user/turtlebot3_ws/src/install/turtlebot3_fake_node/share/turtlebot3_fake_node/hook/cmake_prefix_path.sh'
[1.394s] Level 1:colcon.colcon_core.environment:checking '/home/user/turtlebot3_ws/src/install/turtlebot3_fake_node/lib'
[1.395s] Level 1:colcon.colcon_core.environment:checking '/home/user/turtlebot3_ws/src/install/turtlebot3_fake_node/bin'
[1.395s] Level 1:colcon.colcon_core.environment:checking '/home/user/turtlebot3_ws/src/install/turtlebot3_fake_node/lib/pkgconfig/turtlebot3_fake_node.pc'
[1.395s] Level 1:colcon.colcon_core.environment:checking '/home/user/turtlebot3_ws/src/install/turtlebot3_fake_node/lib/python3.10/site-packages'
[1.397s] Level 1:colcon.colcon_core.environment:checking '/home/user/turtlebot3_ws/src/install/turtlebot3_fake_node/bin'
[1.400s] INFO:colcon.colcon_core.shell:Creating package script '/home/user/turtlebot3_ws/src/install/turtlebot3_fake_node/share/turtlebot3_fake_node/package.ps1'
[1.403s] INFO:colcon.colcon_core.shell:Creating package descriptor '/home/user/turtlebot3_ws/src/install/turtlebot3_fake_node/share/turtlebot3_fake_node/package.dsv'
[1.403s] INFO:colcon.colcon_core.shell:Creating package script '/home/user/turtlebot3_ws/src/install/turtlebot3_fake_node/share/turtlebot3_fake_node/package.sh'
[1.404s] INFO:colcon.colcon_core.shell:Creating package script '/home/user/turtlebot3_ws/src/install/turtlebot3_fake_node/share/turtlebot3_fake_node/package.bash'
[1.405s] INFO:colcon.colcon_core.shell:Creating package script '/home/user/turtlebot3_ws/src/install/turtlebot3_fake_node/share/turtlebot3_fake_node/package.zsh'
[1.406s] Level 1:colcon.colcon_core.environment:create_file_with_runtime_dependencies(/home/user/turtlebot3_ws/src/install/turtlebot3_fake_node/share/colcon-core/packages/turtlebot3_fake_node)
[1.424s] Level 1:colcon.colcon_core.environment:create_environment_scripts_only(turtlebot3_gazebo)
[1.428s] Level 1:colcon.colcon_core.environment:checking '/home/user/turtlebot3_ws/src/install/turtlebot3_gazebo' for CMake module files
[1.429s] Level 1:colcon.colcon_core.environment:checking '/home/user/turtlebot3_ws/src/install/turtlebot3_gazebo' for CMake config files
[1.430s] Level 1:colcon.colcon_core.shell:create_environment_hook('turtlebot3_gazebo', 'cmake_prefix_path')
[1.433s] INFO:colcon.colcon_core.shell:Creating environment hook '/home/user/turtlebot3_ws/src/install/turtlebot3_gazebo/share/turtlebot3_gazebo/hook/cmake_prefix_path.ps1'
[1.434s] INFO:colcon.colcon_core.shell:Creating environment descriptor '/home/user/turtlebot3_ws/src/install/turtlebot3_gazebo/share/turtlebot3_gazebo/hook/cmake_prefix_path.dsv'
[1.435s] INFO:colcon.colcon_core.shell:Creating environment hook '/home/user/turtlebot3_ws/src/install/turtlebot3_gazebo/share/turtlebot3_gazebo/hook/cmake_prefix_path.sh'
[1.435s] Level 1:colcon.colcon_core.environment:checking '/home/user/turtlebot3_ws/src/install/turtlebot3_gazebo/lib'
[1.435s] Level 1:colcon.colcon_core.environment:checking '/home/user/turtlebot3_ws/src/install/turtlebot3_gazebo/bin'
[1.436s] Level 1:colcon.colcon_core.environment:checking '/home/user/turtlebot3_ws/src/install/turtlebot3_gazebo/lib/pkgconfig/turtlebot3_gazebo.pc'
[1.436s] Level 1:colcon.colcon_core.environment:checking '/home/user/turtlebot3_ws/src/install/turtlebot3_gazebo/lib/python3.10/site-packages'
[1.436s] Level 1:colcon.colcon_core.environment:checking '/home/user/turtlebot3_ws/src/install/turtlebot3_gazebo/bin'
[1.439s] INFO:colcon.colcon_core.shell:Creating package script '/home/user/turtlebot3_ws/src/install/turtlebot3_gazebo/share/turtlebot3_gazebo/package.ps1'
[1.433s] DEBUG:colcon.colcon_core.event_handler.log_command:Invoked command in '/home/user/turtlebot3_ws/src/build/turtlebot3_gazebo' returned '0': CMAKE_PREFIX_PATH=${CMAKE_PREFIX_PATH}:/home/user/ros2_ws/install/my_package:/opt/ros/humble _=/usr/bin/env /usr/bin/cmake --install /home/user/turtlebot3_ws/src/build/turtlebot3_gazebo
[1.440s] INFO:colcon.colcon_core.shell:Creating package descriptor '/home/user/turtlebot3_ws/src/install/turtlebot3_gazebo/share/turtlebot3_gazebo/package.dsv'
[1.440s] INFO:colcon.colcon_core.shell:Creating package script '/home/user/turtlebot3_ws/src/install/turtlebot3_gazebo/share/turtlebot3_gazebo/package.sh'
[1.441s] INFO:colcon.colcon_core.shell:Creating package script '/home/user/turtlebot3_ws/src/install/turtlebot3_gazebo/share/turtlebot3_gazebo/package.bash'
[1.442s] INFO:colcon.colcon_core.shell:Creating package script '/home/user/turtlebot3_ws/src/install/turtlebot3_gazebo/share/turtlebot3_gazebo/package.zsh'
[1.442s] Level 1:colcon.colcon_core.environment:create_file_with_runtime_dependencies(/home/user/turtlebot3_ws/src/install/turtlebot3_gazebo/share/colcon-core/packages/turtlebot3_gazebo)
[1.521s] Level 1:colcon.colcon_core.environment:create_environment_scripts_only(turtlebot3_fake_node)
[1.525s] Level 1:colcon.colcon_core.environment:checking '/home/user/turtlebot3_ws/src/install/turtlebot3_fake_node' for CMake module files
[1.526s] Level 1:colcon.colcon_core.environment:checking '/home/user/turtlebot3_ws/src/install/turtlebot3_fake_node' for CMake config files
[1.527s] Level 1:colcon.colcon_core.shell:create_environment_hook('turtlebot3_fake_node', 'cmake_prefix_path')
[1.530s] INFO:colcon.colcon_core.shell:Creating environment hook '/home/user/turtlebot3_ws/src/install/turtlebot3_fake_node/share/turtlebot3_fake_node/hook/cmake_prefix_path.ps1'
[1.531s] INFO:colcon.colcon_core.shell:Creating environment descriptor '/home/user/turtlebot3_ws/src/install/turtlebot3_fake_node/share/turtlebot3_fake_node/hook/cmake_prefix_path.dsv'
[1.532s] INFO:colcon.colcon_core.shell:Creating environment hook '/home/user/turtlebot3_ws/src/install/turtlebot3_fake_node/share/turtlebot3_fake_node/hook/cmake_prefix_path.sh'
[1.533s] Level 1:colcon.colcon_core.environment:checking '/home/user/turtlebot3_ws/src/install/turtlebot3_fake_node/lib'
[1.533s] Level 1:colcon.colcon_core.environment:checking '/home/user/turtlebot3_ws/src/install/turtlebot3_fake_node/bin'
[1.533s] Level 1:colcon.colcon_core.environment:checking '/home/user/turtlebot3_ws/src/install/turtlebot3_fake_node/lib/pkgconfig/turtlebot3_fake_node.pc'
[1.533s] Level 1:colcon.colcon_core.environment:checking '/home/user/turtlebot3_ws/src/install/turtlebot3_fake_node/lib/python3.10/site-packages'
[1.534s] Level 1:colcon.colcon_core.environment:checking '/home/user/turtlebot3_ws/src/install/turtlebot3_fake_node/bin'
[1.537s] INFO:colcon.colcon_core.shell:Creating package script '/home/user/turtlebot3_ws/src/install/turtlebot3_fake_node/share/turtlebot3_fake_node/package.ps1'
[1.538s] INFO:colcon.colcon_core.shell:Creating package descriptor '/home/user/turtlebot3_ws/src/install/turtlebot3_fake_node/share/turtlebot3_fake_node/package.dsv'
[1.538s] INFO:colcon.colcon_core.shell:Creating package script '/home/user/turtlebot3_ws/src/install/turtlebot3_fake_node/share/turtlebot3_fake_node/package.sh'
[1.540s] INFO:colcon.colcon_core.shell:Creating package script '/home/user/turtlebot3_ws/src/install/turtlebot3_fake_node/share/turtlebot3_fake_node/package.bash'
[1.541s] INFO:colcon.colcon_core.shell:Creating package script '/home/user/turtlebot3_ws/src/install/turtlebot3_fake_node/share/turtlebot3_fake_node/package.zsh'
[1.542s] Level 1:colcon.colcon_core.environment:create_file_with_runtime_dependencies(/home/user/turtlebot3_ws/src/install/turtlebot3_fake_node/share/colcon-core/packages/turtlebot3_fake_node)
[1.562s] Level 1:colcon.colcon_core.environment:create_environment_scripts_only(turtlebot3_gazebo)
[1.564s] Level 1:colcon.colcon_core.environment:checking '/home/user/turtlebot3_ws/src/install/turtlebot3_gazebo' for CMake module files
[1.565s] Level 1:colcon.colcon_core.environment:checking '/home/user/turtlebot3_ws/src/install/turtlebot3_gazebo' for CMake config files
[1.565s] Level 1:colcon.colcon_core.shell:create_environment_hook('turtlebot3_gazebo', 'cmake_prefix_path')
[1.567s] INFO:colcon.colcon_core.shell:Creating environment hook '/home/user/turtlebot3_ws/src/install/turtlebot3_gazebo/share/turtlebot3_gazebo/hook/cmake_prefix_path.ps1'
[1.568s] INFO:colcon.colcon_core.shell:Creating environment descriptor '/home/user/turtlebot3_ws/src/install/turtlebot3_gazebo/share/turtlebot3_gazebo/hook/cmake_prefix_path.dsv'
[1.568s] INFO:colcon.colcon_core.shell:Creating environment hook '/home/user/turtlebot3_ws/src/install/turtlebot3_gazebo/share/turtlebot3_gazebo/hook/cmake_prefix_path.sh'
[1.569s] Level 1:colcon.colcon_core.environment:checking '/home/user/turtlebot3_ws/src/install/turtlebot3_gazebo/lib'
[1.569s] Level 1:colcon.colcon_core.environment:checking '/home/user/turtlebot3_ws/src/install/turtlebot3_gazebo/bin'
[1.569s] Level 1:colcon.colcon_core.environment:checking '/home/user/turtlebot3_ws/src/install/turtlebot3_gazebo/lib/pkgconfig/turtlebot3_gazebo.pc'
[1.570s] Level 1:colcon.colcon_core.environment:checking '/home/user/turtlebot3_ws/src/install/turtlebot3_gazebo/lib/python3.10/site-packages'
[1.570s] Level 1:colcon.colcon_core.environment:checking '/home/user/turtlebot3_ws/src/install/turtlebot3_gazebo/bin'
[1.572s] INFO:colcon.colcon_core.shell:Creating package script '/home/user/turtlebot3_ws/src/install/turtlebot3_gazebo/share/turtlebot3_gazebo/package.ps1'
[1.573s] INFO:colcon.colcon_core.shell:Creating package descriptor '/home/user/turtlebot3_ws/src/install/turtlebot3_gazebo/share/turtlebot3_gazebo/package.dsv'
[1.574s] INFO:colcon.colcon_core.shell:Creating package script '/home/user/turtlebot3_ws/src/install/turtlebot3_gazebo/share/turtlebot3_gazebo/package.sh'
[1.575s] INFO:colcon.colcon_core.shell:Creating package script '/home/user/turtlebot3_ws/src/install/turtlebot3_gazebo/share/turtlebot3_gazebo/package.bash'
[1.575s] INFO:colcon.colcon_core.shell:Creating package script '/home/user/turtlebot3_ws/src/install/turtlebot3_gazebo/share/turtlebot3_gazebo/package.zsh'
[1.576s] Level 1:colcon.colcon_core.environment:create_file_with_runtime_dependencies(/home/user/turtlebot3_ws/src/install/turtlebot3_gazebo/share/colcon-core/packages/turtlebot3_gazebo)
[1.577s] INFO:colcon.colcon_ros.task.ament_cmake.build:Building ROS package in '/home/user/turtlebot3_ws/src/turtlebot3_simulations' with build type 'ament_cmake'
[1.578s] INFO:colcon.colcon_cmake.task.cmake.build:Building CMake package in '/home/user/turtlebot3_ws/src/turtlebot3_simulations'
[1.581s] INFO:colcon.colcon_core.shell:Skip shell extension 'powershell' for command environment: Not usable outside of PowerShell
[1.581s] DEBUG:colcon.colcon_core.shell:Skip shell extension 'dsv' for command environment
[1.627s] DEBUG:colcon.colcon_core.event_handler.log_command:Invoking command in '/home/user/turtlebot3_ws/src/build/turtlebot3_simulations': AMENT_PREFIX_PATH=/home/user/turtlebot3_ws/src/install/turtlebot3_gazebo:/home/user/turtlebot3_ws/src/install/turtlebot3_fake_node:${AMENT_PREFIX_PATH} CMAKE_PREFIX_PATH=/home/user/turtlebot3_ws/src/install/turtlebot3_gazebo:/home/user/turtlebot3_ws/src/install/turtlebot3_fake_node:/home/user/turtlebot3_ws/install/turtlebot3_simulations:/home/user/turtlebot3_ws/install/turtlebot3_gazebo:/home/user/turtlebot3_ws/install/turtlebot3_fake_node:/home/user/ros2_ws/install/my_package:/opt/ros/humble _=/usr/bin/env /usr/bin/cmake --build /home/user/turtlebot3_ws/src/build/turtlebot3_simulations -- -j8 -l8
[1.716s] DEBUG:colcon.colcon_core.event_handler.log_command:Invoked command in '/home/user/turtlebot3_ws/src/build/turtlebot3_simulations' returned '0': AMENT_PREFIX_PATH=/home/user/turtlebot3_ws/src/install/turtlebot3_gazebo:/home/user/turtlebot3_ws/src/install/turtlebot3_fake_node:${AMENT_PREFIX_PATH} CMAKE_PREFIX_PATH=/home/user/turtlebot3_ws/src/install/turtlebot3_gazebo:/home/user/turtlebot3_ws/src/install/turtlebot3_fake_node:/home/user/turtlebot3_ws/install/turtlebot3_simulations:/home/user/turtlebot3_ws/install/turtlebot3_gazebo:/home/user/turtlebot3_ws/install/turtlebot3_fake_node:/home/user/ros2_ws/install/my_package:/opt/ros/humble _=/usr/bin/env /usr/bin/cmake --build /home/user/turtlebot3_ws/src/build/turtlebot3_simulations -- -j8 -l8
[1.760s] DEBUG:colcon.colcon_core.event_handler.log_command:Invoking command in '/home/user/turtlebot3_ws/src/build/turtlebot3_simulations': AMENT_PREFIX_PATH=/home/user/turtlebot3_ws/src/install/turtlebot3_gazebo:/home/user/turtlebot3_ws/src/install/turtlebot3_fake_node:${AMENT_PREFIX_PATH} CMAKE_PREFIX_PATH=/home/user/turtlebot3_ws/src/install/turtlebot3_gazebo:/home/user/turtlebot3_ws/src/install/turtlebot3_fake_node:/home/user/turtlebot3_ws/install/turtlebot3_simulations:/home/user/turtlebot3_ws/install/turtlebot3_gazebo:/home/user/turtlebot3_ws/install/turtlebot3_fake_node:/home/user/ros2_ws/install/my_package:/opt/ros/humble _=/usr/bin/env /usr/bin/cmake --install /home/user/turtlebot3_ws/src/build/turtlebot3_simulations
[1.773s] Level 1:colcon.colcon_core.environment:create_environment_scripts_only(turtlebot3_simulations)
[1.776s] Level 1:colcon.colcon_core.environment:checking '/home/user/turtlebot3_ws/src/install/turtlebot3_simulations' for CMake module files
[1.778s] DEBUG:colcon.colcon_core.event_handler.log_command:Invoked command in '/home/user/turtlebot3_ws/src/build/turtlebot3_simulations' returned '0': AMENT_PREFIX_PATH=/home/user/turtlebot3_ws/src/install/turtlebot3_gazebo:/home/user/turtlebot3_ws/src/install/turtlebot3_fake_node:${AMENT_PREFIX_PATH} CMAKE_PREFIX_PATH=/home/user/turtlebot3_ws/src/install/turtlebot3_gazebo:/home/user/turtlebot3_ws/src/install/turtlebot3_fake_node:/home/user/turtlebot3_ws/install/turtlebot3_simulations:/home/user/turtlebot3_ws/install/turtlebot3_gazebo:/home/user/turtlebot3_ws/install/turtlebot3_fake_node:/home/user/ros2_ws/install/my_package:/opt/ros/humble _=/usr/bin/env /usr/bin/cmake --install /home/user/turtlebot3_ws/src/build/turtlebot3_simulations
[1.779s] Level 1:colcon.colcon_core.environment:checking '/home/user/turtlebot3_ws/src/install/turtlebot3_simulations' for CMake config files
[1.779s] Level 1:colcon.colcon_core.shell:create_environment_hook('turtlebot3_simulations', 'cmake_prefix_path')
[1.782s] INFO:colcon.colcon_core.shell:Creating environment hook '/home/user/turtlebot3_ws/src/install/turtlebot3_simulations/share/turtlebot3_simulations/hook/cmake_prefix_path.ps1'
[1.783s] INFO:colcon.colcon_core.shell:Creating environment descriptor '/home/user/turtlebot3_ws/src/install/turtlebot3_simulations/share/turtlebot3_simulations/hook/cmake_prefix_path.dsv'
[1.784s] INFO:colcon.colcon_core.shell:Creating environment hook '/home/user/turtlebot3_ws/src/install/turtlebot3_simulations/share/turtlebot3_simulations/hook/cmake_prefix_path.sh'
[1.784s] Level 1:colcon.colcon_core.environment:checking '/home/user/turtlebot3_ws/src/install/turtlebot3_simulations/bin'
[1.785s] Level 1:colcon.colcon_core.environment:checking '/home/user/turtlebot3_ws/src/install/turtlebot3_simulations/lib/pkgconfig/turtlebot3_simulations.pc'
[1.785s] Level 1:colcon.colcon_core.environment:checking '/home/user/turtlebot3_ws/src/install/turtlebot3_simulations/lib/python3.10/site-packages'
[1.785s] Level 1:colcon.colcon_core.environment:checking '/home/user/turtlebot3_ws/src/install/turtlebot3_simulations/bin'
[1.787s] INFO:colcon.colcon_core.shell:Creating package script '/home/user/turtlebot3_ws/src/install/turtlebot3_simulations/share/turtlebot3_simulations/package.ps1'
[1.788s] INFO:colcon.colcon_core.shell:Creating package descriptor '/home/user/turtlebot3_ws/src/install/turtlebot3_simulations/share/turtlebot3_simulations/package.dsv'
[1.789s] INFO:colcon.colcon_core.shell:Creating package script '/home/user/turtlebot3_ws/src/install/turtlebot3_simulations/share/turtlebot3_simulations/package.sh'
[1.790s] INFO:colcon.colcon_core.shell:Creating package script '/home/user/turtlebot3_ws/src/install/turtlebot3_simulations/share/turtlebot3_simulations/package.bash'
[1.790s] INFO:colcon.colcon_core.shell:Creating package script '/home/user/turtlebot3_ws/src/install/turtlebot3_simulations/share/turtlebot3_simulations/package.zsh'
[1.791s] Level 1:colcon.colcon_core.environment:create_file_with_runtime_dependencies(/home/user/turtlebot3_ws/src/install/turtlebot3_simulations/share/colcon-core/packages/turtlebot3_simulations)
[1.853s] Level 1:colcon.colcon_core.environment:create_environment_scripts_only(turtlebot3_simulations)
[1.856s] Level 1:colcon.colcon_core.environment:checking '/home/user/turtlebot3_ws/src/install/turtlebot3_simulations' for CMake module files
[1.857s] Level 1:colcon.colcon_core.environment:checking '/home/user/turtlebot3_ws/src/install/turtlebot3_simulations' for CMake config files
[1.858s] Level 1:colcon.colcon_core.shell:create_environment_hook('turtlebot3_simulations', 'cmake_prefix_path')
[1.860s] INFO:colcon.colcon_core.shell:Creating environment hook '/home/user/turtlebot3_ws/src/install/turtlebot3_simulations/share/turtlebot3_simulations/hook/cmake_prefix_path.ps1'
[1.861s] INFO:colcon.colcon_core.shell:Creating environment descriptor '/home/user/turtlebot3_ws/src/install/turtlebot3_simulations/share/turtlebot3_simulations/hook/cmake_prefix_path.dsv'
[1.861s] INFO:colcon.colcon_core.shell:Creating environment hook '/home/user/turtlebot3_ws/src/install/turtlebot3_simulations/share/turtlebot3_simulations/hook/cmake_prefix_path.sh'
[1.862s] Level 1:colcon.colcon_core.environment:checking '/home/user/turtlebot3_ws/src/install/turtlebot3_simulations/bin'
[1.862s] Level 1:colcon.colcon_core.environment:checking '/home/user/turtlebot3_ws/src/install/turtlebot3_simulations/lib/pkgconfig/turtlebot3_simulations.pc'
[1.863s] Level 1:colcon.colcon_core.environment:checking '/home/user/turtlebot3_ws/src/install/turtlebot3_simulations/lib/python3.10/site-packages'
[1.863s] Level 1:colcon.colcon_core.environment:checking '/home/user/turtlebot3_ws/src/install/turtlebot3_simulations/bin'
[1.865s] INFO:colcon.colcon_core.shell:Creating package script '/home/user/turtlebot3_ws/src/install/turtlebot3_simulations/share/turtlebot3_simulations/package.ps1'
[1.866s] INFO:colcon.colcon_core.shell:Creating package descriptor '/home/user/turtlebot3_ws/src/install/turtlebot3_simulations/share/turtlebot3_simulations/package.dsv'
[1.867s] INFO:colcon.colcon_core.shell:Creating package script '/home/user/turtlebot3_ws/src/install/turtlebot3_simulations/share/turtlebot3_simulations/package.sh'
[1.867s] INFO:colcon.colcon_core.shell:Creating package script '/home/user/turtlebot3_ws/src/install/turtlebot3_simulations/share/turtlebot3_simulations/package.bash'
[1.868s] INFO:colcon.colcon_core.shell:Creating package script '/home/user/turtlebot3_ws/src/install/turtlebot3_simulations/share/turtlebot3_simulations/package.zsh'
[1.869s] Level 1:colcon.colcon_core.environment:create_file_with_runtime_dependencies(/home/user/turtlebot3_ws/src/install/turtlebot3_simulations/share/colcon-core/packages/turtlebot3_simulations)
[1.923s] DEBUG:colcon.colcon_core.event_handler.log_command:Invoking command in '/home/user/turtlebot3_ws/src/project_package': PYTHONPATH=/home/user/turtlebot3_ws/src/install/project_package/lib/python3.10/site-packages:${PYTHONPATH} _=/usr/bin/env /usr/bin/python3 setup.py egg_info --egg-base ../build/project_package build --build-base /home/user/turtlebot3_ws/src/build/project_package/build install --prefix /home/user/turtlebot3_ws/src/install/project_package --record /home/user/turtlebot3_ws/src/build/project_package/install.log --single-version-externally-managed
[2.438s] Level 1:colcon.colcon_core.environment:checking '/home/user/turtlebot3_ws/src/install/project_package' for CMake module files
[2.439s] Level 1:colcon.colcon_core.environment:checking '/home/user/turtlebot3_ws/src/install/project_package' for CMake config files
[2.440s] Level 1:colcon.colcon_core.environment:checking '/home/user/turtlebot3_ws/src/install/project_package/lib'
[2.441s] Level 1:colcon.colcon_core.environment:checking '/home/user/turtlebot3_ws/src/install/project_package/bin'
[2.441s] Level 1:colcon.colcon_core.environment:checking '/home/user/turtlebot3_ws/src/install/project_package/lib/pkgconfig/project_package.pc'
[2.441s] Level 1:colcon.colcon_core.environment:checking '/home/user/turtlebot3_ws/src/install/project_package/lib/python3.10/site-packages'
[2.441s] Level 1:colcon.colcon_core.shell:create_environment_hook('project_package', 'pythonpath')
[2.445s] INFO:colcon.colcon_core.shell:Creating environment hook '/home/user/turtlebot3_ws/src/install/project_package/share/project_package/hook/pythonpath.ps1'
[2.445s] DEBUG:colcon.colcon_core.event_handler.log_command:Invoked command in '/home/user/turtlebot3_ws/src/project_package' returned '0': PYTHONPATH=/home/user/turtlebot3_ws/src/install/project_package/lib/python3.10/site-packages:${PYTHONPATH} _=/usr/bin/env /usr/bin/python3 setup.py egg_info --egg-base ../build/project_package build --build-base /home/user/turtlebot3_ws/src/build/project_package/build install --prefix /home/user/turtlebot3_ws/src/install/project_package --record /home/user/turtlebot3_ws/src/build/project_package/install.log --single-version-externally-managed
[2.446s] INFO:colcon.colcon_core.shell:Creating environment descriptor '/home/user/turtlebot3_ws/src/install/project_package/share/project_package/hook/pythonpath.dsv'
[2.447s] INFO:colcon.colcon_core.shell:Creating environment hook '/home/user/turtlebot3_ws/src/install/project_package/share/project_package/hook/pythonpath.sh'
[2.448s] Level 1:colcon.colcon_core.environment:checking '/home/user/turtlebot3_ws/src/install/project_package/bin'
[2.448s] Level 1:colcon.colcon_core.environment:create_environment_scripts_only(project_package)
[2.451s] INFO:colcon.colcon_core.shell:Creating package script '/home/user/turtlebot3_ws/src/install/project_package/share/project_package/package.ps1'
[2.452s] INFO:colcon.colcon_core.shell:Creating package descriptor '/home/user/turtlebot3_ws/src/install/project_package/share/project_package/package.dsv'
[2.452s] INFO:colcon.colcon_core.shell:Creating package script '/home/user/turtlebot3_ws/src/install/project_package/share/project_package/package.sh'
[2.453s] INFO:colcon.colcon_core.shell:Creating package script '/home/user/turtlebot3_ws/src/install/project_package/share/project_package/package.bash'
[2.454s] INFO:colcon.colcon_core.shell:Creating package script '/home/user/turtlebot3_ws/src/install/project_package/share/project_package/package.zsh'
[2.454s] Level 1:colcon.colcon_core.environment:create_file_with_runtime_dependencies(/home/user/turtlebot3_ws/src/install/project_package/share/colcon-core/packages/project_package)
[2.455s] DEBUG:colcon.colcon_parallel_executor.executor.parallel:closing loop
[2.455s] DEBUG:colcon.colcon_parallel_executor.executor.parallel:loop closed
[2.456s] DEBUG:colcon.colcon_parallel_executor.executor.parallel:run_until_complete finished with '0'
[2.456s] DEBUG:colcon.colcon_core.event_reactor:joining thread
[2.466s] INFO:colcon.colcon_core.plugin_system:Skipping extension 'colcon_notification.desktop_notification.notify_send': Could not find 'notify-send'
[2.467s] INFO:colcon.colcon_core.plugin_system:Skipping extension 'colcon_notification.desktop_notification.terminal_notifier': Not used on non-Darwin systems
[2.467s] INFO:colcon.colcon_core.plugin_system:Skipping extension 'colcon_notification.desktop_notification.win32': Not used on non-Windows systems
[2.467s] INFO:colcon.colcon_notification.desktop_notification:Sending desktop notification using 'notify2'
[2.469s] DEBUG:colcon.colcon_notification.desktop_notification.notify2:Failed to initialize notify2: org.freedesktop.DBus.Error.Spawn.ExecFailed: /usr/bin/dbus-launch terminated abnormally without any error message
[2.469s] DEBUG:colcon.colcon_core.event_reactor:joined thread
[2.473s] INFO:colcon.colcon_core.shell:Creating prefix script '/home/user/turtlebot3_ws/src/install/local_setup.ps1'
[2.474s] INFO:colcon.colcon_core.shell:Creating prefix util module '/home/user/turtlebot3_ws/src/install/_local_setup_util_ps1.py'
[2.476s] INFO:colcon.colcon_core.shell:Creating prefix chain script '/home/user/turtlebot3_ws/src/install/setup.ps1'
[2.479s] INFO:colcon.colcon_core.shell:Creating prefix script '/home/user/turtlebot3_ws/src/install/local_setup.sh'
[2.481s] INFO:colcon.colcon_core.shell:Creating prefix util module '/home/user/turtlebot3_ws/src/install/_local_setup_util_sh.py'
[2.482s] INFO:colcon.colcon_core.shell:Creating prefix chain script '/home/user/turtlebot3_ws/src/install/setup.sh'
[2.489s] INFO:colcon.colcon_core.shell:Creating prefix script '/home/user/turtlebot3_ws/src/install/local_setup.bash'
[2.490s] INFO:colcon.colcon_core.shell:Creating prefix chain script '/home/user/turtlebot3_ws/src/install/setup.bash'
[2.494s] INFO:colcon.colcon_core.shell:Creating prefix script '/home/user/turtlebot3_ws/src/install/local_setup.zsh'
[2.494s] INFO:colcon.colcon_core.shell:Creating prefix chain script '/home/user/turtlebot3_ws/src/install/setup.zsh'
