[1.148s] Invoking command in '/home/user/build/my_package': PYTHONPATH=/home/user/install/my_package/lib/python3.10/site-packages:${PYTHONPATH} _=/usr/bin/env /usr/bin/python3 setup.py develop --prefix /home/user/install/my_package --editable --build-directory /home/user/build/my_package/build --no-deps install_data --install-dir /home/user/install/my_package
[1.509s] running develop
[1.509s] /usr/lib/python3/dist-packages/setuptools/command/easy_install.py:158: EasyInstallDeprecationWarning: easy_install command is deprecated. Use build and pip and other standards-based tools.
[1.510s]   warnings.warn(
[1.511s] /usr/lib/python3/dist-packages/setuptools/command/install.py:34: SetuptoolsDeprecationWarning: setup.py install is deprecated. Use build and pip and other standards-based tools.
[1.511s]   warnings.warn(
[1.597s] /usr/lib/python3/dist-packages/pkg_resources/__init__.py:116: PkgResourcesDeprecationWarning: 1.1build1 is an invalid version and will not be supported in a future release
[1.597s]   warnings.warn(
[1.764s] running egg_info
[1.764s] writing my_package.egg-info/PKG-INFO
[1.764s] writing dependency_links to my_package.egg-info/dependency_links.txt
[1.764s] writing entry points to my_package.egg-info/entry_points.txt
[1.765s] writing requirements to my_package.egg-info/requires.txt
[1.765s] writing top-level names to my_package.egg-info/top_level.txt
[1.767s] reading manifest file 'my_package.egg-info/SOURCES.txt'
[1.768s] writing manifest file 'my_package.egg-info/SOURCES.txt'
[1.770s] running build_ext
[1.770s] Creating /home/user/install/my_package/lib/python3.10/site-packages/my-package.egg-link (link to .)
[1.771s] Installing control_turtle script to /home/user/install/my_package/lib/my_package
[1.771s] Installing draw_circle script to /home/user/install/my_package/lib/my_package
[1.772s] Installing first_node script to /home/user/install/my_package/lib/my_package
[1.772s] Installing pose_subscriber script to /home/user/install/my_package/lib/my_package
[1.772s] Installing project_node script to /home/user/install/my_package/lib/my_package
[1.772s] 
[1.773s] Installed /home/user/build/my_package
[1.773s] running install_data
[1.806s] Invoked command in '/home/user/build/my_package' returned '0': PYTHONPATH=/home/user/install/my_package/lib/python3.10/site-packages:${PYTHONPATH} _=/usr/bin/env /usr/bin/python3 setup.py develop --prefix /home/user/install/my_package --editable --build-directory /home/user/build/my_package/build --no-deps install_data --install-dir /home/user/install/my_package
