[8.571s] Invoking command in '/home/user/turtlebot3_ws/build/project_package': PYTHONPATH=/home/user/turtlebot3_ws/install/project_package/lib/python3.10/site-packages:${PYTHONPATH} _=/usr/bin/env /usr/bin/python3 setup.py develop --prefix /home/user/turtlebot3_ws/install/project_package --uninstall --editable --build-directory /home/user/turtlebot3_ws/build/project_package/build
[12.270s] running develop
[12.279s] /usr/lib/python3/dist-packages/setuptools/command/easy_install.py:158: EasyInstallDeprecationWarning: easy_install command is deprecated. Use build and pip and other standards-based tools.
[12.279s]   warnings.warn(
[12.282s] /usr/lib/python3/dist-packages/setuptools/command/install.py:34: SetuptoolsDeprecationWarning: setup.py install is deprecated. Use build and pip and other standards-based tools.
[12.282s]   warnings.warn(
[12.880s] /usr/lib/python3/dist-packages/pkg_resources/__init__.py:116: PkgResourcesDeprecationWarning: 1.1build1 is an invalid version and will not be supported in a future release
[12.881s]   warnings.warn(
[14.080s] Invoked command in '/home/user/turtlebot3_ws/build/project_package' returned '0': PYTHONPATH=/home/user/turtlebot3_ws/install/project_package/lib/python3.10/site-packages:${PYTHONPATH} _=/usr/bin/env /usr/bin/python3 setup.py develop --prefix /home/user/turtlebot3_ws/install/project_package --uninstall --editable --build-directory /home/user/turtlebot3_ws/build/project_package/build
[14.080s] Invoking command in '/home/user/turtlebot3_ws/src/project_package': PYTHONPATH=/home/user/turtlebot3_ws/install/project_package/lib/python3.10/site-packages:${PYTHONPATH} _=/usr/bin/env /usr/bin/python3 setup.py egg_info --egg-base ../../build/project_package build --build-base /home/user/turtlebot3_ws/build/project_package/build install --prefix /home/user/turtlebot3_ws/install/project_package --record /home/user/turtlebot3_ws/build/project_package/install.log --single-version-externally-managed
[17.095s] running egg_info
[17.097s] writing ../../build/project_package/project_package.egg-info/PKG-INFO
[17.098s] writing dependency_links to ../../build/project_package/project_package.egg-info/dependency_links.txt
[17.098s] writing entry points to ../../build/project_package/project_package.egg-info/entry_points.txt
[17.100s] writing requirements to ../../build/project_package/project_package.egg-info/requires.txt
[17.100s] writing top-level names to ../../build/project_package/project_package.egg-info/top_level.txt
[17.102s] reading manifest file '../../build/project_package/project_package.egg-info/SOURCES.txt'
[17.104s] writing manifest file '../../build/project_package/project_package.egg-info/SOURCES.txt'
[17.105s] running build
[17.106s] running build_py
[17.107s] copying project_package/go_to_goal.py -> /home/user/turtlebot3_ws/build/project_package/build/lib/project_package
[17.107s] running install
[17.107s] /usr/lib/python3/dist-packages/setuptools/command/install.py:34: SetuptoolsDeprecationWarning: setup.py install is deprecated. Use build and pip and other standards-based tools.
[17.107s]   warnings.warn(
[17.108s] running install_lib
[17.170s] copying /home/user/turtlebot3_ws/build/project_package/build/lib/project_package/go_to_goal.py -> /home/user/turtlebot3_ws/install/project_package/lib/python3.10/site-packages/project_package
[17.170s] byte-compiling /home/user/turtlebot3_ws/install/project_package/lib/python3.10/site-packages/project_package/go_to_goal.py to go_to_goal.cpython-310.pyc
[17.170s] running install_data
[17.183s] running install_egg_info
[17.187s] removing '/home/user/turtlebot3_ws/install/project_package/lib/python3.10/site-packages/project_package-0.0.0-py3.10.egg-info' (and everything under it)
[17.188s] Copying ../../build/project_package/project_package.egg-info to /home/user/turtlebot3_ws/install/project_package/lib/python3.10/site-packages/project_package-0.0.0-py3.10.egg-info
[17.191s] running install_scripts
[17.471s] Installing go_to_goal script to /home/user/turtlebot3_ws/install/project_package/lib/project_package
[17.472s] Installing goal_navigator script to /home/user/turtlebot3_ws/install/project_package/lib/project_package
[17.473s] Installing project_node script to /home/user/turtlebot3_ws/install/project_package/lib/project_package
[17.483s] writing list of installed files to '/home/user/turtlebot3_ws/build/project_package/install.log'
[17.874s] Invoked command in '/home/user/turtlebot3_ws/src/project_package' returned '0': PYTHONPATH=/home/user/turtlebot3_ws/install/project_package/lib/python3.10/site-packages:${PYTHONPATH} _=/usr/bin/env /usr/bin/python3 setup.py egg_info --egg-base ../../build/project_package build --build-base /home/user/turtlebot3_ws/build/project_package/build install --prefix /home/user/turtlebot3_ws/install/project_package --record /home/user/turtlebot3_ws/build/project_package/install.log --single-version-externally-managed
