[1.149s] Invoking command in '/home/user/turtlebot3_ws/build/project_package': PYTHONPATH=/home/user/turtlebot3_ws/install/project_package/lib/python3.10/site-packages:${PYTHONPATH} _=/usr/bin/env /usr/bin/python3 setup.py develop --prefix /home/user/turtlebot3_ws/install/project_package --uninstall --editable --build-directory /home/user/turtlebot3_ws/build/project_package/build
[1.541s] running develop
[1.542s] /usr/lib/python3/dist-packages/setuptools/command/easy_install.py:158: EasyInstallDeprecationWarning: easy_install command is deprecated. Use build and pip and other standards-based tools.
[1.542s]   warnings.warn(
[1.543s] /usr/lib/python3/dist-packages/setuptools/command/install.py:34: SetuptoolsDeprecationWarning: setup.py install is deprecated. Use build and pip and other standards-based tools.
[1.543s]   warnings.warn(
[1.636s] /usr/lib/python3/dist-packages/pkg_resources/__init__.py:116: PkgResourcesDeprecationWarning: 1.1build1 is an invalid version and will not be supported in a future release
[1.636s]   warnings.warn(
[1.863s] Invoked command in '/home/user/turtlebot3_ws/build/project_package' returned '0': PYTHONPATH=/home/user/turtlebot3_ws/install/project_package/lib/python3.10/site-packages:${PYTHONPATH} _=/usr/bin/env /usr/bin/python3 setup.py develop --prefix /home/user/turtlebot3_ws/install/project_package --uninstall --editable --build-directory /home/user/turtlebot3_ws/build/project_package/build
[1.865s] Invoking command in '/home/user/turtlebot3_ws/src/project_package': PYTHONPATH=/home/user/turtlebot3_ws/install/project_package/lib/python3.10/site-packages:${PYTHONPATH} _=/usr/bin/env /usr/bin/python3 setup.py egg_info --egg-base ../../build/project_package build --build-base /home/user/turtlebot3_ws/build/project_package/build install --prefix /home/user/turtlebot3_ws/install/project_package --record /home/user/turtlebot3_ws/build/project_package/install.log --single-version-externally-managed
[2.336s] running egg_info
[2.338s] writing ../../build/project_package/project_package.egg-info/PKG-INFO
[2.339s] writing dependency_links to ../../build/project_package/project_package.egg-info/dependency_links.txt
[2.339s] writing entry points to ../../build/project_package/project_package.egg-info/entry_points.txt
[2.339s] writing requirements to ../../build/project_package/project_package.egg-info/requires.txt
[2.340s] writing top-level names to ../../build/project_package/project_package.egg-info/top_level.txt
[2.342s] reading manifest file '../../build/project_package/project_package.egg-info/SOURCES.txt'
[2.343s] writing manifest file '../../build/project_package/project_package.egg-info/SOURCES.txt'
[2.344s] running build
[2.344s] running build_py
[2.344s] copying project_package/go_to_goal.py -> /home/user/turtlebot3_ws/build/project_package/build/lib/project_package
[2.345s] running install
[2.345s] /usr/lib/python3/dist-packages/setuptools/command/install.py:34: SetuptoolsDeprecationWarning: setup.py install is deprecated. Use build and pip and other standards-based tools.
[2.345s]   warnings.warn(
[2.345s] running install_lib
[2.347s] copying /home/user/turtlebot3_ws/build/project_package/build/lib/project_package/go_to_goal.py -> /home/user/turtlebot3_ws/install/project_package/lib/python3.10/site-packages/project_package
[2.348s] byte-compiling /home/user/turtlebot3_ws/install/project_package/lib/python3.10/site-packages/project_package/go_to_goal.py to go_to_goal.cpython-310.pyc
[2.349s] running install_data
[2.350s] running install_egg_info
[2.353s] removing '/home/user/turtlebot3_ws/install/project_package/lib/python3.10/site-packages/project_package-0.0.0-py3.10.egg-info' (and everything under it)
[2.353s] Copying ../../build/project_package/project_package.egg-info to /home/user/turtlebot3_ws/install/project_package/lib/python3.10/site-packages/project_package-0.0.0-py3.10.egg-info
[2.354s] running install_scripts
[2.389s] Installing go_to_goal script to /home/user/turtlebot3_ws/install/project_package/lib/project_package
[2.390s] Installing goal_navigator script to /home/user/turtlebot3_ws/install/project_package/lib/project_package
[2.390s] Installing project_node script to /home/user/turtlebot3_ws/install/project_package/lib/project_package
[2.390s] writing list of installed files to '/home/user/turtlebot3_ws/build/project_package/install.log'
[2.431s] Invoked command in '/home/user/turtlebot3_ws/src/project_package' returned '0': PYTHONPATH=/home/user/turtlebot3_ws/install/project_package/lib/python3.10/site-packages:${PYTHONPATH} _=/usr/bin/env /usr/bin/python3 setup.py egg_info --egg-base ../../build/project_package build --build-base /home/user/turtlebot3_ws/build/project_package/build install --prefix /home/user/turtlebot3_ws/install/project_package --record /home/user/turtlebot3_ws/build/project_package/install.log --single-version-externally-managed
