[1.431s] Invoking command in '/home/user/ros2_ws/src/my_package': PYTHONPATH=/home/user/install/my_package/lib/python3.10/site-packages:${PYTHONPATH} _=/usr/bin/env /usr/bin/python3 setup.py egg_info --egg-base ../../../build/my_package build --build-base /home/user/build/my_package/build install --prefix /home/user/install/my_package --record /home/user/build/my_package/install.log --single-version-externally-managed
[2.012s] running egg_info
[2.015s] writing ../../../build/my_package/my_package.egg-info/PKG-INFO
[2.015s] writing dependency_links to ../../../build/my_package/my_package.egg-info/dependency_links.txt
[2.015s] writing entry points to ../../../build/my_package/my_package.egg-info/entry_points.txt
[2.015s] writing requirements to ../../../build/my_package/my_package.egg-info/requires.txt
[2.016s] writing top-level names to ../../../build/my_package/my_package.egg-info/top_level.txt
[2.019s] reading manifest file '../../../build/my_package/my_package.egg-info/SOURCES.txt'
[2.020s] writing manifest file '../../../build/my_package/my_package.egg-info/SOURCES.txt'
[2.021s] running build
[2.021s] running build_py
[2.022s] running install
[2.022s] /usr/lib/python3/dist-packages/setuptools/command/install.py:34: SetuptoolsDeprecationWarning: setup.py install is deprecated. Use build and pip and other standards-based tools.
[2.022s]   warnings.warn(
[2.022s] running install_lib
[2.028s] running install_data
[2.029s] running install_egg_info
[2.029s] removing '/home/user/install/my_package/lib/python3.10/site-packages/my_package-0.0.0-py3.10.egg-info' (and everything under it)
[2.030s] Copying ../../../build/my_package/my_package.egg-info to /home/user/install/my_package/lib/python3.10/site-packages/my_package-0.0.0-py3.10.egg-info
[2.032s] running install_scripts
[2.070s] Installing control_turtle script to /home/user/install/my_package/lib/my_package
[2.071s] Installing draw_circle script to /home/user/install/my_package/lib/my_package
[2.071s] Installing first_node script to /home/user/install/my_package/lib/my_package
[2.071s] Installing pose_subscriber script to /home/user/install/my_package/lib/my_package
[2.071s] writing list of installed files to '/home/user/build/my_package/install.log'
[2.114s] Invoked command in '/home/user/ros2_ws/src/my_package' returned '0': PYTHONPATH=/home/user/install/my_package/lib/python3.10/site-packages:${PYTHONPATH} _=/usr/bin/env /usr/bin/python3 setup.py egg_info --egg-base ../../../build/my_package build --build-base /home/user/build/my_package/build install --prefix /home/user/install/my_package --record /home/user/build/my_package/install.log --single-version-externally-managed
