[3.838s] DEBUG:colcon:Command line arguments: ['/usr/bin/colcon', 'build']
[3.838s] DEBUG:colcon:Parsed command line arguments: Namespace(log_base=None, log_level=None, verb_name='build', build_base='build', install_base='install', merge_install=False, symlink_install=False, test_result_base=None, continue_on_error=False, executor='parallel', parallel_workers=8, event_handlers=None, ignore_user_meta=False, metas=['./colcon.meta'], base_paths=['.'], packages_ignore=None, packages_ignore_regex=None, paths=None, packages_up_to=None, packages_up_to_regex=None, packages_above=None, packages_above_and_dependencies=None, packages_above_depth=None, packages_select_by_dep=None, packages_skip_by_dep=None, packages_skip_up_to=None, packages_select_build_failed=False, packages_skip_build_finished=False, packages_select_test_failures=False, packages_skip_test_passed=False, packages_select=None, packages_skip=None, packages_select_regex=None, packages_skip_regex=None, packages_start=None, packages_end=None, cmake_args=None, cmake_target=None, cmake_target_skip_unavailable=False, cmake_clean_cache=False, cmake_clean_first=False, cmake_force_configure=False, ament_cmake_args=None, catkin_cmake_args=None, catkin_skip_building_tests=False, mixin_files=None, mixin=None, verb_parser=<colcon_mixin.mixin.mixin_argument.MixinArgumentDecorator object at 0x7f8af0cfe080>, verb_extension=<colcon_core.verb.build.BuildVerb object at 0x7f8af0e77070>, main=<bound method BuildVerb.main of <colcon_core.verb.build.BuildVerb object at 0x7f8af0e77070>>, mixin_verb=('build',))
[4.007s] Level 1:colcon.colcon_core.package_discovery:discover_packages(colcon_meta) check parameters
[4.008s] Level 1:colcon.colcon_core.package_discovery:discover_packages(recursive) check parameters
[4.008s] Level 1:colcon.colcon_core.package_discovery:discover_packages(ignore) check parameters
[4.009s] Level 1:colcon.colcon_core.package_discovery:discover_packages(path) check parameters
[4.009s] Level 1:colcon.colcon_core.package_discovery:discover_packages(colcon_meta) discover
[4.009s] Level 1:colcon.colcon_core.package_discovery:discover_packages(recursive) discover
[4.009s] INFO:colcon.colcon_core.package_discovery:Crawling recursively for packages in '/home/user/turtlebot3_ws'
[4.010s] Level 1:colcon.colcon_core.package_identification:_identify(.) by extensions ['ignore', 'ignore_ament_install']
[4.010s] Level 1:colcon.colcon_core.package_identification:_identify(.) by extension 'ignore'
[4.010s] Level 1:colcon.colcon_core.package_identification:_identify(.) by extension 'ignore_ament_install'
[4.011s] Level 1:colcon.colcon_core.package_identification:_identify(.) by extensions ['colcon_pkg']
[4.011s] Level 1:colcon.colcon_core.package_identification:_identify(.) by extension 'colcon_pkg'
[4.011s] Level 1:colcon.colcon_core.package_identification:_identify(.) by extensions ['colcon_meta']
[4.011s] Level 1:colcon.colcon_core.package_identification:_identify(.) by extension 'colcon_meta'
[4.011s] Level 1:colcon.colcon_core.package_identification:_identify(.) by extensions ['ros']
[4.011s] Level 1:colcon.colcon_core.package_identification:_identify(.) by extension 'ros'
[4.131s] Level 1:colcon.colcon_core.package_identification:_identify(.) by extensions ['cmake', 'python']
[4.131s] Level 1:colcon.colcon_core.package_identification:_identify(.) by extension 'cmake'
[4.131s] Level 1:colcon.colcon_core.package_identification:_identify(.) by extension 'python'
[4.132s] Level 1:colcon.colcon_core.package_identification:_identify(.) by extensions ['python_setup_py']
[4.132s] Level 1:colcon.colcon_core.package_identification:_identify(.) by extension 'python_setup_py'
[4.132s] Level 1:colcon.colcon_core.package_identification:_identify(build) by extensions ['ignore', 'ignore_ament_install']
[4.132s] Level 1:colcon.colcon_core.package_identification:_identify(build) by extension 'ignore'
[4.132s] Level 1:colcon.colcon_core.package_identification:_identify(build) ignored
[4.132s] Level 1:colcon.colcon_core.package_identification:_identify(install) by extensions ['ignore', 'ignore_ament_install']
[4.133s] Level 1:colcon.colcon_core.package_identification:_identify(install) by extension 'ignore'
[4.133s] Level 1:colcon.colcon_core.package_identification:_identify(install) ignored
[4.133s] Level 1:colcon.colcon_core.package_identification:_identify(log) by extensions ['ignore', 'ignore_ament_install']
[4.133s] Level 1:colcon.colcon_core.package_identification:_identify(log) by extension 'ignore'
[4.133s] Level 1:colcon.colcon_core.package_identification:_identify(log) ignored
[4.190s] Level 1:colcon.colcon_core.package_identification:_identify(maps) by extensions ['ignore', 'ignore_ament_install']
[4.191s] Level 1:colcon.colcon_core.package_identification:_identify(maps) by extension 'ignore'
[4.191s] Level 1:colcon.colcon_core.package_identification:_identify(maps) by extension 'ignore_ament_install'
[4.191s] Level 1:colcon.colcon_core.package_identification:_identify(maps) by extensions ['colcon_pkg']
[4.191s] Level 1:colcon.colcon_core.package_identification:_identify(maps) by extension 'colcon_pkg'
[4.191s] Level 1:colcon.colcon_core.package_identification:_identify(maps) by extensions ['colcon_meta']
[4.193s] Level 1:colcon.colcon_core.package_identification:_identify(maps) by extension 'colcon_meta'
[4.193s] Level 1:colcon.colcon_core.package_identification:_identify(maps) by extensions ['ros']
[4.193s] Level 1:colcon.colcon_core.package_identification:_identify(maps) by extension 'ros'
[4.193s] Level 1:colcon.colcon_core.package_identification:_identify(maps) by extensions ['cmake', 'python']
[4.193s] Level 1:colcon.colcon_core.package_identification:_identify(maps) by extension 'cmake'
[4.193s] Level 1:colcon.colcon_core.package_identification:_identify(maps) by extension 'python'
[4.193s] Level 1:colcon.colcon_core.package_identification:_identify(maps) by extensions ['python_setup_py']
[4.193s] Level 1:colcon.colcon_core.package_identification:_identify(maps) by extension 'python_setup_py'
[4.194s] Level 1:colcon.colcon_core.package_identification:_identify(src) by extensions ['ignore', 'ignore_ament_install']
[4.194s] Level 1:colcon.colcon_core.package_identification:_identify(src) by extension 'ignore'
[4.194s] Level 1:colcon.colcon_core.package_identification:_identify(src) by extension 'ignore_ament_install'
[4.194s] Level 1:colcon.colcon_core.package_identification:_identify(src) by extensions ['colcon_pkg']
[4.195s] Level 1:colcon.colcon_core.package_identification:_identify(src) by extension 'colcon_pkg'
[4.195s] Level 1:colcon.colcon_core.package_identification:_identify(src) by extensions ['colcon_meta']
[4.195s] Level 1:colcon.colcon_core.package_identification:_identify(src) by extension 'colcon_meta'
[4.195s] Level 1:colcon.colcon_core.package_identification:_identify(src) by extensions ['ros']
[4.195s] Level 1:colcon.colcon_core.package_identification:_identify(src) by extension 'ros'
[4.195s] Level 1:colcon.colcon_core.package_identification:_identify(src) by extensions ['cmake', 'python']
[4.195s] Level 1:colcon.colcon_core.package_identification:_identify(src) by extension 'cmake'
[4.195s] Level 1:colcon.colcon_core.package_identification:_identify(src) by extension 'python'
[4.195s] Level 1:colcon.colcon_core.package_identification:_identify(src) by extensions ['python_setup_py']
[4.195s] Level 1:colcon.colcon_core.package_identification:_identify(src) by extension 'python_setup_py'
[4.196s] Level 1:colcon.colcon_core.package_identification:_identify(src/build) by extensions ['ignore', 'ignore_ament_install']
[4.196s] Level 1:colcon.colcon_core.package_identification:_identify(src/build) by extension 'ignore'
[4.196s] Level 1:colcon.colcon_core.package_identification:_identify(src/build) ignored
[4.196s] Level 1:colcon.colcon_core.package_identification:_identify(src/install) by extensions ['ignore', 'ignore_ament_install']
[4.196s] Level 1:colcon.colcon_core.package_identification:_identify(src/install) by extension 'ignore'
[4.197s] Level 1:colcon.colcon_core.package_identification:_identify(src/install) ignored
[4.197s] Level 1:colcon.colcon_core.package_identification:_identify(src/log) by extensions ['ignore', 'ignore_ament_install']
[4.197s] Level 1:colcon.colcon_core.package_identification:_identify(src/log) by extension 'ignore'
[4.197s] Level 1:colcon.colcon_core.package_identification:_identify(src/log) ignored
[4.197s] Level 1:colcon.colcon_core.package_identification:_identify(src/project_package) by extensions ['ignore', 'ignore_ament_install']
[4.197s] Level 1:colcon.colcon_core.package_identification:_identify(src/project_package) by extension 'ignore'
[4.198s] Level 1:colcon.colcon_core.package_identification:_identify(src/project_package) by extension 'ignore_ament_install'
[4.198s] Level 1:colcon.colcon_core.package_identification:_identify(src/project_package) by extensions ['colcon_pkg']
[4.198s] Level 1:colcon.colcon_core.package_identification:_identify(src/project_package) by extension 'colcon_pkg'
[4.198s] Level 1:colcon.colcon_core.package_identification:_identify(src/project_package) by extensions ['colcon_meta']
[4.198s] Level 1:colcon.colcon_core.package_identification:_identify(src/project_package) by extension 'colcon_meta'
[4.198s] Level 1:colcon.colcon_core.package_identification:_identify(src/project_package) by extensions ['ros']
[4.198s] Level 1:colcon.colcon_core.package_identification:_identify(src/project_package) by extension 'ros'
[4.203s] DEBUG:colcon.colcon_core.package_identification:Package 'src/project_package' with type 'ros.ament_python' and name 'project_package'
[4.203s] Level 1:colcon.colcon_core.package_identification:_identify(src/turtlebot3_fake_node) by extensions ['ignore', 'ignore_ament_install']
[4.203s] Level 1:colcon.colcon_core.package_identification:_identify(src/turtlebot3_fake_node) by extension 'ignore'
[4.203s] Level 1:colcon.colcon_core.package_identification:_identify(src/turtlebot3_fake_node) by extension 'ignore_ament_install'
[4.203s] Level 1:colcon.colcon_core.package_identification:_identify(src/turtlebot3_fake_node) by extensions ['colcon_pkg']
[4.203s] Level 1:colcon.colcon_core.package_identification:_identify(src/turtlebot3_fake_node) by extension 'colcon_pkg'
[4.204s] Level 1:colcon.colcon_core.package_identification:_identify(src/turtlebot3_fake_node) by extensions ['colcon_meta']
[4.204s] Level 1:colcon.colcon_core.package_identification:_identify(src/turtlebot3_fake_node) by extension 'colcon_meta'
[4.204s] Level 1:colcon.colcon_core.package_identification:_identify(src/turtlebot3_fake_node) by extensions ['ros']
[4.204s] Level 1:colcon.colcon_core.package_identification:_identify(src/turtlebot3_fake_node) by extension 'ros'
[4.206s] DEBUG:colcon.colcon_core.package_identification:Package 'src/turtlebot3_fake_node' with type 'ros.ament_cmake' and name 'turtlebot3_fake_node'
[4.207s] Level 1:colcon.colcon_core.package_identification:_identify(src/turtlebot3_gazebo) by extensions ['ignore', 'ignore_ament_install']
[4.207s] Level 1:colcon.colcon_core.package_identification:_identify(src/turtlebot3_gazebo) by extension 'ignore'
[4.207s] Level 1:colcon.colcon_core.package_identification:_identify(src/turtlebot3_gazebo) by extension 'ignore_ament_install'
[4.207s] Level 1:colcon.colcon_core.package_identification:_identify(src/turtlebot3_gazebo) by extensions ['colcon_pkg']
[4.207s] Level 1:colcon.colcon_core.package_identification:_identify(src/turtlebot3_gazebo) by extension 'colcon_pkg'
[4.207s] Level 1:colcon.colcon_core.package_identification:_identify(src/turtlebot3_gazebo) by extensions ['colcon_meta']
[4.207s] Level 1:colcon.colcon_core.package_identification:_identify(src/turtlebot3_gazebo) by extension 'colcon_meta'
[4.207s] Level 1:colcon.colcon_core.package_identification:_identify(src/turtlebot3_gazebo) by extensions ['ros']
[4.207s] Level 1:colcon.colcon_core.package_identification:_identify(src/turtlebot3_gazebo) by extension 'ros'
[4.209s] DEBUG:colcon.colcon_core.package_identification:Package 'src/turtlebot3_gazebo' with type 'ros.ament_cmake' and name 'turtlebot3_gazebo'
[4.210s] Level 1:colcon.colcon_core.package_identification:_identify(src/turtlebot3_simulations) by extensions ['ignore', 'ignore_ament_install']
[4.210s] Level 1:colcon.colcon_core.package_identification:_identify(src/turtlebot3_simulations) by extension 'ignore'
[4.210s] Level 1:colcon.colcon_core.package_identification:_identify(src/turtlebot3_simulations) by extension 'ignore_ament_install'
[4.210s] Level 1:colcon.colcon_core.package_identification:_identify(src/turtlebot3_simulations) by extensions ['colcon_pkg']
[4.210s] Level 1:colcon.colcon_core.package_identification:_identify(src/turtlebot3_simulations) by extension 'colcon_pkg'
[4.211s] Level 1:colcon.colcon_core.package_identification:_identify(src/turtlebot3_simulations) by extensions ['colcon_meta']
[4.211s] Level 1:colcon.colcon_core.package_identification:_identify(src/turtlebot3_simulations) by extension 'colcon_meta'
[4.211s] Level 1:colcon.colcon_core.package_identification:_identify(src/turtlebot3_simulations) by extensions ['ros']
[4.211s] Level 1:colcon.colcon_core.package_identification:_identify(src/turtlebot3_simulations) by extension 'ros'
[4.212s] DEBUG:colcon.colcon_core.package_identification:Package 'src/turtlebot3_simulations' with type 'ros.ament_cmake' and name 'turtlebot3_simulations'
[4.212s] Level 1:colcon.colcon_core.package_discovery:discover_packages(recursive) using defaults
[4.212s] Level 1:colcon.colcon_core.package_discovery:discover_packages(ignore) discover
[4.212s] Level 1:colcon.colcon_core.package_discovery:discover_packages(ignore) using defaults
[4.212s] Level 1:colcon.colcon_core.package_discovery:discover_packages(path) discover
[4.212s] Level 1:colcon.colcon_core.package_discovery:discover_packages(path) using defaults
[4.329s] Level 5:colcon.colcon_core.verb:set package 'project_package' build argument 'cmake_args' from command line to 'None'
[4.329s] Level 5:colcon.colcon_core.verb:set package 'project_package' build argument 'cmake_target' from command line to 'None'
[4.330s] Level 5:colcon.colcon_core.verb:set package 'project_package' build argument 'cmake_target_skip_unavailable' from command line to 'False'
[4.330s] Level 5:colcon.colcon_core.verb:set package 'project_package' build argument 'cmake_clean_cache' from command line to 'False'
[4.330s] Level 5:colcon.colcon_core.verb:set package 'project_package' build argument 'cmake_clean_first' from command line to 'False'
[4.330s] Level 5:colcon.colcon_core.verb:set package 'project_package' build argument 'cmake_force_configure' from command line to 'False'
[4.330s] Level 5:colcon.colcon_core.verb:set package 'project_package' build argument 'ament_cmake_args' from command line to 'None'
[4.330s] Level 5:colcon.colcon_core.verb:set package 'project_package' build argument 'catkin_cmake_args' from command line to 'None'
[4.330s] Level 5:colcon.colcon_core.verb:set package 'project_package' build argument 'catkin_skip_building_tests' from command line to 'False'
[4.330s] DEBUG:colcon.colcon_core.verb:Building package 'project_package' with the following arguments: {'ament_cmake_args': None, 'build_base': '/home/user/turtlebot3_ws/build/project_package', 'catkin_cmake_args': None, 'catkin_skip_building_tests': False, 'cmake_args': None, 'cmake_clean_cache': False, 'cmake_clean_first': False, 'cmake_force_configure': False, 'cmake_target': None, 'cmake_target_skip_unavailable': False, 'install_base': '/home/user/turtlebot3_ws/install/project_package', 'merge_install': False, 'path': '/home/user/turtlebot3_ws/src/project_package', 'symlink_install': False, 'test_result_base': None}
[4.333s] Level 5:colcon.colcon_core.verb:set package 'turtlebot3_fake_node' build argument 'cmake_args' from command line to 'None'
[4.333s] Level 5:colcon.colcon_core.verb:set package 'turtlebot3_fake_node' build argument 'cmake_target' from command line to 'None'
[4.333s] Level 5:colcon.colcon_core.verb:set package 'turtlebot3_fake_node' build argument 'cmake_target_skip_unavailable' from command line to 'False'
[4.333s] Level 5:colcon.colcon_core.verb:set package 'turtlebot3_fake_node' build argument 'cmake_clean_cache' from command line to 'False'
[4.333s] Level 5:colcon.colcon_core.verb:set package 'turtlebot3_fake_node' build argument 'cmake_clean_first' from command line to 'False'
[4.333s] Level 5:colcon.colcon_core.verb:set package 'turtlebot3_fake_node' build argument 'cmake_force_configure' from command line to 'False'
[4.333s] Level 5:colcon.colcon_core.verb:set package 'turtlebot3_fake_node' build argument 'ament_cmake_args' from command line to 'None'
[4.333s] Level 5:colcon.colcon_core.verb:set package 'turtlebot3_fake_node' build argument 'catkin_cmake_args' from command line to 'None'
[4.333s] Level 5:colcon.colcon_core.verb:set package 'turtlebot3_fake_node' build argument 'catkin_skip_building_tests' from command line to 'False'
[4.333s] DEBUG:colcon.colcon_core.verb:Building package 'turtlebot3_fake_node' with the following arguments: {'ament_cmake_args': None, 'build_base': '/home/user/turtlebot3_ws/build/turtlebot3_fake_node', 'catkin_cmake_args': None, 'catkin_skip_building_tests': False, 'cmake_args': None, 'cmake_clean_cache': False, 'cmake_clean_first': False, 'cmake_force_configure': False, 'cmake_target': None, 'cmake_target_skip_unavailable': False, 'install_base': '/home/user/turtlebot3_ws/install/turtlebot3_fake_node', 'merge_install': False, 'path': '/home/user/turtlebot3_ws/src/turtlebot3_fake_node', 'symlink_install': False, 'test_result_base': None}
[4.336s] Level 5:colcon.colcon_core.verb:set package 'turtlebot3_gazebo' build argument 'cmake_args' from command line to 'None'
[4.336s] Level 5:colcon.colcon_core.verb:set package 'turtlebot3_gazebo' build argument 'cmake_target' from command line to 'None'
[4.336s] Level 5:colcon.colcon_core.verb:set package 'turtlebot3_gazebo' build argument 'cmake_target_skip_unavailable' from command line to 'False'
[4.336s] Level 5:colcon.colcon_core.verb:set package 'turtlebot3_gazebo' build argument 'cmake_clean_cache' from command line to 'False'
[4.337s] Level 5:colcon.colcon_core.verb:set package 'turtlebot3_gazebo' build argument 'cmake_clean_first' from command line to 'False'
[4.337s] Level 5:colcon.colcon_core.verb:set package 'turtlebot3_gazebo' build argument 'cmake_force_configure' from command line to 'False'
[4.337s] Level 5:colcon.colcon_core.verb:set package 'turtlebot3_gazebo' build argument 'ament_cmake_args' from command line to 'None'
[4.337s] Level 5:colcon.colcon_core.verb:set package 'turtlebot3_gazebo' build argument 'catkin_cmake_args' from command line to 'None'
[4.337s] Level 5:colcon.colcon_core.verb:set package 'turtlebot3_gazebo' build argument 'catkin_skip_building_tests' from command line to 'False'
[4.337s] DEBUG:colcon.colcon_core.verb:Building package 'turtlebot3_gazebo' with the following arguments: {'ament_cmake_args': None, 'build_base': '/home/user/turtlebot3_ws/build/turtlebot3_gazebo', 'catkin_cmake_args': None, 'catkin_skip_building_tests': False, 'cmake_args': None, 'cmake_clean_cache': False, 'cmake_clean_first': False, 'cmake_force_configure': False, 'cmake_target': None, 'cmake_target_skip_unavailable': False, 'install_base': '/home/user/turtlebot3_ws/install/turtlebot3_gazebo', 'merge_install': False, 'path': '/home/user/turtlebot3_ws/src/turtlebot3_gazebo', 'symlink_install': False, 'test_result_base': None}
[4.339s] Level 5:colcon.colcon_core.verb:set package 'turtlebot3_simulations' build argument 'cmake_args' from command line to 'None'
[4.339s] Level 5:colcon.colcon_core.verb:set package 'turtlebot3_simulations' build argument 'cmake_target' from command line to 'None'
[4.339s] Level 5:colcon.colcon_core.verb:set package 'turtlebot3_simulations' build argument 'cmake_target_skip_unavailable' from command line to 'False'
[4.339s] Level 5:colcon.colcon_core.verb:set package 'turtlebot3_simulations' build argument 'cmake_clean_cache' from command line to 'False'
[4.339s] Level 5:colcon.colcon_core.verb:set package 'turtlebot3_simulations' build argument 'cmake_clean_first' from command line to 'False'
[4.339s] Level 5:colcon.colcon_core.verb:set package 'turtlebot3_simulations' build argument 'cmake_force_configure' from command line to 'False'
[4.340s] Level 5:colcon.colcon_core.verb:set package 'turtlebot3_simulations' build argument 'ament_cmake_args' from command line to 'None'
[4.340s] Level 5:colcon.colcon_core.verb:set package 'turtlebot3_simulations' build argument 'catkin_cmake_args' from command line to 'None'
[4.340s] Level 5:colcon.colcon_core.verb:set package 'turtlebot3_simulations' build argument 'catkin_skip_building_tests' from command line to 'False'
[4.340s] DEBUG:colcon.colcon_core.verb:Building package 'turtlebot3_simulations' with the following arguments: {'ament_cmake_args': None, 'build_base': '/home/user/turtlebot3_ws/build/turtlebot3_simulations', 'catkin_cmake_args': None, 'catkin_skip_building_tests': False, 'cmake_args': None, 'cmake_clean_cache': False, 'cmake_clean_first': False, 'cmake_force_configure': False, 'cmake_target': None, 'cmake_target_skip_unavailable': False, 'install_base': '/home/user/turtlebot3_ws/install/turtlebot3_simulations', 'merge_install': False, 'path': '/home/user/turtlebot3_ws/src/turtlebot3_simulations', 'symlink_install': False, 'test_result_base': None}
[4.341s] INFO:colcon.colcon_core.executor:Executing jobs using 'parallel' executor
[4.407s] DEBUG:colcon.colcon_parallel_executor.executor.parallel:run_until_complete
[4.408s] INFO:colcon.colcon_ros.task.ament_cmake.build:Building ROS package in '/home/user/turtlebot3_ws/src/turtlebot3_fake_node' with build type 'ament_cmake'
[4.408s] INFO:colcon.colcon_cmake.task.cmake.build:Building CMake package in '/home/user/turtlebot3_ws/src/turtlebot3_fake_node'
[4.422s] INFO:colcon.colcon_core.plugin_system:Skipping extension 'colcon_core.shell.bat': Not used on non-Windows systems
[4.423s] INFO:colcon.colcon_core.shell:Skip shell extension 'powershell' for command environment: Not usable outside of PowerShell
[4.424s] DEBUG:colcon.colcon_core.shell:Skip shell extension 'dsv' for command environment
[4.530s] INFO:colcon.colcon_ros.task.ament_cmake.build:Building ROS package in '/home/user/turtlebot3_ws/src/turtlebot3_gazebo' with build type 'ament_cmake'
[4.531s] INFO:colcon.colcon_cmake.task.cmake.build:Building CMake package in '/home/user/turtlebot3_ws/src/turtlebot3_gazebo'
[4.536s] INFO:colcon.colcon_core.shell:Skip shell extension 'powershell' for command environment: Not usable outside of PowerShell
[4.538s] DEBUG:colcon.colcon_core.shell:Skip shell extension 'dsv' for command environment
[4.712s] INFO:colcon.colcon_ros.task.ament_python.build:Building ROS package in '/home/user/turtlebot3_ws/src/project_package' with build type 'ament_python'
[4.713s] Level 1:colcon.colcon_core.shell:create_environment_hook('project_package', 'ament_prefix_path')
[4.716s] INFO:colcon.colcon_core.shell:Creating environment hook '/home/user/turtlebot3_ws/install/project_package/share/project_package/hook/ament_prefix_path.ps1'
[4.718s] INFO:colcon.colcon_core.shell:Creating environment descriptor '/home/user/turtlebot3_ws/install/project_package/share/project_package/hook/ament_prefix_path.dsv'
[4.719s] INFO:colcon.colcon_core.shell:Creating environment hook '/home/user/turtlebot3_ws/install/project_package/share/project_package/hook/ament_prefix_path.sh'
[4.723s] INFO:colcon.colcon_core.shell:Skip shell extension 'powershell' for command environment: Not usable outside of PowerShell
[4.723s] DEBUG:colcon.colcon_core.shell:Skip shell extension 'dsv' for command environment
[4.893s] DEBUG:colcon.colcon_core.event_handler.log_command:Invoking command in '/home/user/turtlebot3_ws/build/turtlebot3_fake_node': CMAKE_PREFIX_PATH=${CMAKE_PREFIX_PATH}:/home/user/turtlebot3_ws/install/project_package:/home/user/ros2_ws/install/my_package:/opt/ros/humble _=/usr/bin/env /usr/bin/cmake --build /home/user/turtlebot3_ws/build/turtlebot3_fake_node -- -j8 -l8
[4.927s] DEBUG:colcon.colcon_core.event_handler.log_command:Invoking command in '/home/user/turtlebot3_ws/build/turtlebot3_gazebo': CMAKE_PREFIX_PATH=${CMAKE_PREFIX_PATH}:/home/user/turtlebot3_ws/install/project_package:/home/user/ros2_ws/install/my_package:/opt/ros/humble _=/usr/bin/env /usr/bin/cmake --build /home/user/turtlebot3_ws/build/turtlebot3_gazebo -- -j8 -l8
[6.827s] INFO:colcon.colcon_core.task.python.build:Building Python package in '/home/user/turtlebot3_ws/src/project_package'
[6.831s] INFO:colcon.colcon_core.shell:Skip shell extension 'powershell' for command environment: Not usable outside of PowerShell
[6.831s] DEBUG:colcon.colcon_core.shell:Skip shell extension 'dsv' for command environment
[6.895s] DEBUG:colcon.colcon_core.event_handler.log_command:Invoked command in '/home/user/turtlebot3_ws/build/turtlebot3_fake_node' returned '0': CMAKE_PREFIX_PATH=${CMAKE_PREFIX_PATH}:/home/user/turtlebot3_ws/install/project_package:/home/user/ros2_ws/install/my_package:/opt/ros/humble _=/usr/bin/env /usr/bin/cmake --build /home/user/turtlebot3_ws/build/turtlebot3_fake_node -- -j8 -l8
[7.608s] DEBUG:colcon.colcon_core.event_handler.log_command:Invoked command in '/home/user/turtlebot3_ws/build/turtlebot3_gazebo' returned '0': CMAKE_PREFIX_PATH=${CMAKE_PREFIX_PATH}:/home/user/turtlebot3_ws/install/project_package:/home/user/ros2_ws/install/my_package:/opt/ros/humble _=/usr/bin/env /usr/bin/cmake --build /home/user/turtlebot3_ws/build/turtlebot3_gazebo -- -j8 -l8
[7.907s] DEBUG:colcon.colcon_core.event_handler.log_command:Invoking command in '/home/user/turtlebot3_ws/build/turtlebot3_fake_node': CMAKE_PREFIX_PATH=${CMAKE_PREFIX_PATH}:/home/user/turtlebot3_ws/install/project_package:/home/user/ros2_ws/install/my_package:/opt/ros/humble _=/usr/bin/env /usr/bin/cmake --install /home/user/turtlebot3_ws/build/turtlebot3_fake_node
[8.122s] Level 1:colcon.colcon_core.environment:create_environment_scripts_only(turtlebot3_fake_node)
[8.143s] DEBUG:colcon.colcon_core.event_handler.log_command:Invoked command in '/home/user/turtlebot3_ws/build/turtlebot3_fake_node' returned '0': CMAKE_PREFIX_PATH=${CMAKE_PREFIX_PATH}:/home/user/turtlebot3_ws/install/project_package:/home/user/ros2_ws/install/my_package:/opt/ros/humble _=/usr/bin/env /usr/bin/cmake --install /home/user/turtlebot3_ws/build/turtlebot3_fake_node
[8.197s] Level 1:colcon.colcon_core.environment:checking '/home/user/turtlebot3_ws/install/turtlebot3_fake_node' for CMake module files
[8.198s] Level 1:colcon.colcon_core.environment:checking '/home/user/turtlebot3_ws/install/turtlebot3_fake_node' for CMake config files
[8.199s] Level 1:colcon.colcon_core.shell:create_environment_hook('turtlebot3_fake_node', 'cmake_prefix_path')
[8.205s] INFO:colcon.colcon_core.shell:Creating environment hook '/home/user/turtlebot3_ws/install/turtlebot3_fake_node/share/turtlebot3_fake_node/hook/cmake_prefix_path.ps1'
[8.208s] INFO:colcon.colcon_core.shell:Creating environment descriptor '/home/user/turtlebot3_ws/install/turtlebot3_fake_node/share/turtlebot3_fake_node/hook/cmake_prefix_path.dsv'
[8.210s] INFO:colcon.colcon_core.shell:Creating environment hook '/home/user/turtlebot3_ws/install/turtlebot3_fake_node/share/turtlebot3_fake_node/hook/cmake_prefix_path.sh'
[8.212s] Level 1:colcon.colcon_core.environment:checking '/home/user/turtlebot3_ws/install/turtlebot3_fake_node/lib'
[8.212s] Level 1:colcon.colcon_core.environment:checking '/home/user/turtlebot3_ws/install/turtlebot3_fake_node/bin'
[8.212s] Level 1:colcon.colcon_core.environment:checking '/home/user/turtlebot3_ws/install/turtlebot3_fake_node/lib/pkgconfig/turtlebot3_fake_node.pc'
[8.213s] Level 1:colcon.colcon_core.environment:checking '/home/user/turtlebot3_ws/install/turtlebot3_fake_node/lib/python3.10/site-packages'
[8.214s] Level 1:colcon.colcon_core.environment:checking '/home/user/turtlebot3_ws/install/turtlebot3_fake_node/bin'
[8.222s] INFO:colcon.colcon_core.shell:Creating package script '/home/user/turtlebot3_ws/install/turtlebot3_fake_node/share/turtlebot3_fake_node/package.ps1'
[8.224s] INFO:colcon.colcon_core.shell:Creating package descriptor '/home/user/turtlebot3_ws/install/turtlebot3_fake_node/share/turtlebot3_fake_node/package.dsv'
[8.226s] INFO:colcon.colcon_core.shell:Creating package script '/home/user/turtlebot3_ws/install/turtlebot3_fake_node/share/turtlebot3_fake_node/package.sh'
[8.240s] INFO:colcon.colcon_core.shell:Creating package script '/home/user/turtlebot3_ws/install/turtlebot3_fake_node/share/turtlebot3_fake_node/package.bash'
[8.243s] INFO:colcon.colcon_core.shell:Creating package script '/home/user/turtlebot3_ws/install/turtlebot3_fake_node/share/turtlebot3_fake_node/package.zsh'
[8.245s] Level 1:colcon.colcon_core.environment:create_file_with_runtime_dependencies(/home/user/turtlebot3_ws/install/turtlebot3_fake_node/share/colcon-core/packages/turtlebot3_fake_node)
[8.739s] DEBUG:colcon.colcon_core.event_handler.log_command:Invoking command in '/home/user/turtlebot3_ws/build/turtlebot3_gazebo': CMAKE_PREFIX_PATH=${CMAKE_PREFIX_PATH}:/home/user/turtlebot3_ws/install/project_package:/home/user/ros2_ws/install/my_package:/opt/ros/humble _=/usr/bin/env /usr/bin/cmake --install /home/user/turtlebot3_ws/build/turtlebot3_gazebo
[9.101s] Level 1:colcon.colcon_core.environment:create_environment_scripts_only(turtlebot3_fake_node)
[9.107s] Level 1:colcon.colcon_core.environment:checking '/home/user/turtlebot3_ws/install/turtlebot3_fake_node' for CMake module files
[9.109s] Level 1:colcon.colcon_core.environment:checking '/home/user/turtlebot3_ws/install/turtlebot3_fake_node' for CMake config files
[9.111s] Level 1:colcon.colcon_core.shell:create_environment_hook('turtlebot3_fake_node', 'cmake_prefix_path')
[9.116s] INFO:colcon.colcon_core.shell:Creating environment hook '/home/user/turtlebot3_ws/install/turtlebot3_fake_node/share/turtlebot3_fake_node/hook/cmake_prefix_path.ps1'
[9.118s] INFO:colcon.colcon_core.shell:Creating environment descriptor '/home/user/turtlebot3_ws/install/turtlebot3_fake_node/share/turtlebot3_fake_node/hook/cmake_prefix_path.dsv'
[9.118s] INFO:colcon.colcon_core.shell:Creating environment hook '/home/user/turtlebot3_ws/install/turtlebot3_fake_node/share/turtlebot3_fake_node/hook/cmake_prefix_path.sh'
[9.120s] Level 1:colcon.colcon_core.environment:checking '/home/user/turtlebot3_ws/install/turtlebot3_fake_node/lib'
[9.120s] Level 1:colcon.colcon_core.environment:checking '/home/user/turtlebot3_ws/install/turtlebot3_fake_node/bin'
[9.121s] Level 1:colcon.colcon_core.environment:checking '/home/user/turtlebot3_ws/install/turtlebot3_fake_node/lib/pkgconfig/turtlebot3_fake_node.pc'
[9.121s] Level 1:colcon.colcon_core.environment:checking '/home/user/turtlebot3_ws/install/turtlebot3_fake_node/lib/python3.10/site-packages'
[9.122s] Level 1:colcon.colcon_core.environment:checking '/home/user/turtlebot3_ws/install/turtlebot3_fake_node/bin'
[9.128s] INFO:colcon.colcon_core.shell:Creating package script '/home/user/turtlebot3_ws/install/turtlebot3_fake_node/share/turtlebot3_fake_node/package.ps1'
[9.129s] INFO:colcon.colcon_core.shell:Creating package descriptor '/home/user/turtlebot3_ws/install/turtlebot3_fake_node/share/turtlebot3_fake_node/package.dsv'
[9.131s] INFO:colcon.colcon_core.shell:Creating package script '/home/user/turtlebot3_ws/install/turtlebot3_fake_node/share/turtlebot3_fake_node/package.sh'
[9.132s] INFO:colcon.colcon_core.shell:Creating package script '/home/user/turtlebot3_ws/install/turtlebot3_fake_node/share/turtlebot3_fake_node/package.bash'
[9.133s] INFO:colcon.colcon_core.shell:Creating package script '/home/user/turtlebot3_ws/install/turtlebot3_fake_node/share/turtlebot3_fake_node/package.zsh'
[9.190s] Level 1:colcon.colcon_core.environment:create_file_with_runtime_dependencies(/home/user/turtlebot3_ws/install/turtlebot3_fake_node/share/colcon-core/packages/turtlebot3_fake_node)
[9.295s] Level 1:colcon.colcon_core.environment:create_environment_scripts_only(turtlebot3_gazebo)
[9.300s] Level 1:colcon.colcon_core.environment:checking '/home/user/turtlebot3_ws/install/turtlebot3_gazebo' for CMake module files
[9.302s] Level 1:colcon.colcon_core.environment:checking '/home/user/turtlebot3_ws/install/turtlebot3_gazebo' for CMake config files
[9.301s] DEBUG:colcon.colcon_core.event_handler.log_command:Invoked command in '/home/user/turtlebot3_ws/build/turtlebot3_gazebo' returned '0': CMAKE_PREFIX_PATH=${CMAKE_PREFIX_PATH}:/home/user/turtlebot3_ws/install/project_package:/home/user/ros2_ws/install/my_package:/opt/ros/humble _=/usr/bin/env /usr/bin/cmake --install /home/user/turtlebot3_ws/build/turtlebot3_gazebo
[9.303s] Level 1:colcon.colcon_core.shell:create_environment_hook('turtlebot3_gazebo', 'cmake_prefix_path')
[9.309s] INFO:colcon.colcon_core.shell:Creating environment hook '/home/user/turtlebot3_ws/install/turtlebot3_gazebo/share/turtlebot3_gazebo/hook/cmake_prefix_path.ps1'
[9.311s] INFO:colcon.colcon_core.shell:Creating environment descriptor '/home/user/turtlebot3_ws/install/turtlebot3_gazebo/share/turtlebot3_gazebo/hook/cmake_prefix_path.dsv'
[9.315s] INFO:colcon.colcon_core.shell:Creating environment hook '/home/user/turtlebot3_ws/install/turtlebot3_gazebo/share/turtlebot3_gazebo/hook/cmake_prefix_path.sh'
[9.339s] Level 1:colcon.colcon_core.environment:checking '/home/user/turtlebot3_ws/install/turtlebot3_gazebo/lib'
[9.339s] Level 1:colcon.colcon_core.environment:checking '/home/user/turtlebot3_ws/install/turtlebot3_gazebo/bin'
[9.339s] Level 1:colcon.colcon_core.environment:checking '/home/user/turtlebot3_ws/install/turtlebot3_gazebo/lib/pkgconfig/turtlebot3_gazebo.pc'
[9.340s] Level 1:colcon.colcon_core.environment:checking '/home/user/turtlebot3_ws/install/turtlebot3_gazebo/lib/python3.10/site-packages'
[9.348s] Level 1:colcon.colcon_core.environment:checking '/home/user/turtlebot3_ws/install/turtlebot3_gazebo/bin'
[9.392s] INFO:colcon.colcon_core.shell:Creating package script '/home/user/turtlebot3_ws/install/turtlebot3_gazebo/share/turtlebot3_gazebo/package.ps1'
[9.393s] INFO:colcon.colcon_core.shell:Creating package descriptor '/home/user/turtlebot3_ws/install/turtlebot3_gazebo/share/turtlebot3_gazebo/package.dsv'
[9.422s] INFO:colcon.colcon_core.shell:Creating package script '/home/user/turtlebot3_ws/install/turtlebot3_gazebo/share/turtlebot3_gazebo/package.sh'
[9.430s] INFO:colcon.colcon_core.shell:Creating package script '/home/user/turtlebot3_ws/install/turtlebot3_gazebo/share/turtlebot3_gazebo/package.bash'
[9.431s] INFO:colcon.colcon_core.shell:Creating package script '/home/user/turtlebot3_ws/install/turtlebot3_gazebo/share/turtlebot3_gazebo/package.zsh'
[9.493s] Level 1:colcon.colcon_core.environment:create_file_with_runtime_dependencies(/home/user/turtlebot3_ws/install/turtlebot3_gazebo/share/colcon-core/packages/turtlebot3_gazebo)
[9.613s] DEBUG:colcon.colcon_core.event_handler.log_command:Invoking command in '/home/user/turtlebot3_ws/build/project_package': PYTHONPATH=/home/user/turtlebot3_ws/install/project_package/lib/python3.10/site-packages:${PYTHONPATH} _=/usr/bin/env /usr/bin/python3 setup.py develop --prefix /home/user/turtlebot3_ws/install/project_package --uninstall --editable --build-directory /home/user/turtlebot3_ws/build/project_package/build
[10.948s] Level 1:colcon.colcon_core.environment:create_environment_scripts_only(turtlebot3_gazebo)
[10.992s] Level 1:colcon.colcon_core.environment:checking '/home/user/turtlebot3_ws/install/turtlebot3_gazebo' for CMake module files
[10.994s] Level 1:colcon.colcon_core.environment:checking '/home/user/turtlebot3_ws/install/turtlebot3_gazebo' for CMake config files
[10.996s] Level 1:colcon.colcon_core.shell:create_environment_hook('turtlebot3_gazebo', 'cmake_prefix_path')
[11.001s] INFO:colcon.colcon_core.shell:Creating environment hook '/home/user/turtlebot3_ws/install/turtlebot3_gazebo/share/turtlebot3_gazebo/hook/cmake_prefix_path.ps1'
[11.008s] INFO:colcon.colcon_core.shell:Creating environment descriptor '/home/user/turtlebot3_ws/install/turtlebot3_gazebo/share/turtlebot3_gazebo/hook/cmake_prefix_path.dsv'
[11.008s] INFO:colcon.colcon_core.shell:Creating environment hook '/home/user/turtlebot3_ws/install/turtlebot3_gazebo/share/turtlebot3_gazebo/hook/cmake_prefix_path.sh'
[11.015s] Level 1:colcon.colcon_core.environment:checking '/home/user/turtlebot3_ws/install/turtlebot3_gazebo/lib'
[11.015s] Level 1:colcon.colcon_core.environment:checking '/home/user/turtlebot3_ws/install/turtlebot3_gazebo/bin'
[11.015s] Level 1:colcon.colcon_core.environment:checking '/home/user/turtlebot3_ws/install/turtlebot3_gazebo/lib/pkgconfig/turtlebot3_gazebo.pc'
[11.016s] Level 1:colcon.colcon_core.environment:checking '/home/user/turtlebot3_ws/install/turtlebot3_gazebo/lib/python3.10/site-packages'
[11.017s] Level 1:colcon.colcon_core.environment:checking '/home/user/turtlebot3_ws/install/turtlebot3_gazebo/bin'
[11.030s] INFO:colcon.colcon_core.shell:Creating package script '/home/user/turtlebot3_ws/install/turtlebot3_gazebo/share/turtlebot3_gazebo/package.ps1'
[11.101s] INFO:colcon.colcon_core.shell:Creating package descriptor '/home/user/turtlebot3_ws/install/turtlebot3_gazebo/share/turtlebot3_gazebo/package.dsv'
[11.102s] INFO:colcon.colcon_core.shell:Creating package script '/home/user/turtlebot3_ws/install/turtlebot3_gazebo/share/turtlebot3_gazebo/package.sh'
[11.103s] INFO:colcon.colcon_core.shell:Creating package script '/home/user/turtlebot3_ws/install/turtlebot3_gazebo/share/turtlebot3_gazebo/package.bash'
[11.114s] INFO:colcon.colcon_core.shell:Creating package script '/home/user/turtlebot3_ws/install/turtlebot3_gazebo/share/turtlebot3_gazebo/package.zsh'
[11.115s] Level 1:colcon.colcon_core.environment:create_file_with_runtime_dependencies(/home/user/turtlebot3_ws/install/turtlebot3_gazebo/share/colcon-core/packages/turtlebot3_gazebo)
[11.122s] INFO:colcon.colcon_ros.task.ament_cmake.build:Building ROS package in '/home/user/turtlebot3_ws/src/turtlebot3_simulations' with build type 'ament_cmake'
[11.123s] INFO:colcon.colcon_cmake.task.cmake.build:Building CMake package in '/home/user/turtlebot3_ws/src/turtlebot3_simulations'
[11.144s] INFO:colcon.colcon_core.shell:Skip shell extension 'powershell' for command environment: Not usable outside of PowerShell
[11.144s] DEBUG:colcon.colcon_core.shell:Skip shell extension 'dsv' for command environment
[11.405s] DEBUG:colcon.colcon_core.event_handler.log_command:Invoking command in '/home/user/turtlebot3_ws/build/turtlebot3_simulations': CMAKE_PREFIX_PATH=/home/user/turtlebot3_ws/install/turtlebot3_gazebo:/home/user/turtlebot3_ws/install/turtlebot3_fake_node:/home/user/turtlebot3_ws/install/turtlebot3_simulations:/home/user/turtlebot3_ws/install/project_package:/home/user/ros2_ws/install/my_package:/opt/ros/humble _=/usr/bin/env /usr/bin/cmake --build /home/user/turtlebot3_ws/build/turtlebot3_simulations -- -j8 -l8
[11.854s] DEBUG:colcon.colcon_core.event_handler.log_command:Invoked command in '/home/user/turtlebot3_ws/build/turtlebot3_simulations' returned '0': CMAKE_PREFIX_PATH=/home/user/turtlebot3_ws/install/turtlebot3_gazebo:/home/user/turtlebot3_ws/install/turtlebot3_fake_node:/home/user/turtlebot3_ws/install/turtlebot3_simulations:/home/user/turtlebot3_ws/install/project_package:/home/user/ros2_ws/install/my_package:/opt/ros/humble _=/usr/bin/env /usr/bin/cmake --build /home/user/turtlebot3_ws/build/turtlebot3_simulations -- -j8 -l8
[12.798s] DEBUG:colcon.colcon_core.event_handler.log_command:Invoking command in '/home/user/turtlebot3_ws/build/turtlebot3_simulations': CMAKE_PREFIX_PATH=/home/user/turtlebot3_ws/install/turtlebot3_gazebo:/home/user/turtlebot3_ws/install/turtlebot3_fake_node:/home/user/turtlebot3_ws/install/turtlebot3_simulations:/home/user/turtlebot3_ws/install/project_package:/home/user/ros2_ws/install/my_package:/opt/ros/humble _=/usr/bin/env /usr/bin/cmake --install /home/user/turtlebot3_ws/build/turtlebot3_simulations
[13.101s] Level 1:colcon.colcon_core.environment:create_environment_scripts_only(turtlebot3_simulations)
[13.106s] Level 1:colcon.colcon_core.environment:checking '/home/user/turtlebot3_ws/install/turtlebot3_simulations' for CMake module files
[13.107s] DEBUG:colcon.colcon_core.event_handler.log_command:Invoked command in '/home/user/turtlebot3_ws/build/turtlebot3_simulations' returned '0': CMAKE_PREFIX_PATH=/home/user/turtlebot3_ws/install/turtlebot3_gazebo:/home/user/turtlebot3_ws/install/turtlebot3_fake_node:/home/user/turtlebot3_ws/install/turtlebot3_simulations:/home/user/turtlebot3_ws/install/project_package:/home/user/ros2_ws/install/my_package:/opt/ros/humble _=/usr/bin/env /usr/bin/cmake --install /home/user/turtlebot3_ws/build/turtlebot3_simulations
[13.108s] Level 1:colcon.colcon_core.environment:checking '/home/user/turtlebot3_ws/install/turtlebot3_simulations' for CMake config files
[13.108s] Level 1:colcon.colcon_core.shell:create_environment_hook('turtlebot3_simulations', 'cmake_prefix_path')
[13.112s] INFO:colcon.colcon_core.shell:Creating environment hook '/home/user/turtlebot3_ws/install/turtlebot3_simulations/share/turtlebot3_simulations/hook/cmake_prefix_path.ps1'
[13.113s] INFO:colcon.colcon_core.shell:Creating environment descriptor '/home/user/turtlebot3_ws/install/turtlebot3_simulations/share/turtlebot3_simulations/hook/cmake_prefix_path.dsv'
[13.114s] INFO:colcon.colcon_core.shell:Creating environment hook '/home/user/turtlebot3_ws/install/turtlebot3_simulations/share/turtlebot3_simulations/hook/cmake_prefix_path.sh'
[13.115s] Level 1:colcon.colcon_core.environment:checking '/home/user/turtlebot3_ws/install/turtlebot3_simulations/bin'
[13.117s] Level 1:colcon.colcon_core.environment:checking '/home/user/turtlebot3_ws/install/turtlebot3_simulations/lib/pkgconfig/turtlebot3_simulations.pc'
[13.120s] Level 1:colcon.colcon_core.environment:checking '/home/user/turtlebot3_ws/install/turtlebot3_simulations/lib/python3.10/site-packages'
[13.122s] Level 1:colcon.colcon_core.environment:checking '/home/user/turtlebot3_ws/install/turtlebot3_simulations/bin'
[13.125s] INFO:colcon.colcon_core.shell:Creating package script '/home/user/turtlebot3_ws/install/turtlebot3_simulations/share/turtlebot3_simulations/package.ps1'
[13.191s] INFO:colcon.colcon_core.shell:Creating package descriptor '/home/user/turtlebot3_ws/install/turtlebot3_simulations/share/turtlebot3_simulations/package.dsv'
[13.192s] INFO:colcon.colcon_core.shell:Creating package script '/home/user/turtlebot3_ws/install/turtlebot3_simulations/share/turtlebot3_simulations/package.sh'
[13.192s] INFO:colcon.colcon_core.shell:Creating package script '/home/user/turtlebot3_ws/install/turtlebot3_simulations/share/turtlebot3_simulations/package.bash'
[13.193s] INFO:colcon.colcon_core.shell:Creating package script '/home/user/turtlebot3_ws/install/turtlebot3_simulations/share/turtlebot3_simulations/package.zsh'
[13.203s] Level 1:colcon.colcon_core.environment:create_file_with_runtime_dependencies(/home/user/turtlebot3_ws/install/turtlebot3_simulations/share/colcon-core/packages/turtlebot3_simulations)
[13.602s] Level 1:colcon.colcon_core.environment:create_environment_scripts_only(turtlebot3_simulations)
[13.607s] Level 1:colcon.colcon_core.environment:checking '/home/user/turtlebot3_ws/install/turtlebot3_simulations' for CMake module files
[13.609s] Level 1:colcon.colcon_core.environment:checking '/home/user/turtlebot3_ws/install/turtlebot3_simulations' for CMake config files
[13.609s] Level 1:colcon.colcon_core.shell:create_environment_hook('turtlebot3_simulations', 'cmake_prefix_path')
[13.613s] INFO:colcon.colcon_core.shell:Creating environment hook '/home/user/turtlebot3_ws/install/turtlebot3_simulations/share/turtlebot3_simulations/hook/cmake_prefix_path.ps1'
[13.617s] INFO:colcon.colcon_core.shell:Creating environment descriptor '/home/user/turtlebot3_ws/install/turtlebot3_simulations/share/turtlebot3_simulations/hook/cmake_prefix_path.dsv'
[13.618s] INFO:colcon.colcon_core.shell:Creating environment hook '/home/user/turtlebot3_ws/install/turtlebot3_simulations/share/turtlebot3_simulations/hook/cmake_prefix_path.sh'
[13.619s] Level 1:colcon.colcon_core.environment:checking '/home/user/turtlebot3_ws/install/turtlebot3_simulations/bin'
[13.619s] Level 1:colcon.colcon_core.environment:checking '/home/user/turtlebot3_ws/install/turtlebot3_simulations/lib/pkgconfig/turtlebot3_simulations.pc'
[13.620s] Level 1:colcon.colcon_core.environment:checking '/home/user/turtlebot3_ws/install/turtlebot3_simulations/lib/python3.10/site-packages'
[13.620s] Level 1:colcon.colcon_core.environment:checking '/home/user/turtlebot3_ws/install/turtlebot3_simulations/bin'
[13.694s] INFO:colcon.colcon_core.shell:Creating package script '/home/user/turtlebot3_ws/install/turtlebot3_simulations/share/turtlebot3_simulations/package.ps1'
[13.695s] INFO:colcon.colcon_core.shell:Creating package descriptor '/home/user/turtlebot3_ws/install/turtlebot3_simulations/share/turtlebot3_simulations/package.dsv'
[13.697s] INFO:colcon.colcon_core.shell:Creating package script '/home/user/turtlebot3_ws/install/turtlebot3_simulations/share/turtlebot3_simulations/package.sh'
[13.699s] INFO:colcon.colcon_core.shell:Creating package script '/home/user/turtlebot3_ws/install/turtlebot3_simulations/share/turtlebot3_simulations/package.bash'
[13.700s] INFO:colcon.colcon_core.shell:Creating package script '/home/user/turtlebot3_ws/install/turtlebot3_simulations/share/turtlebot3_simulations/package.zsh'
[13.700s] Level 1:colcon.colcon_core.environment:create_file_with_runtime_dependencies(/home/user/turtlebot3_ws/install/turtlebot3_simulations/share/colcon-core/packages/turtlebot3_simulations)
[14.597s] DEBUG:colcon.colcon_core.event_handler.log_command:Invoked command in '/home/user/turtlebot3_ws/build/project_package' returned '0': PYTHONPATH=/home/user/turtlebot3_ws/install/project_package/lib/python3.10/site-packages:${PYTHONPATH} _=/usr/bin/env /usr/bin/python3 setup.py develop --prefix /home/user/turtlebot3_ws/install/project_package --uninstall --editable --build-directory /home/user/turtlebot3_ws/build/project_package/build
[14.599s] DEBUG:colcon.colcon_core.event_handler.log_command:Invoking command in '/home/user/turtlebot3_ws/src/project_package': PYTHONPATH=/home/user/turtlebot3_ws/install/project_package/lib/python3.10/site-packages:${PYTHONPATH} _=/usr/bin/env /usr/bin/python3 setup.py egg_info --egg-base ../../build/project_package build --build-base /home/user/turtlebot3_ws/build/project_package/build install --prefix /home/user/turtlebot3_ws/install/project_package --record /home/user/turtlebot3_ws/build/project_package/install.log --single-version-externally-managed
[18.902s] DEBUG:colcon.colcon_core.event_handler.log_command:Invoked command in '/home/user/turtlebot3_ws/src/project_package' returned '0': PYTHONPATH=/home/user/turtlebot3_ws/install/project_package/lib/python3.10/site-packages:${PYTHONPATH} _=/usr/bin/env /usr/bin/python3 setup.py egg_info --egg-base ../../build/project_package build --build-base /home/user/turtlebot3_ws/build/project_package/build install --prefix /home/user/turtlebot3_ws/install/project_package --record /home/user/turtlebot3_ws/build/project_package/install.log --single-version-externally-managed
[18.902s] Level 1:colcon.colcon_core.environment:checking '/home/user/turtlebot3_ws/install/project_package' for CMake module files
[18.903s] Level 1:colcon.colcon_core.environment:checking '/home/user/turtlebot3_ws/install/project_package' for CMake config files
[18.905s] Level 1:colcon.colcon_core.environment:checking '/home/user/turtlebot3_ws/install/project_package/lib'
[18.905s] Level 1:colcon.colcon_core.environment:checking '/home/user/turtlebot3_ws/install/project_package/bin'
[18.905s] Level 1:colcon.colcon_core.environment:checking '/home/user/turtlebot3_ws/install/project_package/lib/pkgconfig/project_package.pc'
[18.906s] Level 1:colcon.colcon_core.environment:checking '/home/user/turtlebot3_ws/install/project_package/lib/python3.10/site-packages'
[18.906s] Level 1:colcon.colcon_core.shell:create_environment_hook('project_package', 'pythonpath')
[18.911s] INFO:colcon.colcon_core.shell:Creating environment hook '/home/user/turtlebot3_ws/install/project_package/share/project_package/hook/pythonpath.ps1'
[18.912s] INFO:colcon.colcon_core.shell:Creating environment descriptor '/home/user/turtlebot3_ws/install/project_package/share/project_package/hook/pythonpath.dsv'
[18.913s] INFO:colcon.colcon_core.shell:Creating environment hook '/home/user/turtlebot3_ws/install/project_package/share/project_package/hook/pythonpath.sh'
[18.915s] Level 1:colcon.colcon_core.environment:checking '/home/user/turtlebot3_ws/install/project_package/bin'
[18.915s] Level 1:colcon.colcon_core.environment:create_environment_scripts_only(project_package)
[18.919s] INFO:colcon.colcon_core.shell:Creating package script '/home/user/turtlebot3_ws/install/project_package/share/project_package/package.ps1'
[18.920s] INFO:colcon.colcon_core.shell:Creating package descriptor '/home/user/turtlebot3_ws/install/project_package/share/project_package/package.dsv'
[18.921s] INFO:colcon.colcon_core.shell:Creating package script '/home/user/turtlebot3_ws/install/project_package/share/project_package/package.sh'
[18.922s] INFO:colcon.colcon_core.shell:Creating package script '/home/user/turtlebot3_ws/install/project_package/share/project_package/package.bash'
[18.990s] INFO:colcon.colcon_core.shell:Creating package script '/home/user/turtlebot3_ws/install/project_package/share/project_package/package.zsh'
[18.991s] Level 1:colcon.colcon_core.environment:create_file_with_runtime_dependencies(/home/user/turtlebot3_ws/install/project_package/share/colcon-core/packages/project_package)
[18.993s] DEBUG:colcon.colcon_parallel_executor.executor.parallel:closing loop
[18.994s] DEBUG:colcon.colcon_parallel_executor.executor.parallel:loop closed
[18.994s] DEBUG:colcon.colcon_parallel_executor.executor.parallel:run_until_complete finished with '0'
[18.995s] DEBUG:colcon.colcon_core.event_reactor:joining thread
[19.009s] INFO:colcon.colcon_core.plugin_system:Skipping extension 'colcon_notification.desktop_notification.notify_send': Could not find 'notify-send'
[19.009s] INFO:colcon.colcon_core.plugin_system:Skipping extension 'colcon_notification.desktop_notification.terminal_notifier': Not used on non-Darwin systems
[19.009s] INFO:colcon.colcon_core.plugin_system:Skipping extension 'colcon_notification.desktop_notification.win32': Not used on non-Windows systems
[19.010s] INFO:colcon.colcon_notification.desktop_notification:Sending desktop notification using 'notify2'
[19.099s] DEBUG:colcon.colcon_notification.desktop_notification.notify2:Failed to initialize notify2: org.freedesktop.DBus.Error.Spawn.ExecFailed: /usr/bin/dbus-launch terminated abnormally without any error message
[19.099s] DEBUG:colcon.colcon_core.event_reactor:joined thread
[19.104s] INFO:colcon.colcon_core.shell:Creating prefix script '/home/user/turtlebot3_ws/install/local_setup.ps1'
[19.106s] INFO:colcon.colcon_core.shell:Creating prefix util module '/home/user/turtlebot3_ws/install/_local_setup_util_ps1.py'
[19.110s] INFO:colcon.colcon_core.shell:Creating prefix chain script '/home/user/turtlebot3_ws/install/setup.ps1'
[19.114s] INFO:colcon.colcon_core.shell:Creating prefix script '/home/user/turtlebot3_ws/install/local_setup.sh'
[19.115s] INFO:colcon.colcon_core.shell:Creating prefix util module '/home/user/turtlebot3_ws/install/_local_setup_util_sh.py'
[19.119s] INFO:colcon.colcon_core.shell:Creating prefix chain script '/home/user/turtlebot3_ws/install/setup.sh'
[19.126s] INFO:colcon.colcon_core.shell:Creating prefix script '/home/user/turtlebot3_ws/install/local_setup.bash'
[19.128s] INFO:colcon.colcon_core.shell:Creating prefix chain script '/home/user/turtlebot3_ws/install/setup.bash'
[19.203s] INFO:colcon.colcon_core.shell:Creating prefix script '/home/user/turtlebot3_ws/install/local_setup.zsh'
[19.207s] INFO:colcon.colcon_core.shell:Creating prefix chain script '/home/user/turtlebot3_ws/install/setup.zsh'
