[6.270s] Invoking command in '/home/user/turtlebot3_ws/build/project_package': PYTHONPATH=/home/user/turtlebot3_ws/install/project_package/lib/python3.10/site-packages:${PYTHONPATH} _=/usr/bin/env /usr/bin/python3 setup.py develop --prefix /home/user/turtlebot3_ws/install/project_package --uninstall --editable --build-directory /home/user/turtlebot3_ws/build/project_package/build
[8.829s] /usr/lib/python3/dist-packages/setuptools/command/easy_install.py:158: EasyInstallDeprecationWarning: easy_install command is deprecated. Use build and pip and other standards-based tools.
[8.829s]   warnings.warn(
[8.832s] running develop
[8.842s] /usr/lib/python3/dist-packages/setuptools/command/install.py:34: SetuptoolsDeprecationWarning: setup.py install is deprecated. Use build and pip and other standards-based tools.
[8.842s]   warnings.warn(
[9.233s] /usr/lib/python3/dist-packages/pkg_resources/__init__.py:116: PkgResourcesDeprecationWarning: 1.1build1 is an invalid version and will not be supported in a future release
[9.233s]   warnings.warn(
[10.850s] Invoked command in '/home/user/turtlebot3_ws/build/project_package' returned '0': PYTHONPATH=/home/user/turtlebot3_ws/install/project_package/lib/python3.10/site-packages:${PYTHONPATH} _=/usr/bin/env /usr/bin/python3 setup.py develop --prefix /home/user/turtlebot3_ws/install/project_package --uninstall --editable --build-directory /home/user/turtlebot3_ws/build/project_package/build
[10.851s] Invoking command in '/home/user/turtlebot3_ws/src/project_package': PYTHONPATH=/home/user/turtlebot3_ws/install/project_package/lib/python3.10/site-packages:${PYTHONPATH} _=/usr/bin/env /usr/bin/python3 setup.py egg_info --egg-base ../../build/project_package build --build-base /home/user/turtlebot3_ws/build/project_package/build install --prefix /home/user/turtlebot3_ws/install/project_package --record /home/user/turtlebot3_ws/build/project_package/install.log --single-version-externally-managed
[13.090s] running egg_info
[13.091s] writing ../../build/project_package/project_package.egg-info/PKG-INFO
[13.092s] writing dependency_links to ../../build/project_package/project_package.egg-info/dependency_links.txt
[13.092s] writing entry points to ../../build/project_package/project_package.egg-info/entry_points.txt
[13.092s] writing requirements to ../../build/project_package/project_package.egg-info/requires.txt
[13.093s] writing top-level names to ../../build/project_package/project_package.egg-info/top_level.txt
[13.104s] reading manifest file '../../build/project_package/project_package.egg-info/SOURCES.txt'
[13.105s] /usr/lib/python3/dist-packages/setuptools/command/install.py:34: SetuptoolsDeprecationWarning: setup.py install is deprecated. Use build and pip and other standards-based tools.
[13.105s]   warnings.warn(
[13.106s] writing manifest file '../../build/project_package/project_package.egg-info/SOURCES.txt'
[13.106s] running build
[13.106s] running build_py
[13.106s] copying project_package/go_to_goal.py -> /home/user/turtlebot3_ws/build/project_package/build/lib/project_package
[13.106s] running install
[13.106s] running install_lib
[13.107s] copying /home/user/turtlebot3_ws/build/project_package/build/lib/project_package/go_to_goal.py -> /home/user/turtlebot3_ws/install/project_package/lib/python3.10/site-packages/project_package
[13.107s] byte-compiling /home/user/turtlebot3_ws/install/project_package/lib/python3.10/site-packages/project_package/go_to_goal.py to go_to_goal.cpython-310.pyc
[13.107s] running install_data
[13.108s] running install_egg_info
[13.111s] removing '/home/user/turtlebot3_ws/install/project_package/lib/python3.10/site-packages/project_package-0.0.0-py3.10.egg-info' (and everything under it)
[13.114s] Copying ../../build/project_package/project_package.egg-info to /home/user/turtlebot3_ws/install/project_package/lib/python3.10/site-packages/project_package-0.0.0-py3.10.egg-info
[13.114s] running install_scripts
[13.187s] Installing go_to_goal script to /home/user/turtlebot3_ws/install/project_package/lib/project_package
[13.187s] Installing goal_navigator script to /home/user/turtlebot3_ws/install/project_package/lib/project_package
[13.188s] Installing project_node script to /home/user/turtlebot3_ws/install/project_package/lib/project_package
[13.188s] writing list of installed files to '/home/user/turtlebot3_ws/build/project_package/install.log'
[13.428s] Invoked command in '/home/user/turtlebot3_ws/src/project_package' returned '0': PYTHONPATH=/home/user/turtlebot3_ws/install/project_package/lib/python3.10/site-packages:${PYTHONPATH} _=/usr/bin/env /usr/bin/python3 setup.py egg_info --egg-base ../../build/project_package build --build-base /home/user/turtlebot3_ws/build/project_package/build install --prefix /home/user/turtlebot3_ws/install/project_package --record /home/user/turtlebot3_ws/build/project_package/install.log --single-version-externally-managed
