[0.036s] Invoking command in '/home/user/build/turtlebot3_simulations': AMENT_PREFIX_PATH=/home/user/install/turtlebot3_gazebo:/home/user/install/turtlebot3_fake_node:${AMENT_PREFIX_PATH} CMAKE_PREFIX_PATH=/home/user/install/turtlebot3_gazebo:/home/user/install/turtlebot3_fake_node:/home/user/turtlebot3_ws/install/turtlebot3_simulations:/home/user/turtlebot3_ws/install/turtlebot3_gazebo:/home/user/turtlebot3_ws/install/turtlebot3_fake_node:/home/user/ros2_ws/install/my_package:/opt/ros/humble _=/usr/bin/env /usr/bin/cmake --build /home/user/build/turtlebot3_simulations -- -j8 -l8
[0.096s] Invoked command in '/home/user/build/turtlebot3_simulations' returned '0': AMENT_PREFIX_PATH=/home/user/install/turtlebot3_gazebo:/home/user/install/turtlebot3_fake_node:${AMENT_PREFIX_PATH} CMAKE_PREFIX_PATH=/home/user/install/turtlebot3_gazebo:/home/user/install/turtlebot3_fake_node:/home/user/turtlebot3_ws/install/turtlebot3_simulations:/home/user/turtlebot3_ws/install/turtlebot3_gazebo:/home/user/turtlebot3_ws/install/turtlebot3_fake_node:/home/user/ros2_ws/install/my_package:/opt/ros/humble _=/usr/bin/env /usr/bin/cmake --build /home/user/build/turtlebot3_simulations -- -j8 -l8
[0.199s] Invoking command in '/home/user/build/turtlebot3_simulations': AMENT_PREFIX_PATH=/home/user/install/turtlebot3_gazebo:/home/user/install/turtlebot3_fake_node:${AMENT_PREFIX_PATH} CMAKE_PREFIX_PATH=/home/user/install/turtlebot3_gazebo:/home/user/install/turtlebot3_fake_node:/home/user/turtlebot3_ws/install/turtlebot3_simulations:/home/user/turtlebot3_ws/install/turtlebot3_gazebo:/home/user/turtlebot3_ws/install/turtlebot3_fake_node:/home/user/ros2_ws/install/my_package:/opt/ros/humble _=/usr/bin/env /usr/bin/cmake --install /home/user/build/turtlebot3_simulations
[0.208s] -- Install configuration: ""
[0.208s] -- Up-to-date: /home/user/install/turtlebot3_simulations/share/ament_index/resource_index/package_run_dependencies/turtlebot3_simulations
[0.208s] -- Up-to-date: /home/user/install/turtlebot3_simulations/share/ament_index/resource_index/parent_prefix_path/turtlebot3_simulations
[0.208s] -- Up-to-date: /home/user/install/turtlebot3_simulations/share/turtlebot3_simulations/environment/ament_prefix_path.sh
[0.209s] -- Up-to-date: /home/user/install/turtlebot3_simulations/share/turtlebot3_simulations/environment/ament_prefix_path.dsv
[0.209s] -- Up-to-date: /home/user/install/turtlebot3_simulations/share/turtlebot3_simulations/environment/path.sh
[0.209s] -- Up-to-date: /home/user/install/turtlebot3_simulations/share/turtlebot3_simulations/environment/path.dsv
[0.209s] -- Up-to-date: /home/user/install/turtlebot3_simulations/share/turtlebot3_simulations/local_setup.bash
[0.209s] -- Up-to-date: /home/user/install/turtlebot3_simulations/share/turtlebot3_simulations/local_setup.sh
[0.210s] -- Up-to-date: /home/user/install/turtlebot3_simulations/share/turtlebot3_simulations/local_setup.zsh
[0.210s] -- Up-to-date: /home/user/install/turtlebot3_simulations/share/turtlebot3_simulations/local_setup.dsv
[0.210s] -- Installing: /home/user/install/turtlebot3_simulations/share/turtlebot3_simulations/package.dsv
[0.211s] -- Up-to-date: /home/user/install/turtlebot3_simulations/share/ament_index/resource_index/packages/turtlebot3_simulations
[0.222s] -- Up-to-date: /home/user/install/turtlebot3_simulations/share/turtlebot3_simulations/cmake/turtlebot3_simulationsConfig.cmake
[0.222s] -- Up-to-date: /home/user/install/turtlebot3_simulations/share/turtlebot3_simulations/cmake/turtlebot3_simulationsConfig-version.cmake
[0.223s] -- Up-to-date: /home/user/install/turtlebot3_simulations/share/turtlebot3_simulations/package.xml
[0.224s] Invoked command in '/home/user/build/turtlebot3_simulations' returned '0': AMENT_PREFIX_PATH=/home/user/install/turtlebot3_gazebo:/home/user/install/turtlebot3_fake_node:${AMENT_PREFIX_PATH} CMAKE_PREFIX_PATH=/home/user/install/turtlebot3_gazebo:/home/user/install/turtlebot3_fake_node:/home/user/turtlebot3_ws/install/turtlebot3_simulations:/home/user/turtlebot3_ws/install/turtlebot3_gazebo:/home/user/turtlebot3_ws/install/turtlebot3_fake_node:/home/user/ros2_ws/install/my_package:/opt/ros/humble _=/usr/bin/env /usr/bin/cmake --install /home/user/build/turtlebot3_simulations
