[0.073s] Invoking command in '/home/user/build/turtlebot3_fake_node': CMAKE_PREFIX_PATH=${CMAKE_PREFIX_PATH}:/home/user/ros2_ws/install/my_package:/opt/ros/humble _=/usr/bin/env /usr/bin/cmake /home/user/turtlebot3_ws/src/turtlebot3_fake_node -DAMENT_CMAKE_SYMLINK_INSTALL=1 -DCMAKE_INSTALL_PREFIX=/home/user/install/turtlebot3_fake_node
[5.749s] -- Found ament_cmake: 1.3.2 (/opt/ros/humble/share/ament_cmake/cmake)
[6.198s] -- Override CMake install command with custom implementation using symlinks instead of copying resources
[6.459s] -- Found geometry_msgs: 4.2.2 (/opt/ros/humble/share/geometry_msgs/cmake)
[6.709s] -- Found rosidl_generator_c: 3.1.3 (/opt/ros/humble/share/rosidl_generator_c/cmake)
[6.721s] -- Found rosidl_adapter: 3.1.3 (/opt/ros/humble/share/rosidl_adapter/cmake)
[6.827s] -- Found rosidl_generator_cpp: 3.1.3 (/opt/ros/humble/share/rosidl_generator_cpp/cmake)
[6.956s] -- Using all available rosidl_typesupport_c: rosidl_typesupport_fastrtps_c;rosidl_typesupport_introspection_c
[7.004s] -- Using all available rosidl_typesupport_cpp: rosidl_typesupport_fastrtps_cpp;rosidl_typesupport_introspection_cpp
[7.249s] -- Found nav_msgs: 4.2.2 (/opt/ros/humble/share/nav_msgs/cmake)
[7.680s] -- Found rclcpp: 16.0.1 (/opt/ros/humble/share/rclcpp/cmake)
[7.960s] -- Found rmw_implementation_cmake: 6.1.0 (/opt/ros/humble/share/rmw_implementation_cmake/cmake)
[7.965s] -- Found rmw_cyclonedds_cpp: 1.3.4 (/opt/ros/humble/share/rmw_cyclonedds_cpp/cmake)
[8.096s] -- Using RMW implementation 'rmw_cyclonedds_cpp' as default
[8.413s] -- Found sensor_msgs: 4.2.2 (/opt/ros/humble/share/sensor_msgs/cmake)
[8.571s] -- Found tf2: 0.25.1 (/opt/ros/humble/share/tf2/cmake)
[8.763s] -- Found tf2_msgs: 0.25.1 (/opt/ros/humble/share/tf2_msgs/cmake)
[9.101s] -- Found turtlebot3_msgs: 2.2.3 (/opt/ros/humble/share/turtlebot3_msgs/cmake)
[9.350s] -- Configuring done
[9.783s] -- Generating done
[9.789s] -- Build files have been written to: /home/user/build/turtlebot3_fake_node
[9.919s] Invoked command in '/home/user/build/turtlebot3_fake_node' returned '0': CMAKE_PREFIX_PATH=${CMAKE_PREFIX_PATH}:/home/user/ros2_ws/install/my_package:/opt/ros/humble _=/usr/bin/env /usr/bin/cmake /home/user/turtlebot3_ws/src/turtlebot3_fake_node -DAMENT_CMAKE_SYMLINK_INSTALL=1 -DCMAKE_INSTALL_PREFIX=/home/user/install/turtlebot3_fake_node
[9.920s] Invoking command in '/home/user/build/turtlebot3_fake_node': CMAKE_PREFIX_PATH=${CMAKE_PREFIX_PATH}:/home/user/ros2_ws/install/my_package:/opt/ros/humble _=/usr/bin/env /usr/bin/cmake --build /home/user/build/turtlebot3_fake_node -- -j8 -l8
[9.985s] [35m[1mConsolidate compiler generated dependencies of target turtlebot3_fake_node[0m
[11.107s] [ 50%] [32m[1mLinking CXX executable turtlebot3_fake_node[0m
[15.466s] [100%] Built target turtlebot3_fake_node
[15.479s] Invoked command in '/home/user/build/turtlebot3_fake_node' returned '0': CMAKE_PREFIX_PATH=${CMAKE_PREFIX_PATH}:/home/user/ros2_ws/install/my_package:/opt/ros/humble _=/usr/bin/env /usr/bin/cmake --build /home/user/build/turtlebot3_fake_node -- -j8 -l8
[15.537s] Invoking command in '/home/user/build/turtlebot3_fake_node': CMAKE_PREFIX_PATH=${CMAKE_PREFIX_PATH}:/home/user/ros2_ws/install/my_package:/opt/ros/humble _=/usr/bin/env /usr/bin/cmake --install /home/user/build/turtlebot3_fake_node
[15.545s] -- Install configuration: ""
[15.546s] -- Execute custom install script
[15.546s] -- Symlinking: /home/user/install/turtlebot3_fake_node/lib/turtlebot3_fake_node/turtlebot3_fake_node
[15.558s] -- Symlinking: /home/user/install/turtlebot3_fake_node/share/turtlebot3_fake_node/launch/rviz2.launch.py
[15.569s] -- Symlinking: /home/user/install/turtlebot3_fake_node/share/turtlebot3_fake_node/launch/turtlebot3_fake_node.launch.py
[15.579s] -- Symlinking: /home/user/install/turtlebot3_fake_node/share/turtlebot3_fake_node/param/burger.yaml
[15.588s] -- Symlinking: /home/user/install/turtlebot3_fake_node/share/turtlebot3_fake_node/param/waffle.yaml
[15.600s] -- Symlinking: /home/user/install/turtlebot3_fake_node/share/turtlebot3_fake_node/param/waffle_pi.yaml
[15.625s] -- Symlinking: /home/user/install/turtlebot3_fake_node/include//turtlebot3_fake_node/turtlebot3_fake_node.hpp
[15.637s] -- Symlinking: /home/user/install/turtlebot3_fake_node/share/ament_index/resource_index/package_run_dependencies/turtlebot3_fake_node
[15.650s] -- Symlinking: /home/user/install/turtlebot3_fake_node/share/ament_index/resource_index/parent_prefix_path/turtlebot3_fake_node
[15.660s] -- Symlinking: /home/user/install/turtlebot3_fake_node/share/turtlebot3_fake_node/environment/ament_prefix_path.sh
[15.673s] -- Symlinking: /home/user/install/turtlebot3_fake_node/share/turtlebot3_fake_node/environment/ament_prefix_path.dsv
[15.684s] -- Symlinking: /home/user/install/turtlebot3_fake_node/share/turtlebot3_fake_node/environment/path.sh
[15.694s] -- Symlinking: /home/user/install/turtlebot3_fake_node/share/turtlebot3_fake_node/environment/path.dsv
[15.705s] -- Symlinking: /home/user/install/turtlebot3_fake_node/share/turtlebot3_fake_node/local_setup.bash
[15.715s] -- Symlinking: /home/user/install/turtlebot3_fake_node/share/turtlebot3_fake_node/local_setup.sh
[15.725s] -- Symlinking: /home/user/install/turtlebot3_fake_node/share/turtlebot3_fake_node/local_setup.zsh
[15.734s] -- Symlinking: /home/user/install/turtlebot3_fake_node/share/turtlebot3_fake_node/local_setup.dsv
[15.745s] -- Symlinking: /home/user/install/turtlebot3_fake_node/share/turtlebot3_fake_node/package.dsv
[15.755s] -- Symlinking: /home/user/install/turtlebot3_fake_node/share/ament_index/resource_index/packages/turtlebot3_fake_node
[15.764s] -- Symlinking: /home/user/install/turtlebot3_fake_node/share/turtlebot3_fake_node/cmake/ament_cmake_export_include_directories-extras.cmake
[15.774s] -- Symlinking: /home/user/install/turtlebot3_fake_node/share/turtlebot3_fake_node/cmake/ament_cmake_export_dependencies-extras.cmake
[15.784s] -- Symlinking: /home/user/install/turtlebot3_fake_node/share/turtlebot3_fake_node/cmake/turtlebot3_fake_nodeConfig.cmake
[15.794s] -- Symlinking: /home/user/install/turtlebot3_fake_node/share/turtlebot3_fake_node/cmake/turtlebot3_fake_nodeConfig-version.cmake
[15.805s] -- Symlinking: /home/user/install/turtlebot3_fake_node/share/turtlebot3_fake_node/package.xml
[15.822s] Invoked command in '/home/user/build/turtlebot3_fake_node' returned '0': CMAKE_PREFIX_PATH=${CMAKE_PREFIX_PATH}:/home/user/ros2_ws/install/my_package:/opt/ros/humble _=/usr/bin/env /usr/bin/cmake --install /home/user/build/turtlebot3_fake_node
